[13.684s] Invoking command in '/home/sunrise/Rosmaster/src/ROS2/robot_control': PYTHONPATH=/home/sunrise/Rosmaster/build/robot_control/prefix_override:/usr/lib/python3/dist-packages/colcon_core/task/python/colcon_distutils_commands:/home/sunrise/Rosmaster/install/robot_control/lib/python3.10/site-packages:${PYTHONPATH} /usr/bin/python3 -W ignore:setup.py install is deprecated -W ignore:easy_install command is deprecated setup.py egg_info --egg-base ../../../build/robot_control build --build-base /home/sunrise/Rosmaster/build/robot_control/build install --record /home/sunrise/Rosmaster/build/robot_control/install.log --install-scripts $base/lib/robot_control --single-version-externally-managed install_data
[14.881s] /usr/local/lib/python3.10/dist-packages/setuptools/dist.py:599: SetuptoolsDeprecationWarning: Invalid dash-separated key 'script-dir' in 'develop' (setup.cfg), please use the underscore name 'script_dir' instead.
[14.882s] !!
[14.883s] 
[14.884s]         ********************************************************************************
[14.884s]         Usage of dash-separated 'script-dir' will not be supported in future
[14.886s]         versions. Please use the underscore name 'script_dir' instead.
[14.887s] 
[14.888s]         This deprecation is overdue, please update your project and remove deprecated
[14.889s]         calls to avoid build errors in the future.
[14.889s] 
[14.890s]         See https://setuptools.pypa.io/en/latest/userguide/declarative_config.html for details.
[14.891s]         ********************************************************************************
[14.891s] 
[14.892s] !!
[14.893s]   opt = self._enforce_underscore(opt, section)
[15.047s] /usr/local/lib/python3.10/dist-packages/setuptools/_distutils/dist.py:289: UserWarning: Unknown distribution option: 'tests_require'
[15.048s]   warnings.warn(msg)
[15.368s] /usr/local/lib/python3.10/dist-packages/setuptools/dist.py:599: SetuptoolsDeprecationWarning: Invalid dash-separated key 'script-dir' in 'develop' (setup.cfg), please use the underscore name 'script_dir' instead.
[15.369s] !!
[15.369s] 
[15.370s]         ********************************************************************************
[15.371s]         Usage of dash-separated 'script-dir' will not be supported in future
[15.371s]         versions. Please use the underscore name 'script_dir' instead.
[15.372s]         (Affected: robot_control).
[15.372s] 
[15.373s]         This deprecation is overdue, please update your project and remove deprecated
[15.374s]         calls to avoid build errors in the future.
[15.374s] 
[15.375s]         See https://setuptools.pypa.io/en/latest/userguide/declarative_config.html for details.
[15.378s]         ********************************************************************************
[15.379s] 
[15.379s] !!
[15.380s]   opt = self._enforce_underscore(opt, section)
[16.036s] running egg_info
[16.210s] writing ../../../build/robot_control/robot_control.egg-info/PKG-INFO
[16.214s] writing dependency_links to ../../../build/robot_control/robot_control.egg-info/dependency_links.txt
[16.217s] writing entry points to ../../../build/robot_control/robot_control.egg-info/entry_points.txt
[16.219s] writing requirements to ../../../build/robot_control/robot_control.egg-info/requires.txt
[16.220s] writing top-level names to ../../../build/robot_control/robot_control.egg-info/top_level.txt
[16.523s] reading manifest file '../../../build/robot_control/robot_control.egg-info/SOURCES.txt'
[16.534s] writing manifest file '../../../build/robot_control/robot_control.egg-info/SOURCES.txt'
[16.537s] running build
[16.537s] running build_py
[16.539s] copying robot_control/control_node.py -> /home/sunrise/Rosmaster/build/robot_control/build/lib/robot_control
[16.540s] copying robot_control/twist_to_control_bridge.py -> /home/sunrise/Rosmaster/build/robot_control/build/lib/robot_control
[16.545s] copying robot_control/demo_rosmaster.py -> /home/sunrise/Rosmaster/build/robot_control/build/lib/robot_control
[16.546s] copying robot_control/__init__.py -> /home/sunrise/Rosmaster/build/robot_control/build/lib/robot_control
[16.548s] running install
[16.583s] running install_lib
[16.756s] running install_data
[16.766s] copying resource/robot_control -> /home/sunrise/Rosmaster/install/robot_control/share/ament_index/resource_index/packages
[16.769s] copying package.xml -> /home/sunrise/Rosmaster/install/robot_control/share/robot_control
[16.770s] running install_egg_info
[16.953s] removing '/home/sunrise/Rosmaster/install/robot_control/lib/python3.10/site-packages/robot_control-1.0.0-py3.10.egg-info' (and everything under it)
[16.961s] Copying ../../../build/robot_control/robot_control.egg-info to /home/sunrise/Rosmaster/install/robot_control/lib/python3.10/site-packages/robot_control-1.0.0-py3.10.egg-info
[16.972s] running install_scripts
[17.300s] Installing control_node script to /home/sunrise/Rosmaster/install/robot_control/lib/robot_control
[17.302s] Installing twist_to_control_bridge script to /home/sunrise/Rosmaster/install/robot_control/lib/robot_control
[17.307s] writing list of installed files to '/home/sunrise/Rosmaster/build/robot_control/install.log'
[17.738s] Invoked command in '/home/sunrise/Rosmaster/src/ROS2/robot_control' returned '0': PYTHONPATH=/home/sunrise/Rosmaster/build/robot_control/prefix_override:/usr/lib/python3/dist-packages/colcon_core/task/python/colcon_distutils_commands:/home/sunrise/Rosmaster/install/robot_control/lib/python3.10/site-packages:${PYTHONPATH} /usr/bin/python3 -W ignore:setup.py install is deprecated -W ignore:easy_install command is deprecated setup.py egg_info --egg-base ../../../build/robot_control build --build-base /home/sunrise/Rosmaster/build/robot_control/build install --record /home/sunrise/Rosmaster/build/robot_control/install.log --install-scripts $base/lib/robot_control --single-version-externally-managed install_data
