[14.750s] Invoking command in '/home/sunrise/Rosmaster/src/ROS2/robot_protocol': PYTHONPATH=/home/sunrise/Rosmaster/build/robot_protocol/prefix_override:/usr/lib/python3/dist-packages/colcon_core/task/python/colcon_distutils_commands:/home/sunrise/Rosmaster/install/robot_protocol/lib/python3.10/site-packages:${PYTHONPATH} /usr/bin/python3 -W ignore:setup.py install is deprecated -W ignore:easy_install command is deprecated setup.py egg_info --egg-base ../../../build/robot_protocol build --build-base /home/sunrise/Rosmaster/build/robot_protocol/build install --record /home/sunrise/Rosmaster/build/robot_protocol/install.log --install-scripts $base/lib/robot_protocol --single-version-externally-managed install_data
[15.965s] /usr/local/lib/python3.10/dist-packages/setuptools/dist.py:599: SetuptoolsDeprecationWarning: Invalid dash-separated key 'script-dir' in 'develop' (setup.cfg), please use the underscore name 'script_dir' instead.
[15.965s] !!
[15.966s] 
[15.967s]         ********************************************************************************
[15.968s]         Usage of dash-separated 'script-dir' will not be supported in future
[15.968s]         versions. Please use the underscore name 'script_dir' instead.
[15.969s] 
[15.969s]         This deprecation is overdue, please update your project and remove deprecated
[15.970s]         calls to avoid build errors in the future.
[15.971s] 
[15.971s]         See https://setuptools.pypa.io/en/latest/userguide/declarative_config.html for details.
[15.972s]         ********************************************************************************
[15.973s] 
[15.973s] !!
[15.974s]   opt = self._enforce_underscore(opt, section)
[16.159s] /usr/local/lib/python3.10/dist-packages/setuptools/_distutils/dist.py:289: UserWarning: Unknown distribution option: 'tests_require'
[16.159s]   warnings.warn(msg)
[16.454s] /usr/local/lib/python3.10/dist-packages/setuptools/dist.py:599: SetuptoolsDeprecationWarning: Invalid dash-separated key 'script-dir' in 'develop' (setup.cfg), please use the underscore name 'script_dir' instead.
[16.455s] !!
[16.456s] 
[16.457s]         ********************************************************************************
[16.458s]         Usage of dash-separated 'script-dir' will not be supported in future
[16.458s]         versions. Please use the underscore name 'script_dir' instead.
[16.459s]         (Affected: robot_protocol).
[16.460s] 
[16.460s]         This deprecation is overdue, please update your project and remove deprecated
[16.461s]         calls to avoid build errors in the future.
[16.464s] 
[16.465s]         See https://setuptools.pypa.io/en/latest/userguide/declarative_config.html for details.
[16.465s]         ********************************************************************************
[16.466s] 
[16.467s] !!
[16.468s]   opt = self._enforce_underscore(opt, section)
[17.123s] running egg_info
[17.283s] writing ../../../build/robot_protocol/robot_protocol.egg-info/PKG-INFO
[17.286s] writing dependency_links to ../../../build/robot_protocol/robot_protocol.egg-info/dependency_links.txt
[17.290s] writing entry points to ../../../build/robot_protocol/robot_protocol.egg-info/entry_points.txt
[17.295s] writing requirements to ../../../build/robot_protocol/robot_protocol.egg-info/requires.txt
[17.298s] writing top-level names to ../../../build/robot_protocol/robot_protocol.egg-info/top_level.txt
[17.620s] reading manifest file '../../../build/robot_protocol/robot_protocol.egg-info/SOURCES.txt'
[17.634s] writing manifest file '../../../build/robot_protocol/robot_protocol.egg-info/SOURCES.txt'
[17.635s] running build
[17.636s] running build_py
[17.636s] copying robot_protocol/protocol_pack_node.py -> /home/sunrise/Rosmaster/build/robot_protocol/build/lib/robot_protocol
[17.637s] copying robot_protocol/protocol_node.py -> /home/sunrise/Rosmaster/build/robot_protocol/build/lib/robot_protocol
[17.639s] copying robot_protocol/__init__.py -> /home/sunrise/Rosmaster/build/robot_protocol/build/lib/robot_protocol
[17.641s] running install
[17.678s] running install_lib
[17.836s] running install_data
[17.838s] copying resource/robot_protocol -> /home/sunrise/Rosmaster/install/robot_protocol/share/ament_index/resource_index/packages
[17.841s] copying package.xml -> /home/sunrise/Rosmaster/install/robot_protocol/share/robot_protocol
[17.842s] running install_egg_info
[18.029s] removing '/home/sunrise/Rosmaster/install/robot_protocol/lib/python3.10/site-packages/robot_protocol-1.0.0-py3.10.egg-info' (and everything under it)
[18.032s] Copying ../../../build/robot_protocol/robot_protocol.egg-info to /home/sunrise/Rosmaster/install/robot_protocol/lib/python3.10/site-packages/robot_protocol-1.0.0-py3.10.egg-info
[18.044s] running install_scripts
[18.433s] Installing protocol_node script to /home/sunrise/Rosmaster/install/robot_protocol/lib/robot_protocol
[18.435s] Installing protocol_pack_node script to /home/sunrise/Rosmaster/install/robot_protocol/lib/robot_protocol
[18.439s] writing list of installed files to '/home/sunrise/Rosmaster/build/robot_protocol/install.log'
[18.842s] Invoked command in '/home/sunrise/Rosmaster/src/ROS2/robot_protocol' returned '0': PYTHONPATH=/home/sunrise/Rosmaster/build/robot_protocol/prefix_override:/usr/lib/python3/dist-packages/colcon_core/task/python/colcon_distutils_commands:/home/sunrise/Rosmaster/install/robot_protocol/lib/python3.10/site-packages:${PYTHONPATH} /usr/bin/python3 -W ignore:setup.py install is deprecated -W ignore:easy_install command is deprecated setup.py egg_info --egg-base ../../../build/robot_protocol build --build-base /home/sunrise/Rosmaster/build/robot_protocol/build install --record /home/sunrise/Rosmaster/build/robot_protocol/install.log --install-scripts $base/lib/robot_protocol --single-version-externally-managed install_data
