[13.147s] Invoking command in '/home/sunrise/Rosmaster/src/ROS2/robot_control': PYTHONPATH=/home/sunrise/Rosmaster/build/robot_control/prefix_override:/usr/lib/python3/dist-packages/colcon_core/task/python/colcon_distutils_commands:/home/sunrise/Rosmaster/install/robot_control/lib/python3.10/site-packages:${PYTHONPATH} /usr/bin/python3 -W ignore:setup.py install is deprecated -W ignore:easy_install command is deprecated setup.py egg_info --egg-base ../../../build/robot_control build --build-base /home/sunrise/Rosmaster/build/robot_control/build install --record /home/sunrise/Rosmaster/build/robot_control/install.log --install-scripts $base/lib/robot_control --single-version-externally-managed install_data
[14.445s] /usr/local/lib/python3.10/dist-packages/setuptools/dist.py:599: SetuptoolsDeprecationWarning: Invalid dash-separated key 'script-dir' in 'develop' (setup.cfg), please use the underscore name 'script_dir' instead.
[14.445s] !!
[14.446s] 
[14.447s]         ********************************************************************************
[14.447s]         Usage of dash-separated 'script-dir' will not be supported in future
[14.448s]         versions. Please use the underscore name 'script_dir' instead.
[14.449s] 
[14.449s]         This deprecation is overdue, please update your project and remove deprecated
[14.450s]         calls to avoid build errors in the future.
[14.451s] 
[14.451s]         See https://setuptools.pypa.io/en/latest/userguide/declarative_config.html for details.
[14.452s]         ********************************************************************************
[14.452s] 
[14.453s] !!
[14.454s]   opt = self._enforce_underscore(opt, section)
[14.574s] /usr/local/lib/python3.10/dist-packages/setuptools/_distutils/dist.py:289: UserWarning: Unknown distribution option: 'tests_require'
[14.575s]   warnings.warn(msg)
[14.805s] /usr/local/lib/python3.10/dist-packages/setuptools/dist.py:599: SetuptoolsDeprecationWarning: Invalid dash-separated key 'script-dir' in 'develop' (setup.cfg), please use the underscore name 'script_dir' instead.
[14.806s] !!
[14.807s] 
[14.807s]         ********************************************************************************
[14.808s]         Usage of dash-separated 'script-dir' will not be supported in future
[14.809s]         versions. Please use the underscore name 'script_dir' instead.
[14.809s]         (Affected: robot_control).
[14.810s] 
[14.811s]         This deprecation is overdue, please update your project and remove deprecated
[14.811s]         calls to avoid build errors in the future.
[14.812s] 
[14.813s]         See https://setuptools.pypa.io/en/latest/userguide/declarative_config.html for details.
[14.813s]         ********************************************************************************
[14.814s] 
[14.815s] !!
[14.816s]   opt = self._enforce_underscore(opt, section)
[15.234s] running egg_info
[15.372s] creating ../../../build/robot_control/robot_control.egg-info
[15.376s] writing ../../../build/robot_control/robot_control.egg-info/PKG-INFO
[15.378s] writing dependency_links to ../../../build/robot_control/robot_control.egg-info/dependency_links.txt
[15.380s] writing entry points to ../../../build/robot_control/robot_control.egg-info/entry_points.txt
[15.381s] writing requirements to ../../../build/robot_control/robot_control.egg-info/requires.txt
[15.382s] writing top-level names to ../../../build/robot_control/robot_control.egg-info/top_level.txt
[15.383s] writing manifest file '../../../build/robot_control/robot_control.egg-info/SOURCES.txt'
[15.674s] reading manifest file '../../../build/robot_control/robot_control.egg-info/SOURCES.txt'
[15.683s] writing manifest file '../../../build/robot_control/robot_control.egg-info/SOURCES.txt'
[15.686s] running build
[15.688s] running build_py
[15.690s] creating /home/sunrise/Rosmaster/build/robot_control/build/lib/robot_control
[15.691s] copying robot_control/control_node.py -> /home/sunrise/Rosmaster/build/robot_control/build/lib/robot_control
[15.693s] copying robot_control/demo_rosmaster.py -> /home/sunrise/Rosmaster/build/robot_control/build/lib/robot_control
[15.695s] copying robot_control/__init__.py -> /home/sunrise/Rosmaster/build/robot_control/build/lib/robot_control
[15.698s] running install
[15.736s] running install_lib
[15.861s] creating /home/sunrise/Rosmaster/install/robot_control/lib/python3.10/site-packages/robot_control
[15.863s] copying /home/sunrise/Rosmaster/build/robot_control/build/lib/robot_control/control_node.py -> /home/sunrise/Rosmaster/install/robot_control/lib/python3.10/site-packages/robot_control
[15.864s] copying /home/sunrise/Rosmaster/build/robot_control/build/lib/robot_control/demo_rosmaster.py -> /home/sunrise/Rosmaster/install/robot_control/lib/python3.10/site-packages/robot_control
[15.865s] copying /home/sunrise/Rosmaster/build/robot_control/build/lib/robot_control/__init__.py -> /home/sunrise/Rosmaster/install/robot_control/lib/python3.10/site-packages/robot_control
[15.880s] byte-compiling /home/sunrise/Rosmaster/install/robot_control/lib/python3.10/site-packages/robot_control/control_node.py to control_node.cpython-310.pyc
[15.887s] byte-compiling /home/sunrise/Rosmaster/install/robot_control/lib/python3.10/site-packages/robot_control/demo_rosmaster.py to demo_rosmaster.cpython-310.pyc
[15.912s] byte-compiling /home/sunrise/Rosmaster/install/robot_control/lib/python3.10/site-packages/robot_control/__init__.py to __init__.cpython-310.pyc
[15.925s] running install_data
[15.942s] creating /home/sunrise/Rosmaster/install/robot_control/share/ament_index/resource_index/packages
[15.943s] copying resource/robot_control -> /home/sunrise/Rosmaster/install/robot_control/share/ament_index/resource_index/packages
[15.944s] copying package.xml -> /home/sunrise/Rosmaster/install/robot_control/share/robot_control
[15.945s] running install_egg_info
[16.073s] Copying ../../../build/robot_control/robot_control.egg-info to /home/sunrise/Rosmaster/install/robot_control/lib/python3.10/site-packages/robot_control-1.0.0-py3.10.egg-info
[16.078s] running install_scripts
[16.355s] Installing control_node script to /home/sunrise/Rosmaster/install/robot_control/lib/robot_control
[16.360s] writing list of installed files to '/home/sunrise/Rosmaster/build/robot_control/install.log'
[16.697s] Invoked command in '/home/sunrise/Rosmaster/src/ROS2/robot_control' returned '0': PYTHONPATH=/home/sunrise/Rosmaster/build/robot_control/prefix_override:/usr/lib/python3/dist-packages/colcon_core/task/python/colcon_distutils_commands:/home/sunrise/Rosmaster/install/robot_control/lib/python3.10/site-packages:${PYTHONPATH} /usr/bin/python3 -W ignore:setup.py install is deprecated -W ignore:easy_install command is deprecated setup.py egg_info --egg-base ../../../build/robot_control build --build-base /home/sunrise/Rosmaster/build/robot_control/build install --record /home/sunrise/Rosmaster/build/robot_control/install.log --install-scripts $base/lib/robot_control --single-version-externally-managed install_data
