[13.553s] Invoking command in '/home/sunrise/Rosmaster/src/ROS2/robot_vision': PYTHONPATH=/home/sunrise/Rosmaster/build/robot_vision/prefix_override:/usr/lib/python3/dist-packages/colcon_core/task/python/colcon_distutils_commands:/home/sunrise/Rosmaster/install/robot_vision/lib/python3.10/site-packages:${PYTHONPATH} /usr/bin/python3 -W ignore:setup.py install is deprecated -W ignore:easy_install command is deprecated setup.py egg_info --egg-base ../../../build/robot_vision build --build-base /home/sunrise/Rosmaster/build/robot_vision/build install --record /home/sunrise/Rosmaster/build/robot_vision/install.log --install-scripts $base/lib/robot_vision --single-version-externally-managed install_data
[14.790s] /usr/local/lib/python3.10/dist-packages/setuptools/dist.py:599: SetuptoolsDeprecationWarning: Invalid dash-separated key 'script-dir' in 'develop' (setup.cfg), please use the underscore name 'script_dir' instead.
[14.792s] !!
[14.793s] 
[14.794s]         ********************************************************************************
[14.795s]         Usage of dash-separated 'script-dir' will not be supported in future
[14.795s]         versions. Please use the underscore name 'script_dir' instead.
[14.796s] 
[14.797s]         This deprecation is overdue, please update your project and remove deprecated
[14.797s]         calls to avoid build errors in the future.
[14.798s] 
[14.799s]         See https://setuptools.pypa.io/en/latest/userguide/declarative_config.html for details.
[14.799s]         ********************************************************************************
[14.800s] 
[14.801s] !!
[14.801s]   opt = self._enforce_underscore(opt, section)
[14.916s] /usr/local/lib/python3.10/dist-packages/setuptools/_distutils/dist.py:289: UserWarning: Unknown distribution option: 'tests_require'
[14.917s]   warnings.warn(msg)
[15.148s] /usr/local/lib/python3.10/dist-packages/setuptools/dist.py:599: SetuptoolsDeprecationWarning: Invalid dash-separated key 'script-dir' in 'develop' (setup.cfg), please use the underscore name 'script_dir' instead.
[15.149s] !!
[15.150s] 
[15.151s]         ********************************************************************************
[15.152s]         Usage of dash-separated 'script-dir' will not be supported in future
[15.153s]         versions. Please use the underscore name 'script_dir' instead.
[15.154s]         (Affected: robot_vision).
[15.155s] 
[15.156s]         This deprecation is overdue, please update your project and remove deprecated
[15.157s]         calls to avoid build errors in the future.
[15.158s] 
[15.159s]         See https://setuptools.pypa.io/en/latest/userguide/declarative_config.html for details.
[15.160s]         ********************************************************************************
[15.161s] 
[15.177s] !!
[15.177s]   opt = self._enforce_underscore(opt, section)
[15.684s] running egg_info
[15.800s] creating ../../../build/robot_vision/robot_vision.egg-info
[15.802s] writing ../../../build/robot_vision/robot_vision.egg-info/PKG-INFO
[15.809s] writing dependency_links to ../../../build/robot_vision/robot_vision.egg-info/dependency_links.txt
[15.811s] writing entry points to ../../../build/robot_vision/robot_vision.egg-info/entry_points.txt
[15.814s] writing requirements to ../../../build/robot_vision/robot_vision.egg-info/requires.txt
[15.816s] writing top-level names to ../../../build/robot_vision/robot_vision.egg-info/top_level.txt
[15.817s] writing manifest file '../../../build/robot_vision/robot_vision.egg-info/SOURCES.txt'
[16.057s] reading manifest file '../../../build/robot_vision/robot_vision.egg-info/SOURCES.txt'
[16.067s] writing manifest file '../../../build/robot_vision/robot_vision.egg-info/SOURCES.txt'
[16.070s] running build
[16.072s] running build_py
[16.073s] creating /home/sunrise/Rosmaster/build/robot_vision/build/lib/robot_vision
[16.074s] copying robot_vision/vision_node.py -> /home/sunrise/Rosmaster/build/robot_vision/build/lib/robot_vision
[16.075s] copying robot_vision/__init__.py -> /home/sunrise/Rosmaster/build/robot_vision/build/lib/robot_vision
[16.076s] copying robot_vision/finalest-inference.py -> /home/sunrise/Rosmaster/build/robot_vision/build/lib/robot_vision
[16.079s] running install
[16.115s] running install_lib
[16.231s] creating /home/sunrise/Rosmaster/install/robot_vision/lib/python3.10/site-packages/robot_vision
[16.232s] copying /home/sunrise/Rosmaster/build/robot_vision/build/lib/robot_vision/vision_node.py -> /home/sunrise/Rosmaster/install/robot_vision/lib/python3.10/site-packages/robot_vision
[16.234s] copying /home/sunrise/Rosmaster/build/robot_vision/build/lib/robot_vision/__init__.py -> /home/sunrise/Rosmaster/install/robot_vision/lib/python3.10/site-packages/robot_vision
[16.235s] copying /home/sunrise/Rosmaster/build/robot_vision/build/lib/robot_vision/finalest-inference.py -> /home/sunrise/Rosmaster/install/robot_vision/lib/python3.10/site-packages/robot_vision
[16.242s] byte-compiling /home/sunrise/Rosmaster/install/robot_vision/lib/python3.10/site-packages/robot_vision/vision_node.py to vision_node.cpython-310.pyc
[16.258s] byte-compiling /home/sunrise/Rosmaster/install/robot_vision/lib/python3.10/site-packages/robot_vision/__init__.py to __init__.cpython-310.pyc
[16.262s] byte-compiling /home/sunrise/Rosmaster/install/robot_vision/lib/python3.10/site-packages/robot_vision/finalest-inference.py to finalest-inference.cpython-310.pyc
[16.275s] running install_data
[16.277s] creating /home/sunrise/Rosmaster/install/robot_vision/share/ament_index/resource_index/packages
[16.282s] copying resource/robot_vision -> /home/sunrise/Rosmaster/install/robot_vision/share/ament_index/resource_index/packages
[16.283s] copying package.xml -> /home/sunrise/Rosmaster/install/robot_vision/share/robot_vision
[16.284s] creating /home/sunrise/Rosmaster/install/robot_vision/share/robot_vision/dataset_left
[16.286s] copying dataset_left/2-3.png -> /home/sunrise/Rosmaster/install/robot_vision/share/robot_vision/dataset_left
[16.288s] copying dataset_left/3-5.png -> /home/sunrise/Rosmaster/install/robot_vision/share/robot_vision/dataset_left
[16.294s] copying dataset_left/1-5.png -> /home/sunrise/Rosmaster/install/robot_vision/share/robot_vision/dataset_left
[16.295s] copying dataset_left/4-4.png -> /home/sunrise/Rosmaster/install/robot_vision/share/robot_vision/dataset_left
[16.297s] copying dataset_left/3-1.png -> /home/sunrise/Rosmaster/install/robot_vision/share/robot_vision/dataset_left
[16.300s] copying dataset_left/4-2.png -> /home/sunrise/Rosmaster/install/robot_vision/share/robot_vision/dataset_left
[16.304s] copying dataset_left/4-3.png -> /home/sunrise/Rosmaster/install/robot_vision/share/robot_vision/dataset_left
[16.306s] copying dataset_left/1-2.png -> /home/sunrise/Rosmaster/install/robot_vision/share/robot_vision/dataset_left
[16.307s] copying dataset_left/3-2.png -> /home/sunrise/Rosmaster/install/robot_vision/share/robot_vision/dataset_left
[16.311s] copying dataset_left/2-4.png -> /home/sunrise/Rosmaster/install/robot_vision/share/robot_vision/dataset_left
[16.313s] copying dataset_left/5-3.png -> /home/sunrise/Rosmaster/install/robot_vision/share/robot_vision/dataset_left
[16.316s] copying dataset_left/2-1.png -> /home/sunrise/Rosmaster/install/robot_vision/share/robot_vision/dataset_left
[16.319s] copying dataset_left/5-1.png -> /home/sunrise/Rosmaster/install/robot_vision/share/robot_vision/dataset_left
[16.320s] copying dataset_left/4-1.png -> /home/sunrise/Rosmaster/install/robot_vision/share/robot_vision/dataset_left
[16.321s] copying dataset_left/1-4.png -> /home/sunrise/Rosmaster/install/robot_vision/share/robot_vision/dataset_left
[16.325s] copying dataset_left/5-2.png -> /home/sunrise/Rosmaster/install/robot_vision/share/robot_vision/dataset_left
[16.326s] copying dataset_left/4-5.png -> /home/sunrise/Rosmaster/install/robot_vision/share/robot_vision/dataset_left
[16.327s] copying dataset_left/2-5.png -> /home/sunrise/Rosmaster/install/robot_vision/share/robot_vision/dataset_left
[16.328s] copying dataset_left/2-2.png -> /home/sunrise/Rosmaster/install/robot_vision/share/robot_vision/dataset_left
[16.329s] copying dataset_left/3-3.png -> /home/sunrise/Rosmaster/install/robot_vision/share/robot_vision/dataset_left
[16.330s] copying dataset_left/1-3.png -> /home/sunrise/Rosmaster/install/robot_vision/share/robot_vision/dataset_left
[16.333s] copying dataset_left/5-4.png -> /home/sunrise/Rosmaster/install/robot_vision/share/robot_vision/dataset_left
[16.334s] copying dataset_left/1-1.png -> /home/sunrise/Rosmaster/install/robot_vision/share/robot_vision/dataset_left
[16.335s] copying dataset_left/3-4.png -> /home/sunrise/Rosmaster/install/robot_vision/share/robot_vision/dataset_left
[16.336s] creating /home/sunrise/Rosmaster/install/robot_vision/share/robot_vision/dataset_right
[16.337s] copying dataset_right/2-3.png -> /home/sunrise/Rosmaster/install/robot_vision/share/robot_vision/dataset_right
[16.342s] copying dataset_right/3-5.png -> /home/sunrise/Rosmaster/install/robot_vision/share/robot_vision/dataset_right
[16.342s] copying dataset_right/1-5.png -> /home/sunrise/Rosmaster/install/robot_vision/share/robot_vision/dataset_right
[16.343s] copying dataset_right/4-4.png -> /home/sunrise/Rosmaster/install/robot_vision/share/robot_vision/dataset_right
[16.344s] copying dataset_right/5-5.png -> /home/sunrise/Rosmaster/install/robot_vision/share/robot_vision/dataset_right
[16.346s] copying dataset_right/3-1.png -> /home/sunrise/Rosmaster/install/robot_vision/share/robot_vision/dataset_right
[16.351s] copying dataset_right/4-2.png -> /home/sunrise/Rosmaster/install/robot_vision/share/robot_vision/dataset_right
[16.353s] copying dataset_right/4-3.png -> /home/sunrise/Rosmaster/install/robot_vision/share/robot_vision/dataset_right
[16.354s] copying dataset_right/1-2.png -> /home/sunrise/Rosmaster/install/robot_vision/share/robot_vision/dataset_right
[16.355s] copying dataset_right/3-2.png -> /home/sunrise/Rosmaster/install/robot_vision/share/robot_vision/dataset_right
[16.356s] copying dataset_right/2-4.png -> /home/sunrise/Rosmaster/install/robot_vision/share/robot_vision/dataset_right
[16.360s] copying dataset_right/5-3.png -> /home/sunrise/Rosmaster/install/robot_vision/share/robot_vision/dataset_right
[16.363s] copying dataset_right/2-1.png -> /home/sunrise/Rosmaster/install/robot_vision/share/robot_vision/dataset_right
[16.365s] copying dataset_right/5-1.png -> /home/sunrise/Rosmaster/install/robot_vision/share/robot_vision/dataset_right
[16.369s] copying dataset_right/4-1.png -> /home/sunrise/Rosmaster/install/robot_vision/share/robot_vision/dataset_right
[16.370s] copying dataset_right/1-4.png -> /home/sunrise/Rosmaster/install/robot_vision/share/robot_vision/dataset_right
[16.371s] copying dataset_right/5-2.png -> /home/sunrise/Rosmaster/install/robot_vision/share/robot_vision/dataset_right
[16.372s] copying dataset_right/4-5.png -> /home/sunrise/Rosmaster/install/robot_vision/share/robot_vision/dataset_right
[16.373s] copying dataset_right/2-5.png -> /home/sunrise/Rosmaster/install/robot_vision/share/robot_vision/dataset_right
[16.375s] copying dataset_right/2-2.png -> /home/sunrise/Rosmaster/install/robot_vision/share/robot_vision/dataset_right
[16.399s] copying dataset_right/3-3.png -> /home/sunrise/Rosmaster/install/robot_vision/share/robot_vision/dataset_right
[16.400s] copying dataset_right/1-3.png -> /home/sunrise/Rosmaster/install/robot_vision/share/robot_vision/dataset_right
[16.401s] copying dataset_right/5-4.png -> /home/sunrise/Rosmaster/install/robot_vision/share/robot_vision/dataset_right
[16.401s] copying dataset_right/1-1.png -> /home/sunrise/Rosmaster/install/robot_vision/share/robot_vision/dataset_right
[16.402s] copying dataset_right/3-4.png -> /home/sunrise/Rosmaster/install/robot_vision/share/robot_vision/dataset_right
[16.403s] creating /home/sunrise/Rosmaster/install/robot_vision/share/robot_vision/config
[16.404s] copying config/right_camera_params.json -> /home/sunrise/Rosmaster/install/robot_vision/share/robot_vision/config
[16.405s] copying config/visison_params.yaml -> /home/sunrise/Rosmaster/install/robot_vision/share/robot_vision/config
[16.406s] copying config/left_camera_params.json -> /home/sunrise/Rosmaster/install/robot_vision/share/robot_vision/config
[16.407s] running install_egg_info
[16.563s] Copying ../../../build/robot_vision/robot_vision.egg-info to /home/sunrise/Rosmaster/install/robot_vision/lib/python3.10/site-packages/robot_vision-1.0.0-py3.10.egg-info
[16.565s] running install_scripts
[16.861s] Installing vision_node script to /home/sunrise/Rosmaster/install/robot_vision/lib/robot_vision
[16.863s] writing list of installed files to '/home/sunrise/Rosmaster/build/robot_vision/install.log'
[18.628s] Invoked command in '/home/sunrise/Rosmaster/src/ROS2/robot_vision' returned '0': PYTHONPATH=/home/sunrise/Rosmaster/build/robot_vision/prefix_override:/usr/lib/python3/dist-packages/colcon_core/task/python/colcon_distutils_commands:/home/sunrise/Rosmaster/install/robot_vision/lib/python3.10/site-packages:${PYTHONPATH} /usr/bin/python3 -W ignore:setup.py install is deprecated -W ignore:easy_install command is deprecated setup.py egg_info --egg-base ../../../build/robot_vision build --build-base /home/sunrise/Rosmaster/build/robot_vision/build install --record /home/sunrise/Rosmaster/build/robot_vision/install.log --install-scripts $base/lib/robot_vision --single-version-externally-managed install_data
