/home/sunrise/Rosmaster/install/robot_link/lib/python3.10/site-packages/robot_link/serial_node.py
/home/sunrise/Rosmaster/install/robot_link/lib/python3.10/site-packages/robot_link/tcp_server_node.py
/home/sunrise/Rosmaster/install/robot_link/lib/python3.10/site-packages/robot_link/hotspot_node.py
/home/sunrise/Rosmaster/install/robot_link/lib/python3.10/site-packages/robot_link/__init__.py
/home/sunrise/Rosmaster/install/robot_link/lib/python3.10/site-packages/robot_link/__pycache__/serial_node.cpython-310.pyc
/home/sunrise/Rosmaster/install/robot_link/lib/python3.10/site-packages/robot_link/__pycache__/tcp_server_node.cpython-310.pyc
/home/sunrise/Rosmaster/install/robot_link/lib/python3.10/site-packages/robot_link/__pycache__/hotspot_node.cpython-310.pyc
/home/sunrise/Rosmaster/install/robot_link/lib/python3.10/site-packages/robot_link/__pycache__/__init__.cpython-310.pyc
/home/sunrise/Rosmaster/install/robot_link/share/ament_index/resource_index/packages/robot_link
/home/sunrise/Rosmaster/install/robot_link/share/robot_link/package.xml
/home/sunrise/Rosmaster/install/robot_link/lib/python3.10/site-packages/robot_link-1.0.0-py3.10.egg-info/zip-safe
/home/sunrise/Rosmaster/install/robot_link/lib/python3.10/site-packages/robot_link-1.0.0-py3.10.egg-info/entry_points.txt
/home/sunrise/Rosmaster/install/robot_link/lib/python3.10/site-packages/robot_link-1.0.0-py3.10.egg-info/requires.txt
/home/sunrise/Rosmaster/install/robot_link/lib/python3.10/site-packages/robot_link-1.0.0-py3.10.egg-info/dependency_links.txt
/home/sunrise/Rosmaster/install/robot_link/lib/python3.10/site-packages/robot_link-1.0.0-py3.10.egg-info/PKG-INFO
/home/sunrise/Rosmaster/install/robot_link/lib/python3.10/site-packages/robot_link-1.0.0-py3.10.egg-info/SOURCES.txt
/home/sunrise/Rosmaster/install/robot_link/lib/python3.10/site-packages/robot_link-1.0.0-py3.10.egg-info/top_level.txt
/home/sunrise/Rosmaster/install/robot_link/lib/robot_link/hotspot_node
/home/sunrise/Rosmaster/install/robot_link/lib/robot_link/serial_node
/home/sunrise/Rosmaster/install/robot_link/lib/robot_link/tcp_server_node
