[15.818s] Invoking command in '/home/sunrise/Rosmaster/src/ROS2/robot_protocol': PYTHONPATH=/home/sunrise/Rosmaster/build/robot_protocol/prefix_override:/usr/lib/python3/dist-packages/colcon_core/task/python/colcon_distutils_commands:/home/sunrise/Rosmaster/install/robot_protocol/lib/python3.10/site-packages:${PYTHONPATH} /usr/bin/python3 -W ignore:setup.py install is deprecated -W ignore:easy_install command is deprecated setup.py egg_info --egg-base ../../../build/robot_protocol build --build-base /home/sunrise/Rosmaster/build/robot_protocol/build install --record /home/sunrise/Rosmaster/build/robot_protocol/install.log --install-scripts $base/lib/robot_protocol --single-version-externally-managed install_data
[17.135s] /usr/local/lib/python3.10/dist-packages/setuptools/dist.py:599: SetuptoolsDeprecationWarning: Invalid dash-separated key 'script-dir' in 'develop' (setup.cfg), please use the underscore name 'script_dir' instead.
[17.136s] !!
[17.137s] 
[17.138s]         ********************************************************************************
[17.154s]         Usage of dash-separated 'script-dir' will not be supported in future
[17.155s]         versions. Please use the underscore name 'script_dir' instead.
[17.156s] 
[17.157s]         This deprecation is overdue, please update your project and remove deprecated
[17.157s]         calls to avoid build errors in the future.
[17.158s] 
[17.159s]         See https://setuptools.pypa.io/en/latest/userguide/declarative_config.html for details.
[17.159s]         ********************************************************************************
[17.160s] 
[17.161s] !!
[17.162s]   opt = self._enforce_underscore(opt, section)
[17.370s] /usr/local/lib/python3.10/dist-packages/setuptools/_distutils/dist.py:289: UserWarning: Unknown distribution option: 'tests_require'
[17.372s]   warnings.warn(msg)
[17.781s] /usr/local/lib/python3.10/dist-packages/setuptools/dist.py:599: SetuptoolsDeprecationWarning: Invalid dash-separated key 'script-dir' in 'develop' (setup.cfg), please use the underscore name 'script_dir' instead.
[17.783s] !!
[17.785s] 
[17.787s]         ********************************************************************************
[17.788s]         Usage of dash-separated 'script-dir' will not be supported in future
[17.790s]         versions. Please use the underscore name 'script_dir' instead.
[17.792s]         (Affected: robot_protocol).
[17.793s] 
[17.795s]         This deprecation is overdue, please update your project and remove deprecated
[17.797s]         calls to avoid build errors in the future.
[17.798s] 
[17.800s]         See https://setuptools.pypa.io/en/latest/userguide/declarative_config.html for details.
[17.802s]         ********************************************************************************
[17.825s] 
[17.827s] !!
[17.828s]   opt = self._enforce_underscore(opt, section)
[18.461s] running egg_info
[18.624s] writing ../../../build/robot_protocol/robot_protocol.egg-info/PKG-INFO
[18.625s] writing dependency_links to ../../../build/robot_protocol/robot_protocol.egg-info/dependency_links.txt
[18.628s] writing entry points to ../../../build/robot_protocol/robot_protocol.egg-info/entry_points.txt
[18.630s] writing requirements to ../../../build/robot_protocol/robot_protocol.egg-info/requires.txt
[18.631s] writing top-level names to ../../../build/robot_protocol/robot_protocol.egg-info/top_level.txt
[18.966s] reading manifest file '../../../build/robot_protocol/robot_protocol.egg-info/SOURCES.txt'
[18.988s] writing manifest file '../../../build/robot_protocol/robot_protocol.egg-info/SOURCES.txt'
[18.990s] running build
[18.991s] running build_py
[18.995s] copying robot_protocol/protocol_pack_node.py -> /home/sunrise/Rosmaster/build/robot_protocol/build/lib/robot_protocol
[19.001s] copying robot_protocol/protocol_node.py -> /home/sunrise/Rosmaster/build/robot_protocol/build/lib/robot_protocol
[19.003s] copying robot_protocol/__init__.py -> /home/sunrise/Rosmaster/build/robot_protocol/build/lib/robot_protocol
[19.004s] running install
[19.094s] running install_lib
[19.280s] running install_data
[19.281s] copying resource/robot_protocol -> /home/sunrise/Rosmaster/install/robot_protocol/share/ament_index/resource_index/packages
[19.282s] copying package.xml -> /home/sunrise/Rosmaster/install/robot_protocol/share/robot_protocol
[19.283s] running install_egg_info
[19.545s] removing '/home/sunrise/Rosmaster/install/robot_protocol/lib/python3.10/site-packages/robot_protocol-1.0.0-py3.10.egg-info' (and everything under it)
[19.564s] Copying ../../../build/robot_protocol/robot_protocol.egg-info to /home/sunrise/Rosmaster/install/robot_protocol/lib/python3.10/site-packages/robot_protocol-1.0.0-py3.10.egg-info
[19.574s] running install_scripts
[20.058s] Installing protocol_node script to /home/sunrise/Rosmaster/install/robot_protocol/lib/robot_protocol
[20.067s] Installing protocol_pack_node script to /home/sunrise/Rosmaster/install/robot_protocol/lib/robot_protocol
[20.068s] writing list of installed files to '/home/sunrise/Rosmaster/build/robot_protocol/install.log'
[20.436s] Invoked command in '/home/sunrise/Rosmaster/src/ROS2/robot_protocol' returned '0': PYTHONPATH=/home/sunrise/Rosmaster/build/robot_protocol/prefix_override:/usr/lib/python3/dist-packages/colcon_core/task/python/colcon_distutils_commands:/home/sunrise/Rosmaster/install/robot_protocol/lib/python3.10/site-packages:${PYTHONPATH} /usr/bin/python3 -W ignore:setup.py install is deprecated -W ignore:easy_install command is deprecated setup.py egg_info --egg-base ../../../build/robot_protocol build --build-base /home/sunrise/Rosmaster/build/robot_protocol/build install --record /home/sunrise/Rosmaster/build/robot_protocol/install.log --install-scripts $base/lib/robot_protocol --single-version-externally-managed install_data
