[12.968s] Invoking command in '/home/sunrise/Rosmaster/src/ROS2/robot_brain': PYTHONPATH=/home/sunrise/Rosmaster/build/robot_brain/prefix_override:/usr/lib/python3/dist-packages/colcon_core/task/python/colcon_distutils_commands:/home/sunrise/Rosmaster/install/robot_brain/lib/python3.10/site-packages:${PYTHONPATH} /usr/bin/python3 -W ignore:setup.py install is deprecated -W ignore:easy_install command is deprecated setup.py egg_info --egg-base ../../../build/robot_brain build --build-base /home/sunrise/Rosmaster/build/robot_brain/build install --record /home/sunrise/Rosmaster/build/robot_brain/install.log --install-scripts $base/lib/robot_brain --single-version-externally-managed install_data
[14.336s] /usr/local/lib/python3.10/dist-packages/setuptools/dist.py:599: SetuptoolsDeprecationWarning: Invalid dash-separated key 'script-dir' in 'develop' (setup.cfg), please use the underscore name 'script_dir' instead.
[14.337s] !!
[14.337s] 
[14.338s]         ********************************************************************************
[14.339s]         Usage of dash-separated 'script-dir' will not be supported in future
[14.339s]         versions. Please use the underscore name 'script_dir' instead.
[14.340s] 
[14.341s]         This deprecation is overdue, please update your project and remove deprecated
[14.341s]         calls to avoid build errors in the future.
[14.342s] 
[14.342s]         See https://setuptools.pypa.io/en/latest/userguide/declarative_config.html for details.
[14.347s]         ********************************************************************************
[14.348s] 
[14.348s] !!
[14.349s]   opt = self._enforce_underscore(opt, section)
[14.482s] /usr/local/lib/python3.10/dist-packages/setuptools/_distutils/dist.py:289: UserWarning: Unknown distribution option: 'tests_require'
[14.483s]   warnings.warn(msg)
[14.755s] /usr/local/lib/python3.10/dist-packages/setuptools/dist.py:599: SetuptoolsDeprecationWarning: Invalid dash-separated key 'script-dir' in 'develop' (setup.cfg), please use the underscore name 'script_dir' instead.
[14.756s] !!
[14.757s] 
[14.758s]         ********************************************************************************
[14.758s]         Usage of dash-separated 'script-dir' will not be supported in future
[14.759s]         versions. Please use the underscore name 'script_dir' instead.
[14.760s]         (Affected: robot_brain).
[14.761s] 
[14.761s]         This deprecation is overdue, please update your project and remove deprecated
[14.762s]         calls to avoid build errors in the future.
[14.762s] 
[14.764s]         See https://setuptools.pypa.io/en/latest/userguide/declarative_config.html for details.
[14.765s]         ********************************************************************************
[14.765s] 
[14.766s] !!
[14.767s]   opt = self._enforce_underscore(opt, section)
[15.256s] running egg_info
[15.365s] creating ../../../build/robot_brain/robot_brain.egg-info
[15.367s] writing ../../../build/robot_brain/robot_brain.egg-info/PKG-INFO
[15.371s] writing dependency_links to ../../../build/robot_brain/robot_brain.egg-info/dependency_links.txt
[15.373s] writing entry points to ../../../build/robot_brain/robot_brain.egg-info/entry_points.txt
[15.379s] writing requirements to ../../../build/robot_brain/robot_brain.egg-info/requires.txt
[15.380s] writing top-level names to ../../../build/robot_brain/robot_brain.egg-info/top_level.txt
[15.381s] writing manifest file '../../../build/robot_brain/robot_brain.egg-info/SOURCES.txt'
[15.644s] reading manifest file '../../../build/robot_brain/robot_brain.egg-info/SOURCES.txt'
[15.648s] writing manifest file '../../../build/robot_brain/robot_brain.egg-info/SOURCES.txt'
[15.651s] running build
[15.652s] running build_py
[15.653s] creating /home/sunrise/Rosmaster/build/robot_brain/build/lib/robot_brain
[15.654s] copying robot_brain/brain_node.py -> /home/sunrise/Rosmaster/build/robot_brain/build/lib/robot_brain
[15.657s] copying robot_brain/__init__.py -> /home/sunrise/Rosmaster/build/robot_brain/build/lib/robot_brain
[15.658s] running install
[15.701s] running install_lib
[15.820s] creating /home/sunrise/Rosmaster/install/robot_brain/lib/python3.10/site-packages/robot_brain
[15.821s] copying /home/sunrise/Rosmaster/build/robot_brain/build/lib/robot_brain/brain_node.py -> /home/sunrise/Rosmaster/install/robot_brain/lib/python3.10/site-packages/robot_brain
[15.825s] copying /home/sunrise/Rosmaster/build/robot_brain/build/lib/robot_brain/__init__.py -> /home/sunrise/Rosmaster/install/robot_brain/lib/python3.10/site-packages/robot_brain
[15.826s] byte-compiling /home/sunrise/Rosmaster/install/robot_brain/lib/python3.10/site-packages/robot_brain/brain_node.py to brain_node.cpython-310.pyc
[15.827s] byte-compiling /home/sunrise/Rosmaster/install/robot_brain/lib/python3.10/site-packages/robot_brain/__init__.py to __init__.cpython-310.pyc
[15.831s] running install_data
[15.832s] creating /home/sunrise/Rosmaster/install/robot_brain/share/ament_index/resource_index/packages
[15.833s] copying resource/robot_brain -> /home/sunrise/Rosmaster/install/robot_brain/share/ament_index/resource_index/packages
[15.834s] copying package.xml -> /home/sunrise/Rosmaster/install/robot_brain/share/robot_brain
[15.854s] running install_egg_info
[15.974s] Copying ../../../build/robot_brain/robot_brain.egg-info to /home/sunrise/Rosmaster/install/robot_brain/lib/python3.10/site-packages/robot_brain-1.0.0-py3.10.egg-info
[15.993s] running install_scripts
[16.245s] Installing brain_node script to /home/sunrise/Rosmaster/install/robot_brain/lib/robot_brain
[16.256s] writing list of installed files to '/home/sunrise/Rosmaster/build/robot_brain/install.log'
[16.675s] Invoked command in '/home/sunrise/Rosmaster/src/ROS2/robot_brain' returned '0': PYTHONPATH=/home/sunrise/Rosmaster/build/robot_brain/prefix_override:/usr/lib/python3/dist-packages/colcon_core/task/python/colcon_distutils_commands:/home/sunrise/Rosmaster/install/robot_brain/lib/python3.10/site-packages:${PYTHONPATH} /usr/bin/python3 -W ignore:setup.py install is deprecated -W ignore:easy_install command is deprecated setup.py egg_info --egg-base ../../../build/robot_brain build --build-base /home/sunrise/Rosmaster/build/robot_brain/build install --record /home/sunrise/Rosmaster/build/robot_brain/install.log --install-scripts $base/lib/robot_brain --single-version-externally-managed install_data
