[7.542s] Invoking command in '/home/sunrise/Rosmaster/src/ROS2/robot_protocol': PYTHONPATH=/home/sunrise/Rosmaster/build/robot_protocol/prefix_override:/usr/lib/python3/dist-packages/colcon_core/task/python/colcon_distutils_commands:/home/sunrise/Rosmaster/install/robot_protocol/lib/python3.10/site-packages:${PYTHONPATH} /usr/bin/python3 -W ignore:setup.py install is deprecated -W ignore:easy_install command is deprecated setup.py egg_info --egg-base ../../../build/robot_protocol build --build-base /home/sunrise/Rosmaster/build/robot_protocol/build install --record /home/sunrise/Rosmaster/build/robot_protocol/install.log --install-scripts $base/lib/robot_protocol --single-version-externally-managed install_data
[8.705s] /usr/local/lib/python3.10/dist-packages/setuptools/dist.py:599: SetuptoolsDeprecationWarning: Invalid dash-separated key 'script-dir' in 'develop' (setup.cfg), please use the underscore name 'script_dir' instead.
[8.706s] !!
[8.706s] 
[8.707s]         ********************************************************************************
[8.708s]         Usage of dash-separated 'script-dir' will not be supported in future
[8.709s]         versions. Please use the underscore name 'script_dir' instead.
[8.710s] 
[8.711s]         This deprecation is overdue, please update your project and remove deprecated
[8.712s]         calls to avoid build errors in the future.
[8.713s] 
[8.713s]         See https://setuptools.pypa.io/en/latest/userguide/declarative_config.html for details.
[8.714s]         ********************************************************************************
[8.715s] 
[8.715s] !!
[8.716s]   opt = self._enforce_underscore(opt, section)
[8.885s] /usr/local/lib/python3.10/dist-packages/setuptools/_distutils/dist.py:289: UserWarning: Unknown distribution option: 'tests_require'
[8.886s]   warnings.warn(msg)
[9.181s] /usr/local/lib/python3.10/dist-packages/setuptools/dist.py:599: SetuptoolsDeprecationWarning: Invalid dash-separated key 'script-dir' in 'develop' (setup.cfg), please use the underscore name 'script_dir' instead.
[9.181s] !!
[9.182s] 
[9.183s]         ********************************************************************************
[9.184s]         Usage of dash-separated 'script-dir' will not be supported in future
[9.185s]         versions. Please use the underscore name 'script_dir' instead.
[9.186s]         (Affected: robot_protocol).
[9.187s] 
[9.187s]         This deprecation is overdue, please update your project and remove deprecated
[9.188s]         calls to avoid build errors in the future.
[9.189s] 
[9.190s]         See https://setuptools.pypa.io/en/latest/userguide/declarative_config.html for details.
[9.191s]         ********************************************************************************
[9.192s] 
[9.192s] !!
[9.193s]   opt = self._enforce_underscore(opt, section)
[9.763s] running egg_info
[9.898s] writing ../../../build/robot_protocol/robot_protocol.egg-info/PKG-INFO
[9.900s] writing dependency_links to ../../../build/robot_protocol/robot_protocol.egg-info/dependency_links.txt
[9.902s] writing entry points to ../../../build/robot_protocol/robot_protocol.egg-info/entry_points.txt
[9.904s] writing requirements to ../../../build/robot_protocol/robot_protocol.egg-info/requires.txt
[9.905s] writing top-level names to ../../../build/robot_protocol/robot_protocol.egg-info/top_level.txt
[10.180s] reading manifest file '../../../build/robot_protocol/robot_protocol.egg-info/SOURCES.txt'
[10.190s] writing manifest file '../../../build/robot_protocol/robot_protocol.egg-info/SOURCES.txt'
[10.192s] running build
[10.193s] running build_py
[10.194s] copying robot_protocol/protocol_pack_node.py -> /home/sunrise/Rosmaster/build/robot_protocol/build/lib/robot_protocol
[10.195s] copying robot_protocol/protocol_node.py -> /home/sunrise/Rosmaster/build/robot_protocol/build/lib/robot_protocol
[10.200s] copying robot_protocol/__init__.py -> /home/sunrise/Rosmaster/build/robot_protocol/build/lib/robot_protocol
[10.201s] running install
[10.237s] running install_lib
[10.393s] running install_data
[10.396s] copying resource/robot_protocol -> /home/sunrise/Rosmaster/install/robot_protocol/share/ament_index/resource_index/packages
[10.398s] copying package.xml -> /home/sunrise/Rosmaster/install/robot_protocol/share/robot_protocol
[10.399s] running install_egg_info
[10.556s] removing '/home/sunrise/Rosmaster/install/robot_protocol/lib/python3.10/site-packages/robot_protocol-1.0.0-py3.10.egg-info' (and everything under it)
[10.558s] Copying ../../../build/robot_protocol/robot_protocol.egg-info to /home/sunrise/Rosmaster/install/robot_protocol/lib/python3.10/site-packages/robot_protocol-1.0.0-py3.10.egg-info
[10.566s] running install_scripts
[10.855s] Installing protocol_node script to /home/sunrise/Rosmaster/install/robot_protocol/lib/robot_protocol
[10.856s] Installing protocol_pack_node script to /home/sunrise/Rosmaster/install/robot_protocol/lib/robot_protocol
[10.861s] writing list of installed files to '/home/sunrise/Rosmaster/build/robot_protocol/install.log'
[11.174s] Invoked command in '/home/sunrise/Rosmaster/src/ROS2/robot_protocol' returned '0': PYTHONPATH=/home/sunrise/Rosmaster/build/robot_protocol/prefix_override:/usr/lib/python3/dist-packages/colcon_core/task/python/colcon_distutils_commands:/home/sunrise/Rosmaster/install/robot_protocol/lib/python3.10/site-packages:${PYTHONPATH} /usr/bin/python3 -W ignore:setup.py install is deprecated -W ignore:easy_install command is deprecated setup.py egg_info --egg-base ../../../build/robot_protocol build --build-base /home/sunrise/Rosmaster/build/robot_protocol/build install --record /home/sunrise/Rosmaster/build/robot_protocol/install.log --install-scripts $base/lib/robot_protocol --single-version-externally-managed install_data
