[5.719s] Invoking command in '/home/sunrise/Rosmaster/src/ROS2/robot_bringup': AMENT_PREFIX_PATH=/home/sunrise/Rosmaster/install/robot_protocol:/home/sunrise/Rosmaster/install/robot_link:/home/sunrise/Rosmaster/install/robot_control:${AMENT_PREFIX_PATH} PYTHONPATH=/home/sunrise/Rosmaster/build/robot_bringup/prefix_override:/usr/lib/python3/dist-packages/colcon_core/task/python/colcon_distutils_commands:/home/sunrise/Rosmaster/install/robot_bringup/lib/python3.10/site-packages:/home/sunrise/Rosmaster/install/robot_protocol/lib/python3.10/site-packages:/home/sunrise/Rosmaster/install/robot_link/lib/python3.10/site-packages:/home/sunrise/Rosmaster/install/robot_control/lib/python3.10/site-packages:${PYTHONPATH} /usr/bin/python3 -W ignore:setup.py install is deprecated -W ignore:easy_install command is deprecated setup.py egg_info --egg-base ../../../build/robot_bringup build --build-base /home/sunrise/Rosmaster/build/robot_bringup/build install --record /home/sunrise/Rosmaster/build/robot_bringup/install.log --install-scripts $base/lib/robot_bringup --single-version-externally-managed install_data
[6.832s] /usr/local/lib/python3.10/dist-packages/setuptools/dist.py:599: SetuptoolsDeprecationWarning: Invalid dash-separated key 'script-dir' in 'develop' (setup.cfg), please use the underscore name 'script_dir' instead.
[6.833s] !!
[6.834s] 
[6.834s]         ********************************************************************************
[6.835s]         Usage of dash-separated 'script-dir' will not be supported in future
[6.836s]         versions. Please use the underscore name 'script_dir' instead.
[6.836s] 
[6.837s]         This deprecation is overdue, please update your project and remove deprecated
[6.837s]         calls to avoid build errors in the future.
[6.838s] 
[6.838s]         See https://setuptools.pypa.io/en/latest/userguide/declarative_config.html for details.
[6.839s]         ********************************************************************************
[6.839s] 
[6.840s] !!
[6.840s]   opt = self._enforce_underscore(opt, section)
[6.995s] /usr/local/lib/python3.10/dist-packages/setuptools/_distutils/dist.py:289: UserWarning: Unknown distribution option: 'tests_require'
[6.996s]   warnings.warn(msg)
[7.303s] /usr/local/lib/python3.10/dist-packages/setuptools/dist.py:599: SetuptoolsDeprecationWarning: Invalid dash-separated key 'script-dir' in 'develop' (setup.cfg), please use the underscore name 'script_dir' instead.
[7.304s] !!
[7.305s] 
[7.305s]         ********************************************************************************
[7.306s]         Usage of dash-separated 'script-dir' will not be supported in future
[7.307s]         versions. Please use the underscore name 'script_dir' instead.
[7.308s]         (Affected: robot_bringup).
[7.308s] 
[7.309s]         This deprecation is overdue, please update your project and remove deprecated
[7.310s]         calls to avoid build errors in the future.
[7.310s] 
[7.311s]         See https://setuptools.pypa.io/en/latest/userguide/declarative_config.html for details.
[7.312s]         ********************************************************************************
[7.313s] 
[7.320s] !!
[7.321s]   opt = self._enforce_underscore(opt, section)
[7.905s] running egg_info
[8.042s] writing ../../../build/robot_bringup/robot_bringup.egg-info/PKG-INFO
[8.045s] writing dependency_links to ../../../build/robot_bringup/robot_bringup.egg-info/dependency_links.txt
[8.048s] writing requirements to ../../../build/robot_bringup/robot_bringup.egg-info/requires.txt
[8.049s] writing top-level names to ../../../build/robot_bringup/robot_bringup.egg-info/top_level.txt
[8.337s] reading manifest file '../../../build/robot_bringup/robot_bringup.egg-info/SOURCES.txt'
[8.348s] writing manifest file '../../../build/robot_bringup/robot_bringup.egg-info/SOURCES.txt'
[8.350s] running build
[8.351s] running build_py
[8.352s] copying robot_bringup/__init__.py -> /home/sunrise/Rosmaster/build/robot_bringup/build/lib/robot_bringup
[8.355s] running install
[8.392s] running install_lib
[8.518s] running install_data
[8.520s] copying resource/robot_bringup -> /home/sunrise/Rosmaster/install/robot_bringup/share/ament_index/resource_index/packages
[8.522s] copying package.xml -> /home/sunrise/Rosmaster/install/robot_bringup/share/robot_bringup
[8.525s] copying launch/hardware_launch.py -> /home/sunrise/Rosmaster/install/robot_bringup/share/robot_bringup/launch
[8.526s] running install_egg_info
[8.679s] removing '/home/sunrise/Rosmaster/install/robot_bringup/lib/python3.10/site-packages/robot_bringup-1.0.0-py3.10.egg-info' (and everything under it)
[8.681s] Copying ../../../build/robot_bringup/robot_bringup.egg-info to /home/sunrise/Rosmaster/install/robot_bringup/lib/python3.10/site-packages/robot_bringup-1.0.0-py3.10.egg-info
[8.688s] running install_scripts
[8.951s] writing list of installed files to '/home/sunrise/Rosmaster/build/robot_bringup/install.log'
[9.195s] Invoked command in '/home/sunrise/Rosmaster/src/ROS2/robot_bringup' returned '0': AMENT_PREFIX_PATH=/home/sunrise/Rosmaster/install/robot_protocol:/home/sunrise/Rosmaster/install/robot_link:/home/sunrise/Rosmaster/install/robot_control:${AMENT_PREFIX_PATH} PYTHONPATH=/home/sunrise/Rosmaster/build/robot_bringup/prefix_override:/usr/lib/python3/dist-packages/colcon_core/task/python/colcon_distutils_commands:/home/sunrise/Rosmaster/install/robot_bringup/lib/python3.10/site-packages:/home/sunrise/Rosmaster/install/robot_protocol/lib/python3.10/site-packages:/home/sunrise/Rosmaster/install/robot_link/lib/python3.10/site-packages:/home/sunrise/Rosmaster/install/robot_control/lib/python3.10/site-packages:${PYTHONPATH} /usr/bin/python3 -W ignore:setup.py install is deprecated -W ignore:easy_install command is deprecated setup.py egg_info --egg-base ../../../build/robot_bringup build --build-base /home/sunrise/Rosmaster/build/robot_bringup/build install --record /home/sunrise/Rosmaster/build/robot_bringup/install.log --install-scripts $base/lib/robot_bringup --single-version-externally-managed install_data
