[15.659s] Invoking command in '/home/sunrise/Rosmaster/src/ROS2/robot_brain': PYTHONPATH=/home/sunrise/Rosmaster/build/robot_brain/prefix_override:/usr/lib/python3/dist-packages/colcon_core/task/python/colcon_distutils_commands:/home/sunrise/Rosmaster/install/robot_brain/lib/python3.10/site-packages:${PYTHONPATH} /usr/bin/python3 -W ignore:setup.py install is deprecated -W ignore:easy_install command is deprecated setup.py egg_info --egg-base ../../../build/robot_brain build --build-base /home/sunrise/Rosmaster/build/robot_brain/build install --record /home/sunrise/Rosmaster/build/robot_brain/install.log --install-scripts $base/lib/robot_brain --single-version-externally-managed install_data
[17.308s] /usr/local/lib/python3.10/dist-packages/setuptools/dist.py:599: SetuptoolsDeprecationWarning: Invalid dash-separated key 'script-dir' in 'develop' (setup.cfg), please use the underscore name 'script_dir' instead.
[17.309s] !!
[17.309s] 
[17.310s]         ********************************************************************************
[17.311s]         Usage of dash-separated 'script-dir' will not be supported in future
[17.311s]         versions. Please use the underscore name 'script_dir' instead.
[17.312s] 
[17.313s]         This deprecation is overdue, please update your project and remove deprecated
[17.313s]         calls to avoid build errors in the future.
[17.314s] 
[17.315s]         See https://setuptools.pypa.io/en/latest/userguide/declarative_config.html for details.
[17.316s]         ********************************************************************************
[17.337s] 
[17.338s] !!
[17.338s]   opt = self._enforce_underscore(opt, section)
[17.555s] /usr/local/lib/python3.10/dist-packages/setuptools/_distutils/dist.py:289: UserWarning: Unknown distribution option: 'tests_require'
[17.567s]   warnings.warn(msg)
[18.037s] /usr/local/lib/python3.10/dist-packages/setuptools/dist.py:599: SetuptoolsDeprecationWarning: Invalid dash-separated key 'script-dir' in 'develop' (setup.cfg), please use the underscore name 'script_dir' instead.
[18.044s] !!
[18.046s] 
[18.047s]         ********************************************************************************
[18.048s]         Usage of dash-separated 'script-dir' will not be supported in future
[18.049s]         versions. Please use the underscore name 'script_dir' instead.
[18.049s]         (Affected: robot_brain).
[18.050s] 
[18.051s]         This deprecation is overdue, please update your project and remove deprecated
[18.051s]         calls to avoid build errors in the future.
[18.052s] 
[18.053s]         See https://setuptools.pypa.io/en/latest/userguide/declarative_config.html for details.
[18.053s]         ********************************************************************************
[18.054s] 
[18.055s] !!
[18.055s]   opt = self._enforce_underscore(opt, section)
[18.841s] running egg_info
[19.026s] writing ../../../build/robot_brain/robot_brain.egg-info/PKG-INFO
[19.043s] writing dependency_links to ../../../build/robot_brain/robot_brain.egg-info/dependency_links.txt
[19.045s] writing entry points to ../../../build/robot_brain/robot_brain.egg-info/entry_points.txt
[19.047s] writing requirements to ../../../build/robot_brain/robot_brain.egg-info/requires.txt
[19.053s] writing top-level names to ../../../build/robot_brain/robot_brain.egg-info/top_level.txt
[19.391s] reading manifest file '../../../build/robot_brain/robot_brain.egg-info/SOURCES.txt'
[19.450s] writing manifest file '../../../build/robot_brain/robot_brain.egg-info/SOURCES.txt'
[19.451s] running build
[19.452s] running build_py
[19.452s] copying robot_brain/brain_node.py -> /home/sunrise/Rosmaster/build/robot_brain/build/lib/robot_brain
[19.453s] copying robot_brain/__init__.py -> /home/sunrise/Rosmaster/build/robot_brain/build/lib/robot_brain
[19.455s] running install
[19.540s] running install_lib
[19.803s] running install_data
[19.804s] copying resource/robot_brain -> /home/sunrise/Rosmaster/install/robot_brain/share/ament_index/resource_index/packages
[19.807s] copying package.xml -> /home/sunrise/Rosmaster/install/robot_brain/share/robot_brain
[19.809s] running install_egg_info
[20.054s] removing '/home/sunrise/Rosmaster/install/robot_brain/lib/python3.10/site-packages/robot_brain-1.0.0-py3.10.egg-info' (and everything under it)
[20.057s] Copying ../../../build/robot_brain/robot_brain.egg-info to /home/sunrise/Rosmaster/install/robot_brain/lib/python3.10/site-packages/robot_brain-1.0.0-py3.10.egg-info
[20.075s] running install_scripts
[20.421s] Installing brain_node script to /home/sunrise/Rosmaster/install/robot_brain/lib/robot_brain
[20.429s] writing list of installed files to '/home/sunrise/Rosmaster/build/robot_brain/install.log'
[20.728s] Invoked command in '/home/sunrise/Rosmaster/src/ROS2/robot_brain' returned '0': PYTHONPATH=/home/sunrise/Rosmaster/build/robot_brain/prefix_override:/usr/lib/python3/dist-packages/colcon_core/task/python/colcon_distutils_commands:/home/sunrise/Rosmaster/install/robot_brain/lib/python3.10/site-packages:${PYTHONPATH} /usr/bin/python3 -W ignore:setup.py install is deprecated -W ignore:easy_install command is deprecated setup.py egg_info --egg-base ../../../build/robot_brain build --build-base /home/sunrise/Rosmaster/build/robot_brain/build install --record /home/sunrise/Rosmaster/build/robot_brain/install.log --install-scripts $base/lib/robot_brain --single-version-externally-managed install_data
