[16.218s] Invoking command in '/home/sunrise/Rosmaster/src/ROS2/robot_protocol': PYTHONPATH=/home/sunrise/Rosmaster/build/robot_protocol/prefix_override:/usr/lib/python3/dist-packages/colcon_core/task/python/colcon_distutils_commands:/home/sunrise/Rosmaster/install/robot_protocol/lib/python3.10/site-packages:${PYTHONPATH} /usr/bin/python3 -W ignore:setup.py install is deprecated -W ignore:easy_install command is deprecated setup.py egg_info --egg-base ../../../build/robot_protocol build --build-base /home/sunrise/Rosmaster/build/robot_protocol/build install --record /home/sunrise/Rosmaster/build/robot_protocol/install.log --install-scripts $base/lib/robot_protocol --single-version-externally-managed install_data
[17.514s] /usr/local/lib/python3.10/dist-packages/setuptools/dist.py:599: SetuptoolsDeprecationWarning: Invalid dash-separated key 'script-dir' in 'develop' (setup.cfg), please use the underscore name 'script_dir' instead.
[17.515s] !!
[17.515s] 
[17.516s]         ********************************************************************************
[17.517s]         Usage of dash-separated 'script-dir' will not be supported in future
[17.518s]         versions. Please use the underscore name 'script_dir' instead.
[17.518s] 
[17.519s]         This deprecation is overdue, please update your project and remove deprecated
[17.520s]         calls to avoid build errors in the future.
[17.521s] 
[17.524s]         See https://setuptools.pypa.io/en/latest/userguide/declarative_config.html for details.
[17.525s]         ********************************************************************************
[17.526s] 
[17.527s] !!
[17.527s]   opt = self._enforce_underscore(opt, section)
[17.673s] /usr/local/lib/python3.10/dist-packages/setuptools/_distutils/dist.py:289: UserWarning: Unknown distribution option: 'tests_require'
[17.674s]   warnings.warn(msg)
[17.967s] /usr/local/lib/python3.10/dist-packages/setuptools/dist.py:599: SetuptoolsDeprecationWarning: Invalid dash-separated key 'script-dir' in 'develop' (setup.cfg), please use the underscore name 'script_dir' instead.
[17.968s] !!
[17.968s] 
[17.969s]         ********************************************************************************
[17.970s]         Usage of dash-separated 'script-dir' will not be supported in future
[17.971s]         versions. Please use the underscore name 'script_dir' instead.
[17.971s]         (Affected: robot_protocol).
[17.974s] 
[17.975s]         This deprecation is overdue, please update your project and remove deprecated
[17.976s]         calls to avoid build errors in the future.
[17.977s] 
[17.977s]         See https://setuptools.pypa.io/en/latest/userguide/declarative_config.html for details.
[17.978s]         ********************************************************************************
[17.979s] 
[17.979s] !!
[17.980s]   opt = self._enforce_underscore(opt, section)
[18.635s] running egg_info
[19.015s] writing ../../../build/robot_protocol/robot_protocol.egg-info/PKG-INFO
[19.024s] writing dependency_links to ../../../build/robot_protocol/robot_protocol.egg-info/dependency_links.txt
[19.025s] writing entry points to ../../../build/robot_protocol/robot_protocol.egg-info/entry_points.txt
[19.026s] writing requirements to ../../../build/robot_protocol/robot_protocol.egg-info/requires.txt
[19.027s] writing top-level names to ../../../build/robot_protocol/robot_protocol.egg-info/top_level.txt
[19.749s] reading manifest file '../../../build/robot_protocol/robot_protocol.egg-info/SOURCES.txt'
[19.767s] writing manifest file '../../../build/robot_protocol/robot_protocol.egg-info/SOURCES.txt'
[19.771s] running build
[19.771s] running build_py
[19.774s] copying robot_protocol/protocol_pack_node.py -> /home/sunrise/Rosmaster/build/robot_protocol/build/lib/robot_protocol
[19.775s] copying robot_protocol/protocol_node.py -> /home/sunrise/Rosmaster/build/robot_protocol/build/lib/robot_protocol
[19.776s] copying robot_protocol/__init__.py -> /home/sunrise/Rosmaster/build/robot_protocol/build/lib/robot_protocol
[19.778s] running install
[19.816s] running install_lib
[19.951s] running install_data
[19.954s] copying resource/robot_protocol -> /home/sunrise/Rosmaster/install/robot_protocol/share/ament_index/resource_index/packages
[19.956s] copying package.xml -> /home/sunrise/Rosmaster/install/robot_protocol/share/robot_protocol
[19.957s] running install_egg_info
[20.142s] removing '/home/sunrise/Rosmaster/install/robot_protocol/lib/python3.10/site-packages/robot_protocol-1.0.0-py3.10.egg-info' (and everything under it)
[20.147s] Copying ../../../build/robot_protocol/robot_protocol.egg-info to /home/sunrise/Rosmaster/install/robot_protocol/lib/python3.10/site-packages/robot_protocol-1.0.0-py3.10.egg-info
[20.160s] running install_scripts
[20.485s] Installing protocol_node script to /home/sunrise/Rosmaster/install/robot_protocol/lib/robot_protocol
[20.489s] writing list of installed files to '/home/sunrise/Rosmaster/build/robot_protocol/install.log'
[20.825s] Invoked command in '/home/sunrise/Rosmaster/src/ROS2/robot_protocol' returned '0': PYTHONPATH=/home/sunrise/Rosmaster/build/robot_protocol/prefix_override:/usr/lib/python3/dist-packages/colcon_core/task/python/colcon_distutils_commands:/home/sunrise/Rosmaster/install/robot_protocol/lib/python3.10/site-packages:${PYTHONPATH} /usr/bin/python3 -W ignore:setup.py install is deprecated -W ignore:easy_install command is deprecated setup.py egg_info --egg-base ../../../build/robot_protocol build --build-base /home/sunrise/Rosmaster/build/robot_protocol/build install --record /home/sunrise/Rosmaster/build/robot_protocol/install.log --install-scripts $base/lib/robot_protocol --single-version-externally-managed install_data
