running egg_info
writing ../../../build/robot_link/robot_link.egg-info/PKG-INFO
writing dependency_links to ../../../build/robot_link/robot_link.egg-info/dependency_links.txt
writing entry points to ../../../build/robot_link/robot_link.egg-info/entry_points.txt
writing requirements to ../../../build/robot_link/robot_link.egg-info/requires.txt
writing top-level names to ../../../build/robot_link/robot_link.egg-info/top_level.txt
reading manifest file '../../../build/robot_link/robot_link.egg-info/SOURCES.txt'
writing manifest file '../../../build/robot_link/robot_link.egg-info/SOURCES.txt'
running build
running build_py
copying robot_link/serial_node.py -> /home/sunrise/Rosmaster/build/robot_link/build/lib/robot_link
copying robot_link/tcp_server_node.py -> /home/sunrise/Rosmaster/build/robot_link/build/lib/robot_link
copying robot_link/hotspot_node.py -> /home/sunrise/Rosmaster/build/robot_link/build/lib/robot_link
copying robot_link/__init__.py -> /home/sunrise/Rosmaster/build/robot_link/build/lib/robot_link
running install
running install_lib
running install_data
copying resource/robot_link -> /home/sunrise/Rosmaster/install/robot_link/share/ament_index/resource_index/packages
copying package.xml -> /home/sunrise/Rosmaster/install/robot_link/share/robot_link
running install_egg_info
removing '/home/sunrise/Rosmaster/install/robot_link/lib/python3.10/site-packages/robot_link-1.0.0-py3.10.egg-info' (and everything under it)
Copying ../../../build/robot_link/robot_link.egg-info to /home/sunrise/Rosmaster/install/robot_link/lib/python3.10/site-packages/robot_link-1.0.0-py3.10.egg-info
running install_scripts
Installing hotspot_node script to /home/sunrise/Rosmaster/install/robot_link/lib/robot_link
Installing serial_node script to /home/sunrise/Rosmaster/install/robot_link/lib/robot_link
Installing tcp_server_node script to /home/sunrise/Rosmaster/install/robot_link/lib/robot_link
writing list of installed files to '/home/sunrise/Rosmaster/build/robot_link/install.log'
