[14.708s] Invoking command in '/home/sunrise/Rosmaster/src/ROS2/robot_brain': PYTHONPATH=/home/sunrise/Rosmaster/build/robot_brain/prefix_override:/usr/lib/python3/dist-packages/colcon_core/task/python/colcon_distutils_commands:/home/sunrise/Rosmaster/install/robot_brain/lib/python3.10/site-packages:${PYTHONPATH} /usr/bin/python3 -W ignore:setup.py install is deprecated -W ignore:easy_install command is deprecated setup.py egg_info --egg-base ../../../build/robot_brain build --build-base /home/sunrise/Rosmaster/build/robot_brain/build install --record /home/sunrise/Rosmaster/build/robot_brain/install.log --install-scripts $base/lib/robot_brain --single-version-externally-managed install_data
[15.928s] /usr/local/lib/python3.10/dist-packages/setuptools/dist.py:599: SetuptoolsDeprecationWarning: Invalid dash-separated key 'script-dir' in 'develop' (setup.cfg), please use the underscore name 'script_dir' instead.
[15.929s] !!
[15.930s] 
[15.930s]         ********************************************************************************
[15.931s]         Usage of dash-separated 'script-dir' will not be supported in future
[15.932s]         versions. Please use the underscore name 'script_dir' instead.
[15.932s] 
[15.933s]         This deprecation is overdue, please update your project and remove deprecated
[15.933s]         calls to avoid build errors in the future.
[15.934s] 
[15.937s]         See https://setuptools.pypa.io/en/latest/userguide/declarative_config.html for details.
[15.938s]         ********************************************************************************
[15.938s] 
[15.939s] !!
[15.940s]   opt = self._enforce_underscore(opt, section)
[16.098s] /usr/local/lib/python3.10/dist-packages/setuptools/_distutils/dist.py:289: UserWarning: Unknown distribution option: 'tests_require'
[16.099s]   warnings.warn(msg)
[16.397s] /usr/local/lib/python3.10/dist-packages/setuptools/dist.py:599: SetuptoolsDeprecationWarning: Invalid dash-separated key 'script-dir' in 'develop' (setup.cfg), please use the underscore name 'script_dir' instead.
[16.397s] !!
[16.398s] 
[16.399s]         ********************************************************************************
[16.400s]         Usage of dash-separated 'script-dir' will not be supported in future
[16.400s]         versions. Please use the underscore name 'script_dir' instead.
[16.401s]         (Affected: robot_brain).
[16.402s] 
[16.402s]         This deprecation is overdue, please update your project and remove deprecated
[16.403s]         calls to avoid build errors in the future.
[16.403s] 
[16.404s]         See https://setuptools.pypa.io/en/latest/userguide/declarative_config.html for details.
[16.407s]         ********************************************************************************
[16.408s] 
[16.409s] !!
[16.409s]   opt = self._enforce_underscore(opt, section)
[16.964s] running egg_info
[17.120s] writing ../../../build/robot_brain/robot_brain.egg-info/PKG-INFO
[17.124s] writing dependency_links to ../../../build/robot_brain/robot_brain.egg-info/dependency_links.txt
[17.127s] writing entry points to ../../../build/robot_brain/robot_brain.egg-info/entry_points.txt
[17.129s] writing requirements to ../../../build/robot_brain/robot_brain.egg-info/requires.txt
[17.131s] writing top-level names to ../../../build/robot_brain/robot_brain.egg-info/top_level.txt
[17.439s] reading manifest file '../../../build/robot_brain/robot_brain.egg-info/SOURCES.txt'
[17.452s] writing manifest file '../../../build/robot_brain/robot_brain.egg-info/SOURCES.txt'
[17.458s] running build
[17.458s] running build_py
[17.466s] copying robot_brain/brain_node.py -> /home/sunrise/Rosmaster/build/robot_brain/build/lib/robot_brain
[17.467s] copying robot_brain/__init__.py -> /home/sunrise/Rosmaster/build/robot_brain/build/lib/robot_brain
[17.468s] running install
[17.502s] running install_lib
[17.697s] running install_data
[17.699s] copying resource/robot_brain -> /home/sunrise/Rosmaster/install/robot_brain/share/ament_index/resource_index/packages
[17.701s] copying package.xml -> /home/sunrise/Rosmaster/install/robot_brain/share/robot_brain
[17.703s] copying config/position.yaml -> /home/sunrise/Rosmaster/install/robot_brain/share/robot_brain/config
[17.705s] running install_egg_info
[17.872s] removing '/home/sunrise/Rosmaster/install/robot_brain/lib/python3.10/site-packages/robot_brain-1.0.0-py3.10.egg-info' (and everything under it)
[17.874s] Copying ../../../build/robot_brain/robot_brain.egg-info to /home/sunrise/Rosmaster/install/robot_brain/lib/python3.10/site-packages/robot_brain-1.0.0-py3.10.egg-info
[17.881s] running install_scripts
[18.253s] Installing brain_node script to /home/sunrise/Rosmaster/install/robot_brain/lib/robot_brain
[18.263s] writing list of installed files to '/home/sunrise/Rosmaster/build/robot_brain/install.log'
[18.666s] Invoked command in '/home/sunrise/Rosmaster/src/ROS2/robot_brain' returned '0': PYTHONPATH=/home/sunrise/Rosmaster/build/robot_brain/prefix_override:/usr/lib/python3/dist-packages/colcon_core/task/python/colcon_distutils_commands:/home/sunrise/Rosmaster/install/robot_brain/lib/python3.10/site-packages:${PYTHONPATH} /usr/bin/python3 -W ignore:setup.py install is deprecated -W ignore:easy_install command is deprecated setup.py egg_info --egg-base ../../../build/robot_brain build --build-base /home/sunrise/Rosmaster/build/robot_brain/build install --record /home/sunrise/Rosmaster/build/robot_brain/install.log --install-scripts $base/lib/robot_brain --single-version-externally-managed install_data
