running egg_info
writing ../../build/robot_base/robot_base.egg-info/PKG-INFO
writing dependency_links to ../../build/robot_base/robot_base.egg-info/dependency_links.txt
writing entry points to ../../build/robot_base/robot_base.egg-info/entry_points.txt
writing requirements to ../../build/robot_base/robot_base.egg-info/requires.txt
writing top-level names to ../../build/robot_base/robot_base.egg-info/top_level.txt
reading manifest file '../../build/robot_base/robot_base.egg-info/SOURCES.txt'
writing manifest file '../../build/robot_base/robot_base.egg-info/SOURCES.txt'
running build
running build_py
copying robot_base/serial_driver.py -> /home/sunrise/robot_ws/build/robot_base/build/lib/robot_base
copying robot_base/base_node.py -> /home/sunrise/robot_ws/build/robot_base/build/lib/robot_base
running install
running install_lib
copying /home/sunrise/robot_ws/build/robot_base/build/lib/robot_base/serial_driver.py -> /home/sunrise/robot_ws/install/robot_base/lib/python3.10/site-packages/robot_base
copying /home/sunrise/robot_ws/build/robot_base/build/lib/robot_base/base_node.py -> /home/sunrise/robot_ws/install/robot_base/lib/python3.10/site-packages/robot_base
byte-compiling /home/sunrise/robot_ws/install/robot_base/lib/python3.10/site-packages/robot_base/serial_driver.py to serial_driver.cpython-310.pyc
byte-compiling /home/sunrise/robot_ws/install/robot_base/lib/python3.10/site-packages/robot_base/protocol_parser.py to protocol_parser.cpython-310.pyc
Sorry: IndentationError: unexpected unindent (protocol_parser.py, line 185)
byte-compiling /home/sunrise/robot_ws/install/robot_base/lib/python3.10/site-packages/robot_base/base_node.py to base_node.cpython-310.pyc
running install_data
running install_egg_info
removing '/home/sunrise/robot_ws/install/robot_base/lib/python3.10/site-packages/robot_base-0.0.0-py3.10.egg-info' (and everything under it)
Copying ../../build/robot_base/robot_base.egg-info to /home/sunrise/robot_ws/install/robot_base/lib/python3.10/site-packages/robot_base-0.0.0-py3.10.egg-info
running install_scripts
writing list of installed files to '/home/sunrise/robot_ws/build/robot_base/install.log'
