[15.638s] Invoking command in '/home/sunrise/Rosmaster/src/ROS2/robot_vision': PYTHONPATH=/home/sunrise/Rosmaster/build/robot_vision/prefix_override:/usr/lib/python3/dist-packages/colcon_core/task/python/colcon_distutils_commands:/home/sunrise/Rosmaster/install/robot_vision/lib/python3.10/site-packages:${PYTHONPATH} /usr/bin/python3 -W ignore:setup.py install is deprecated -W ignore:easy_install command is deprecated setup.py egg_info --egg-base ../../../build/robot_vision build --build-base /home/sunrise/Rosmaster/build/robot_vision/build install --record /home/sunrise/Rosmaster/build/robot_vision/install.log --install-scripts $base/lib/robot_vision --single-version-externally-managed install_data
[16.830s] /usr/local/lib/python3.10/dist-packages/setuptools/dist.py:599: SetuptoolsDeprecationWarning: Invalid dash-separated key 'script-dir' in 'develop' (setup.cfg), please use the underscore name 'script_dir' instead.
[16.830s] !!
[16.831s] 
[16.832s]         ********************************************************************************
[16.832s]         Usage of dash-separated 'script-dir' will not be supported in future
[16.833s]         versions. Please use the underscore name 'script_dir' instead.
[16.834s] 
[16.834s]         This deprecation is overdue, please update your project and remove deprecated
[16.835s]         calls to avoid build errors in the future.
[16.836s] 
[16.836s]         See https://setuptools.pypa.io/en/latest/userguide/declarative_config.html for details.
[16.837s]         ********************************************************************************
[16.838s] 
[16.838s] !!
[16.859s]   opt = self._enforce_underscore(opt, section)
[17.012s] /usr/local/lib/python3.10/dist-packages/setuptools/_distutils/dist.py:289: UserWarning: Unknown distribution option: 'tests_require'
[17.013s]   warnings.warn(msg)
[17.419s] /usr/local/lib/python3.10/dist-packages/setuptools/dist.py:599: SetuptoolsDeprecationWarning: Invalid dash-separated key 'script-dir' in 'develop' (setup.cfg), please use the underscore name 'script_dir' instead.
[17.420s] !!
[17.421s] 
[17.421s]         ********************************************************************************
[17.422s]         Usage of dash-separated 'script-dir' will not be supported in future
[17.423s]         versions. Please use the underscore name 'script_dir' instead.
[17.423s]         (Affected: robot_vision).
[17.424s] 
[17.425s]         This deprecation is overdue, please update your project and remove deprecated
[17.425s]         calls to avoid build errors in the future.
[17.426s] 
[17.427s]         See https://setuptools.pypa.io/en/latest/userguide/declarative_config.html for details.
[17.427s]         ********************************************************************************
[17.428s] 
[17.434s] !!
[17.435s]   opt = self._enforce_underscore(opt, section)
[18.172s] running egg_info
[18.415s] writing ../../../build/robot_vision/robot_vision.egg-info/PKG-INFO
[18.422s] writing dependency_links to ../../../build/robot_vision/robot_vision.egg-info/dependency_links.txt
[18.427s] writing entry points to ../../../build/robot_vision/robot_vision.egg-info/entry_points.txt
[18.431s] writing requirements to ../../../build/robot_vision/robot_vision.egg-info/requires.txt
[18.435s] writing top-level names to ../../../build/robot_vision/robot_vision.egg-info/top_level.txt
[18.858s] reading manifest file '../../../build/robot_vision/robot_vision.egg-info/SOURCES.txt'
[18.919s] writing manifest file '../../../build/robot_vision/robot_vision.egg-info/SOURCES.txt'
[18.920s] running build
[18.921s] running build_py
[18.921s] copying robot_vision/vision_node.py -> /home/sunrise/Rosmaster/build/robot_vision/build/lib/robot_vision
[18.922s] copying robot_vision/__init__.py -> /home/sunrise/Rosmaster/build/robot_vision/build/lib/robot_vision
[18.923s] copying robot_vision/finalest-inference.py -> /home/sunrise/Rosmaster/build/robot_vision/build/lib/robot_vision
[18.934s] running install
[18.979s] running install_lib
[19.183s] running install_data
[19.193s] copying resource/robot_vision -> /home/sunrise/Rosmaster/install/robot_vision/share/ament_index/resource_index/packages
[19.194s] copying package.xml -> /home/sunrise/Rosmaster/install/robot_vision/share/robot_vision
[19.195s] copying dataset_left/2-3.png -> /home/sunrise/Rosmaster/install/robot_vision/share/robot_vision/dataset_left
[19.196s] copying dataset_left/3-5.png -> /home/sunrise/Rosmaster/install/robot_vision/share/robot_vision/dataset_left
[19.196s] copying dataset_left/1-5.png -> /home/sunrise/Rosmaster/install/robot_vision/share/robot_vision/dataset_left
[19.199s] copying dataset_left/4-4.png -> /home/sunrise/Rosmaster/install/robot_vision/share/robot_vision/dataset_left
[19.202s] copying dataset_left/3-1.png -> /home/sunrise/Rosmaster/install/robot_vision/share/robot_vision/dataset_left
[19.205s] copying dataset_left/4-2.png -> /home/sunrise/Rosmaster/install/robot_vision/share/robot_vision/dataset_left
[19.208s] copying dataset_left/4-3.png -> /home/sunrise/Rosmaster/install/robot_vision/share/robot_vision/dataset_left
[19.210s] copying dataset_left/1-2.png -> /home/sunrise/Rosmaster/install/robot_vision/share/robot_vision/dataset_left
[19.213s] copying dataset_left/3-2.png -> /home/sunrise/Rosmaster/install/robot_vision/share/robot_vision/dataset_left
[19.215s] copying dataset_left/2-4.png -> /home/sunrise/Rosmaster/install/robot_vision/share/robot_vision/dataset_left
[19.217s] copying dataset_left/5-3.png -> /home/sunrise/Rosmaster/install/robot_vision/share/robot_vision/dataset_left
[19.220s] copying dataset_left/2-1.png -> /home/sunrise/Rosmaster/install/robot_vision/share/robot_vision/dataset_left
[19.222s] copying dataset_left/5-1.png -> /home/sunrise/Rosmaster/install/robot_vision/share/robot_vision/dataset_left
[19.225s] copying dataset_left/4-1.png -> /home/sunrise/Rosmaster/install/robot_vision/share/robot_vision/dataset_left
[19.233s] copying dataset_left/1-4.png -> /home/sunrise/Rosmaster/install/robot_vision/share/robot_vision/dataset_left
[19.234s] copying dataset_left/5-2.png -> /home/sunrise/Rosmaster/install/robot_vision/share/robot_vision/dataset_left
[19.235s] copying dataset_left/4-5.png -> /home/sunrise/Rosmaster/install/robot_vision/share/robot_vision/dataset_left
[19.236s] copying dataset_left/2-5.png -> /home/sunrise/Rosmaster/install/robot_vision/share/robot_vision/dataset_left
[19.240s] copying dataset_left/2-2.png -> /home/sunrise/Rosmaster/install/robot_vision/share/robot_vision/dataset_left
[19.241s] copying dataset_left/3-3.png -> /home/sunrise/Rosmaster/install/robot_vision/share/robot_vision/dataset_left
[19.243s] copying dataset_left/1-3.png -> /home/sunrise/Rosmaster/install/robot_vision/share/robot_vision/dataset_left
[19.250s] copying dataset_left/5-4.png -> /home/sunrise/Rosmaster/install/robot_vision/share/robot_vision/dataset_left
[19.256s] copying dataset_left/1-1.png -> /home/sunrise/Rosmaster/install/robot_vision/share/robot_vision/dataset_left
[19.283s] copying dataset_left/3-4.png -> /home/sunrise/Rosmaster/install/robot_vision/share/robot_vision/dataset_left
[19.284s] copying dataset_right/2-3.png -> /home/sunrise/Rosmaster/install/robot_vision/share/robot_vision/dataset_right
[19.286s] copying dataset_right/3-5.png -> /home/sunrise/Rosmaster/install/robot_vision/share/robot_vision/dataset_right
[19.287s] copying dataset_right/1-5.png -> /home/sunrise/Rosmaster/install/robot_vision/share/robot_vision/dataset_right
[19.289s] copying dataset_right/4-4.png -> /home/sunrise/Rosmaster/install/robot_vision/share/robot_vision/dataset_right
[19.291s] copying dataset_right/5-5.png -> /home/sunrise/Rosmaster/install/robot_vision/share/robot_vision/dataset_right
[19.293s] copying dataset_right/3-1.png -> /home/sunrise/Rosmaster/install/robot_vision/share/robot_vision/dataset_right
[19.294s] copying dataset_right/4-2.png -> /home/sunrise/Rosmaster/install/robot_vision/share/robot_vision/dataset_right
[19.297s] copying dataset_right/4-3.png -> /home/sunrise/Rosmaster/install/robot_vision/share/robot_vision/dataset_right
[19.298s] copying dataset_right/1-2.png -> /home/sunrise/Rosmaster/install/robot_vision/share/robot_vision/dataset_right
[19.310s] copying dataset_right/3-2.png -> /home/sunrise/Rosmaster/install/robot_vision/share/robot_vision/dataset_right
[19.310s] copying dataset_right/2-4.png -> /home/sunrise/Rosmaster/install/robot_vision/share/robot_vision/dataset_right
[19.311s] copying dataset_right/5-3.png -> /home/sunrise/Rosmaster/install/robot_vision/share/robot_vision/dataset_right
[19.312s] copying dataset_right/2-1.png -> /home/sunrise/Rosmaster/install/robot_vision/share/robot_vision/dataset_right
[19.313s] copying dataset_right/5-1.png -> /home/sunrise/Rosmaster/install/robot_vision/share/robot_vision/dataset_right
[19.314s] copying dataset_right/4-1.png -> /home/sunrise/Rosmaster/install/robot_vision/share/robot_vision/dataset_right
[19.315s] copying dataset_right/1-4.png -> /home/sunrise/Rosmaster/install/robot_vision/share/robot_vision/dataset_right
[19.316s] copying dataset_right/5-2.png -> /home/sunrise/Rosmaster/install/robot_vision/share/robot_vision/dataset_right
[19.317s] copying dataset_right/4-5.png -> /home/sunrise/Rosmaster/install/robot_vision/share/robot_vision/dataset_right
[19.317s] copying dataset_right/2-5.png -> /home/sunrise/Rosmaster/install/robot_vision/share/robot_vision/dataset_right
[19.318s] copying dataset_right/2-2.png -> /home/sunrise/Rosmaster/install/robot_vision/share/robot_vision/dataset_right
[19.319s] copying dataset_right/3-3.png -> /home/sunrise/Rosmaster/install/robot_vision/share/robot_vision/dataset_right
[19.320s] copying dataset_right/1-3.png -> /home/sunrise/Rosmaster/install/robot_vision/share/robot_vision/dataset_right
[19.329s] copying dataset_right/5-4.png -> /home/sunrise/Rosmaster/install/robot_vision/share/robot_vision/dataset_right
[19.330s] copying dataset_right/1-1.png -> /home/sunrise/Rosmaster/install/robot_vision/share/robot_vision/dataset_right
[19.331s] copying dataset_right/3-4.png -> /home/sunrise/Rosmaster/install/robot_vision/share/robot_vision/dataset_right
[19.336s] copying config/right_camera_params.json -> /home/sunrise/Rosmaster/install/robot_vision/share/robot_vision/config
[19.336s] copying config/visison_params.yaml -> /home/sunrise/Rosmaster/install/robot_vision/share/robot_vision/config
[19.346s] copying config/left_camera_params.json -> /home/sunrise/Rosmaster/install/robot_vision/share/robot_vision/config
[19.346s] running install_egg_info
[19.543s] removing '/home/sunrise/Rosmaster/install/robot_vision/lib/python3.10/site-packages/robot_vision-1.0.0-py3.10.egg-info' (and everything under it)
[19.544s] Copying ../../../build/robot_vision/robot_vision.egg-info to /home/sunrise/Rosmaster/install/robot_vision/lib/python3.10/site-packages/robot_vision-1.0.0-py3.10.egg-info
[19.555s] running install_scripts
[19.926s] Installing vision_node script to /home/sunrise/Rosmaster/install/robot_vision/lib/robot_vision
[19.929s] writing list of installed files to '/home/sunrise/Rosmaster/build/robot_vision/install.log'
[20.251s] Invoked command in '/home/sunrise/Rosmaster/src/ROS2/robot_vision' returned '0': PYTHONPATH=/home/sunrise/Rosmaster/build/robot_vision/prefix_override:/usr/lib/python3/dist-packages/colcon_core/task/python/colcon_distutils_commands:/home/sunrise/Rosmaster/install/robot_vision/lib/python3.10/site-packages:${PYTHONPATH} /usr/bin/python3 -W ignore:setup.py install is deprecated -W ignore:easy_install command is deprecated setup.py egg_info --egg-base ../../../build/robot_vision build --build-base /home/sunrise/Rosmaster/build/robot_vision/build install --record /home/sunrise/Rosmaster/build/robot_vision/install.log --install-scripts $base/lib/robot_vision --single-version-externally-managed install_data
