/home/sunrise/Rosmaster/install/robot_vision/lib/python3.10/site-packages/robot_vision/vision_node.py
/home/sunrise/Rosmaster/install/robot_vision/lib/python3.10/site-packages/robot_vision/__init__.py
/home/sunrise/Rosmaster/install/robot_vision/lib/python3.10/site-packages/robot_vision/finalest-inference.py
/home/sunrise/Rosmaster/install/robot_vision/lib/python3.10/site-packages/robot_vision/__pycache__/vision_node.cpython-310.pyc
/home/sunrise/Rosmaster/install/robot_vision/lib/python3.10/site-packages/robot_vision/__pycache__/__init__.cpython-310.pyc
/home/sunrise/Rosmaster/install/robot_vision/lib/python3.10/site-packages/robot_vision/__pycache__/finalest-inference.cpython-310.pyc
/home/sunrise/Rosmaster/install/robot_vision/share/ament_index/resource_index/packages/robot_vision
/home/sunrise/Rosmaster/install/robot_vision/share/robot_vision/package.xml
/home/sunrise/Rosmaster/install/robot_vision/share/robot_vision/dataset_left/2-3.png
/home/sunrise/Rosmaster/install/robot_vision/share/robot_vision/dataset_left/3-5.png
/home/sunrise/Rosmaster/install/robot_vision/share/robot_vision/dataset_left/1-5.png
/home/sunrise/Rosmaster/install/robot_vision/share/robot_vision/dataset_left/4-4.png
/home/sunrise/Rosmaster/install/robot_vision/share/robot_vision/dataset_left/3-1.png
/home/sunrise/Rosmaster/install/robot_vision/share/robot_vision/dataset_left/4-2.png
/home/sunrise/Rosmaster/install/robot_vision/share/robot_vision/dataset_left/4-3.png
/home/sunrise/Rosmaster/install/robot_vision/share/robot_vision/dataset_left/1-2.png
/home/sunrise/Rosmaster/install/robot_vision/share/robot_vision/dataset_left/3-2.png
/home/sunrise/Rosmaster/install/robot_vision/share/robot_vision/dataset_left/2-4.png
/home/sunrise/Rosmaster/install/robot_vision/share/robot_vision/dataset_left/5-3.png
/home/sunrise/Rosmaster/install/robot_vision/share/robot_vision/dataset_left/2-1.png
/home/sunrise/Rosmaster/install/robot_vision/share/robot_vision/dataset_left/5-1.png
/home/sunrise/Rosmaster/install/robot_vision/share/robot_vision/dataset_left/4-1.png
/home/sunrise/Rosmaster/install/robot_vision/share/robot_vision/dataset_left/1-4.png
/home/sunrise/Rosmaster/install/robot_vision/share/robot_vision/dataset_left/5-2.png
/home/sunrise/Rosmaster/install/robot_vision/share/robot_vision/dataset_left/4-5.png
/home/sunrise/Rosmaster/install/robot_vision/share/robot_vision/dataset_left/2-5.png
/home/sunrise/Rosmaster/install/robot_vision/share/robot_vision/dataset_left/2-2.png
/home/sunrise/Rosmaster/install/robot_vision/share/robot_vision/dataset_left/3-3.png
/home/sunrise/Rosmaster/install/robot_vision/share/robot_vision/dataset_left/1-3.png
/home/sunrise/Rosmaster/install/robot_vision/share/robot_vision/dataset_left/5-4.png
/home/sunrise/Rosmaster/install/robot_vision/share/robot_vision/dataset_left/1-1.png
/home/sunrise/Rosmaster/install/robot_vision/share/robot_vision/dataset_left/3-4.png
/home/sunrise/Rosmaster/install/robot_vision/share/robot_vision/dataset_right/2-3.png
/home/sunrise/Rosmaster/install/robot_vision/share/robot_vision/dataset_right/3-5.png
/home/sunrise/Rosmaster/install/robot_vision/share/robot_vision/dataset_right/1-5.png
/home/sunrise/Rosmaster/install/robot_vision/share/robot_vision/dataset_right/4-4.png
/home/sunrise/Rosmaster/install/robot_vision/share/robot_vision/dataset_right/5-5.png
/home/sunrise/Rosmaster/install/robot_vision/share/robot_vision/dataset_right/3-1.png
/home/sunrise/Rosmaster/install/robot_vision/share/robot_vision/dataset_right/4-2.png
/home/sunrise/Rosmaster/install/robot_vision/share/robot_vision/dataset_right/4-3.png
/home/sunrise/Rosmaster/install/robot_vision/share/robot_vision/dataset_right/1-2.png
/home/sunrise/Rosmaster/install/robot_vision/share/robot_vision/dataset_right/3-2.png
/home/sunrise/Rosmaster/install/robot_vision/share/robot_vision/dataset_right/2-4.png
/home/sunrise/Rosmaster/install/robot_vision/share/robot_vision/dataset_right/5-3.png
/home/sunrise/Rosmaster/install/robot_vision/share/robot_vision/dataset_right/2-1.png
/home/sunrise/Rosmaster/install/robot_vision/share/robot_vision/dataset_right/5-1.png
/home/sunrise/Rosmaster/install/robot_vision/share/robot_vision/dataset_right/4-1.png
/home/sunrise/Rosmaster/install/robot_vision/share/robot_vision/dataset_right/1-4.png
/home/sunrise/Rosmaster/install/robot_vision/share/robot_vision/dataset_right/5-2.png
/home/sunrise/Rosmaster/install/robot_vision/share/robot_vision/dataset_right/4-5.png
/home/sunrise/Rosmaster/install/robot_vision/share/robot_vision/dataset_right/2-5.png
/home/sunrise/Rosmaster/install/robot_vision/share/robot_vision/dataset_right/2-2.png
/home/sunrise/Rosmaster/install/robot_vision/share/robot_vision/dataset_right/3-3.png
/home/sunrise/Rosmaster/install/robot_vision/share/robot_vision/dataset_right/1-3.png
/home/sunrise/Rosmaster/install/robot_vision/share/robot_vision/dataset_right/5-4.png
/home/sunrise/Rosmaster/install/robot_vision/share/robot_vision/dataset_right/1-1.png
/home/sunrise/Rosmaster/install/robot_vision/share/robot_vision/dataset_right/3-4.png
/home/sunrise/Rosmaster/install/robot_vision/share/robot_vision/config/right_camera_params.json
/home/sunrise/Rosmaster/install/robot_vision/share/robot_vision/config/visison_params.yaml
/home/sunrise/Rosmaster/install/robot_vision/share/robot_vision/config/left_camera_params.json
/home/sunrise/Rosmaster/install/robot_vision/lib/python3.10/site-packages/robot_vision-1.0.0-py3.10.egg-info/zip-safe
/home/sunrise/Rosmaster/install/robot_vision/lib/python3.10/site-packages/robot_vision-1.0.0-py3.10.egg-info/entry_points.txt
/home/sunrise/Rosmaster/install/robot_vision/lib/python3.10/site-packages/robot_vision-1.0.0-py3.10.egg-info/requires.txt
/home/sunrise/Rosmaster/install/robot_vision/lib/python3.10/site-packages/robot_vision-1.0.0-py3.10.egg-info/dependency_links.txt
/home/sunrise/Rosmaster/install/robot_vision/lib/python3.10/site-packages/robot_vision-1.0.0-py3.10.egg-info/PKG-INFO
/home/sunrise/Rosmaster/install/robot_vision/lib/python3.10/site-packages/robot_vision-1.0.0-py3.10.egg-info/SOURCES.txt
/home/sunrise/Rosmaster/install/robot_vision/lib/python3.10/site-packages/robot_vision-1.0.0-py3.10.egg-info/top_level.txt
/home/sunrise/Rosmaster/install/robot_vision/lib/robot_vision/vision_node
