[14.049s] Invoking command in '/home/sunrise/Rosmaster/src/ROS2/robot_protocol': PYTHONPATH=/home/sunrise/Rosmaster/build/robot_protocol/prefix_override:/usr/lib/python3/dist-packages/colcon_core/task/python/colcon_distutils_commands:/home/sunrise/Rosmaster/install/robot_protocol/lib/python3.10/site-packages:${PYTHONPATH} /usr/bin/python3 -W ignore:setup.py install is deprecated -W ignore:easy_install command is deprecated setup.py egg_info --egg-base ../../../build/robot_protocol build --build-base /home/sunrise/Rosmaster/build/robot_protocol/build install --record /home/sunrise/Rosmaster/build/robot_protocol/install.log --install-scripts $base/lib/robot_protocol --single-version-externally-managed install_data
[15.174s] /usr/local/lib/python3.10/dist-packages/setuptools/dist.py:599: SetuptoolsDeprecationWarning: Invalid dash-separated key 'script-dir' in 'develop' (setup.cfg), please use the underscore name 'script_dir' instead.
[15.175s] !!
[15.176s] 
[15.176s]         ********************************************************************************
[15.177s]         Usage of dash-separated 'script-dir' will not be supported in future
[15.178s]         versions. Please use the underscore name 'script_dir' instead.
[15.178s] 
[15.179s]         This deprecation is overdue, please update your project and remove deprecated
[15.180s]         calls to avoid build errors in the future.
[15.180s] 
[15.181s]         See https://setuptools.pypa.io/en/latest/userguide/declarative_config.html for details.
[15.182s]         ********************************************************************************
[15.182s] 
[15.183s] !!
[15.184s]   opt = self._enforce_underscore(opt, section)
[15.371s] /usr/local/lib/python3.10/dist-packages/setuptools/_distutils/dist.py:289: UserWarning: Unknown distribution option: 'tests_require'
[15.373s]   warnings.warn(msg)
[15.687s] /usr/local/lib/python3.10/dist-packages/setuptools/dist.py:599: SetuptoolsDeprecationWarning: Invalid dash-separated key 'script-dir' in 'develop' (setup.cfg), please use the underscore name 'script_dir' instead.
[15.688s] !!
[15.689s] 
[15.690s]         ********************************************************************************
[15.690s]         Usage of dash-separated 'script-dir' will not be supported in future
[15.691s]         versions. Please use the underscore name 'script_dir' instead.
[15.692s]         (Affected: robot_protocol).
[15.692s] 
[15.693s]         This deprecation is overdue, please update your project and remove deprecated
[15.694s]         calls to avoid build errors in the future.
[15.694s] 
[15.697s]         See https://setuptools.pypa.io/en/latest/userguide/declarative_config.html for details.
[15.698s]         ********************************************************************************
[15.699s] 
[15.700s] !!
[15.700s]   opt = self._enforce_underscore(opt, section)
[16.291s] running egg_info
[16.444s] writing ../../../build/robot_protocol/robot_protocol.egg-info/PKG-INFO
[16.448s] writing dependency_links to ../../../build/robot_protocol/robot_protocol.egg-info/dependency_links.txt
[16.451s] writing entry points to ../../../build/robot_protocol/robot_protocol.egg-info/entry_points.txt
[16.455s] writing requirements to ../../../build/robot_protocol/robot_protocol.egg-info/requires.txt
[16.457s] writing top-level names to ../../../build/robot_protocol/robot_protocol.egg-info/top_level.txt
[16.764s] reading manifest file '../../../build/robot_protocol/robot_protocol.egg-info/SOURCES.txt'
[16.771s] writing manifest file '../../../build/robot_protocol/robot_protocol.egg-info/SOURCES.txt'
[16.772s] running build
[16.773s] running build_py
[16.774s] copying robot_protocol/protocol_pack_node.py -> /home/sunrise/Rosmaster/build/robot_protocol/build/lib/robot_protocol
[16.776s] copying robot_protocol/protocol_node.py -> /home/sunrise/Rosmaster/build/robot_protocol/build/lib/robot_protocol
[16.779s] copying robot_protocol/__init__.py -> /home/sunrise/Rosmaster/build/robot_protocol/build/lib/robot_protocol
[16.783s] running install
[16.818s] running install_lib
[16.944s] running install_data
[16.947s] copying resource/robot_protocol -> /home/sunrise/Rosmaster/install/robot_protocol/share/ament_index/resource_index/packages
[16.949s] copying package.xml -> /home/sunrise/Rosmaster/install/robot_protocol/share/robot_protocol
[16.951s] running install_egg_info
[17.125s] removing '/home/sunrise/Rosmaster/install/robot_protocol/lib/python3.10/site-packages/robot_protocol-1.0.0-py3.10.egg-info' (and everything under it)
[17.134s] Copying ../../../build/robot_protocol/robot_protocol.egg-info to /home/sunrise/Rosmaster/install/robot_protocol/lib/python3.10/site-packages/robot_protocol-1.0.0-py3.10.egg-info
[17.140s] running install_scripts
[17.512s] Installing protocol_node script to /home/sunrise/Rosmaster/install/robot_protocol/lib/robot_protocol
[17.516s] Installing protocol_pack_node script to /home/sunrise/Rosmaster/install/robot_protocol/lib/robot_protocol
[17.517s] writing list of installed files to '/home/sunrise/Rosmaster/build/robot_protocol/install.log'
[17.887s] Invoked command in '/home/sunrise/Rosmaster/src/ROS2/robot_protocol' returned '0': PYTHONPATH=/home/sunrise/Rosmaster/build/robot_protocol/prefix_override:/usr/lib/python3/dist-packages/colcon_core/task/python/colcon_distutils_commands:/home/sunrise/Rosmaster/install/robot_protocol/lib/python3.10/site-packages:${PYTHONPATH} /usr/bin/python3 -W ignore:setup.py install is deprecated -W ignore:easy_install command is deprecated setup.py egg_info --egg-base ../../../build/robot_protocol build --build-base /home/sunrise/Rosmaster/build/robot_protocol/build install --record /home/sunrise/Rosmaster/build/robot_protocol/install.log --install-scripts $base/lib/robot_protocol --single-version-externally-managed install_data
