running egg_info
creating ../../../build/robot_link/robot_link.egg-info
writing ../../../build/robot_link/robot_link.egg-info/PKG-INFO
writing dependency_links to ../../../build/robot_link/robot_link.egg-info/dependency_links.txt
writing entry points to ../../../build/robot_link/robot_link.egg-info/entry_points.txt
writing requirements to ../../../build/robot_link/robot_link.egg-info/requires.txt
writing top-level names to ../../../build/robot_link/robot_link.egg-info/top_level.txt
writing manifest file '../../../build/robot_link/robot_link.egg-info/SOURCES.txt'
reading manifest file '../../../build/robot_link/robot_link.egg-info/SOURCES.txt'
writing manifest file '../../../build/robot_link/robot_link.egg-info/SOURCES.txt'
running build
running build_py
creating /home/sunrise/Rosmaster/build/robot_link/build/lib/robot_link
copying robot_link/serial_node.py -> /home/sunrise/Rosmaster/build/robot_link/build/lib/robot_link
copying robot_link/tcp_server_node.py -> /home/sunrise/Rosmaster/build/robot_link/build/lib/robot_link
copying robot_link/hotspot_node.py -> /home/sunrise/Rosmaster/build/robot_link/build/lib/robot_link
copying robot_link/__init__.py -> /home/sunrise/Rosmaster/build/robot_link/build/lib/robot_link
running install
running install_lib
creating /home/sunrise/Rosmaster/install/robot_link/lib/python3.10/site-packages/robot_link
copying /home/sunrise/Rosmaster/build/robot_link/build/lib/robot_link/serial_node.py -> /home/sunrise/Rosmaster/install/robot_link/lib/python3.10/site-packages/robot_link
copying /home/sunrise/Rosmaster/build/robot_link/build/lib/robot_link/tcp_server_node.py -> /home/sunrise/Rosmaster/install/robot_link/lib/python3.10/site-packages/robot_link
copying /home/sunrise/Rosmaster/build/robot_link/build/lib/robot_link/hotspot_node.py -> /home/sunrise/Rosmaster/install/robot_link/lib/python3.10/site-packages/robot_link
copying /home/sunrise/Rosmaster/build/robot_link/build/lib/robot_link/__init__.py -> /home/sunrise/Rosmaster/install/robot_link/lib/python3.10/site-packages/robot_link
byte-compiling /home/sunrise/Rosmaster/install/robot_link/lib/python3.10/site-packages/robot_link/serial_node.py to serial_node.cpython-310.pyc
byte-compiling /home/sunrise/Rosmaster/install/robot_link/lib/python3.10/site-packages/robot_link/tcp_server_node.py to tcp_server_node.cpython-310.pyc
byte-compiling /home/sunrise/Rosmaster/install/robot_link/lib/python3.10/site-packages/robot_link/hotspot_node.py to hotspot_node.cpython-310.pyc
byte-compiling /home/sunrise/Rosmaster/install/robot_link/lib/python3.10/site-packages/robot_link/__init__.py to __init__.cpython-310.pyc
running install_data
creating /home/sunrise/Rosmaster/install/robot_link/share/ament_index/resource_index/packages
copying resource/robot_link -> /home/sunrise/Rosmaster/install/robot_link/share/ament_index/resource_index/packages
copying package.xml -> /home/sunrise/Rosmaster/install/robot_link/share/robot_link
running install_egg_info
Copying ../../../build/robot_link/robot_link.egg-info to /home/sunrise/Rosmaster/install/robot_link/lib/python3.10/site-packages/robot_link-1.0.0-py3.10.egg-info
running install_scripts
Installing hotspot_node script to /home/sunrise/Rosmaster/install/robot_link/lib/robot_link
Installing serial_node script to /home/sunrise/Rosmaster/install/robot_link/lib/robot_link
Installing tcp_server_node script to /home/sunrise/Rosmaster/install/robot_link/lib/robot_link
writing list of installed files to '/home/sunrise/Rosmaster/build/robot_link/install.log'
