[13.838s] Invoking command in '/home/sunrise/Rosmaster/src/ROS2/robot_brain': PYTHONPATH=/home/sunrise/Rosmaster/build/robot_brain/prefix_override:/usr/lib/python3/dist-packages/colcon_core/task/python/colcon_distutils_commands:/home/sunrise/Rosmaster/install/robot_brain/lib/python3.10/site-packages:${PYTHONPATH} /usr/bin/python3 -W ignore:setup.py install is deprecated -W ignore:easy_install command is deprecated setup.py egg_info --egg-base ../../../build/robot_brain build --build-base /home/sunrise/Rosmaster/build/robot_brain/build install --record /home/sunrise/Rosmaster/build/robot_brain/install.log --install-scripts $base/lib/robot_brain --single-version-externally-managed install_data
[15.034s] /usr/local/lib/python3.10/dist-packages/setuptools/dist.py:599: SetuptoolsDeprecationWarning: Invalid dash-separated key 'script-dir' in 'develop' (setup.cfg), please use the underscore name 'script_dir' instead.
[15.035s] !!
[15.036s] 
[15.037s]         ********************************************************************************
[15.038s]         Usage of dash-separated 'script-dir' will not be supported in future
[15.038s]         versions. Please use the underscore name 'script_dir' instead.
[15.039s] 
[15.040s]         This deprecation is overdue, please update your project and remove deprecated
[15.040s]         calls to avoid build errors in the future.
[15.041s] 
[15.042s]         See https://setuptools.pypa.io/en/latest/userguide/declarative_config.html for details.
[15.042s]         ********************************************************************************
[15.043s] 
[15.044s] !!
[15.045s]   opt = self._enforce_underscore(opt, section)
[15.198s] /usr/local/lib/python3.10/dist-packages/setuptools/_distutils/dist.py:289: UserWarning: Unknown distribution option: 'tests_require'
[15.199s]   warnings.warn(msg)
[15.522s] /usr/local/lib/python3.10/dist-packages/setuptools/dist.py:599: SetuptoolsDeprecationWarning: Invalid dash-separated key 'script-dir' in 'develop' (setup.cfg), please use the underscore name 'script_dir' instead.
[15.522s] !!
[15.523s] 
[15.524s]         ********************************************************************************
[15.525s]         Usage of dash-separated 'script-dir' will not be supported in future
[15.527s]         versions. Please use the underscore name 'script_dir' instead.
[15.528s]         (Affected: robot_brain).
[15.529s] 
[15.530s]         This deprecation is overdue, please update your project and remove deprecated
[15.531s]         calls to avoid build errors in the future.
[15.531s] 
[15.532s]         See https://setuptools.pypa.io/en/latest/userguide/declarative_config.html for details.
[15.533s]         ********************************************************************************
[15.533s] 
[15.534s] !!
[15.540s]   opt = self._enforce_underscore(opt, section)
[16.069s] running egg_info
[16.203s] writing ../../../build/robot_brain/robot_brain.egg-info/PKG-INFO
[16.209s] writing dependency_links to ../../../build/robot_brain/robot_brain.egg-info/dependency_links.txt
[16.213s] writing entry points to ../../../build/robot_brain/robot_brain.egg-info/entry_points.txt
[16.218s] writing requirements to ../../../build/robot_brain/robot_brain.egg-info/requires.txt
[16.222s] writing top-level names to ../../../build/robot_brain/robot_brain.egg-info/top_level.txt
[16.525s] reading manifest file '../../../build/robot_brain/robot_brain.egg-info/SOURCES.txt'
[16.542s] writing manifest file '../../../build/robot_brain/robot_brain.egg-info/SOURCES.txt'
[16.544s] running build
[16.545s] running build_py
[16.557s] copying robot_brain/brain_node.py -> /home/sunrise/Rosmaster/build/robot_brain/build/lib/robot_brain
[16.558s] copying robot_brain/__init__.py -> /home/sunrise/Rosmaster/build/robot_brain/build/lib/robot_brain
[16.560s] running install
[16.588s] running install_lib
[16.770s] running install_data
[16.773s] copying resource/robot_brain -> /home/sunrise/Rosmaster/install/robot_brain/share/ament_index/resource_index/packages
[16.776s] copying package.xml -> /home/sunrise/Rosmaster/install/robot_brain/share/robot_brain
[16.779s] copying config/position.yaml -> /home/sunrise/Rosmaster/install/robot_brain/share/robot_brain/config
[16.780s] running install_egg_info
[16.959s] removing '/home/sunrise/Rosmaster/install/robot_brain/lib/python3.10/site-packages/robot_brain-1.0.0-py3.10.egg-info' (and everything under it)
[16.962s] Copying ../../../build/robot_brain/robot_brain.egg-info to /home/sunrise/Rosmaster/install/robot_brain/lib/python3.10/site-packages/robot_brain-1.0.0-py3.10.egg-info
[16.976s] running install_scripts
[17.444s] Installing brain_node script to /home/sunrise/Rosmaster/install/robot_brain/lib/robot_brain
[17.447s] writing list of installed files to '/home/sunrise/Rosmaster/build/robot_brain/install.log'
[17.792s] Invoked command in '/home/sunrise/Rosmaster/src/ROS2/robot_brain' returned '0': PYTHONPATH=/home/sunrise/Rosmaster/build/robot_brain/prefix_override:/usr/lib/python3/dist-packages/colcon_core/task/python/colcon_distutils_commands:/home/sunrise/Rosmaster/install/robot_brain/lib/python3.10/site-packages:${PYTHONPATH} /usr/bin/python3 -W ignore:setup.py install is deprecated -W ignore:easy_install command is deprecated setup.py egg_info --egg-base ../../../build/robot_brain build --build-base /home/sunrise/Rosmaster/build/robot_brain/build install --record /home/sunrise/Rosmaster/build/robot_brain/install.log --install-scripts $base/lib/robot_brain --single-version-externally-managed install_data
