[15.016s] Invoking command in '/home/sunrise/Rosmaster/src/ROS2/robot_link': PYTHONPATH=/home/sunrise/Rosmaster/build/robot_link/prefix_override:/usr/lib/python3/dist-packages/colcon_core/task/python/colcon_distutils_commands:/home/sunrise/Rosmaster/install/robot_link/lib/python3.10/site-packages:${PYTHONPATH} /usr/bin/python3 -W ignore:setup.py install is deprecated -W ignore:easy_install command is deprecated setup.py egg_info --egg-base ../../../build/robot_link build --build-base /home/sunrise/Rosmaster/build/robot_link/build install --record /home/sunrise/Rosmaster/build/robot_link/install.log --install-scripts $base/lib/robot_link --single-version-externally-managed install_data
[16.559s] /usr/local/lib/python3.10/dist-packages/setuptools/dist.py:599: SetuptoolsDeprecationWarning: Invalid dash-separated key 'script-dir' in 'develop' (setup.cfg), please use the underscore name 'script_dir' instead.
[16.560s] !!
[16.561s] 
[16.562s]         ********************************************************************************
[16.562s]         Usage of dash-separated 'script-dir' will not be supported in future
[16.563s]         versions. Please use the underscore name 'script_dir' instead.
[16.564s] 
[16.564s]         This deprecation is overdue, please update your project and remove deprecated
[16.565s]         calls to avoid build errors in the future.
[16.566s] 
[16.566s]         See https://setuptools.pypa.io/en/latest/userguide/declarative_config.html for details.
[16.567s]         ********************************************************************************
[16.587s] 
[16.595s] !!
[16.597s]   opt = self._enforce_underscore(opt, section)
[16.728s] /usr/local/lib/python3.10/dist-packages/setuptools/_distutils/dist.py:289: UserWarning: Unknown distribution option: 'tests_require'
[16.729s]   warnings.warn(msg)
[17.138s] /usr/local/lib/python3.10/dist-packages/setuptools/dist.py:599: SetuptoolsDeprecationWarning: Invalid dash-separated key 'script-dir' in 'develop' (setup.cfg), please use the underscore name 'script_dir' instead.
[17.139s] !!
[17.139s] 
[17.140s]         ********************************************************************************
[17.141s]         Usage of dash-separated 'script-dir' will not be supported in future
[17.141s]         versions. Please use the underscore name 'script_dir' instead.
[17.142s]         (Affected: robot_link).
[17.143s] 
[17.143s]         This deprecation is overdue, please update your project and remove deprecated
[17.144s]         calls to avoid build errors in the future.
[17.145s] 
[17.145s]         See https://setuptools.pypa.io/en/latest/userguide/declarative_config.html for details.
[17.146s]         ********************************************************************************
[17.147s] 
[17.147s] !!
[17.158s]   opt = self._enforce_underscore(opt, section)
[17.789s] running egg_info
[17.929s] writing ../../../build/robot_link/robot_link.egg-info/PKG-INFO
[17.930s] writing dependency_links to ../../../build/robot_link/robot_link.egg-info/dependency_links.txt
[17.931s] writing entry points to ../../../build/robot_link/robot_link.egg-info/entry_points.txt
[17.932s] writing requirements to ../../../build/robot_link/robot_link.egg-info/requires.txt
[17.934s] writing top-level names to ../../../build/robot_link/robot_link.egg-info/top_level.txt
[18.335s] reading manifest file '../../../build/robot_link/robot_link.egg-info/SOURCES.txt'
[18.345s] writing manifest file '../../../build/robot_link/robot_link.egg-info/SOURCES.txt'
[18.346s] running build
[18.347s] running build_py
[18.356s] copying robot_link/serial_node.py -> /home/sunrise/Rosmaster/build/robot_link/build/lib/robot_link
[18.357s] copying robot_link/tcp_server_node.py -> /home/sunrise/Rosmaster/build/robot_link/build/lib/robot_link
[18.359s] copying robot_link/hotspot_node.py -> /home/sunrise/Rosmaster/build/robot_link/build/lib/robot_link
[18.359s] copying robot_link/__init__.py -> /home/sunrise/Rosmaster/build/robot_link/build/lib/robot_link
[18.360s] running install
[18.393s] running install_lib
[18.546s] copying /home/sunrise/Rosmaster/build/robot_link/build/lib/robot_link/tcp_server_node.py -> /home/sunrise/Rosmaster/install/robot_link/lib/python3.10/site-packages/robot_link
[18.547s] copying /home/sunrise/Rosmaster/build/robot_link/build/lib/robot_link/hotspot_node.py -> /home/sunrise/Rosmaster/install/robot_link/lib/python3.10/site-packages/robot_link
[18.559s] byte-compiling /home/sunrise/Rosmaster/install/robot_link/lib/python3.10/site-packages/robot_link/tcp_server_node.py to tcp_server_node.cpython-310.pyc
[18.573s] byte-compiling /home/sunrise/Rosmaster/install/robot_link/lib/python3.10/site-packages/robot_link/hotspot_node.py to hotspot_node.cpython-310.pyc
[18.587s] running install_data
[18.589s] copying resource/robot_link -> /home/sunrise/Rosmaster/install/robot_link/share/ament_index/resource_index/packages
[18.591s] copying package.xml -> /home/sunrise/Rosmaster/install/robot_link/share/robot_link
[18.592s] running install_egg_info
[18.844s] removing '/home/sunrise/Rosmaster/install/robot_link/lib/python3.10/site-packages/robot_link-1.0.0-py3.10.egg-info' (and everything under it)
[18.848s] Copying ../../../build/robot_link/robot_link.egg-info to /home/sunrise/Rosmaster/install/robot_link/lib/python3.10/site-packages/robot_link-1.0.0-py3.10.egg-info
[18.869s] running install_scripts
[19.304s] Installing hotspot_node script to /home/sunrise/Rosmaster/install/robot_link/lib/robot_link
[19.320s] Installing serial_node script to /home/sunrise/Rosmaster/install/robot_link/lib/robot_link
[19.322s] Installing tcp_server_node script to /home/sunrise/Rosmaster/install/robot_link/lib/robot_link
[19.339s] writing list of installed files to '/home/sunrise/Rosmaster/build/robot_link/install.log'
[19.921s] Invoked command in '/home/sunrise/Rosmaster/src/ROS2/robot_link' returned '0': PYTHONPATH=/home/sunrise/Rosmaster/build/robot_link/prefix_override:/usr/lib/python3/dist-packages/colcon_core/task/python/colcon_distutils_commands:/home/sunrise/Rosmaster/install/robot_link/lib/python3.10/site-packages:${PYTHONPATH} /usr/bin/python3 -W ignore:setup.py install is deprecated -W ignore:easy_install command is deprecated setup.py egg_info --egg-base ../../../build/robot_link build --build-base /home/sunrise/Rosmaster/build/robot_link/build install --record /home/sunrise/Rosmaster/build/robot_link/install.log --install-scripts $base/lib/robot_link --single-version-externally-managed install_data
