[15.515s] Invoking command in '/home/sunrise/Rosmaster/src/ROS2/robot_control': PYTHONPATH=/home/sunrise/Rosmaster/build/robot_control/prefix_override:/usr/lib/python3/dist-packages/colcon_core/task/python/colcon_distutils_commands:/home/sunrise/Rosmaster/install/robot_control/lib/python3.10/site-packages:${PYTHONPATH} /usr/bin/python3 -W ignore:setup.py install is deprecated -W ignore:easy_install command is deprecated setup.py egg_info --egg-base ../../../build/robot_control build --build-base /home/sunrise/Rosmaster/build/robot_control/build install --record /home/sunrise/Rosmaster/build/robot_control/install.log --install-scripts $base/lib/robot_control --single-version-externally-managed install_data
[17.149s] /usr/local/lib/python3.10/dist-packages/setuptools/dist.py:599: SetuptoolsDeprecationWarning: Invalid dash-separated key 'script-dir' in 'develop' (setup.cfg), please use the underscore name 'script_dir' instead.
[17.150s] !!
[17.150s] 
[17.151s]         ********************************************************************************
[17.152s]         Usage of dash-separated 'script-dir' will not be supported in future
[17.153s]         versions. Please use the underscore name 'script_dir' instead.
[17.153s] 
[17.174s]         This deprecation is overdue, please update your project and remove deprecated
[17.176s]         calls to avoid build errors in the future.
[17.177s] 
[17.177s]         See https://setuptools.pypa.io/en/latest/userguide/declarative_config.html for details.
[17.178s]         ********************************************************************************
[17.179s] 
[17.179s] !!
[17.180s]   opt = self._enforce_underscore(opt, section)
[17.261s] /usr/local/lib/python3.10/dist-packages/setuptools/_distutils/dist.py:289: UserWarning: Unknown distribution option: 'tests_require'
[17.262s]   warnings.warn(msg)
[17.530s] /usr/local/lib/python3.10/dist-packages/setuptools/dist.py:599: SetuptoolsDeprecationWarning: Invalid dash-separated key 'script-dir' in 'develop' (setup.cfg), please use the underscore name 'script_dir' instead.
[17.530s] !!
[17.531s] 
[17.532s]         ********************************************************************************
[17.533s]         Usage of dash-separated 'script-dir' will not be supported in future
[17.533s]         versions. Please use the underscore name 'script_dir' instead.
[17.534s]         (Affected: robot_control).
[17.535s] 
[17.536s]         This deprecation is overdue, please update your project and remove deprecated
[17.536s]         calls to avoid build errors in the future.
[17.537s] 
[17.538s]         See https://setuptools.pypa.io/en/latest/userguide/declarative_config.html for details.
[17.538s]         ********************************************************************************
[17.539s] 
[17.540s] !!
[17.540s]   opt = self._enforce_underscore(opt, section)
[18.144s] running egg_info
[18.306s] writing ../../../build/robot_control/robot_control.egg-info/PKG-INFO
[18.317s] writing dependency_links to ../../../build/robot_control/robot_control.egg-info/dependency_links.txt
[18.319s] writing entry points to ../../../build/robot_control/robot_control.egg-info/entry_points.txt
[18.321s] writing requirements to ../../../build/robot_control/robot_control.egg-info/requires.txt
[18.323s] writing top-level names to ../../../build/robot_control/robot_control.egg-info/top_level.txt
[18.630s] reading manifest file '../../../build/robot_control/robot_control.egg-info/SOURCES.txt'
[18.663s] writing manifest file '../../../build/robot_control/robot_control.egg-info/SOURCES.txt'
[18.664s] running build
[18.665s] running build_py
[18.665s] copying robot_control/control_node.py -> /home/sunrise/Rosmaster/build/robot_control/build/lib/robot_control
[18.666s] copying robot_control/demo_rosmaster.py -> /home/sunrise/Rosmaster/build/robot_control/build/lib/robot_control
[18.667s] copying robot_control/__init__.py -> /home/sunrise/Rosmaster/build/robot_control/build/lib/robot_control
[18.670s] running install
[18.763s] running install_lib
[18.939s] running install_data
[18.943s] copying resource/robot_control -> /home/sunrise/Rosmaster/install/robot_control/share/ament_index/resource_index/packages
[18.950s] copying package.xml -> /home/sunrise/Rosmaster/install/robot_control/share/robot_control
[18.954s] running install_egg_info
[19.170s] removing '/home/sunrise/Rosmaster/install/robot_control/lib/python3.10/site-packages/robot_control-1.0.0-py3.10.egg-info' (and everything under it)
[19.177s] Copying ../../../build/robot_control/robot_control.egg-info to /home/sunrise/Rosmaster/install/robot_control/lib/python3.10/site-packages/robot_control-1.0.0-py3.10.egg-info
[19.199s] running install_scripts
[19.708s] Installing control_node script to /home/sunrise/Rosmaster/install/robot_control/lib/robot_control
[19.721s] writing list of installed files to '/home/sunrise/Rosmaster/build/robot_control/install.log'
[20.150s] Invoked command in '/home/sunrise/Rosmaster/src/ROS2/robot_control' returned '0': PYTHONPATH=/home/sunrise/Rosmaster/build/robot_control/prefix_override:/usr/lib/python3/dist-packages/colcon_core/task/python/colcon_distutils_commands:/home/sunrise/Rosmaster/install/robot_control/lib/python3.10/site-packages:${PYTHONPATH} /usr/bin/python3 -W ignore:setup.py install is deprecated -W ignore:easy_install command is deprecated setup.py egg_info --egg-base ../../../build/robot_control build --build-base /home/sunrise/Rosmaster/build/robot_control/build install --record /home/sunrise/Rosmaster/build/robot_control/install.log --install-scripts $base/lib/robot_control --single-version-externally-managed install_data
