[15.722s] Invoking command in '/home/sunrise/Rosmaster/src/ROS2/robot_brain': PYTHONPATH=/home/sunrise/Rosmaster/build/robot_brain/prefix_override:/usr/lib/python3/dist-packages/colcon_core/task/python/colcon_distutils_commands:/home/sunrise/Rosmaster/install/robot_brain/lib/python3.10/site-packages:${PYTHONPATH} /usr/bin/python3 -W ignore:setup.py install is deprecated -W ignore:easy_install command is deprecated setup.py egg_info --egg-base ../../../build/robot_brain build --build-base /home/sunrise/Rosmaster/build/robot_brain/build install --record /home/sunrise/Rosmaster/build/robot_brain/install.log --install-scripts $base/lib/robot_brain --single-version-externally-managed install_data
[16.865s] /usr/local/lib/python3.10/dist-packages/setuptools/dist.py:599: SetuptoolsDeprecationWarning: Invalid dash-separated key 'script-dir' in 'develop' (setup.cfg), please use the underscore name 'script_dir' instead.
[16.868s] !!
[16.869s] 
[16.870s]         ********************************************************************************
[16.871s]         Usage of dash-separated 'script-dir' will not be supported in future
[16.873s]         versions. Please use the underscore name 'script_dir' instead.
[16.874s] 
[16.875s]         This deprecation is overdue, please update your project and remove deprecated
[16.877s]         calls to avoid build errors in the future.
[16.879s] 
[16.881s]         See https://setuptools.pypa.io/en/latest/userguide/declarative_config.html for details.
[16.882s]         ********************************************************************************
[16.883s] 
[16.885s] !!
[16.895s]   opt = self._enforce_underscore(opt, section)
[17.076s] /usr/local/lib/python3.10/dist-packages/setuptools/_distutils/dist.py:289: UserWarning: Unknown distribution option: 'tests_require'
[17.078s]   warnings.warn(msg)
[17.458s] /usr/local/lib/python3.10/dist-packages/setuptools/dist.py:599: SetuptoolsDeprecationWarning: Invalid dash-separated key 'script-dir' in 'develop' (setup.cfg), please use the underscore name 'script_dir' instead.
[17.459s] !!
[17.460s] 
[17.460s]         ********************************************************************************
[17.461s]         Usage of dash-separated 'script-dir' will not be supported in future
[17.462s]         versions. Please use the underscore name 'script_dir' instead.
[17.463s]         (Affected: robot_brain).
[17.463s] 
[17.464s]         This deprecation is overdue, please update your project and remove deprecated
[17.465s]         calls to avoid build errors in the future.
[17.465s] 
[17.466s]         See https://setuptools.pypa.io/en/latest/userguide/declarative_config.html for details.
[17.467s]         ********************************************************************************
[17.468s] 
[17.468s] !!
[17.469s]   opt = self._enforce_underscore(opt, section)
[18.067s] running egg_info
[18.204s] writing ../../../build/robot_brain/robot_brain.egg-info/PKG-INFO
[18.207s] writing dependency_links to ../../../build/robot_brain/robot_brain.egg-info/dependency_links.txt
[18.210s] writing entry points to ../../../build/robot_brain/robot_brain.egg-info/entry_points.txt
[18.211s] writing requirements to ../../../build/robot_brain/robot_brain.egg-info/requires.txt
[18.212s] writing top-level names to ../../../build/robot_brain/robot_brain.egg-info/top_level.txt
[18.506s] reading manifest file '../../../build/robot_brain/robot_brain.egg-info/SOURCES.txt'
[18.516s] writing manifest file '../../../build/robot_brain/robot_brain.egg-info/SOURCES.txt'
[18.518s] running build
[18.518s] running build_py
[18.522s] copying robot_brain/brain_node.py -> /home/sunrise/Rosmaster/build/robot_brain/build/lib/robot_brain
[18.523s] copying robot_brain/__init__.py -> /home/sunrise/Rosmaster/build/robot_brain/build/lib/robot_brain
[18.531s] running install
[18.575s] running install_lib
[18.728s] running install_data
[18.732s] copying resource/robot_brain -> /home/sunrise/Rosmaster/install/robot_brain/share/ament_index/resource_index/packages
[18.736s] copying package.xml -> /home/sunrise/Rosmaster/install/robot_brain/share/robot_brain
[18.744s] copying config/position.yaml -> /home/sunrise/Rosmaster/install/robot_brain/share/robot_brain/config
[18.761s] running install_egg_info
[18.927s] removing '/home/sunrise/Rosmaster/install/robot_brain/lib/python3.10/site-packages/robot_brain-1.0.0-py3.10.egg-info' (and everything under it)
[18.929s] Copying ../../../build/robot_brain/robot_brain.egg-info to /home/sunrise/Rosmaster/install/robot_brain/lib/python3.10/site-packages/robot_brain-1.0.0-py3.10.egg-info
[18.947s] running install_scripts
[19.438s] Installing brain_node script to /home/sunrise/Rosmaster/install/robot_brain/lib/robot_brain
[19.457s] writing list of installed files to '/home/sunrise/Rosmaster/build/robot_brain/install.log'
[19.792s] Invoked command in '/home/sunrise/Rosmaster/src/ROS2/robot_brain' returned '0': PYTHONPATH=/home/sunrise/Rosmaster/build/robot_brain/prefix_override:/usr/lib/python3/dist-packages/colcon_core/task/python/colcon_distutils_commands:/home/sunrise/Rosmaster/install/robot_brain/lib/python3.10/site-packages:${PYTHONPATH} /usr/bin/python3 -W ignore:setup.py install is deprecated -W ignore:easy_install command is deprecated setup.py egg_info --egg-base ../../../build/robot_brain build --build-base /home/sunrise/Rosmaster/build/robot_brain/build install --record /home/sunrise/Rosmaster/build/robot_brain/install.log --install-scripts $base/lib/robot_brain --single-version-externally-managed install_data
