[0.586s] Invoking command in '/home/sunrise/robot_ws/src/robot_base': PYTHONPATH=/home/sunrise/robot_ws/build/robot_base/prefix_override:/usr/lib/python3/dist-packages/colcon_core/task/python/colcon_distutils_commands:/home/sunrise/robot_ws/install/robot_base/lib/python3.10/site-packages:${PYTHONPATH} /usr/bin/python3 -W ignore:setup.py install is deprecated -W ignore:easy_install command is deprecated setup.py egg_info --egg-base ../../build/robot_base build --build-base /home/sunrise/robot_ws/build/robot_base/build install --record /home/sunrise/robot_ws/build/robot_base/install.log --single-version-externally-managed install_data
[0.735s] running egg_info
[0.735s] creating ../../build/robot_base/robot_base.egg-info
[0.735s] writing ../../build/robot_base/robot_base.egg-info/PKG-INFO
[0.736s] writing dependency_links to ../../build/robot_base/robot_base.egg-info/dependency_links.txt
[0.736s] writing entry points to ../../build/robot_base/robot_base.egg-info/entry_points.txt
[0.736s] writing requirements to ../../build/robot_base/robot_base.egg-info/requires.txt
[0.736s] writing top-level names to ../../build/robot_base/robot_base.egg-info/top_level.txt
[0.736s] writing manifest file '../../build/robot_base/robot_base.egg-info/SOURCES.txt'
[0.737s] reading manifest file '../../build/robot_base/robot_base.egg-info/SOURCES.txt'
[0.737s] writing manifest file '../../build/robot_base/robot_base.egg-info/SOURCES.txt'
[0.738s] running build
[0.738s] running build_py
[0.738s] creating /home/sunrise/robot_ws/build/robot_base/build
[0.738s] creating /home/sunrise/robot_ws/build/robot_base/build/lib
[0.738s] creating /home/sunrise/robot_ws/build/robot_base/build/lib/robot_base
[0.738s] copying robot_base/serial_driver.py -> /home/sunrise/robot_ws/build/robot_base/build/lib/robot_base
[0.739s] copying robot_base/protocol_parser.py -> /home/sunrise/robot_ws/build/robot_base/build/lib/robot_base
[0.739s] copying robot_base/__init__.py -> /home/sunrise/robot_ws/build/robot_base/build/lib/robot_base
[0.739s] copying robot_base/base_node.py -> /home/sunrise/robot_ws/build/robot_base/build/lib/robot_base
[0.739s] running install
[0.740s] running install_lib
[0.740s] creating /home/sunrise/robot_ws/install/robot_base/lib/python3.10/site-packages/robot_base
[0.740s] copying /home/sunrise/robot_ws/build/robot_base/build/lib/robot_base/serial_driver.py -> /home/sunrise/robot_ws/install/robot_base/lib/python3.10/site-packages/robot_base
[0.741s] copying /home/sunrise/robot_ws/build/robot_base/build/lib/robot_base/protocol_parser.py -> /home/sunrise/robot_ws/install/robot_base/lib/python3.10/site-packages/robot_base
[0.741s] copying /home/sunrise/robot_ws/build/robot_base/build/lib/robot_base/__init__.py -> /home/sunrise/robot_ws/install/robot_base/lib/python3.10/site-packages/robot_base
[0.741s] copying /home/sunrise/robot_ws/build/robot_base/build/lib/robot_base/base_node.py -> /home/sunrise/robot_ws/install/robot_base/lib/python3.10/site-packages/robot_base
[0.741s] byte-compiling /home/sunrise/robot_ws/install/robot_base/lib/python3.10/site-packages/robot_base/serial_driver.py to serial_driver.cpython-310.pyc
[0.742s] byte-compiling /home/sunrise/robot_ws/install/robot_base/lib/python3.10/site-packages/robot_base/protocol_parser.py to protocol_parser.cpython-310.pyc
[0.743s] Sorry: IndentationError: unexpected unindent (protocol_parser.py, line 185)
[0.743s] byte-compiling /home/sunrise/robot_ws/install/robot_base/lib/python3.10/site-packages/robot_base/__init__.py to __init__.cpython-310.pyc
[0.743s] byte-compiling /home/sunrise/robot_ws/install/robot_base/lib/python3.10/site-packages/robot_base/base_node.py to base_node.cpython-310.pyc
[0.744s] running install_data
[0.744s] creating /home/sunrise/robot_ws/install/robot_base/share/ament_index
[0.744s] creating /home/sunrise/robot_ws/install/robot_base/share/ament_index/resource_index
[0.744s] creating /home/sunrise/robot_ws/install/robot_base/share/ament_index/resource_index/packages
[0.744s] copying resource/robot_base -> /home/sunrise/robot_ws/install/robot_base/share/ament_index/resource_index/packages
[0.745s] copying package.xml -> /home/sunrise/robot_ws/install/robot_base/share/robot_base
[0.745s] running install_egg_info
[0.745s] Copying ../../build/robot_base/robot_base.egg-info to /home/sunrise/robot_ws/install/robot_base/lib/python3.10/site-packages/robot_base-0.0.0-py3.10.egg-info
[0.756s] running install_scripts
[0.770s] writing list of installed files to '/home/sunrise/robot_ws/build/robot_base/install.log'
[0.783s] Invoked command in '/home/sunrise/robot_ws/src/robot_base' returned '0': PYTHONPATH=/home/sunrise/robot_ws/build/robot_base/prefix_override:/usr/lib/python3/dist-packages/colcon_core/task/python/colcon_distutils_commands:/home/sunrise/robot_ws/install/robot_base/lib/python3.10/site-packages:${PYTHONPATH} /usr/bin/python3 -W ignore:setup.py install is deprecated -W ignore:easy_install command is deprecated setup.py egg_info --egg-base ../../build/robot_base build --build-base /home/sunrise/robot_ws/build/robot_base/build install --record /home/sunrise/robot_ws/build/robot_base/install.log --single-version-externally-managed install_data
