[12.818s] Invoking command in '/home/sunrise/Rosmaster/src/ROS2/robot_protocol': PYTHONPATH=/home/sunrise/Rosmaster/build/robot_protocol/prefix_override:/usr/lib/python3/dist-packages/colcon_core/task/python/colcon_distutils_commands:/home/sunrise/Rosmaster/install/robot_protocol/lib/python3.10/site-packages:${PYTHONPATH} /usr/bin/python3 -W ignore:setup.py install is deprecated -W ignore:easy_install command is deprecated setup.py egg_info --egg-base ../../../build/robot_protocol build --build-base /home/sunrise/Rosmaster/build/robot_protocol/build install --record /home/sunrise/Rosmaster/build/robot_protocol/install.log --install-scripts $base/lib/robot_protocol --single-version-externally-managed install_data
[14.131s] /usr/local/lib/python3.10/dist-packages/setuptools/dist.py:599: SetuptoolsDeprecationWarning: Invalid dash-separated key 'script-dir' in 'develop' (setup.cfg), please use the underscore name 'script_dir' instead.
[14.132s] !!
[14.133s] 
[14.134s]         ********************************************************************************
[14.135s]         Usage of dash-separated 'script-dir' will not be supported in future
[14.156s]         versions. Please use the underscore name 'script_dir' instead.
[14.157s] 
[14.157s]         This deprecation is overdue, please update your project and remove deprecated
[14.158s]         calls to avoid build errors in the future.
[14.159s] 
[14.160s]         See https://setuptools.pypa.io/en/latest/userguide/declarative_config.html for details.
[14.160s]         ********************************************************************************
[14.161s] 
[14.162s] !!
[14.163s]   opt = self._enforce_underscore(opt, section)
[14.271s] /usr/local/lib/python3.10/dist-packages/setuptools/_distutils/dist.py:289: UserWarning: Unknown distribution option: 'tests_require'
[14.272s]   warnings.warn(msg)
[14.492s] /usr/local/lib/python3.10/dist-packages/setuptools/dist.py:599: SetuptoolsDeprecationWarning: Invalid dash-separated key 'script-dir' in 'develop' (setup.cfg), please use the underscore name 'script_dir' instead.
[14.492s] !!
[14.493s] 
[14.494s]         ********************************************************************************
[14.494s]         Usage of dash-separated 'script-dir' will not be supported in future
[14.495s]         versions. Please use the underscore name 'script_dir' instead.
[14.498s]         (Affected: robot_protocol).
[14.499s] 
[14.500s]         This deprecation is overdue, please update your project and remove deprecated
[14.501s]         calls to avoid build errors in the future.
[14.502s] 
[14.503s]         See https://setuptools.pypa.io/en/latest/userguide/declarative_config.html for details.
[14.503s]         ********************************************************************************
[14.504s] 
[14.505s] !!
[14.507s]   opt = self._enforce_underscore(opt, section)
[14.988s] running egg_info
[15.111s] writing ../../../build/robot_protocol/robot_protocol.egg-info/PKG-INFO
[15.116s] writing dependency_links to ../../../build/robot_protocol/robot_protocol.egg-info/dependency_links.txt
[15.117s] writing entry points to ../../../build/robot_protocol/robot_protocol.egg-info/entry_points.txt
[15.119s] writing requirements to ../../../build/robot_protocol/robot_protocol.egg-info/requires.txt
[15.120s] writing top-level names to ../../../build/robot_protocol/robot_protocol.egg-info/top_level.txt
[15.350s] reading manifest file '../../../build/robot_protocol/robot_protocol.egg-info/SOURCES.txt'
[15.365s] writing manifest file '../../../build/robot_protocol/robot_protocol.egg-info/SOURCES.txt'
[15.369s] running build
[15.371s] running build_py
[15.375s] copying robot_protocol/protocol_pack_node.py -> /home/sunrise/Rosmaster/build/robot_protocol/build/lib/robot_protocol
[15.379s] copying robot_protocol/protocol_node.py -> /home/sunrise/Rosmaster/build/robot_protocol/build/lib/robot_protocol
[15.382s] copying robot_protocol/__init__.py -> /home/sunrise/Rosmaster/build/robot_protocol/build/lib/robot_protocol
[15.387s] running install
[15.439s] running install_lib
[15.635s] copying /home/sunrise/Rosmaster/build/robot_protocol/build/lib/robot_protocol/protocol_pack_node.py -> /home/sunrise/Rosmaster/install/robot_protocol/lib/python3.10/site-packages/robot_protocol
[15.636s] byte-compiling /home/sunrise/Rosmaster/install/robot_protocol/lib/python3.10/site-packages/robot_protocol/protocol_pack_node.py to protocol_pack_node.cpython-310.pyc
[15.638s] running install_data
[15.638s] copying resource/robot_protocol -> /home/sunrise/Rosmaster/install/robot_protocol/share/ament_index/resource_index/packages
[15.639s] copying package.xml -> /home/sunrise/Rosmaster/install/robot_protocol/share/robot_protocol
[15.640s] running install_egg_info
[15.747s] removing '/home/sunrise/Rosmaster/install/robot_protocol/lib/python3.10/site-packages/robot_protocol-1.0.0-py3.10.egg-info' (and everything under it)
[15.750s] Copying ../../../build/robot_protocol/robot_protocol.egg-info to /home/sunrise/Rosmaster/install/robot_protocol/lib/python3.10/site-packages/robot_protocol-1.0.0-py3.10.egg-info
[15.758s] running install_scripts
[16.054s] Installing protocol_node script to /home/sunrise/Rosmaster/install/robot_protocol/lib/robot_protocol
[16.059s] writing list of installed files to '/home/sunrise/Rosmaster/build/robot_protocol/install.log'
[16.401s] Invoked command in '/home/sunrise/Rosmaster/src/ROS2/robot_protocol' returned '0': PYTHONPATH=/home/sunrise/Rosmaster/build/robot_protocol/prefix_override:/usr/lib/python3/dist-packages/colcon_core/task/python/colcon_distutils_commands:/home/sunrise/Rosmaster/install/robot_protocol/lib/python3.10/site-packages:${PYTHONPATH} /usr/bin/python3 -W ignore:setup.py install is deprecated -W ignore:easy_install command is deprecated setup.py egg_info --egg-base ../../../build/robot_protocol build --build-base /home/sunrise/Rosmaster/build/robot_protocol/build install --record /home/sunrise/Rosmaster/build/robot_protocol/install.log --install-scripts $base/lib/robot_protocol --single-version-externally-managed install_data
