[5.002s] Invoking command in '/home/sunrise/Rosmaster/src/ROS2/robot_bringup': AMENT_PREFIX_PATH=/home/sunrise/Rosmaster/install/robot_protocol:/home/sunrise/Rosmaster/install/robot_link:/home/sunrise/Rosmaster/install/robot_control:/home/sunrise/Rosmaster/install/robot_vision:/home/sunrise/Rosmaster/install/robot_bringup:/home/sunrise/Rosmaster/install/robot_fusion:/home/sunrise/Rosmaster/install/robot_brain:/opt/ros/humble PYTHONPATH=/home/sunrise/Rosmaster/build/robot_bringup/prefix_override:/usr/lib/python3/dist-packages/colcon_core/task/python/colcon_distutils_commands:/home/sunrise/Rosmaster/install/robot_bringup/lib/python3.10/site-packages:/home/sunrise/Rosmaster/install/robot_protocol/lib/python3.10/site-packages:/home/sunrise/Rosmaster/install/robot_link/lib/python3.10/site-packages:/home/sunrise/Rosmaster/install/robot_control/lib/python3.10/site-packages:/home/sunrise/Rosmaster/install/robot_vision/lib/python3.10/site-packages:/home/sunrise/Rosmaster/install/robot_bringup/lib/python3.10/site-packages:/home/sunrise/Rosmaster/install/robot_fusion/lib/python3.10/site-packages:/home/sunrise/Rosmaster/install/robot_brain/lib/python3.10/site-packages:/opt/ros/humble/lib/python3.10/site-packages:/opt/ros/humble/local/lib/python3.10/dist-packages /usr/bin/python3 -W ignore:setup.py install is deprecated -W ignore:easy_install command is deprecated setup.py egg_info --egg-base ../../../build/robot_bringup build --build-base /home/sunrise/Rosmaster/build/robot_bringup/build install --record /home/sunrise/Rosmaster/build/robot_bringup/install.log --install-scripts $base/lib/robot_bringup --single-version-externally-managed install_data
[6.026s] /usr/local/lib/python3.10/dist-packages/setuptools/dist.py:599: SetuptoolsDeprecationWarning: Invalid dash-separated key 'script-dir' in 'develop' (setup.cfg), please use the underscore name 'script_dir' instead.
[6.026s] !!
[6.027s] 
[6.027s]         ********************************************************************************
[6.028s]         Usage of dash-separated 'script-dir' will not be supported in future
[6.028s]         versions. Please use the underscore name 'script_dir' instead.
[6.029s] 
[6.029s]         This deprecation is overdue, please update your project and remove deprecated
[6.030s]         calls to avoid build errors in the future.
[6.030s] 
[6.031s]         See https://setuptools.pypa.io/en/latest/userguide/declarative_config.html for details.
[6.031s]         ********************************************************************************
[6.032s] 
[6.032s] !!
[6.033s]   opt = self._enforce_underscore(opt, section)
[6.152s] /usr/local/lib/python3.10/dist-packages/setuptools/_distutils/dist.py:289: UserWarning: Unknown distribution option: 'tests_require'
[6.152s]   warnings.warn(msg)
[6.391s] /usr/local/lib/python3.10/dist-packages/setuptools/dist.py:599: SetuptoolsDeprecationWarning: Invalid dash-separated key 'script-dir' in 'develop' (setup.cfg), please use the underscore name 'script_dir' instead.
[6.392s] !!
[6.393s] 
[6.393s]         ********************************************************************************
[6.394s]         Usage of dash-separated 'script-dir' will not be supported in future
[6.395s]         versions. Please use the underscore name 'script_dir' instead.
[6.396s]         (Affected: robot_bringup).
[6.397s] 
[6.398s]         This deprecation is overdue, please update your project and remove deprecated
[6.398s]         calls to avoid build errors in the future.
[6.399s] 
[6.400s]         See https://setuptools.pypa.io/en/latest/userguide/declarative_config.html for details.
[6.400s]         ********************************************************************************
[6.401s] 
[6.401s] !!
[6.402s]   opt = self._enforce_underscore(opt, section)
[6.873s] running egg_info
[6.993s] writing ../../../build/robot_bringup/robot_bringup.egg-info/PKG-INFO
[6.996s] writing dependency_links to ../../../build/robot_bringup/robot_bringup.egg-info/dependency_links.txt
[6.999s] writing requirements to ../../../build/robot_bringup/robot_bringup.egg-info/requires.txt
[7.001s] writing top-level names to ../../../build/robot_bringup/robot_bringup.egg-info/top_level.txt
[7.247s] reading manifest file '../../../build/robot_bringup/robot_bringup.egg-info/SOURCES.txt'
[7.256s] writing manifest file '../../../build/robot_bringup/robot_bringup.egg-info/SOURCES.txt'
[7.257s] running build
[7.258s] running build_py
[7.259s] copying robot_bringup/__init__.py -> /home/sunrise/Rosmaster/build/robot_bringup/build/lib/robot_bringup
[7.262s] running install
[7.298s] running install_lib
[7.422s] running install_data
[7.423s] copying resource/robot_bringup -> /home/sunrise/Rosmaster/install/robot_bringup/share/ament_index/resource_index/packages
[7.425s] copying package.xml -> /home/sunrise/Rosmaster/install/robot_bringup/share/robot_bringup
[7.426s] copying launch/hardware_launch.py -> /home/sunrise/Rosmaster/install/robot_bringup/share/robot_bringup/launch
[7.427s] copying launch/teleop_launch.py -> /home/sunrise/Rosmaster/install/robot_bringup/share/robot_bringup/launch
[7.428s] running install_egg_info
[7.570s] removing '/home/sunrise/Rosmaster/install/robot_bringup/lib/python3.10/site-packages/robot_bringup-1.0.0-py3.10.egg-info' (and everything under it)
[7.572s] Copying ../../../build/robot_bringup/robot_bringup.egg-info to /home/sunrise/Rosmaster/install/robot_bringup/lib/python3.10/site-packages/robot_bringup-1.0.0-py3.10.egg-info
[7.579s] running install_scripts
[7.835s] writing list of installed files to '/home/sunrise/Rosmaster/build/robot_bringup/install.log'
[8.094s] Invoked command in '/home/sunrise/Rosmaster/src/ROS2/robot_bringup' returned '0': AMENT_PREFIX_PATH=/home/sunrise/Rosmaster/install/robot_protocol:/home/sunrise/Rosmaster/install/robot_link:/home/sunrise/Rosmaster/install/robot_control:/home/sunrise/Rosmaster/install/robot_vision:/home/sunrise/Rosmaster/install/robot_bringup:/home/sunrise/Rosmaster/install/robot_fusion:/home/sunrise/Rosmaster/install/robot_brain:/opt/ros/humble PYTHONPATH=/home/sunrise/Rosmaster/build/robot_bringup/prefix_override:/usr/lib/python3/dist-packages/colcon_core/task/python/colcon_distutils_commands:/home/sunrise/Rosmaster/install/robot_bringup/lib/python3.10/site-packages:/home/sunrise/Rosmaster/install/robot_protocol/lib/python3.10/site-packages:/home/sunrise/Rosmaster/install/robot_link/lib/python3.10/site-packages:/home/sunrise/Rosmaster/install/robot_control/lib/python3.10/site-packages:/home/sunrise/Rosmaster/install/robot_vision/lib/python3.10/site-packages:/home/sunrise/Rosmaster/install/robot_bringup/lib/python3.10/site-packages:/home/sunrise/Rosmaster/install/robot_fusion/lib/python3.10/site-packages:/home/sunrise/Rosmaster/install/robot_brain/lib/python3.10/site-packages:/opt/ros/humble/lib/python3.10/site-packages:/opt/ros/humble/local/lib/python3.10/dist-packages /usr/bin/python3 -W ignore:setup.py install is deprecated -W ignore:easy_install command is deprecated setup.py egg_info --egg-base ../../../build/robot_bringup build --build-base /home/sunrise/Rosmaster/build/robot_bringup/build install --record /home/sunrise/Rosmaster/build/robot_bringup/install.log --install-scripts $base/lib/robot_bringup --single-version-externally-managed install_data
