running egg_info
writing ../../../build/robot_fusion/robot_fusion.egg-info/PKG-INFO
writing dependency_links to ../../../build/robot_fusion/robot_fusion.egg-info/dependency_links.txt
writing entry points to ../../../build/robot_fusion/robot_fusion.egg-info/entry_points.txt
writing requirements to ../../../build/robot_fusion/robot_fusion.egg-info/requires.txt
writing top-level names to ../../../build/robot_fusion/robot_fusion.egg-info/top_level.txt
reading manifest file '../../../build/robot_fusion/robot_fusion.egg-info/SOURCES.txt'
writing manifest file '../../../build/robot_fusion/robot_fusion.egg-info/SOURCES.txt'
running build
running build_py
copying robot_fusion/fusion_node.py -> /home/sunrise/Rosmaster/build/robot_fusion/build/lib/robot_fusion
copying robot_fusion/__init__.py -> /home/sunrise/Rosmaster/build/robot_fusion/build/lib/robot_fusion
running install
running install_lib
running install_data
copying resource/robot_fusion -> /home/sunrise/Rosmaster/install/robot_fusion/share/ament_index/resource_index/packages
copying package.xml -> /home/sunrise/Rosmaster/install/robot_fusion/share/robot_fusion
running install_egg_info
removing '/home/sunrise/Rosmaster/install/robot_fusion/lib/python3.10/site-packages/robot_fusion-1.0.0-py3.10.egg-info' (and everything under it)
Copying ../../../build/robot_fusion/robot_fusion.egg-info to /home/sunrise/Rosmaster/install/robot_fusion/lib/python3.10/site-packages/robot_fusion-1.0.0-py3.10.egg-info
running install_scripts
Installing fusion_node script to /home/sunrise/Rosmaster/install/robot_fusion/lib/robot_fusion
writing list of installed files to '/home/sunrise/Rosmaster/build/robot_fusion/install.log'
