[13.377s] Invoking command in '/home/sunrise/Rosmaster/src/ROS2/robot_fusion': PYTHONPATH=/home/sunrise/Rosmaster/build/robot_fusion/prefix_override:/usr/lib/python3/dist-packages/colcon_core/task/python/colcon_distutils_commands:/home/sunrise/Rosmaster/install/robot_fusion/lib/python3.10/site-packages:${PYTHONPATH} /usr/bin/python3 -W ignore:setup.py install is deprecated -W ignore:easy_install command is deprecated setup.py egg_info --egg-base ../../../build/robot_fusion build --build-base /home/sunrise/Rosmaster/build/robot_fusion/build install --record /home/sunrise/Rosmaster/build/robot_fusion/install.log --install-scripts $base/lib/robot_fusion --single-version-externally-managed install_data
[14.571s] /usr/local/lib/python3.10/dist-packages/setuptools/dist.py:599: SetuptoolsDeprecationWarning: Invalid dash-separated key 'script-dir' in 'develop' (setup.cfg), please use the underscore name 'script_dir' instead.
[14.573s] !!
[14.573s] 
[14.574s]         ********************************************************************************
[14.575s]         Usage of dash-separated 'script-dir' will not be supported in future
[14.576s]         versions. Please use the underscore name 'script_dir' instead.
[14.576s] 
[14.577s]         This deprecation is overdue, please update your project and remove deprecated
[14.578s]         calls to avoid build errors in the future.
[14.578s] 
[14.579s]         See https://setuptools.pypa.io/en/latest/userguide/declarative_config.html for details.
[14.580s]         ********************************************************************************
[14.597s] 
[14.598s] !!
[14.599s]   opt = self._enforce_underscore(opt, section)
[14.703s] /usr/local/lib/python3.10/dist-packages/setuptools/_distutils/dist.py:289: UserWarning: Unknown distribution option: 'tests_require'
[14.703s]   warnings.warn(msg)
[14.944s] /usr/local/lib/python3.10/dist-packages/setuptools/dist.py:599: SetuptoolsDeprecationWarning: Invalid dash-separated key 'script-dir' in 'develop' (setup.cfg), please use the underscore name 'script_dir' instead.
[14.944s] !!
[14.945s] 
[14.946s]         ********************************************************************************
[14.946s]         Usage of dash-separated 'script-dir' will not be supported in future
[14.947s]         versions. Please use the underscore name 'script_dir' instead.
[14.948s]         (Affected: robot_fusion).
[14.948s] 
[14.949s]         This deprecation is overdue, please update your project and remove deprecated
[14.950s]         calls to avoid build errors in the future.
[14.950s] 
[14.954s]         See https://setuptools.pypa.io/en/latest/userguide/declarative_config.html for details.
[14.959s]         ********************************************************************************
[14.960s] 
[14.960s] !!
[14.962s]   opt = self._enforce_underscore(opt, section)
[15.437s] running egg_info
[15.552s] writing ../../../build/robot_fusion/robot_fusion.egg-info/PKG-INFO
[15.555s] writing dependency_links to ../../../build/robot_fusion/robot_fusion.egg-info/dependency_links.txt
[15.557s] writing entry points to ../../../build/robot_fusion/robot_fusion.egg-info/entry_points.txt
[15.559s] writing requirements to ../../../build/robot_fusion/robot_fusion.egg-info/requires.txt
[15.560s] writing top-level names to ../../../build/robot_fusion/robot_fusion.egg-info/top_level.txt
[15.792s] reading manifest file '../../../build/robot_fusion/robot_fusion.egg-info/SOURCES.txt'
[15.802s] writing manifest file '../../../build/robot_fusion/robot_fusion.egg-info/SOURCES.txt'
[15.803s] running build
[15.804s] running build_py
[15.807s] copying robot_fusion/fusion_node.py -> /home/sunrise/Rosmaster/build/robot_fusion/build/lib/robot_fusion
[15.809s] copying robot_fusion/__init__.py -> /home/sunrise/Rosmaster/build/robot_fusion/build/lib/robot_fusion
[15.815s] running install
[15.855s] running install_lib
[15.967s] running install_data
[15.971s] copying resource/robot_fusion -> /home/sunrise/Rosmaster/install/robot_fusion/share/ament_index/resource_index/packages
[15.975s] copying package.xml -> /home/sunrise/Rosmaster/install/robot_fusion/share/robot_fusion
[15.978s] running install_egg_info
[16.117s] removing '/home/sunrise/Rosmaster/install/robot_fusion/lib/python3.10/site-packages/robot_fusion-1.0.0-py3.10.egg-info' (and everything under it)
[16.120s] Copying ../../../build/robot_fusion/robot_fusion.egg-info to /home/sunrise/Rosmaster/install/robot_fusion/lib/python3.10/site-packages/robot_fusion-1.0.0-py3.10.egg-info
[16.131s] running install_scripts
[16.415s] Installing fusion_node script to /home/sunrise/Rosmaster/install/robot_fusion/lib/robot_fusion
[16.417s] writing list of installed files to '/home/sunrise/Rosmaster/build/robot_fusion/install.log'
[16.743s] Invoked command in '/home/sunrise/Rosmaster/src/ROS2/robot_fusion' returned '0': PYTHONPATH=/home/sunrise/Rosmaster/build/robot_fusion/prefix_override:/usr/lib/python3/dist-packages/colcon_core/task/python/colcon_distutils_commands:/home/sunrise/Rosmaster/install/robot_fusion/lib/python3.10/site-packages:${PYTHONPATH} /usr/bin/python3 -W ignore:setup.py install is deprecated -W ignore:easy_install command is deprecated setup.py egg_info --egg-base ../../../build/robot_fusion build --build-base /home/sunrise/Rosmaster/build/robot_fusion/build install --record /home/sunrise/Rosmaster/build/robot_fusion/install.log --install-scripts $base/lib/robot_fusion --single-version-externally-managed install_data
