[15.766s] Invoking command in '/home/sunrise/Rosmaster/src/ROS2/robot_control': PYTHONPATH=/home/sunrise/Rosmaster/build/robot_control/prefix_override:/usr/lib/python3/dist-packages/colcon_core/task/python/colcon_distutils_commands:/home/sunrise/Rosmaster/install/robot_control/lib/python3.10/site-packages:${PYTHONPATH} /usr/bin/python3 -W ignore:setup.py install is deprecated -W ignore:easy_install command is deprecated setup.py egg_info --egg-base ../../../build/robot_control build --build-base /home/sunrise/Rosmaster/build/robot_control/build install --record /home/sunrise/Rosmaster/build/robot_control/install.log --install-scripts $base/lib/robot_control --single-version-externally-managed install_data
[17.181s] /usr/local/lib/python3.10/dist-packages/setuptools/dist.py:599: SetuptoolsDeprecationWarning: Invalid dash-separated key 'script-dir' in 'develop' (setup.cfg), please use the underscore name 'script_dir' instead.
[17.181s] !!
[17.182s] 
[17.183s]         ********************************************************************************
[17.183s]         Usage of dash-separated 'script-dir' will not be supported in future
[17.184s]         versions. Please use the underscore name 'script_dir' instead.
[17.186s] 
[17.187s]         This deprecation is overdue, please update your project and remove deprecated
[17.188s]         calls to avoid build errors in the future.
[17.189s] 
[17.189s]         See https://setuptools.pypa.io/en/latest/userguide/declarative_config.html for details.
[17.190s]         ********************************************************************************
[17.191s] 
[17.191s] !!
[17.192s]   opt = self._enforce_underscore(opt, section)
[17.369s] /usr/local/lib/python3.10/dist-packages/setuptools/_distutils/dist.py:289: UserWarning: Unknown distribution option: 'tests_require'
[17.370s]   warnings.warn(msg)
[17.708s] /usr/local/lib/python3.10/dist-packages/setuptools/dist.py:599: SetuptoolsDeprecationWarning: Invalid dash-separated key 'script-dir' in 'develop' (setup.cfg), please use the underscore name 'script_dir' instead.
[17.709s] !!
[17.710s] 
[17.710s]         ********************************************************************************
[17.711s]         Usage of dash-separated 'script-dir' will not be supported in future
[17.712s]         versions. Please use the underscore name 'script_dir' instead.
[17.713s]         (Affected: robot_control).
[17.713s] 
[17.714s]         This deprecation is overdue, please update your project and remove deprecated
[17.719s]         calls to avoid build errors in the future.
[17.719s] 
[17.720s]         See https://setuptools.pypa.io/en/latest/userguide/declarative_config.html for details.
[17.721s]         ********************************************************************************
[17.722s] 
[17.722s] !!
[17.723s]   opt = self._enforce_underscore(opt, section)
[18.269s] running egg_info
[18.503s] writing ../../../build/robot_control/robot_control.egg-info/PKG-INFO
[18.521s] writing dependency_links to ../../../build/robot_control/robot_control.egg-info/dependency_links.txt
[18.522s] writing entry points to ../../../build/robot_control/robot_control.egg-info/entry_points.txt
[18.523s] writing requirements to ../../../build/robot_control/robot_control.egg-info/requires.txt
[18.524s] writing top-level names to ../../../build/robot_control/robot_control.egg-info/top_level.txt
[18.890s] reading manifest file '../../../build/robot_control/robot_control.egg-info/SOURCES.txt'
[18.915s] writing manifest file '../../../build/robot_control/robot_control.egg-info/SOURCES.txt'
[18.917s] running build
[18.917s] running build_py
[18.918s] copying robot_control/control_node.py -> /home/sunrise/Rosmaster/build/robot_control/build/lib/robot_control
[18.920s] copying robot_control/twist_to_control_bridge.py -> /home/sunrise/Rosmaster/build/robot_control/build/lib/robot_control
[18.921s] copying robot_control/demo_rosmaster.py -> /home/sunrise/Rosmaster/build/robot_control/build/lib/robot_control
[18.932s] copying robot_control/__init__.py -> /home/sunrise/Rosmaster/build/robot_control/build/lib/robot_control
[18.933s] running install
[18.969s] running install_lib
[19.105s] running install_data
[19.112s] copying resource/robot_control -> /home/sunrise/Rosmaster/install/robot_control/share/ament_index/resource_index/packages
[19.113s] copying package.xml -> /home/sunrise/Rosmaster/install/robot_control/share/robot_control
[19.114s] running install_egg_info
[19.263s] removing '/home/sunrise/Rosmaster/install/robot_control/lib/python3.10/site-packages/robot_control-1.0.0-py3.10.egg-info' (and everything under it)
[19.264s] Copying ../../../build/robot_control/robot_control.egg-info to /home/sunrise/Rosmaster/install/robot_control/lib/python3.10/site-packages/robot_control-1.0.0-py3.10.egg-info
[19.295s] running install_scripts
[19.716s] Installing control_node script to /home/sunrise/Rosmaster/install/robot_control/lib/robot_control
[19.717s] Installing twist_to_control_bridge script to /home/sunrise/Rosmaster/install/robot_control/lib/robot_control
[19.720s] writing list of installed files to '/home/sunrise/Rosmaster/build/robot_control/install.log'
[20.340s] Invoked command in '/home/sunrise/Rosmaster/src/ROS2/robot_control' returned '0': PYTHONPATH=/home/sunrise/Rosmaster/build/robot_control/prefix_override:/usr/lib/python3/dist-packages/colcon_core/task/python/colcon_distutils_commands:/home/sunrise/Rosmaster/install/robot_control/lib/python3.10/site-packages:${PYTHONPATH} /usr/bin/python3 -W ignore:setup.py install is deprecated -W ignore:easy_install command is deprecated setup.py egg_info --egg-base ../../../build/robot_control build --build-base /home/sunrise/Rosmaster/build/robot_control/build install --record /home/sunrise/Rosmaster/build/robot_control/install.log --install-scripts $base/lib/robot_control --single-version-externally-managed install_data
