[14.261s] Invoking command in '/home/sunrise/Rosmaster/src/ROS2/robot_fusion': PYTHONPATH=/home/sunrise/Rosmaster/build/robot_fusion/prefix_override:/usr/lib/python3/dist-packages/colcon_core/task/python/colcon_distutils_commands:/home/sunrise/Rosmaster/install/robot_fusion/lib/python3.10/site-packages:${PYTHONPATH} /usr/bin/python3 -W ignore:setup.py install is deprecated -W ignore:easy_install command is deprecated setup.py egg_info --egg-base ../../../build/robot_fusion build --build-base /home/sunrise/Rosmaster/build/robot_fusion/build install --record /home/sunrise/Rosmaster/build/robot_fusion/install.log --install-scripts $base/lib/robot_fusion --single-version-externally-managed install_data
[15.408s] /usr/local/lib/python3.10/dist-packages/setuptools/dist.py:599: SetuptoolsDeprecationWarning: Invalid dash-separated key 'script-dir' in 'develop' (setup.cfg), please use the underscore name 'script_dir' instead.
[15.408s] !!
[15.409s] 
[15.410s]         ********************************************************************************
[15.411s]         Usage of dash-separated 'script-dir' will not be supported in future
[15.411s]         versions. Please use the underscore name 'script_dir' instead.
[15.412s] 
[15.413s]         This deprecation is overdue, please update your project and remove deprecated
[15.413s]         calls to avoid build errors in the future.
[15.417s] 
[15.418s]         See https://setuptools.pypa.io/en/latest/userguide/declarative_config.html for details.
[15.418s]         ********************************************************************************
[15.419s] 
[15.420s] !!
[15.421s]   opt = self._enforce_underscore(opt, section)
[15.596s] /usr/local/lib/python3.10/dist-packages/setuptools/_distutils/dist.py:289: UserWarning: Unknown distribution option: 'tests_require'
[15.597s]   warnings.warn(msg)
[15.892s] /usr/local/lib/python3.10/dist-packages/setuptools/dist.py:599: SetuptoolsDeprecationWarning: Invalid dash-separated key 'script-dir' in 'develop' (setup.cfg), please use the underscore name 'script_dir' instead.
[15.892s] !!
[15.893s] 
[15.894s]         ********************************************************************************
[15.897s]         Usage of dash-separated 'script-dir' will not be supported in future
[15.898s]         versions. Please use the underscore name 'script_dir' instead.
[15.899s]         (Affected: robot_fusion).
[15.900s] 
[15.900s]         This deprecation is overdue, please update your project and remove deprecated
[15.901s]         calls to avoid build errors in the future.
[15.901s] 
[15.902s]         See https://setuptools.pypa.io/en/latest/userguide/declarative_config.html for details.
[15.906s]         ********************************************************************************
[15.906s] 
[15.907s] !!
[15.908s]   opt = self._enforce_underscore(opt, section)
[16.643s] running egg_info
[16.817s] writing ../../../build/robot_fusion/robot_fusion.egg-info/PKG-INFO
[16.825s] writing dependency_links to ../../../build/robot_fusion/robot_fusion.egg-info/dependency_links.txt
[16.829s] writing entry points to ../../../build/robot_fusion/robot_fusion.egg-info/entry_points.txt
[16.833s] writing requirements to ../../../build/robot_fusion/robot_fusion.egg-info/requires.txt
[16.835s] writing top-level names to ../../../build/robot_fusion/robot_fusion.egg-info/top_level.txt
[17.226s] reading manifest file '../../../build/robot_fusion/robot_fusion.egg-info/SOURCES.txt'
[17.256s] writing manifest file '../../../build/robot_fusion/robot_fusion.egg-info/SOURCES.txt'
[17.258s] running build
[17.260s] running build_py
[17.261s] copying robot_fusion/fusion_node.py -> /home/sunrise/Rosmaster/build/robot_fusion/build/lib/robot_fusion
[17.262s] copying robot_fusion/__init__.py -> /home/sunrise/Rosmaster/build/robot_fusion/build/lib/robot_fusion
[17.267s] running install
[17.307s] running install_lib
[17.509s] running install_data
[17.509s] copying resource/robot_fusion -> /home/sunrise/Rosmaster/install/robot_fusion/share/ament_index/resource_index/packages
[17.510s] copying package.xml -> /home/sunrise/Rosmaster/install/robot_fusion/share/robot_fusion
[17.515s] running install_egg_info
[17.781s] removing '/home/sunrise/Rosmaster/install/robot_fusion/lib/python3.10/site-packages/robot_fusion-1.0.0-py3.10.egg-info' (and everything under it)
[17.783s] Copying ../../../build/robot_fusion/robot_fusion.egg-info to /home/sunrise/Rosmaster/install/robot_fusion/lib/python3.10/site-packages/robot_fusion-1.0.0-py3.10.egg-info
[17.793s] running install_scripts
[18.109s] Installing fusion_node script to /home/sunrise/Rosmaster/install/robot_fusion/lib/robot_fusion
[18.115s] writing list of installed files to '/home/sunrise/Rosmaster/build/robot_fusion/install.log'
[18.588s] Invoked command in '/home/sunrise/Rosmaster/src/ROS2/robot_fusion' returned '0': PYTHONPATH=/home/sunrise/Rosmaster/build/robot_fusion/prefix_override:/usr/lib/python3/dist-packages/colcon_core/task/python/colcon_distutils_commands:/home/sunrise/Rosmaster/install/robot_fusion/lib/python3.10/site-packages:${PYTHONPATH} /usr/bin/python3 -W ignore:setup.py install is deprecated -W ignore:easy_install command is deprecated setup.py egg_info --egg-base ../../../build/robot_fusion build --build-base /home/sunrise/Rosmaster/build/robot_fusion/build install --record /home/sunrise/Rosmaster/build/robot_fusion/install.log --install-scripts $base/lib/robot_fusion --single-version-externally-managed install_data
