[15.866s] Invoking command in '/home/sunrise/Rosmaster/src/ROS2/robot_fusion': PYTHONPATH=/home/sunrise/Rosmaster/build/robot_fusion/prefix_override:/usr/lib/python3/dist-packages/colcon_core/task/python/colcon_distutils_commands:/home/sunrise/Rosmaster/install/robot_fusion/lib/python3.10/site-packages:${PYTHONPATH} /usr/bin/python3 -W ignore:setup.py install is deprecated -W ignore:easy_install command is deprecated setup.py egg_info --egg-base ../../../build/robot_fusion build --build-base /home/sunrise/Rosmaster/build/robot_fusion/build install --record /home/sunrise/Rosmaster/build/robot_fusion/install.log --install-scripts $base/lib/robot_fusion --single-version-externally-managed install_data
[17.425s] /usr/local/lib/python3.10/dist-packages/setuptools/dist.py:599: SetuptoolsDeprecationWarning: Invalid dash-separated key 'script-dir' in 'develop' (setup.cfg), please use the underscore name 'script_dir' instead.
[17.427s] !!
[17.428s] 
[17.429s]         ********************************************************************************
[17.430s]         Usage of dash-separated 'script-dir' will not be supported in future
[17.430s]         versions. Please use the underscore name 'script_dir' instead.
[17.431s] 
[17.432s]         This deprecation is overdue, please update your project and remove deprecated
[17.433s]         calls to avoid build errors in the future.
[17.433s] 
[17.434s]         See https://setuptools.pypa.io/en/latest/userguide/declarative_config.html for details.
[17.448s]         ********************************************************************************
[17.449s] 
[17.450s] !!
[17.450s]   opt = self._enforce_underscore(opt, section)
[17.641s] /usr/local/lib/python3.10/dist-packages/setuptools/_distutils/dist.py:289: UserWarning: Unknown distribution option: 'tests_require'
[17.642s]   warnings.warn(msg)
[18.050s] /usr/local/lib/python3.10/dist-packages/setuptools/dist.py:599: SetuptoolsDeprecationWarning: Invalid dash-separated key 'script-dir' in 'develop' (setup.cfg), please use the underscore name 'script_dir' instead.
[18.057s] !!
[18.058s] 
[18.059s]         ********************************************************************************
[18.059s]         Usage of dash-separated 'script-dir' will not be supported in future
[18.060s]         versions. Please use the underscore name 'script_dir' instead.
[18.061s]         (Affected: robot_fusion).
[18.061s] 
[18.062s]         This deprecation is overdue, please update your project and remove deprecated
[18.062s]         calls to avoid build errors in the future.
[18.063s] 
[18.064s]         See https://setuptools.pypa.io/en/latest/userguide/declarative_config.html for details.
[18.067s]         ********************************************************************************
[18.067s] 
[18.068s] !!
[18.069s]   opt = self._enforce_underscore(opt, section)
[18.835s] running egg_info
[19.059s] writing ../../../build/robot_fusion/robot_fusion.egg-info/PKG-INFO
[19.060s] writing dependency_links to ../../../build/robot_fusion/robot_fusion.egg-info/dependency_links.txt
[19.061s] writing entry points to ../../../build/robot_fusion/robot_fusion.egg-info/entry_points.txt
[19.062s] writing requirements to ../../../build/robot_fusion/robot_fusion.egg-info/requires.txt
[19.075s] writing top-level names to ../../../build/robot_fusion/robot_fusion.egg-info/top_level.txt
[19.508s] reading manifest file '../../../build/robot_fusion/robot_fusion.egg-info/SOURCES.txt'
[19.526s] writing manifest file '../../../build/robot_fusion/robot_fusion.egg-info/SOURCES.txt'
[19.526s] running build
[19.527s] running build_py
[19.528s] copying robot_fusion/fusion_node.py -> /home/sunrise/Rosmaster/build/robot_fusion/build/lib/robot_fusion
[19.529s] copying robot_fusion/__init__.py -> /home/sunrise/Rosmaster/build/robot_fusion/build/lib/robot_fusion
[19.529s] running install
[19.558s] running install_lib
[19.727s] running install_data
[19.731s] copying resource/robot_fusion -> /home/sunrise/Rosmaster/install/robot_fusion/share/ament_index/resource_index/packages
[19.732s] copying package.xml -> /home/sunrise/Rosmaster/install/robot_fusion/share/robot_fusion
[19.733s] running install_egg_info
[19.888s] removing '/home/sunrise/Rosmaster/install/robot_fusion/lib/python3.10/site-packages/robot_fusion-1.0.0-py3.10.egg-info' (and everything under it)
[19.888s] Copying ../../../build/robot_fusion/robot_fusion.egg-info to /home/sunrise/Rosmaster/install/robot_fusion/lib/python3.10/site-packages/robot_fusion-1.0.0-py3.10.egg-info
[19.923s] running install_scripts
[20.260s] Installing fusion_node script to /home/sunrise/Rosmaster/install/robot_fusion/lib/robot_fusion
[20.264s] writing list of installed files to '/home/sunrise/Rosmaster/build/robot_fusion/install.log'
[20.577s] Invoked command in '/home/sunrise/Rosmaster/src/ROS2/robot_fusion' returned '0': PYTHONPATH=/home/sunrise/Rosmaster/build/robot_fusion/prefix_override:/usr/lib/python3/dist-packages/colcon_core/task/python/colcon_distutils_commands:/home/sunrise/Rosmaster/install/robot_fusion/lib/python3.10/site-packages:${PYTHONPATH} /usr/bin/python3 -W ignore:setup.py install is deprecated -W ignore:easy_install command is deprecated setup.py egg_info --egg-base ../../../build/robot_fusion build --build-base /home/sunrise/Rosmaster/build/robot_fusion/build install --record /home/sunrise/Rosmaster/build/robot_fusion/install.log --install-scripts $base/lib/robot_fusion --single-version-externally-managed install_data
