/usr/local/lib/python3.10/dist-packages/setuptools/dist.py:599: SetuptoolsDeprecationWarning: Invalid dash-separated key 'script-dir' in 'develop' (setup.cfg), please use the underscore name 'script_dir' instead.
!!

        ********************************************************************************
        Usage of dash-separated 'script-dir' will not be supported in future
        versions. Please use the underscore name 'script_dir' instead.

        This deprecation is overdue, please update your project and remove deprecated
        calls to avoid build errors in the future.

        See https://setuptools.pypa.io/en/latest/userguide/declarative_config.html for details.
        ********************************************************************************

!!
  opt = self._enforce_underscore(opt, section)
/usr/local/lib/python3.10/dist-packages/setuptools/_distutils/dist.py:289: UserWarning: Unknown distribution option: 'tests_require'
  warnings.warn(msg)
/usr/local/lib/python3.10/dist-packages/setuptools/dist.py:599: SetuptoolsDeprecationWarning: Invalid dash-separated key 'script-dir' in 'develop' (setup.cfg), please use the underscore name 'script_dir' instead.
!!

        ********************************************************************************
        Usage of dash-separated 'script-dir' will not be supported in future
        versions. Please use the underscore name 'script_dir' instead.
        (Affected: robot_fusion).

        This deprecation is overdue, please update your project and remove deprecated
        calls to avoid build errors in the future.

        See https://setuptools.pypa.io/en/latest/userguide/declarative_config.html for details.
        ********************************************************************************

!!
  opt = self._enforce_underscore(opt, section)
running egg_info
creating ../../../build/robot_fusion/robot_fusion.egg-info
writing ../../../build/robot_fusion/robot_fusion.egg-info/PKG-INFO
writing dependency_links to ../../../build/robot_fusion/robot_fusion.egg-info/dependency_links.txt
writing entry points to ../../../build/robot_fusion/robot_fusion.egg-info/entry_points.txt
writing requirements to ../../../build/robot_fusion/robot_fusion.egg-info/requires.txt
writing top-level names to ../../../build/robot_fusion/robot_fusion.egg-info/top_level.txt
writing manifest file '../../../build/robot_fusion/robot_fusion.egg-info/SOURCES.txt'
reading manifest file '../../../build/robot_fusion/robot_fusion.egg-info/SOURCES.txt'
writing manifest file '../../../build/robot_fusion/robot_fusion.egg-info/SOURCES.txt'
running build
running build_py
creating /home/sunrise/Rosmaster/build/robot_fusion/build/lib/robot_fusion
copying robot_fusion/fusion_node.py -> /home/sunrise/Rosmaster/build/robot_fusion/build/lib/robot_fusion
copying robot_fusion/__init__.py -> /home/sunrise/Rosmaster/build/robot_fusion/build/lib/robot_fusion
running install
running install_lib
creating /home/sunrise/Rosmaster/install/robot_fusion/lib/python3.10/site-packages/robot_fusion
copying /home/sunrise/Rosmaster/build/robot_fusion/build/lib/robot_fusion/fusion_node.py -> /home/sunrise/Rosmaster/install/robot_fusion/lib/python3.10/site-packages/robot_fusion
copying /home/sunrise/Rosmaster/build/robot_fusion/build/lib/robot_fusion/__init__.py -> /home/sunrise/Rosmaster/install/robot_fusion/lib/python3.10/site-packages/robot_fusion
byte-compiling /home/sunrise/Rosmaster/install/robot_fusion/lib/python3.10/site-packages/robot_fusion/fusion_node.py to fusion_node.cpython-310.pyc
byte-compiling /home/sunrise/Rosmaster/install/robot_fusion/lib/python3.10/site-packages/robot_fusion/__init__.py to __init__.cpython-310.pyc
running install_data
creating /home/sunrise/Rosmaster/install/robot_fusion/share/ament_index/resource_index/packages
copying resource/robot_fusion -> /home/sunrise/Rosmaster/install/robot_fusion/share/ament_index/resource_index/packages
copying package.xml -> /home/sunrise/Rosmaster/install/robot_fusion/share/robot_fusion
running install_egg_info
Copying ../../../build/robot_fusion/robot_fusion.egg-info to /home/sunrise/Rosmaster/install/robot_fusion/lib/python3.10/site-packages/robot_fusion-1.0.0-py3.10.egg-info
running install_scripts
Installing fusion_node script to /home/sunrise/Rosmaster/install/robot_fusion/lib/robot_fusion
writing list of installed files to '/home/sunrise/Rosmaster/build/robot_fusion/install.log'
