[13.202s] Invoking command in '/home/sunrise/Rosmaster/src/ROS2/robot_fusion': PYTHONPATH=/home/sunrise/Rosmaster/build/robot_fusion/prefix_override:/usr/lib/python3/dist-packages/colcon_core/task/python/colcon_distutils_commands:/home/sunrise/Rosmaster/install/robot_fusion/lib/python3.10/site-packages:${PYTHONPATH} /usr/bin/python3 -W ignore:setup.py install is deprecated -W ignore:easy_install command is deprecated setup.py egg_info --egg-base ../../../build/robot_fusion build --build-base /home/sunrise/Rosmaster/build/robot_fusion/build install --record /home/sunrise/Rosmaster/build/robot_fusion/install.log --install-scripts $base/lib/robot_fusion --single-version-externally-managed install_data
[14.537s] /usr/local/lib/python3.10/dist-packages/setuptools/dist.py:599: SetuptoolsDeprecationWarning: Invalid dash-separated key 'script-dir' in 'develop' (setup.cfg), please use the underscore name 'script_dir' instead.
[14.538s] !!
[14.539s] 
[14.540s]         ********************************************************************************
[14.541s]         Usage of dash-separated 'script-dir' will not be supported in future
[14.542s]         versions. Please use the underscore name 'script_dir' instead.
[14.543s] 
[14.543s]         This deprecation is overdue, please update your project and remove deprecated
[14.544s]         calls to avoid build errors in the future.
[14.545s] 
[14.546s]         See https://setuptools.pypa.io/en/latest/userguide/declarative_config.html for details.
[14.547s]         ********************************************************************************
[14.547s] 
[14.548s] !!
[14.549s]   opt = self._enforce_underscore(opt, section)
[14.659s] /usr/local/lib/python3.10/dist-packages/setuptools/_distutils/dist.py:289: UserWarning: Unknown distribution option: 'tests_require'
[14.659s]   warnings.warn(msg)
[14.886s] /usr/local/lib/python3.10/dist-packages/setuptools/dist.py:599: SetuptoolsDeprecationWarning: Invalid dash-separated key 'script-dir' in 'develop' (setup.cfg), please use the underscore name 'script_dir' instead.
[14.895s] !!
[14.896s] 
[14.898s]         ********************************************************************************
[14.899s]         Usage of dash-separated 'script-dir' will not be supported in future
[14.900s]         versions. Please use the underscore name 'script_dir' instead.
[14.900s]         (Affected: robot_fusion).
[14.901s] 
[14.901s]         This deprecation is overdue, please update your project and remove deprecated
[14.902s]         calls to avoid build errors in the future.
[14.902s] 
[14.903s]         See https://setuptools.pypa.io/en/latest/userguide/declarative_config.html for details.
[14.904s]         ********************************************************************************
[14.904s] 
[14.905s] !!
[14.905s]   opt = self._enforce_underscore(opt, section)
[15.341s] running egg_info
[15.443s] creating ../../../build/robot_fusion/robot_fusion.egg-info
[15.444s] writing ../../../build/robot_fusion/robot_fusion.egg-info/PKG-INFO
[15.447s] writing dependency_links to ../../../build/robot_fusion/robot_fusion.egg-info/dependency_links.txt
[15.449s] writing entry points to ../../../build/robot_fusion/robot_fusion.egg-info/entry_points.txt
[15.454s] writing requirements to ../../../build/robot_fusion/robot_fusion.egg-info/requires.txt
[15.454s] writing top-level names to ../../../build/robot_fusion/robot_fusion.egg-info/top_level.txt
[15.456s] writing manifest file '../../../build/robot_fusion/robot_fusion.egg-info/SOURCES.txt'
[15.703s] reading manifest file '../../../build/robot_fusion/robot_fusion.egg-info/SOURCES.txt'
[15.711s] writing manifest file '../../../build/robot_fusion/robot_fusion.egg-info/SOURCES.txt'
[15.712s] running build
[15.713s] running build_py
[15.714s] creating /home/sunrise/Rosmaster/build/robot_fusion/build/lib/robot_fusion
[15.715s] copying robot_fusion/fusion_node.py -> /home/sunrise/Rosmaster/build/robot_fusion/build/lib/robot_fusion
[15.722s] copying robot_fusion/__init__.py -> /home/sunrise/Rosmaster/build/robot_fusion/build/lib/robot_fusion
[15.724s] running install
[15.782s] running install_lib
[15.887s] creating /home/sunrise/Rosmaster/install/robot_fusion/lib/python3.10/site-packages/robot_fusion
[15.889s] copying /home/sunrise/Rosmaster/build/robot_fusion/build/lib/robot_fusion/fusion_node.py -> /home/sunrise/Rosmaster/install/robot_fusion/lib/python3.10/site-packages/robot_fusion
[15.890s] copying /home/sunrise/Rosmaster/build/robot_fusion/build/lib/robot_fusion/__init__.py -> /home/sunrise/Rosmaster/install/robot_fusion/lib/python3.10/site-packages/robot_fusion
[15.892s] byte-compiling /home/sunrise/Rosmaster/install/robot_fusion/lib/python3.10/site-packages/robot_fusion/fusion_node.py to fusion_node.cpython-310.pyc
[15.898s] byte-compiling /home/sunrise/Rosmaster/install/robot_fusion/lib/python3.10/site-packages/robot_fusion/__init__.py to __init__.cpython-310.pyc
[15.902s] running install_data
[15.902s] creating /home/sunrise/Rosmaster/install/robot_fusion/share/ament_index/resource_index/packages
[15.914s] copying resource/robot_fusion -> /home/sunrise/Rosmaster/install/robot_fusion/share/ament_index/resource_index/packages
[15.914s] copying package.xml -> /home/sunrise/Rosmaster/install/robot_fusion/share/robot_fusion
[15.915s] running install_egg_info
[16.055s] Copying ../../../build/robot_fusion/robot_fusion.egg-info to /home/sunrise/Rosmaster/install/robot_fusion/lib/python3.10/site-packages/robot_fusion-1.0.0-py3.10.egg-info
[16.064s] running install_scripts
[16.302s] Installing fusion_node script to /home/sunrise/Rosmaster/install/robot_fusion/lib/robot_fusion
[16.307s] writing list of installed files to '/home/sunrise/Rosmaster/build/robot_fusion/install.log'
[16.775s] Invoked command in '/home/sunrise/Rosmaster/src/ROS2/robot_fusion' returned '0': PYTHONPATH=/home/sunrise/Rosmaster/build/robot_fusion/prefix_override:/usr/lib/python3/dist-packages/colcon_core/task/python/colcon_distutils_commands:/home/sunrise/Rosmaster/install/robot_fusion/lib/python3.10/site-packages:${PYTHONPATH} /usr/bin/python3 -W ignore:setup.py install is deprecated -W ignore:easy_install command is deprecated setup.py egg_info --egg-base ../../../build/robot_fusion build --build-base /home/sunrise/Rosmaster/build/robot_fusion/build install --record /home/sunrise/Rosmaster/build/robot_fusion/install.log --install-scripts $base/lib/robot_fusion --single-version-externally-managed install_data
