[15.483s] Invoking command in '/home/sunrise/Rosmaster/src/ROS2/robot_vision': PYTHONPATH=/home/sunrise/Rosmaster/build/robot_vision/prefix_override:/usr/lib/python3/dist-packages/colcon_core/task/python/colcon_distutils_commands:/home/sunrise/Rosmaster/install/robot_vision/lib/python3.10/site-packages:${PYTHONPATH} /usr/bin/python3 -W ignore:setup.py install is deprecated -W ignore:easy_install command is deprecated setup.py egg_info --egg-base ../../../build/robot_vision build --build-base /home/sunrise/Rosmaster/build/robot_vision/build install --record /home/sunrise/Rosmaster/build/robot_vision/install.log --install-scripts $base/lib/robot_vision --single-version-externally-managed install_data
[16.955s] /usr/local/lib/python3.10/dist-packages/setuptools/dist.py:599: SetuptoolsDeprecationWarning: Invalid dash-separated key 'script-dir' in 'develop' (setup.cfg), please use the underscore name 'script_dir' instead.
[16.957s] !!
[16.958s] 
[16.959s]         ********************************************************************************
[16.961s]         Usage of dash-separated 'script-dir' will not be supported in future
[16.962s]         versions. Please use the underscore name 'script_dir' instead.
[16.963s] 
[16.965s]         This deprecation is overdue, please update your project and remove deprecated
[16.966s]         calls to avoid build errors in the future.
[16.967s] 
[16.969s]         See https://setuptools.pypa.io/en/latest/userguide/declarative_config.html for details.
[16.970s]         ********************************************************************************
[16.975s] 
[17.013s] !!
[17.013s]   opt = self._enforce_underscore(opt, section)
[17.205s] /usr/local/lib/python3.10/dist-packages/setuptools/_distutils/dist.py:289: UserWarning: Unknown distribution option: 'tests_require'
[17.207s]   warnings.warn(msg)
[17.534s] /usr/local/lib/python3.10/dist-packages/setuptools/dist.py:599: SetuptoolsDeprecationWarning: Invalid dash-separated key 'script-dir' in 'develop' (setup.cfg), please use the underscore name 'script_dir' instead.
[17.535s] !!
[17.535s] 
[17.536s]         ********************************************************************************
[17.537s]         Usage of dash-separated 'script-dir' will not be supported in future
[17.537s]         versions. Please use the underscore name 'script_dir' instead.
[17.538s]         (Affected: robot_vision).
[17.539s] 
[17.539s]         This deprecation is overdue, please update your project and remove deprecated
[17.540s]         calls to avoid build errors in the future.
[17.540s] 
[17.541s]         See https://setuptools.pypa.io/en/latest/userguide/declarative_config.html for details.
[17.542s]         ********************************************************************************
[17.542s] 
[17.543s] !!
[17.544s]   opt = self._enforce_underscore(opt, section)
[18.362s] running egg_info
[18.605s] writing ../../../build/robot_vision/robot_vision.egg-info/PKG-INFO
[18.618s] writing dependency_links to ../../../build/robot_vision/robot_vision.egg-info/dependency_links.txt
[18.633s] writing entry points to ../../../build/robot_vision/robot_vision.egg-info/entry_points.txt
[18.633s] writing requirements to ../../../build/robot_vision/robot_vision.egg-info/requires.txt
[18.640s] writing top-level names to ../../../build/robot_vision/robot_vision.egg-info/top_level.txt
[19.015s] reading manifest file '../../../build/robot_vision/robot_vision.egg-info/SOURCES.txt'
[19.062s] writing manifest file '../../../build/robot_vision/robot_vision.egg-info/SOURCES.txt'
[19.075s] running build
[19.078s] running build_py
[19.080s] copying robot_vision/vision_node.py -> /home/sunrise/Rosmaster/build/robot_vision/build/lib/robot_vision
[19.083s] copying robot_vision/__init__.py -> /home/sunrise/Rosmaster/build/robot_vision/build/lib/robot_vision
[19.084s] copying robot_vision/finalest-inference.py -> /home/sunrise/Rosmaster/build/robot_vision/build/lib/robot_vision
[19.097s] running install
[19.137s] running install_lib
[19.286s] copying /home/sunrise/Rosmaster/build/robot_vision/build/lib/robot_vision/vision_node.py -> /home/sunrise/Rosmaster/install/robot_vision/lib/python3.10/site-packages/robot_vision
[19.291s] byte-compiling /home/sunrise/Rosmaster/install/robot_vision/lib/python3.10/site-packages/robot_vision/vision_node.py to vision_node.cpython-310.pyc
[19.312s] running install_data
[19.318s] copying resource/robot_vision -> /home/sunrise/Rosmaster/install/robot_vision/share/ament_index/resource_index/packages
[19.327s] copying package.xml -> /home/sunrise/Rosmaster/install/robot_vision/share/robot_vision
[19.328s] copying dataset_left/2-3.png -> /home/sunrise/Rosmaster/install/robot_vision/share/robot_vision/dataset_left
[19.336s] copying dataset_left/3-5.png -> /home/sunrise/Rosmaster/install/robot_vision/share/robot_vision/dataset_left
[19.338s] copying dataset_left/1-5.png -> /home/sunrise/Rosmaster/install/robot_vision/share/robot_vision/dataset_left
[19.355s] copying dataset_left/4-4.png -> /home/sunrise/Rosmaster/install/robot_vision/share/robot_vision/dataset_left
[19.363s] copying dataset_left/3-1.png -> /home/sunrise/Rosmaster/install/robot_vision/share/robot_vision/dataset_left
[19.364s] copying dataset_left/4-2.png -> /home/sunrise/Rosmaster/install/robot_vision/share/robot_vision/dataset_left
[19.365s] copying dataset_left/4-3.png -> /home/sunrise/Rosmaster/install/robot_vision/share/robot_vision/dataset_left
[19.368s] copying dataset_left/1-2.png -> /home/sunrise/Rosmaster/install/robot_vision/share/robot_vision/dataset_left
[19.369s] copying dataset_left/3-2.png -> /home/sunrise/Rosmaster/install/robot_vision/share/robot_vision/dataset_left
[19.373s] copying dataset_left/2-4.png -> /home/sunrise/Rosmaster/install/robot_vision/share/robot_vision/dataset_left
[19.373s] copying dataset_left/5-3.png -> /home/sunrise/Rosmaster/install/robot_vision/share/robot_vision/dataset_left
[19.374s] copying dataset_left/2-1.png -> /home/sunrise/Rosmaster/install/robot_vision/share/robot_vision/dataset_left
[19.375s] copying dataset_left/5-1.png -> /home/sunrise/Rosmaster/install/robot_vision/share/robot_vision/dataset_left
[19.376s] copying dataset_left/4-1.png -> /home/sunrise/Rosmaster/install/robot_vision/share/robot_vision/dataset_left
[19.377s] copying dataset_left/1-4.png -> /home/sunrise/Rosmaster/install/robot_vision/share/robot_vision/dataset_left
[19.378s] copying dataset_left/5-2.png -> /home/sunrise/Rosmaster/install/robot_vision/share/robot_vision/dataset_left
[19.378s] copying dataset_left/4-5.png -> /home/sunrise/Rosmaster/install/robot_vision/share/robot_vision/dataset_left
[19.379s] copying dataset_left/2-5.png -> /home/sunrise/Rosmaster/install/robot_vision/share/robot_vision/dataset_left
[19.380s] copying dataset_left/2-2.png -> /home/sunrise/Rosmaster/install/robot_vision/share/robot_vision/dataset_left
[19.381s] copying dataset_left/3-3.png -> /home/sunrise/Rosmaster/install/robot_vision/share/robot_vision/dataset_left
[19.382s] copying dataset_left/1-3.png -> /home/sunrise/Rosmaster/install/robot_vision/share/robot_vision/dataset_left
[19.382s] copying dataset_left/5-4.png -> /home/sunrise/Rosmaster/install/robot_vision/share/robot_vision/dataset_left
[19.383s] copying dataset_left/1-1.png -> /home/sunrise/Rosmaster/install/robot_vision/share/robot_vision/dataset_left
[19.384s] copying dataset_left/3-4.png -> /home/sunrise/Rosmaster/install/robot_vision/share/robot_vision/dataset_left
[19.385s] copying dataset_right/2-3.png -> /home/sunrise/Rosmaster/install/robot_vision/share/robot_vision/dataset_right
[19.386s] copying dataset_right/3-5.png -> /home/sunrise/Rosmaster/install/robot_vision/share/robot_vision/dataset_right
[19.386s] copying dataset_right/1-5.png -> /home/sunrise/Rosmaster/install/robot_vision/share/robot_vision/dataset_right
[19.387s] copying dataset_right/4-4.png -> /home/sunrise/Rosmaster/install/robot_vision/share/robot_vision/dataset_right
[19.392s] copying dataset_right/5-5.png -> /home/sunrise/Rosmaster/install/robot_vision/share/robot_vision/dataset_right
[19.392s] copying dataset_right/3-1.png -> /home/sunrise/Rosmaster/install/robot_vision/share/robot_vision/dataset_right
[19.420s] copying dataset_right/4-2.png -> /home/sunrise/Rosmaster/install/robot_vision/share/robot_vision/dataset_right
[19.421s] copying dataset_right/4-3.png -> /home/sunrise/Rosmaster/install/robot_vision/share/robot_vision/dataset_right
[19.421s] copying dataset_right/1-2.png -> /home/sunrise/Rosmaster/install/robot_vision/share/robot_vision/dataset_right
[19.422s] copying dataset_right/3-2.png -> /home/sunrise/Rosmaster/install/robot_vision/share/robot_vision/dataset_right
[19.423s] copying dataset_right/2-4.png -> /home/sunrise/Rosmaster/install/robot_vision/share/robot_vision/dataset_right
[19.424s] copying dataset_right/5-3.png -> /home/sunrise/Rosmaster/install/robot_vision/share/robot_vision/dataset_right
[19.424s] copying dataset_right/2-1.png -> /home/sunrise/Rosmaster/install/robot_vision/share/robot_vision/dataset_right
[19.433s] copying dataset_right/5-1.png -> /home/sunrise/Rosmaster/install/robot_vision/share/robot_vision/dataset_right
[19.434s] copying dataset_right/4-1.png -> /home/sunrise/Rosmaster/install/robot_vision/share/robot_vision/dataset_right
[19.435s] copying dataset_right/1-4.png -> /home/sunrise/Rosmaster/install/robot_vision/share/robot_vision/dataset_right
[19.436s] copying dataset_right/5-2.png -> /home/sunrise/Rosmaster/install/robot_vision/share/robot_vision/dataset_right
[19.437s] copying dataset_right/4-5.png -> /home/sunrise/Rosmaster/install/robot_vision/share/robot_vision/dataset_right
[19.437s] copying dataset_right/2-5.png -> /home/sunrise/Rosmaster/install/robot_vision/share/robot_vision/dataset_right
[19.438s] copying dataset_right/2-2.png -> /home/sunrise/Rosmaster/install/robot_vision/share/robot_vision/dataset_right
[19.439s] copying dataset_right/3-3.png -> /home/sunrise/Rosmaster/install/robot_vision/share/robot_vision/dataset_right
[19.439s] copying dataset_right/1-3.png -> /home/sunrise/Rosmaster/install/robot_vision/share/robot_vision/dataset_right
[19.440s] copying dataset_right/5-4.png -> /home/sunrise/Rosmaster/install/robot_vision/share/robot_vision/dataset_right
[19.453s] copying dataset_right/1-1.png -> /home/sunrise/Rosmaster/install/robot_vision/share/robot_vision/dataset_right
[19.454s] copying dataset_right/3-4.png -> /home/sunrise/Rosmaster/install/robot_vision/share/robot_vision/dataset_right
[19.455s] copying config/right_camera_params.json -> /home/sunrise/Rosmaster/install/robot_vision/share/robot_vision/config
[19.456s] copying config/visison_params.yaml -> /home/sunrise/Rosmaster/install/robot_vision/share/robot_vision/config
[19.471s] copying config/left_camera_params.json -> /home/sunrise/Rosmaster/install/robot_vision/share/robot_vision/config
[19.476s] running install_egg_info
[19.647s] removing '/home/sunrise/Rosmaster/install/robot_vision/lib/python3.10/site-packages/robot_vision-1.0.0-py3.10.egg-info' (and everything under it)
[19.653s] Copying ../../../build/robot_vision/robot_vision.egg-info to /home/sunrise/Rosmaster/install/robot_vision/lib/python3.10/site-packages/robot_vision-1.0.0-py3.10.egg-info
[19.668s] running install_scripts
[19.993s] Installing vision_node script to /home/sunrise/Rosmaster/install/robot_vision/lib/robot_vision
[19.994s] writing list of installed files to '/home/sunrise/Rosmaster/build/robot_vision/install.log'
[20.286s] Invoked command in '/home/sunrise/Rosmaster/src/ROS2/robot_vision' returned '0': PYTHONPATH=/home/sunrise/Rosmaster/build/robot_vision/prefix_override:/usr/lib/python3/dist-packages/colcon_core/task/python/colcon_distutils_commands:/home/sunrise/Rosmaster/install/robot_vision/lib/python3.10/site-packages:${PYTHONPATH} /usr/bin/python3 -W ignore:setup.py install is deprecated -W ignore:easy_install command is deprecated setup.py egg_info --egg-base ../../../build/robot_vision build --build-base /home/sunrise/Rosmaster/build/robot_vision/build install --record /home/sunrise/Rosmaster/build/robot_vision/install.log --install-scripts $base/lib/robot_vision --single-version-externally-managed install_data
