[4.446s] Invoking command in '/home/sunrise/Rosmaster/src/ROS2/robot_bringup': AMENT_PREFIX_PATH=/home/sunrise/Rosmaster/install/robot_protocol:/home/sunrise/Rosmaster/install/robot_link:/home/sunrise/Rosmaster/install/robot_control:${AMENT_PREFIX_PATH} PYTHONPATH=/home/sunrise/Rosmaster/build/robot_bringup/prefix_override:/usr/lib/python3/dist-packages/colcon_core/task/python/colcon_distutils_commands:/home/sunrise/Rosmaster/install/robot_bringup/lib/python3.10/site-packages:/home/sunrise/Rosmaster/install/robot_protocol/lib/python3.10/site-packages:/home/sunrise/Rosmaster/install/robot_link/lib/python3.10/site-packages:/home/sunrise/Rosmaster/install/robot_control/lib/python3.10/site-packages:${PYTHONPATH} /usr/bin/python3 -W ignore:setup.py install is deprecated -W ignore:easy_install command is deprecated setup.py egg_info --egg-base ../../../build/robot_bringup build --build-base /home/sunrise/Rosmaster/build/robot_bringup/build install --record /home/sunrise/Rosmaster/build/robot_bringup/install.log --install-scripts $base/lib/robot_bringup --single-version-externally-managed install_data
[5.353s] /usr/local/lib/python3.10/dist-packages/setuptools/dist.py:599: SetuptoolsDeprecationWarning: Invalid dash-separated key 'script-dir' in 'develop' (setup.cfg), please use the underscore name 'script_dir' instead.
[5.354s] !!
[5.354s] 
[5.355s]         ********************************************************************************
[5.355s]         Usage of dash-separated 'script-dir' will not be supported in future
[5.356s]         versions. Please use the underscore name 'script_dir' instead.
[5.357s] 
[5.357s]         This deprecation is overdue, please update your project and remove deprecated
[5.358s]         calls to avoid build errors in the future.
[5.358s] 
[5.359s]         See https://setuptools.pypa.io/en/latest/userguide/declarative_config.html for details.
[5.359s]         ********************************************************************************
[5.360s] 
[5.360s] !!
[5.361s]   opt = self._enforce_underscore(opt, section)
[5.464s] /usr/local/lib/python3.10/dist-packages/setuptools/_distutils/dist.py:289: UserWarning: Unknown distribution option: 'tests_require'
[5.464s]   warnings.warn(msg)
[5.681s] /usr/local/lib/python3.10/dist-packages/setuptools/dist.py:599: SetuptoolsDeprecationWarning: Invalid dash-separated key 'script-dir' in 'develop' (setup.cfg), please use the underscore name 'script_dir' instead.
[5.682s] !!
[5.683s] 
[5.684s]         ********************************************************************************
[5.684s]         Usage of dash-separated 'script-dir' will not be supported in future
[5.685s]         versions. Please use the underscore name 'script_dir' instead.
[5.686s]         (Affected: robot_bringup).
[5.686s] 
[5.687s]         This deprecation is overdue, please update your project and remove deprecated
[5.688s]         calls to avoid build errors in the future.
[5.688s] 
[5.689s]         See https://setuptools.pypa.io/en/latest/userguide/declarative_config.html for details.
[5.690s]         ********************************************************************************
[5.690s] 
[5.691s] !!
[5.692s]   opt = self._enforce_underscore(opt, section)
[6.129s] running egg_info
[6.223s] writing ../../../build/robot_bringup/robot_bringup.egg-info/PKG-INFO
[6.226s] writing dependency_links to ../../../build/robot_bringup/robot_bringup.egg-info/dependency_links.txt
[6.227s] writing requirements to ../../../build/robot_bringup/robot_bringup.egg-info/requires.txt
[6.228s] writing top-level names to ../../../build/robot_bringup/robot_bringup.egg-info/top_level.txt
[6.445s] reading manifest file '../../../build/robot_bringup/robot_bringup.egg-info/SOURCES.txt'
[6.455s] writing manifest file '../../../build/robot_bringup/robot_bringup.egg-info/SOURCES.txt'
[6.456s] running build
[6.456s] running build_py
[6.458s] copying robot_bringup/__init__.py -> /home/sunrise/Rosmaster/build/robot_bringup/build/lib/robot_bringup
[6.459s] running install
[6.492s] running install_lib
[6.590s] running install_data
[6.592s] copying resource/robot_bringup -> /home/sunrise/Rosmaster/install/robot_bringup/share/ament_index/resource_index/packages
[6.594s] copying package.xml -> /home/sunrise/Rosmaster/install/robot_bringup/share/robot_bringup
[6.596s] copying launch/hardware_launch.py -> /home/sunrise/Rosmaster/install/robot_bringup/share/robot_bringup/launch
[6.596s] running install_egg_info
[6.714s] removing '/home/sunrise/Rosmaster/install/robot_bringup/lib/python3.10/site-packages/robot_bringup-1.0.0-py3.10.egg-info' (and everything under it)
[6.716s] Copying ../../../build/robot_bringup/robot_bringup.egg-info to /home/sunrise/Rosmaster/install/robot_bringup/lib/python3.10/site-packages/robot_bringup-1.0.0-py3.10.egg-info
[6.722s] running install_scripts
[6.966s] writing list of installed files to '/home/sunrise/Rosmaster/build/robot_bringup/install.log'
[7.196s] Invoked command in '/home/sunrise/Rosmaster/src/ROS2/robot_bringup' returned '0': AMENT_PREFIX_PATH=/home/sunrise/Rosmaster/install/robot_protocol:/home/sunrise/Rosmaster/install/robot_link:/home/sunrise/Rosmaster/install/robot_control:${AMENT_PREFIX_PATH} PYTHONPATH=/home/sunrise/Rosmaster/build/robot_bringup/prefix_override:/usr/lib/python3/dist-packages/colcon_core/task/python/colcon_distutils_commands:/home/sunrise/Rosmaster/install/robot_bringup/lib/python3.10/site-packages:/home/sunrise/Rosmaster/install/robot_protocol/lib/python3.10/site-packages:/home/sunrise/Rosmaster/install/robot_link/lib/python3.10/site-packages:/home/sunrise/Rosmaster/install/robot_control/lib/python3.10/site-packages:${PYTHONPATH} /usr/bin/python3 -W ignore:setup.py install is deprecated -W ignore:easy_install command is deprecated setup.py egg_info --egg-base ../../../build/robot_bringup build --build-base /home/sunrise/Rosmaster/build/robot_bringup/build install --record /home/sunrise/Rosmaster/build/robot_bringup/install.log --install-scripts $base/lib/robot_bringup --single-version-externally-managed install_data
