[14.774s] Invoking command in '/home/sunrise/Rosmaster/src/ROS2/robot_protocol': PYTHONPATH=/home/sunrise/Rosmaster/build/robot_protocol/prefix_override:/usr/lib/python3/dist-packages/colcon_core/task/python/colcon_distutils_commands:/home/sunrise/Rosmaster/install/robot_protocol/lib/python3.10/site-packages:${PYTHONPATH} /usr/bin/python3 -W ignore:setup.py install is deprecated -W ignore:easy_install command is deprecated setup.py egg_info --egg-base ../../../build/robot_protocol build --build-base /home/sunrise/Rosmaster/build/robot_protocol/build install --record /home/sunrise/Rosmaster/build/robot_protocol/install.log --install-scripts $base/lib/robot_protocol --single-version-externally-managed install_data
[15.903s] /usr/local/lib/python3.10/dist-packages/setuptools/dist.py:599: SetuptoolsDeprecationWarning: Invalid dash-separated key 'script-dir' in 'develop' (setup.cfg), please use the underscore name 'script_dir' instead.
[15.903s] !!
[15.904s] 
[15.905s]         ********************************************************************************
[15.905s]         Usage of dash-separated 'script-dir' will not be supported in future
[15.906s]         versions. Please use the underscore name 'script_dir' instead.
[15.911s] 
[15.911s]         This deprecation is overdue, please update your project and remove deprecated
[15.916s]         calls to avoid build errors in the future.
[15.917s] 
[15.918s]         See https://setuptools.pypa.io/en/latest/userguide/declarative_config.html for details.
[15.918s]         ********************************************************************************
[15.919s] 
[15.920s] !!
[15.920s]   opt = self._enforce_underscore(opt, section)
[16.046s] /usr/local/lib/python3.10/dist-packages/setuptools/_distutils/dist.py:289: UserWarning: Unknown distribution option: 'tests_require'
[16.047s]   warnings.warn(msg)
[16.313s] /usr/local/lib/python3.10/dist-packages/setuptools/dist.py:599: SetuptoolsDeprecationWarning: Invalid dash-separated key 'script-dir' in 'develop' (setup.cfg), please use the underscore name 'script_dir' instead.
[16.321s] !!
[16.322s] 
[16.323s]         ********************************************************************************
[16.324s]         Usage of dash-separated 'script-dir' will not be supported in future
[16.324s]         versions. Please use the underscore name 'script_dir' instead.
[16.325s]         (Affected: robot_protocol).
[16.326s] 
[16.326s]         This deprecation is overdue, please update your project and remove deprecated
[16.327s]         calls to avoid build errors in the future.
[16.331s] 
[16.332s]         See https://setuptools.pypa.io/en/latest/userguide/declarative_config.html for details.
[16.333s]         ********************************************************************************
[16.333s] 
[16.334s] !!
[16.335s]   opt = self._enforce_underscore(opt, section)
[16.867s] running egg_info
[16.998s] writing ../../../build/robot_protocol/robot_protocol.egg-info/PKG-INFO
[17.002s] writing dependency_links to ../../../build/robot_protocol/robot_protocol.egg-info/dependency_links.txt
[17.006s] writing entry points to ../../../build/robot_protocol/robot_protocol.egg-info/entry_points.txt
[17.008s] writing requirements to ../../../build/robot_protocol/robot_protocol.egg-info/requires.txt
[17.009s] writing top-level names to ../../../build/robot_protocol/robot_protocol.egg-info/top_level.txt
[17.307s] reading manifest file '../../../build/robot_protocol/robot_protocol.egg-info/SOURCES.txt'
[17.320s] writing manifest file '../../../build/robot_protocol/robot_protocol.egg-info/SOURCES.txt'
[17.326s] running build
[17.328s] running build_py
[17.329s] copying robot_protocol/protocol_pack_node.py -> /home/sunrise/Rosmaster/build/robot_protocol/build/lib/robot_protocol
[17.330s] copying robot_protocol/protocol_node.py -> /home/sunrise/Rosmaster/build/robot_protocol/build/lib/robot_protocol
[17.332s] copying robot_protocol/__init__.py -> /home/sunrise/Rosmaster/build/robot_protocol/build/lib/robot_protocol
[17.333s] running install
[17.371s] running install_lib
[17.508s] running install_data
[17.510s] copying resource/robot_protocol -> /home/sunrise/Rosmaster/install/robot_protocol/share/ament_index/resource_index/packages
[17.512s] copying package.xml -> /home/sunrise/Rosmaster/install/robot_protocol/share/robot_protocol
[17.512s] running install_egg_info
[17.659s] removing '/home/sunrise/Rosmaster/install/robot_protocol/lib/python3.10/site-packages/robot_protocol-1.0.0-py3.10.egg-info' (and everything under it)
[17.661s] Copying ../../../build/robot_protocol/robot_protocol.egg-info to /home/sunrise/Rosmaster/install/robot_protocol/lib/python3.10/site-packages/robot_protocol-1.0.0-py3.10.egg-info
[17.672s] running install_scripts
[17.982s] Installing protocol_node script to /home/sunrise/Rosmaster/install/robot_protocol/lib/robot_protocol
[17.983s] Installing protocol_pack_node script to /home/sunrise/Rosmaster/install/robot_protocol/lib/robot_protocol
[17.987s] writing list of installed files to '/home/sunrise/Rosmaster/build/robot_protocol/install.log'
[18.455s] Invoked command in '/home/sunrise/Rosmaster/src/ROS2/robot_protocol' returned '0': PYTHONPATH=/home/sunrise/Rosmaster/build/robot_protocol/prefix_override:/usr/lib/python3/dist-packages/colcon_core/task/python/colcon_distutils_commands:/home/sunrise/Rosmaster/install/robot_protocol/lib/python3.10/site-packages:${PYTHONPATH} /usr/bin/python3 -W ignore:setup.py install is deprecated -W ignore:easy_install command is deprecated setup.py egg_info --egg-base ../../../build/robot_protocol build --build-base /home/sunrise/Rosmaster/build/robot_protocol/build install --record /home/sunrise/Rosmaster/build/robot_protocol/install.log --install-scripts $base/lib/robot_protocol --single-version-externally-managed install_data
