[13.123s] Invoking command in '/home/sunrise/Rosmaster/src/ROS2/robot_protocol': PYTHONPATH=/home/sunrise/Rosmaster/build/robot_protocol/prefix_override:/usr/lib/python3/dist-packages/colcon_core/task/python/colcon_distutils_commands:/home/sunrise/Rosmaster/install/robot_protocol/lib/python3.10/site-packages:${PYTHONPATH} /usr/bin/python3 -W ignore:setup.py install is deprecated -W ignore:easy_install command is deprecated setup.py egg_info --egg-base ../../../build/robot_protocol build --build-base /home/sunrise/Rosmaster/build/robot_protocol/build install --record /home/sunrise/Rosmaster/build/robot_protocol/install.log --install-scripts $base/lib/robot_protocol --single-version-externally-managed install_data
[14.452s] /usr/local/lib/python3.10/dist-packages/setuptools/dist.py:599: SetuptoolsDeprecationWarning: Invalid dash-separated key 'script-dir' in 'develop' (setup.cfg), please use the underscore name 'script_dir' instead.
[14.453s] !!
[14.454s] 
[14.455s]         ********************************************************************************
[14.455s]         Usage of dash-separated 'script-dir' will not be supported in future
[14.456s]         versions. Please use the underscore name 'script_dir' instead.
[14.456s] 
[14.457s]         This deprecation is overdue, please update your project and remove deprecated
[14.458s]         calls to avoid build errors in the future.
[14.458s] 
[14.459s]         See https://setuptools.pypa.io/en/latest/userguide/declarative_config.html for details.
[14.460s]         ********************************************************************************
[14.462s] 
[14.463s] !!
[14.464s]   opt = self._enforce_underscore(opt, section)
[14.621s] /usr/local/lib/python3.10/dist-packages/setuptools/_distutils/dist.py:289: UserWarning: Unknown distribution option: 'tests_require'
[14.622s]   warnings.warn(msg)
[14.873s] /usr/local/lib/python3.10/dist-packages/setuptools/dist.py:599: SetuptoolsDeprecationWarning: Invalid dash-separated key 'script-dir' in 'develop' (setup.cfg), please use the underscore name 'script_dir' instead.
[14.874s] !!
[14.875s] 
[14.875s]         ********************************************************************************
[14.876s]         Usage of dash-separated 'script-dir' will not be supported in future
[14.877s]         versions. Please use the underscore name 'script_dir' instead.
[14.878s]         (Affected: robot_protocol).
[14.878s] 
[14.879s]         This deprecation is overdue, please update your project and remove deprecated
[14.880s]         calls to avoid build errors in the future.
[14.880s] 
[14.881s]         See https://setuptools.pypa.io/en/latest/userguide/declarative_config.html for details.
[14.882s]         ********************************************************************************
[14.882s] 
[14.883s] !!
[14.884s]   opt = self._enforce_underscore(opt, section)
[15.331s] running egg_info
[15.438s] creating ../../../build/robot_protocol/robot_protocol.egg-info
[15.440s] writing ../../../build/robot_protocol/robot_protocol.egg-info/PKG-INFO
[15.444s] writing dependency_links to ../../../build/robot_protocol/robot_protocol.egg-info/dependency_links.txt
[15.446s] writing entry points to ../../../build/robot_protocol/robot_protocol.egg-info/entry_points.txt
[15.449s] writing requirements to ../../../build/robot_protocol/robot_protocol.egg-info/requires.txt
[15.450s] writing top-level names to ../../../build/robot_protocol/robot_protocol.egg-info/top_level.txt
[15.452s] writing manifest file '../../../build/robot_protocol/robot_protocol.egg-info/SOURCES.txt'
[15.707s] reading manifest file '../../../build/robot_protocol/robot_protocol.egg-info/SOURCES.txt'
[15.716s] writing manifest file '../../../build/robot_protocol/robot_protocol.egg-info/SOURCES.txt'
[15.719s] running build
[15.721s] running build_py
[15.726s] creating /home/sunrise/Rosmaster/build/robot_protocol/build/lib/robot_protocol
[15.727s] copying robot_protocol/protocol_pack_node.py -> /home/sunrise/Rosmaster/build/robot_protocol/build/lib/robot_protocol
[15.728s] copying robot_protocol/protocol_node.py -> /home/sunrise/Rosmaster/build/robot_protocol/build/lib/robot_protocol
[15.729s] copying robot_protocol/__init__.py -> /home/sunrise/Rosmaster/build/robot_protocol/build/lib/robot_protocol
[15.731s] running install
[15.776s] running install_lib
[15.890s] creating /home/sunrise/Rosmaster/install/robot_protocol/lib/python3.10/site-packages/robot_protocol
[15.891s] copying /home/sunrise/Rosmaster/build/robot_protocol/build/lib/robot_protocol/protocol_pack_node.py -> /home/sunrise/Rosmaster/install/robot_protocol/lib/python3.10/site-packages/robot_protocol
[15.891s] copying /home/sunrise/Rosmaster/build/robot_protocol/build/lib/robot_protocol/protocol_node.py -> /home/sunrise/Rosmaster/install/robot_protocol/lib/python3.10/site-packages/robot_protocol
[15.892s] copying /home/sunrise/Rosmaster/build/robot_protocol/build/lib/robot_protocol/__init__.py -> /home/sunrise/Rosmaster/install/robot_protocol/lib/python3.10/site-packages/robot_protocol
[15.899s] byte-compiling /home/sunrise/Rosmaster/install/robot_protocol/lib/python3.10/site-packages/robot_protocol/protocol_pack_node.py to protocol_pack_node.cpython-310.pyc
[15.906s] byte-compiling /home/sunrise/Rosmaster/install/robot_protocol/lib/python3.10/site-packages/robot_protocol/protocol_node.py to protocol_node.cpython-310.pyc
[15.922s] byte-compiling /home/sunrise/Rosmaster/install/robot_protocol/lib/python3.10/site-packages/robot_protocol/__init__.py to __init__.cpython-310.pyc
[15.923s] running install_data
[15.926s] creating /home/sunrise/Rosmaster/install/robot_protocol/share/ament_index/resource_index/packages
[15.927s] copying resource/robot_protocol -> /home/sunrise/Rosmaster/install/robot_protocol/share/ament_index/resource_index/packages
[15.928s] copying package.xml -> /home/sunrise/Rosmaster/install/robot_protocol/share/robot_protocol
[15.929s] running install_egg_info
[16.075s] Copying ../../../build/robot_protocol/robot_protocol.egg-info to /home/sunrise/Rosmaster/install/robot_protocol/lib/python3.10/site-packages/robot_protocol-1.0.0-py3.10.egg-info
[16.083s] running install_scripts
[16.337s] Installing protocol_node script to /home/sunrise/Rosmaster/install/robot_protocol/lib/robot_protocol
[16.341s] writing list of installed files to '/home/sunrise/Rosmaster/build/robot_protocol/install.log'
[16.786s] Invoked command in '/home/sunrise/Rosmaster/src/ROS2/robot_protocol' returned '0': PYTHONPATH=/home/sunrise/Rosmaster/build/robot_protocol/prefix_override:/usr/lib/python3/dist-packages/colcon_core/task/python/colcon_distutils_commands:/home/sunrise/Rosmaster/install/robot_protocol/lib/python3.10/site-packages:${PYTHONPATH} /usr/bin/python3 -W ignore:setup.py install is deprecated -W ignore:easy_install command is deprecated setup.py egg_info --egg-base ../../../build/robot_protocol build --build-base /home/sunrise/Rosmaster/build/robot_protocol/build install --record /home/sunrise/Rosmaster/build/robot_protocol/install.log --install-scripts $base/lib/robot_protocol --single-version-externally-managed install_data
