[4.644s] Invoking command in '/home/sunrise/Rosmaster/src/ROS2/robot_bringup': AMENT_PREFIX_PATH=/home/sunrise/Rosmaster/install/robot_protocol:/home/sunrise/Rosmaster/install/robot_link:/home/sunrise/Rosmaster/install/robot_control:/home/sunrise/Rosmaster/install/robot_vision:/home/sunrise/Rosmaster/install/robot_bringup:/home/sunrise/Rosmaster/install/robot_fusion:/home/sunrise/Rosmaster/install/robot_brain:/opt/ros/humble PYTHONPATH=/home/sunrise/Rosmaster/build/robot_bringup/prefix_override:/usr/lib/python3/dist-packages/colcon_core/task/python/colcon_distutils_commands:/home/sunrise/Rosmaster/install/robot_bringup/lib/python3.10/site-packages:/home/sunrise/Rosmaster/install/robot_protocol/lib/python3.10/site-packages:/home/sunrise/Rosmaster/install/robot_link/lib/python3.10/site-packages:/home/sunrise/Rosmaster/install/robot_control/lib/python3.10/site-packages:/home/sunrise/Rosmaster/install/robot_vision/lib/python3.10/site-packages:/home/sunrise/Rosmaster/install/robot_bringup/lib/python3.10/site-packages:/home/sunrise/Rosmaster/install/robot_fusion/lib/python3.10/site-packages:/home/sunrise/Rosmaster/install/robot_brain/lib/python3.10/site-packages:/opt/ros/humble/lib/python3.10/site-packages:/opt/ros/humble/local/lib/python3.10/dist-packages /usr/bin/python3 -W ignore:setup.py install is deprecated -W ignore:easy_install command is deprecated setup.py egg_info --egg-base ../../../build/robot_bringup build --build-base /home/sunrise/Rosmaster/build/robot_bringup/build install --record /home/sunrise/Rosmaster/build/robot_bringup/install.log --install-scripts $base/lib/robot_bringup --single-version-externally-managed install_data
[5.623s] /usr/local/lib/python3.10/dist-packages/setuptools/dist.py:599: SetuptoolsDeprecationWarning: Invalid dash-separated key 'script-dir' in 'develop' (setup.cfg), please use the underscore name 'script_dir' instead.
[5.623s] !!
[5.624s] 
[5.624s]         ********************************************************************************
[5.625s]         Usage of dash-separated 'script-dir' will not be supported in future
[5.625s]         versions. Please use the underscore name 'script_dir' instead.
[5.626s] 
[5.626s]         This deprecation is overdue, please update your project and remove deprecated
[5.627s]         calls to avoid build errors in the future.
[5.627s] 
[5.628s]         See https://setuptools.pypa.io/en/latest/userguide/declarative_config.html for details.
[5.628s]         ********************************************************************************
[5.629s] 
[5.629s] !!
[5.629s]   opt = self._enforce_underscore(opt, section)
[5.724s] /usr/local/lib/python3.10/dist-packages/setuptools/_distutils/dist.py:289: UserWarning: Unknown distribution option: 'tests_require'
[5.724s]   warnings.warn(msg)
[5.978s] /usr/local/lib/python3.10/dist-packages/setuptools/dist.py:599: SetuptoolsDeprecationWarning: Invalid dash-separated key 'script-dir' in 'develop' (setup.cfg), please use the underscore name 'script_dir' instead.
[5.979s] !!
[5.980s] 
[5.981s]         ********************************************************************************
[5.981s]         Usage of dash-separated 'script-dir' will not be supported in future
[5.982s]         versions. Please use the underscore name 'script_dir' instead.
[5.983s]         (Affected: robot_bringup).
[5.983s] 
[5.984s]         This deprecation is overdue, please update your project and remove deprecated
[5.984s]         calls to avoid build errors in the future.
[5.985s] 
[5.986s]         See https://setuptools.pypa.io/en/latest/userguide/declarative_config.html for details.
[5.986s]         ********************************************************************************
[5.987s] 
[5.988s] !!
[5.990s]   opt = self._enforce_underscore(opt, section)
[6.460s] running egg_info
[6.564s] creating ../../../build/robot_bringup/robot_bringup.egg-info
[6.565s] writing ../../../build/robot_bringup/robot_bringup.egg-info/PKG-INFO
[6.568s] writing dependency_links to ../../../build/robot_bringup/robot_bringup.egg-info/dependency_links.txt
[6.571s] writing requirements to ../../../build/robot_bringup/robot_bringup.egg-info/requires.txt
[6.572s] writing top-level names to ../../../build/robot_bringup/robot_bringup.egg-info/top_level.txt
[6.573s] writing manifest file '../../../build/robot_bringup/robot_bringup.egg-info/SOURCES.txt'
[6.796s] reading manifest file '../../../build/robot_bringup/robot_bringup.egg-info/SOURCES.txt'
[6.804s] writing manifest file '../../../build/robot_bringup/robot_bringup.egg-info/SOURCES.txt'
[6.805s] running build
[6.806s] running build_py
[6.807s] creating /home/sunrise/Rosmaster/build/robot_bringup/build/lib/robot_bringup
[6.808s] copying robot_bringup/__init__.py -> /home/sunrise/Rosmaster/build/robot_bringup/build/lib/robot_bringup
[6.810s] running install
[6.850s] running install_lib
[6.956s] creating /home/sunrise/Rosmaster/install/robot_bringup/lib/python3.10/site-packages/robot_bringup
[6.957s] copying /home/sunrise/Rosmaster/build/robot_bringup/build/lib/robot_bringup/__init__.py -> /home/sunrise/Rosmaster/install/robot_bringup/lib/python3.10/site-packages/robot_bringup
[6.961s] byte-compiling /home/sunrise/Rosmaster/install/robot_bringup/lib/python3.10/site-packages/robot_bringup/__init__.py to __init__.cpython-310.pyc
[6.966s] running install_data
[6.967s] creating /home/sunrise/Rosmaster/install/robot_bringup/share/ament_index/resource_index/packages
[6.968s] copying resource/robot_bringup -> /home/sunrise/Rosmaster/install/robot_bringup/share/ament_index/resource_index/packages
[6.969s] copying package.xml -> /home/sunrise/Rosmaster/install/robot_bringup/share/robot_bringup
[6.971s] creating /home/sunrise/Rosmaster/install/robot_bringup/share/robot_bringup/launch
[6.972s] copying launch/hardware_launch.py -> /home/sunrise/Rosmaster/install/robot_bringup/share/robot_bringup/launch
[6.973s] running install_egg_info
[7.118s] Copying ../../../build/robot_bringup/robot_bringup.egg-info to /home/sunrise/Rosmaster/install/robot_bringup/lib/python3.10/site-packages/robot_bringup-1.0.0-py3.10.egg-info
[7.125s] running install_scripts
[7.363s] writing list of installed files to '/home/sunrise/Rosmaster/build/robot_bringup/install.log'
[7.611s] Invoked command in '/home/sunrise/Rosmaster/src/ROS2/robot_bringup' returned '0': AMENT_PREFIX_PATH=/home/sunrise/Rosmaster/install/robot_protocol:/home/sunrise/Rosmaster/install/robot_link:/home/sunrise/Rosmaster/install/robot_control:/home/sunrise/Rosmaster/install/robot_vision:/home/sunrise/Rosmaster/install/robot_bringup:/home/sunrise/Rosmaster/install/robot_fusion:/home/sunrise/Rosmaster/install/robot_brain:/opt/ros/humble PYTHONPATH=/home/sunrise/Rosmaster/build/robot_bringup/prefix_override:/usr/lib/python3/dist-packages/colcon_core/task/python/colcon_distutils_commands:/home/sunrise/Rosmaster/install/robot_bringup/lib/python3.10/site-packages:/home/sunrise/Rosmaster/install/robot_protocol/lib/python3.10/site-packages:/home/sunrise/Rosmaster/install/robot_link/lib/python3.10/site-packages:/home/sunrise/Rosmaster/install/robot_control/lib/python3.10/site-packages:/home/sunrise/Rosmaster/install/robot_vision/lib/python3.10/site-packages:/home/sunrise/Rosmaster/install/robot_bringup/lib/python3.10/site-packages:/home/sunrise/Rosmaster/install/robot_fusion/lib/python3.10/site-packages:/home/sunrise/Rosmaster/install/robot_brain/lib/python3.10/site-packages:/opt/ros/humble/lib/python3.10/site-packages:/opt/ros/humble/local/lib/python3.10/dist-packages /usr/bin/python3 -W ignore:setup.py install is deprecated -W ignore:easy_install command is deprecated setup.py egg_info --egg-base ../../../build/robot_bringup build --build-base /home/sunrise/Rosmaster/build/robot_bringup/build install --record /home/sunrise/Rosmaster/build/robot_bringup/install.log --install-scripts $base/lib/robot_bringup --single-version-externally-managed install_data
