[0.799s] [34mcolcon[0m [1;30mDEBUG[0m [32mCommand line arguments: ['/usr/bin/colcon', 'build'][0m
[0.800s] [34mcolcon[0m [1;30mDEBUG[0m [32mParsed command line arguments: Namespace(log_base=None, log_level=None, verb_name='build', build_base='build', install_base='install', merge_install=False, symlink_install=False, test_result_base=None, continue_on_error=False, executor='parallel', parallel_workers=8, event_handlers=None, ignore_user_meta=False, metas=['./colcon.meta'], base_paths=['.'], packages_ignore=None, packages_ignore_regex=None, paths=None, packages_up_to=None, packages_up_to_regex=None, packages_above=None, packages_above_and_dependencies=None, packages_above_depth=None, packages_select_by_dep=None, packages_skip_by_dep=None, packages_skip_up_to=None, packages_select_build_failed=False, packages_skip_build_finished=False, packages_select_test_failures=False, packages_skip_test_passed=False, packages_select=None, packages_skip=None, packages_select_regex=None, packages_skip_regex=None, packages_start=None, packages_end=None, allow_overriding=[], cmake_args=None, cmake_target=None, cmake_target_skip_unavailable=False, cmake_clean_cache=False, cmake_clean_first=False, cmake_force_configure=False, ament_cmake_args=None, catkin_cmake_args=None, catkin_skip_building_tests=False, verb_parser=<colcon_defaults.argument_parser.defaults.DefaultArgumentsDecorator object at 0xffffa0c43040>, verb_extension=<colcon_core.verb.build.BuildVerb object at 0xffffa0c42b00>, main=<bound method BuildVerb.main of <colcon_core.verb.build.BuildVerb object at 0xffffa0c42b00>>)[0m
[1.053s] [34mcolcon.colcon_core.package_discovery[0m [1;30mLevel 1[0m discover_packages(colcon_meta) check parameters
[1.054s] [34mcolcon.colcon_core.package_discovery[0m [1;30mLevel 1[0m discover_packages(recursive) check parameters
[1.054s] [34mcolcon.colcon_core.package_discovery[0m [1;30mLevel 1[0m discover_packages(ignore) check parameters
[1.055s] [34mcolcon.colcon_core.package_discovery[0m [1;30mLevel 1[0m discover_packages(path) check parameters
[1.055s] [34mcolcon.colcon_core.package_discovery[0m [1;30mLevel 1[0m discover_packages(colcon_meta) discover
[1.055s] [34mcolcon.colcon_core.package_discovery[0m [1;30mLevel 1[0m discover_packages(recursive) discover
[1.055s] [34mcolcon.colcon_core.package_discovery[0m [1;30mINFO[0m Crawling recursively for packages in '/home/sunrise/Rosmaster'
[1.056s] [34mcolcon.colcon_core.package_identification[0m [1;30mLevel 1[0m _identify(.) by extensions ['ignore', 'ignore_ament_install']
[1.056s] [34mcolcon.colcon_core.package_identification[0m [1;30mLevel 1[0m _identify(.) by extension 'ignore'
[1.057s] [34mcolcon.colcon_core.package_identification[0m [1;30mLevel 1[0m _identify(.) by extension 'ignore_ament_install'
[1.057s] [34mcolcon.colcon_core.package_identification[0m [1;30mLevel 1[0m _identify(.) by extensions ['colcon_pkg']
[1.057s] [34mcolcon.colcon_core.package_identification[0m [1;30mLevel 1[0m _identify(.) by extension 'colcon_pkg'
[1.058s] [34mcolcon.colcon_core.package_identification[0m [1;30mLevel 1[0m _identify(.) by extensions ['colcon_meta']
[1.058s] [34mcolcon.colcon_core.package_identification[0m [1;30mLevel 1[0m _identify(.) by extension 'colcon_meta'
[1.058s] [34mcolcon.colcon_core.package_identification[0m [1;30mLevel 1[0m _identify(.) by extensions ['ros']
[1.058s] [34mcolcon.colcon_core.package_identification[0m [1;30mLevel 1[0m _identify(.) by extension 'ros'
[1.152s] [34mcolcon.colcon_core.package_identification[0m [1;30mLevel 1[0m _identify(.) by extensions ['cmake', 'python']
[1.152s] [34mcolcon.colcon_core.package_identification[0m [1;30mLevel 1[0m _identify(.) by extension 'cmake'
[1.153s] [34mcolcon.colcon_core.package_identification[0m [1;30mLevel 1[0m _identify(.) by extension 'python'
[1.153s] [34mcolcon.colcon_core.package_identification[0m [1;30mLevel 1[0m _identify(.) by extensions ['python_setup_py']
[1.153s] [34mcolcon.colcon_core.package_identification[0m [1;30mLevel 1[0m _identify(.) by extension 'python_setup_py'
[1.154s] [34mcolcon.colcon_core.package_identification[0m [1;30mLevel 1[0m _identify(build) by extensions ['ignore', 'ignore_ament_install']
[1.154s] [34mcolcon.colcon_core.package_identification[0m [1;30mLevel 1[0m _identify(build) by extension 'ignore'
[1.155s] [34mcolcon.colcon_core.package_identification[0m [1;30mLevel 1[0m _identify(build) ignored
[1.156s] [34mcolcon.colcon_core.package_identification[0m [1;30mLevel 1[0m _identify(install) by extensions ['ignore', 'ignore_ament_install']
[1.156s] [34mcolcon.colcon_core.package_identification[0m [1;30mLevel 1[0m _identify(install) by extension 'ignore'
[1.156s] [34mcolcon.colcon_core.package_identification[0m [1;30mLevel 1[0m _identify(install) ignored
[1.157s] [34mcolcon.colcon_core.package_identification[0m [1;30mLevel 1[0m _identify(log) by extensions ['ignore', 'ignore_ament_install']
[1.157s] [34mcolcon.colcon_core.package_identification[0m [1;30mLevel 1[0m _identify(log) by extension 'ignore'
[1.157s] [34mcolcon.colcon_core.package_identification[0m [1;30mLevel 1[0m _identify(log) ignored
[1.158s] [34mcolcon.colcon_core.package_identification[0m [1;30mLevel 1[0m _identify(src) by extensions ['ignore', 'ignore_ament_install']
[1.158s] [34mcolcon.colcon_core.package_identification[0m [1;30mLevel 1[0m _identify(src) by extension 'ignore'
[1.159s] [34mcolcon.colcon_core.package_identification[0m [1;30mLevel 1[0m _identify(src) by extension 'ignore_ament_install'
[1.159s] [34mcolcon.colcon_core.package_identification[0m [1;30mLevel 1[0m _identify(src) by extensions ['colcon_pkg']
[1.159s] [34mcolcon.colcon_core.package_identification[0m [1;30mLevel 1[0m _identify(src) by extension 'colcon_pkg'
[1.160s] [34mcolcon.colcon_core.package_identification[0m [1;30mLevel 1[0m _identify(src) by extensions ['colcon_meta']
[1.160s] [34mcolcon.colcon_core.package_identification[0m [1;30mLevel 1[0m _identify(src) by extension 'colcon_meta'
[1.160s] [34mcolcon.colcon_core.package_identification[0m [1;30mLevel 1[0m _identify(src) by extensions ['ros']
[1.160s] [34mcolcon.colcon_core.package_identification[0m [1;30mLevel 1[0m _identify(src) by extension 'ros'
[1.161s] [34mcolcon.colcon_core.package_identification[0m [1;30mLevel 1[0m _identify(src) by extensions ['cmake', 'python']
[1.161s] [34mcolcon.colcon_core.package_identification[0m [1;30mLevel 1[0m _identify(src) by extension 'cmake'
[1.161s] [34mcolcon.colcon_core.package_identification[0m [1;30mLevel 1[0m _identify(src) by extension 'python'
[1.161s] [34mcolcon.colcon_core.package_identification[0m [1;30mLevel 1[0m _identify(src) by extensions ['python_setup_py']
[1.162s] [34mcolcon.colcon_core.package_identification[0m [1;30mLevel 1[0m _identify(src) by extension 'python_setup_py'
[1.162s] [34mcolcon.colcon_core.package_identification[0m [1;30mLevel 1[0m _identify(src/ROS2) by extensions ['ignore', 'ignore_ament_install']
[1.163s] [34mcolcon.colcon_core.package_identification[0m [1;30mLevel 1[0m _identify(src/ROS2) by extension 'ignore'
[1.163s] [34mcolcon.colcon_core.package_identification[0m [1;30mLevel 1[0m _identify(src/ROS2) by extension 'ignore_ament_install'
[1.163s] [34mcolcon.colcon_core.package_identification[0m [1;30mLevel 1[0m _identify(src/ROS2) by extensions ['colcon_pkg']
[1.164s] [34mcolcon.colcon_core.package_identification[0m [1;30mLevel 1[0m _identify(src/ROS2) by extension 'colcon_pkg'
[1.164s] [34mcolcon.colcon_core.package_identification[0m [1;30mLevel 1[0m _identify(src/ROS2) by extensions ['colcon_meta']
[1.164s] [34mcolcon.colcon_core.package_identification[0m [1;30mLevel 1[0m _identify(src/ROS2) by extension 'colcon_meta'
[1.164s] [34mcolcon.colcon_core.package_identification[0m [1;30mLevel 1[0m _identify(src/ROS2) by extensions ['ros']
[1.165s] [34mcolcon.colcon_core.package_identification[0m [1;30mLevel 1[0m _identify(src/ROS2) by extension 'ros'
[1.165s] [34mcolcon.colcon_core.package_identification[0m [1;30mLevel 1[0m _identify(src/ROS2) by extensions ['cmake', 'python']
[1.165s] [34mcolcon.colcon_core.package_identification[0m [1;30mLevel 1[0m _identify(src/ROS2) by extension 'cmake'
[1.166s] [34mcolcon.colcon_core.package_identification[0m [1;30mLevel 1[0m _identify(src/ROS2) by extension 'python'
[1.166s] [34mcolcon.colcon_core.package_identification[0m [1;30mLevel 1[0m _identify(src/ROS2) by extensions ['python_setup_py']
[1.166s] [34mcolcon.colcon_core.package_identification[0m [1;30mLevel 1[0m _identify(src/ROS2) by extension 'python_setup_py'
[1.167s] [34mcolcon.colcon_core.package_identification[0m [1;30mLevel 1[0m _identify(src/ROS2/robot_brain) by extensions ['ignore', 'ignore_ament_install']
[1.167s] [34mcolcon.colcon_core.package_identification[0m [1;30mLevel 1[0m _identify(src/ROS2/robot_brain) by extension 'ignore'
[1.168s] [34mcolcon.colcon_core.package_identification[0m [1;30mLevel 1[0m _identify(src/ROS2/robot_brain) by extension 'ignore_ament_install'
[1.168s] [34mcolcon.colcon_core.package_identification[0m [1;30mLevel 1[0m _identify(src/ROS2/robot_brain) by extensions ['colcon_pkg']
[1.168s] [34mcolcon.colcon_core.package_identification[0m [1;30mLevel 1[0m _identify(src/ROS2/robot_brain) by extension 'colcon_pkg'
[1.168s] [34mcolcon.colcon_core.package_identification[0m [1;30mLevel 1[0m _identify(src/ROS2/robot_brain) by extensions ['colcon_meta']
[1.169s] [34mcolcon.colcon_core.package_identification[0m [1;30mLevel 1[0m _identify(src/ROS2/robot_brain) by extension 'colcon_meta'
[1.169s] [34mcolcon.colcon_core.package_identification[0m [1;30mLevel 1[0m _identify(src/ROS2/robot_brain) by extensions ['ros']
[1.169s] [34mcolcon.colcon_core.package_identification[0m [1;30mLevel 1[0m _identify(src/ROS2/robot_brain) by extension 'ros'
[1.184s] [34mcolcon.colcon_core.package_identification[0m [1;30mDEBUG[0m [32mPackage 'src/ROS2/robot_brain' with type 'ros.ament_python' and name 'robot_brain'[0m
[1.185s] [34mcolcon.colcon_core.package_identification[0m [1;30mLevel 1[0m _identify(src/ROS2/robot_bringup) by extensions ['ignore', 'ignore_ament_install']
[1.186s] [34mcolcon.colcon_core.package_identification[0m [1;30mLevel 1[0m _identify(src/ROS2/robot_bringup) by extension 'ignore'
[1.186s] [34mcolcon.colcon_core.package_identification[0m [1;30mLevel 1[0m _identify(src/ROS2/robot_bringup) by extension 'ignore_ament_install'
[1.187s] [34mcolcon.colcon_core.package_identification[0m [1;30mLevel 1[0m _identify(src/ROS2/robot_bringup) by extensions ['colcon_pkg']
[1.187s] [34mcolcon.colcon_core.package_identification[0m [1;30mLevel 1[0m _identify(src/ROS2/robot_bringup) by extension 'colcon_pkg'
[1.187s] [34mcolcon.colcon_core.package_identification[0m [1;30mLevel 1[0m _identify(src/ROS2/robot_bringup) by extensions ['colcon_meta']
[1.187s] [34mcolcon.colcon_core.package_identification[0m [1;30mLevel 1[0m _identify(src/ROS2/robot_bringup) by extension 'colcon_meta'
[1.188s] [34mcolcon.colcon_core.package_identification[0m [1;30mLevel 1[0m _identify(src/ROS2/robot_bringup) by extensions ['ros']
[1.188s] [34mcolcon.colcon_core.package_identification[0m [1;30mLevel 1[0m _identify(src/ROS2/robot_bringup) by extension 'ros'
[1.193s] [34mcolcon.colcon_core.package_identification[0m [1;30mDEBUG[0m [32mPackage 'src/ROS2/robot_bringup' with type 'ros.ament_python' and name 'robot_bringup'[0m
[1.194s] [34mcolcon.colcon_core.package_identification[0m [1;30mLevel 1[0m _identify(src/ROS2/robot_control) by extensions ['ignore', 'ignore_ament_install']
[1.195s] [34mcolcon.colcon_core.package_identification[0m [1;30mLevel 1[0m _identify(src/ROS2/robot_control) by extension 'ignore'
[1.195s] [34mcolcon.colcon_core.package_identification[0m [1;30mLevel 1[0m _identify(src/ROS2/robot_control) by extension 'ignore_ament_install'
[1.196s] [34mcolcon.colcon_core.package_identification[0m [1;30mLevel 1[0m _identify(src/ROS2/robot_control) by extensions ['colcon_pkg']
[1.196s] [34mcolcon.colcon_core.package_identification[0m [1;30mLevel 1[0m _identify(src/ROS2/robot_control) by extension 'colcon_pkg'
[1.196s] [34mcolcon.colcon_core.package_identification[0m [1;30mLevel 1[0m _identify(src/ROS2/robot_control) by extensions ['colcon_meta']
[1.197s] [34mcolcon.colcon_core.package_identification[0m [1;30mLevel 1[0m _identify(src/ROS2/robot_control) by extension 'colcon_meta'
[1.197s] [34mcolcon.colcon_core.package_identification[0m [1;30mLevel 1[0m _identify(src/ROS2/robot_control) by extensions ['ros']
[1.197s] [34mcolcon.colcon_core.package_identification[0m [1;30mLevel 1[0m _identify(src/ROS2/robot_control) by extension 'ros'
[1.201s] [34mcolcon.colcon_core.package_identification[0m [1;30mDEBUG[0m [32mPackage 'src/ROS2/robot_control' with type 'ros.ament_python' and name 'robot_control'[0m
[1.202s] [34mcolcon.colcon_core.package_identification[0m [1;30mLevel 1[0m _identify(src/ROS2/robot_fusion) by extensions ['ignore', 'ignore_ament_install']
[1.203s] [34mcolcon.colcon_core.package_identification[0m [1;30mLevel 1[0m _identify(src/ROS2/robot_fusion) by extension 'ignore'
[1.203s] [34mcolcon.colcon_core.package_identification[0m [1;30mLevel 1[0m _identify(src/ROS2/robot_fusion) by extension 'ignore_ament_install'
[1.203s] [34mcolcon.colcon_core.package_identification[0m [1;30mLevel 1[0m _identify(src/ROS2/robot_fusion) by extensions ['colcon_pkg']
[1.204s] [34mcolcon.colcon_core.package_identification[0m [1;30mLevel 1[0m _identify(src/ROS2/robot_fusion) by extension 'colcon_pkg'
[1.204s] [34mcolcon.colcon_core.package_identification[0m [1;30mLevel 1[0m _identify(src/ROS2/robot_fusion) by extensions ['colcon_meta']
[1.204s] [34mcolcon.colcon_core.package_identification[0m [1;30mLevel 1[0m _identify(src/ROS2/robot_fusion) by extension 'colcon_meta'
[1.204s] [34mcolcon.colcon_core.package_identification[0m [1;30mLevel 1[0m _identify(src/ROS2/robot_fusion) by extensions ['ros']
[1.205s] [34mcolcon.colcon_core.package_identification[0m [1;30mLevel 1[0m _identify(src/ROS2/robot_fusion) by extension 'ros'
[1.208s] [34mcolcon.colcon_core.package_identification[0m [1;30mDEBUG[0m [32mPackage 'src/ROS2/robot_fusion' with type 'ros.ament_python' and name 'robot_fusion'[0m
[1.209s] [34mcolcon.colcon_core.package_identification[0m [1;30mLevel 1[0m _identify(src/ROS2/robot_link) by extensions ['ignore', 'ignore_ament_install']
[1.210s] [34mcolcon.colcon_core.package_identification[0m [1;30mLevel 1[0m _identify(src/ROS2/robot_link) by extension 'ignore'
[1.210s] [34mcolcon.colcon_core.package_identification[0m [1;30mLevel 1[0m _identify(src/ROS2/robot_link) by extension 'ignore_ament_install'
[1.210s] [34mcolcon.colcon_core.package_identification[0m [1;30mLevel 1[0m _identify(src/ROS2/robot_link) by extensions ['colcon_pkg']
[1.211s] [34mcolcon.colcon_core.package_identification[0m [1;30mLevel 1[0m _identify(src/ROS2/robot_link) by extension 'colcon_pkg'
[1.211s] [34mcolcon.colcon_core.package_identification[0m [1;30mLevel 1[0m _identify(src/ROS2/robot_link) by extensions ['colcon_meta']
[1.211s] [34mcolcon.colcon_core.package_identification[0m [1;30mLevel 1[0m _identify(src/ROS2/robot_link) by extension 'colcon_meta'
[1.211s] [34mcolcon.colcon_core.package_identification[0m [1;30mLevel 1[0m _identify(src/ROS2/robot_link) by extensions ['ros']
[1.212s] [34mcolcon.colcon_core.package_identification[0m [1;30mLevel 1[0m _identify(src/ROS2/robot_link) by extension 'ros'
[1.216s] [34mcolcon.colcon_core.package_identification[0m [1;30mDEBUG[0m [32mPackage 'src/ROS2/robot_link' with type 'ros.ament_python' and name 'robot_link'[0m
[1.217s] [34mcolcon.colcon_core.package_identification[0m [1;30mLevel 1[0m _identify(src/ROS2/robot_protocol) by extensions ['ignore', 'ignore_ament_install']
[1.218s] [34mcolcon.colcon_core.package_identification[0m [1;30mLevel 1[0m _identify(src/ROS2/robot_protocol) by extension 'ignore'
[1.218s] [34mcolcon.colcon_core.package_identification[0m [1;30mLevel 1[0m _identify(src/ROS2/robot_protocol) by extension 'ignore_ament_install'
[1.219s] [34mcolcon.colcon_core.package_identification[0m [1;30mLevel 1[0m _identify(src/ROS2/robot_protocol) by extensions ['colcon_pkg']
[1.219s] [34mcolcon.colcon_core.package_identification[0m [1;30mLevel 1[0m _identify(src/ROS2/robot_protocol) by extension 'colcon_pkg'
[1.220s] [34mcolcon.colcon_core.package_identification[0m [1;30mLevel 1[0m _identify(src/ROS2/robot_protocol) by extensions ['colcon_meta']
[1.220s] [34mcolcon.colcon_core.package_identification[0m [1;30mLevel 1[0m _identify(src/ROS2/robot_protocol) by extension 'colcon_meta'
[1.220s] [34mcolcon.colcon_core.package_identification[0m [1;30mLevel 1[0m _identify(src/ROS2/robot_protocol) by extensions ['ros']
[1.220s] [34mcolcon.colcon_core.package_identification[0m [1;30mLevel 1[0m _identify(src/ROS2/robot_protocol) by extension 'ros'
[1.226s] [34mcolcon.colcon_core.package_identification[0m [1;30mDEBUG[0m [32mPackage 'src/ROS2/robot_protocol' with type 'ros.ament_python' and name 'robot_protocol'[0m
[1.227s] [34mcolcon.colcon_core.package_identification[0m [1;30mLevel 1[0m _identify(src/ROS2/robot_vision) by extensions ['ignore', 'ignore_ament_install']
[1.228s] [34mcolcon.colcon_core.package_identification[0m [1;30mLevel 1[0m _identify(src/ROS2/robot_vision) by extension 'ignore'
[1.228s] [34mcolcon.colcon_core.package_identification[0m [1;30mLevel 1[0m _identify(src/ROS2/robot_vision) by extension 'ignore_ament_install'
[1.228s] [34mcolcon.colcon_core.package_identification[0m [1;30mLevel 1[0m _identify(src/ROS2/robot_vision) by extensions ['colcon_pkg']
[1.228s] [34mcolcon.colcon_core.package_identification[0m [1;30mLevel 1[0m _identify(src/ROS2/robot_vision) by extension 'colcon_pkg'
[1.229s] [34mcolcon.colcon_core.package_identification[0m [1;30mLevel 1[0m _identify(src/ROS2/robot_vision) by extensions ['colcon_meta']
[1.229s] [34mcolcon.colcon_core.package_identification[0m [1;30mLevel 1[0m _identify(src/ROS2/robot_vision) by extension 'colcon_meta'
[1.229s] [34mcolcon.colcon_core.package_identification[0m [1;30mLevel 1[0m _identify(src/ROS2/robot_vision) by extensions ['ros']
[1.230s] [34mcolcon.colcon_core.package_identification[0m [1;30mLevel 1[0m _identify(src/ROS2/robot_vision) by extension 'ros'
[1.235s] [34mcolcon.colcon_core.package_identification[0m [1;30mDEBUG[0m [32mPackage 'src/ROS2/robot_vision' with type 'ros.ament_python' and name 'robot_vision'[0m
[1.236s] [34mcolcon.colcon_core.package_identification[0m [1;30mLevel 1[0m _identify(src/Rosmaster_V3.5.1) by extensions ['ignore', 'ignore_ament_install']
[1.237s] [34mcolcon.colcon_core.package_identification[0m [1;30mLevel 1[0m _identify(src/Rosmaster_V3.5.1) by extension 'ignore'
[1.237s] [34mcolcon.colcon_core.package_identification[0m [1;30mLevel 1[0m _identify(src/Rosmaster_V3.5.1) by extension 'ignore_ament_install'
[1.237s] [34mcolcon.colcon_core.package_identification[0m [1;30mLevel 1[0m _identify(src/Rosmaster_V3.5.1) by extensions ['colcon_pkg']
[1.238s] [34mcolcon.colcon_core.package_identification[0m [1;30mLevel 1[0m _identify(src/Rosmaster_V3.5.1) by extension 'colcon_pkg'
[1.238s] [34mcolcon.colcon_core.package_identification[0m [1;30mLevel 1[0m _identify(src/Rosmaster_V3.5.1) by extensions ['colcon_meta']
[1.238s] [34mcolcon.colcon_core.package_identification[0m [1;30mLevel 1[0m _identify(src/Rosmaster_V3.5.1) by extension 'colcon_meta'
[1.238s] [34mcolcon.colcon_core.package_identification[0m [1;30mLevel 1[0m _identify(src/Rosmaster_V3.5.1) by extensions ['ros']
[1.239s] [34mcolcon.colcon_core.package_identification[0m [1;30mLevel 1[0m _identify(src/Rosmaster_V3.5.1) by extension 'ros'
[1.239s] [34mcolcon.colcon_core.package_identification[0m [1;30mLevel 1[0m _identify(src/Rosmaster_V3.5.1) by extensions ['cmake', 'python']
[1.239s] [34mcolcon.colcon_core.package_identification[0m [1;30mLevel 1[0m _identify(src/Rosmaster_V3.5.1) by extension 'cmake'
[1.240s] [34mcolcon.colcon_core.package_identification[0m [1;30mLevel 1[0m _identify(src/Rosmaster_V3.5.1) by extension 'python'
[1.240s] [34mcolcon.colcon_core.package_identification[0m [1;30mLevel 1[0m _identify(src/Rosmaster_V3.5.1) by extensions ['python_setup_py']
[1.240s] [34mcolcon.colcon_core.package_identification[0m [1;30mLevel 1[0m _identify(src/Rosmaster_V3.5.1) by extension 'python_setup_py'
[1.241s] [34mcolcon.colcon_core.package_identification[0m [1;30mLevel 1[0m _identify(src/Rosmaster_V3.5.1/CMSIS) by extensions ['ignore', 'ignore_ament_install']
[1.241s] [34mcolcon.colcon_core.package_identification[0m [1;30mLevel 1[0m _identify(src/Rosmaster_V3.5.1/CMSIS) by extension 'ignore'
[1.242s] [34mcolcon.colcon_core.package_identification[0m [1;30mLevel 1[0m _identify(src/Rosmaster_V3.5.1/CMSIS) by extension 'ignore_ament_install'
[1.242s] [34mcolcon.colcon_core.package_identification[0m [1;30mLevel 1[0m _identify(src/Rosmaster_V3.5.1/CMSIS) by extensions ['colcon_pkg']
[1.242s] [34mcolcon.colcon_core.package_identification[0m [1;30mLevel 1[0m _identify(src/Rosmaster_V3.5.1/CMSIS) by extension 'colcon_pkg'
[1.242s] [34mcolcon.colcon_core.package_identification[0m [1;30mLevel 1[0m _identify(src/Rosmaster_V3.5.1/CMSIS) by extensions ['colcon_meta']
[1.243s] [34mcolcon.colcon_core.package_identification[0m [1;30mLevel 1[0m _identify(src/Rosmaster_V3.5.1/CMSIS) by extension 'colcon_meta'
[1.243s] [34mcolcon.colcon_core.package_identification[0m [1;30mLevel 1[0m _identify(src/Rosmaster_V3.5.1/CMSIS) by extensions ['ros']
[1.243s] [34mcolcon.colcon_core.package_identification[0m [1;30mLevel 1[0m _identify(src/Rosmaster_V3.5.1/CMSIS) by extension 'ros'
[1.244s] [34mcolcon.colcon_core.package_identification[0m [1;30mLevel 1[0m _identify(src/Rosmaster_V3.5.1/CMSIS) by extensions ['cmake', 'python']
[1.244s] [34mcolcon.colcon_core.package_identification[0m [1;30mLevel 1[0m _identify(src/Rosmaster_V3.5.1/CMSIS) by extension 'cmake'
[1.244s] [34mcolcon.colcon_core.package_identification[0m [1;30mLevel 1[0m _identify(src/Rosmaster_V3.5.1/CMSIS) by extension 'python'
[1.244s] [34mcolcon.colcon_core.package_identification[0m [1;30mLevel 1[0m _identify(src/Rosmaster_V3.5.1/CMSIS) by extensions ['python_setup_py']
[1.245s] [34mcolcon.colcon_core.package_identification[0m [1;30mLevel 1[0m _identify(src/Rosmaster_V3.5.1/CMSIS) by extension 'python_setup_py'
[1.246s] [34mcolcon.colcon_core.package_identification[0m [1;30mLevel 1[0m _identify(src/Rosmaster_V3.5.1/CMSIS/startup) by extensions ['ignore', 'ignore_ament_install']
[1.246s] [34mcolcon.colcon_core.package_identification[0m [1;30mLevel 1[0m _identify(src/Rosmaster_V3.5.1/CMSIS/startup) by extension 'ignore'
[1.247s] [34mcolcon.colcon_core.package_identification[0m [1;30mLevel 1[0m _identify(src/Rosmaster_V3.5.1/CMSIS/startup) by extension 'ignore_ament_install'
[1.247s] [34mcolcon.colcon_core.package_identification[0m [1;30mLevel 1[0m _identify(src/Rosmaster_V3.5.1/CMSIS/startup) by extensions ['colcon_pkg']
[1.247s] [34mcolcon.colcon_core.package_identification[0m [1;30mLevel 1[0m _identify(src/Rosmaster_V3.5.1/CMSIS/startup) by extension 'colcon_pkg'
[1.248s] [34mcolcon.colcon_core.package_identification[0m [1;30mLevel 1[0m _identify(src/Rosmaster_V3.5.1/CMSIS/startup) by extensions ['colcon_meta']
[1.248s] [34mcolcon.colcon_core.package_identification[0m [1;30mLevel 1[0m _identify(src/Rosmaster_V3.5.1/CMSIS/startup) by extension 'colcon_meta'
[1.248s] [34mcolcon.colcon_core.package_identification[0m [1;30mLevel 1[0m _identify(src/Rosmaster_V3.5.1/CMSIS/startup) by extensions ['ros']
[1.248s] [34mcolcon.colcon_core.package_identification[0m [1;30mLevel 1[0m _identify(src/Rosmaster_V3.5.1/CMSIS/startup) by extension 'ros'
[1.249s] [34mcolcon.colcon_core.package_identification[0m [1;30mLevel 1[0m _identify(src/Rosmaster_V3.5.1/CMSIS/startup) by extensions ['cmake', 'python']
[1.249s] [34mcolcon.colcon_core.package_identification[0m [1;30mLevel 1[0m _identify(src/Rosmaster_V3.5.1/CMSIS/startup) by extension 'cmake'
[1.250s] [34mcolcon.colcon_core.package_identification[0m [1;30mLevel 1[0m _identify(src/Rosmaster_V3.5.1/CMSIS/startup) by extension 'python'
[1.250s] [34mcolcon.colcon_core.package_identification[0m [1;30mLevel 1[0m _identify(src/Rosmaster_V3.5.1/CMSIS/startup) by extensions ['python_setup_py']
[1.250s] [34mcolcon.colcon_core.package_identification[0m [1;30mLevel 1[0m _identify(src/Rosmaster_V3.5.1/CMSIS/startup) by extension 'python_setup_py'
[1.251s] [34mcolcon.colcon_core.package_identification[0m [1;30mLevel 1[0m _identify(src/Rosmaster_V3.5.1/DebugConfig) by extensions ['ignore', 'ignore_ament_install']
[1.251s] [34mcolcon.colcon_core.package_identification[0m [1;30mLevel 1[0m _identify(src/Rosmaster_V3.5.1/DebugConfig) by extension 'ignore'
[1.252s] [34mcolcon.colcon_core.package_identification[0m [1;30mLevel 1[0m _identify(src/Rosmaster_V3.5.1/DebugConfig) by extension 'ignore_ament_install'
[1.252s] [34mcolcon.colcon_core.package_identification[0m [1;30mLevel 1[0m _identify(src/Rosmaster_V3.5.1/DebugConfig) by extensions ['colcon_pkg']
[1.252s] [34mcolcon.colcon_core.package_identification[0m [1;30mLevel 1[0m _identify(src/Rosmaster_V3.5.1/DebugConfig) by extension 'colcon_pkg'
[1.252s] [34mcolcon.colcon_core.package_identification[0m [1;30mLevel 1[0m _identify(src/Rosmaster_V3.5.1/DebugConfig) by extensions ['colcon_meta']
[1.253s] [34mcolcon.colcon_core.package_identification[0m [1;30mLevel 1[0m _identify(src/Rosmaster_V3.5.1/DebugConfig) by extension 'colcon_meta'
[1.253s] [34mcolcon.colcon_core.package_identification[0m [1;30mLevel 1[0m _identify(src/Rosmaster_V3.5.1/DebugConfig) by extensions ['ros']
[1.253s] [34mcolcon.colcon_core.package_identification[0m [1;30mLevel 1[0m _identify(src/Rosmaster_V3.5.1/DebugConfig) by extension 'ros'
[1.254s] [34mcolcon.colcon_core.package_identification[0m [1;30mLevel 1[0m _identify(src/Rosmaster_V3.5.1/DebugConfig) by extensions ['cmake', 'python']
[1.254s] [34mcolcon.colcon_core.package_identification[0m [1;30mLevel 1[0m _identify(src/Rosmaster_V3.5.1/DebugConfig) by extension 'cmake'
[1.254s] [34mcolcon.colcon_core.package_identification[0m [1;30mLevel 1[0m _identify(src/Rosmaster_V3.5.1/DebugConfig) by extension 'python'
[1.254s] [34mcolcon.colcon_core.package_identification[0m [1;30mLevel 1[0m _identify(src/Rosmaster_V3.5.1/DebugConfig) by extensions ['python_setup_py']
[1.255s] [34mcolcon.colcon_core.package_identification[0m [1;30mLevel 1[0m _identify(src/Rosmaster_V3.5.1/DebugConfig) by extension 'python_setup_py'
[1.255s] [34mcolcon.colcon_core.package_identification[0m [1;30mLevel 1[0m _identify(src/Rosmaster_V3.5.1/FWlib) by extensions ['ignore', 'ignore_ament_install']
[1.256s] [34mcolcon.colcon_core.package_identification[0m [1;30mLevel 1[0m _identify(src/Rosmaster_V3.5.1/FWlib) by extension 'ignore'
[1.256s] [34mcolcon.colcon_core.package_identification[0m [1;30mLevel 1[0m _identify(src/Rosmaster_V3.5.1/FWlib) by extension 'ignore_ament_install'
[1.256s] [34mcolcon.colcon_core.package_identification[0m [1;30mLevel 1[0m _identify(src/Rosmaster_V3.5.1/FWlib) by extensions ['colcon_pkg']
[1.257s] [34mcolcon.colcon_core.package_identification[0m [1;30mLevel 1[0m _identify(src/Rosmaster_V3.5.1/FWlib) by extension 'colcon_pkg'
[1.257s] [34mcolcon.colcon_core.package_identification[0m [1;30mLevel 1[0m _identify(src/Rosmaster_V3.5.1/FWlib) by extensions ['colcon_meta']
[1.257s] [34mcolcon.colcon_core.package_identification[0m [1;30mLevel 1[0m _identify(src/Rosmaster_V3.5.1/FWlib) by extension 'colcon_meta'
[1.257s] [34mcolcon.colcon_core.package_identification[0m [1;30mLevel 1[0m _identify(src/Rosmaster_V3.5.1/FWlib) by extensions ['ros']
[1.258s] [34mcolcon.colcon_core.package_identification[0m [1;30mLevel 1[0m _identify(src/Rosmaster_V3.5.1/FWlib) by extension 'ros'
[1.258s] [34mcolcon.colcon_core.package_identification[0m [1;30mLevel 1[0m _identify(src/Rosmaster_V3.5.1/FWlib) by extensions ['cmake', 'python']
[1.258s] [34mcolcon.colcon_core.package_identification[0m [1;30mLevel 1[0m _identify(src/Rosmaster_V3.5.1/FWlib) by extension 'cmake'
[1.259s] [34mcolcon.colcon_core.package_identification[0m [1;30mLevel 1[0m _identify(src/Rosmaster_V3.5.1/FWlib) by extension 'python'
[1.259s] [34mcolcon.colcon_core.package_identification[0m [1;30mLevel 1[0m _identify(src/Rosmaster_V3.5.1/FWlib) by extensions ['python_setup_py']
[1.259s] [34mcolcon.colcon_core.package_identification[0m [1;30mLevel 1[0m _identify(src/Rosmaster_V3.5.1/FWlib) by extension 'python_setup_py'
[1.260s] [34mcolcon.colcon_core.package_identification[0m [1;30mLevel 1[0m _identify(src/Rosmaster_V3.5.1/FWlib/inc) by extensions ['ignore', 'ignore_ament_install']
[1.260s] [34mcolcon.colcon_core.package_identification[0m [1;30mLevel 1[0m _identify(src/Rosmaster_V3.5.1/FWlib/inc) by extension 'ignore'
[1.261s] [34mcolcon.colcon_core.package_identification[0m [1;30mLevel 1[0m _identify(src/Rosmaster_V3.5.1/FWlib/inc) by extension 'ignore_ament_install'
[1.261s] [34mcolcon.colcon_core.package_identification[0m [1;30mLevel 1[0m _identify(src/Rosmaster_V3.5.1/FWlib/inc) by extensions ['colcon_pkg']
[1.261s] [34mcolcon.colcon_core.package_identification[0m [1;30mLevel 1[0m _identify(src/Rosmaster_V3.5.1/FWlib/inc) by extension 'colcon_pkg'
[1.262s] [34mcolcon.colcon_core.package_identification[0m [1;30mLevel 1[0m _identify(src/Rosmaster_V3.5.1/FWlib/inc) by extensions ['colcon_meta']
[1.262s] [34mcolcon.colcon_core.package_identification[0m [1;30mLevel 1[0m _identify(src/Rosmaster_V3.5.1/FWlib/inc) by extension 'colcon_meta'
[1.262s] [34mcolcon.colcon_core.package_identification[0m [1;30mLevel 1[0m _identify(src/Rosmaster_V3.5.1/FWlib/inc) by extensions ['ros']
[1.262s] [34mcolcon.colcon_core.package_identification[0m [1;30mLevel 1[0m _identify(src/Rosmaster_V3.5.1/FWlib/inc) by extension 'ros'
[1.263s] [34mcolcon.colcon_core.package_identification[0m [1;30mLevel 1[0m _identify(src/Rosmaster_V3.5.1/FWlib/inc) by extensions ['cmake', 'python']
[1.263s] [34mcolcon.colcon_core.package_identification[0m [1;30mLevel 1[0m _identify(src/Rosmaster_V3.5.1/FWlib/inc) by extension 'cmake'
[1.263s] [34mcolcon.colcon_core.package_identification[0m [1;30mLevel 1[0m _identify(src/Rosmaster_V3.5.1/FWlib/inc) by extension 'python'
[1.264s] [34mcolcon.colcon_core.package_identification[0m [1;30mLevel 1[0m _identify(src/Rosmaster_V3.5.1/FWlib/inc) by extensions ['python_setup_py']
[1.264s] [34mcolcon.colcon_core.package_identification[0m [1;30mLevel 1[0m _identify(src/Rosmaster_V3.5.1/FWlib/inc) by extension 'python_setup_py'
[1.264s] [34mcolcon.colcon_core.package_identification[0m [1;30mLevel 1[0m _identify(src/Rosmaster_V3.5.1/FWlib/src) by extensions ['ignore', 'ignore_ament_install']
[1.265s] [34mcolcon.colcon_core.package_identification[0m [1;30mLevel 1[0m _identify(src/Rosmaster_V3.5.1/FWlib/src) by extension 'ignore'
[1.265s] [34mcolcon.colcon_core.package_identification[0m [1;30mLevel 1[0m _identify(src/Rosmaster_V3.5.1/FWlib/src) by extension 'ignore_ament_install'
[1.266s] [34mcolcon.colcon_core.package_identification[0m [1;30mLevel 1[0m _identify(src/Rosmaster_V3.5.1/FWlib/src) by extensions ['colcon_pkg']
[1.266s] [34mcolcon.colcon_core.package_identification[0m [1;30mLevel 1[0m _identify(src/Rosmaster_V3.5.1/FWlib/src) by extension 'colcon_pkg'
[1.266s] [34mcolcon.colcon_core.package_identification[0m [1;30mLevel 1[0m _identify(src/Rosmaster_V3.5.1/FWlib/src) by extensions ['colcon_meta']
[1.266s] [34mcolcon.colcon_core.package_identification[0m [1;30mLevel 1[0m _identify(src/Rosmaster_V3.5.1/FWlib/src) by extension 'colcon_meta'
[1.267s] [34mcolcon.colcon_core.package_identification[0m [1;30mLevel 1[0m _identify(src/Rosmaster_V3.5.1/FWlib/src) by extensions ['ros']
[1.267s] [34mcolcon.colcon_core.package_identification[0m [1;30mLevel 1[0m _identify(src/Rosmaster_V3.5.1/FWlib/src) by extension 'ros'
[1.268s] [34mcolcon.colcon_core.package_identification[0m [1;30mLevel 1[0m _identify(src/Rosmaster_V3.5.1/FWlib/src) by extensions ['cmake', 'python']
[1.268s] [34mcolcon.colcon_core.package_identification[0m [1;30mLevel 1[0m _identify(src/Rosmaster_V3.5.1/FWlib/src) by extension 'cmake'
[1.268s] [34mcolcon.colcon_core.package_identification[0m [1;30mLevel 1[0m _identify(src/Rosmaster_V3.5.1/FWlib/src) by extension 'python'
[1.268s] [34mcolcon.colcon_core.package_identification[0m [1;30mLevel 1[0m _identify(src/Rosmaster_V3.5.1/FWlib/src) by extensions ['python_setup_py']
[1.269s] [34mcolcon.colcon_core.package_identification[0m [1;30mLevel 1[0m _identify(src/Rosmaster_V3.5.1/FWlib/src) by extension 'python_setup_py'
[1.269s] [34mcolcon.colcon_core.package_identification[0m [1;30mLevel 1[0m _identify(src/Rosmaster_V3.5.1/FreeRTOS) by extensions ['ignore', 'ignore_ament_install']
[1.270s] [34mcolcon.colcon_core.package_identification[0m [1;30mLevel 1[0m _identify(src/Rosmaster_V3.5.1/FreeRTOS) by extension 'ignore'
[1.270s] [34mcolcon.colcon_core.package_identification[0m [1;30mLevel 1[0m _identify(src/Rosmaster_V3.5.1/FreeRTOS) by extension 'ignore_ament_install'
[1.270s] [34mcolcon.colcon_core.package_identification[0m [1;30mLevel 1[0m _identify(src/Rosmaster_V3.5.1/FreeRTOS) by extensions ['colcon_pkg']
[1.271s] [34mcolcon.colcon_core.package_identification[0m [1;30mLevel 1[0m _identify(src/Rosmaster_V3.5.1/FreeRTOS) by extension 'colcon_pkg'
[1.271s] [34mcolcon.colcon_core.package_identification[0m [1;30mLevel 1[0m _identify(src/Rosmaster_V3.5.1/FreeRTOS) by extensions ['colcon_meta']
[1.271s] [34mcolcon.colcon_core.package_identification[0m [1;30mLevel 1[0m _identify(src/Rosmaster_V3.5.1/FreeRTOS) by extension 'colcon_meta'
[1.272s] [34mcolcon.colcon_core.package_identification[0m [1;30mLevel 1[0m _identify(src/Rosmaster_V3.5.1/FreeRTOS) by extensions ['ros']
[1.272s] [34mcolcon.colcon_core.package_identification[0m [1;30mLevel 1[0m _identify(src/Rosmaster_V3.5.1/FreeRTOS) by extension 'ros'
[1.272s] [34mcolcon.colcon_core.package_identification[0m [1;30mLevel 1[0m _identify(src/Rosmaster_V3.5.1/FreeRTOS) by extensions ['cmake', 'python']
[1.273s] [34mcolcon.colcon_core.package_identification[0m [1;30mLevel 1[0m _identify(src/Rosmaster_V3.5.1/FreeRTOS) by extension 'cmake'
[1.273s] [34mcolcon.colcon_core.package_identification[0m [1;30mLevel 1[0m _identify(src/Rosmaster_V3.5.1/FreeRTOS) by extension 'python'
[1.273s] [34mcolcon.colcon_core.package_identification[0m [1;30mLevel 1[0m _identify(src/Rosmaster_V3.5.1/FreeRTOS) by extensions ['python_setup_py']
[1.273s] [34mcolcon.colcon_core.package_identification[0m [1;30mLevel 1[0m _identify(src/Rosmaster_V3.5.1/FreeRTOS) by extension 'python_setup_py'
[1.274s] [34mcolcon.colcon_core.package_identification[0m [1;30mLevel 1[0m _identify(src/Rosmaster_V3.5.1/FreeRTOS/inc) by extensions ['ignore', 'ignore_ament_install']
[1.275s] [34mcolcon.colcon_core.package_identification[0m [1;30mLevel 1[0m _identify(src/Rosmaster_V3.5.1/FreeRTOS/inc) by extension 'ignore'
[1.275s] [34mcolcon.colcon_core.package_identification[0m [1;30mLevel 1[0m _identify(src/Rosmaster_V3.5.1/FreeRTOS/inc) by extension 'ignore_ament_install'
[1.275s] [34mcolcon.colcon_core.package_identification[0m [1;30mLevel 1[0m _identify(src/Rosmaster_V3.5.1/FreeRTOS/inc) by extensions ['colcon_pkg']
[1.276s] [34mcolcon.colcon_core.package_identification[0m [1;30mLevel 1[0m _identify(src/Rosmaster_V3.5.1/FreeRTOS/inc) by extension 'colcon_pkg'
[1.276s] [34mcolcon.colcon_core.package_identification[0m [1;30mLevel 1[0m _identify(src/Rosmaster_V3.5.1/FreeRTOS/inc) by extensions ['colcon_meta']
[1.276s] [34mcolcon.colcon_core.package_identification[0m [1;30mLevel 1[0m _identify(src/Rosmaster_V3.5.1/FreeRTOS/inc) by extension 'colcon_meta'
[1.276s] [34mcolcon.colcon_core.package_identification[0m [1;30mLevel 1[0m _identify(src/Rosmaster_V3.5.1/FreeRTOS/inc) by extensions ['ros']
[1.277s] [34mcolcon.colcon_core.package_identification[0m [1;30mLevel 1[0m _identify(src/Rosmaster_V3.5.1/FreeRTOS/inc) by extension 'ros'
[1.277s] [34mcolcon.colcon_core.package_identification[0m [1;30mLevel 1[0m _identify(src/Rosmaster_V3.5.1/FreeRTOS/inc) by extensions ['cmake', 'python']
[1.277s] [34mcolcon.colcon_core.package_identification[0m [1;30mLevel 1[0m _identify(src/Rosmaster_V3.5.1/FreeRTOS/inc) by extension 'cmake'
[1.278s] [34mcolcon.colcon_core.package_identification[0m [1;30mLevel 1[0m _identify(src/Rosmaster_V3.5.1/FreeRTOS/inc) by extension 'python'
[1.278s] [34mcolcon.colcon_core.package_identification[0m [1;30mLevel 1[0m _identify(src/Rosmaster_V3.5.1/FreeRTOS/inc) by extensions ['python_setup_py']
[1.278s] [34mcolcon.colcon_core.package_identification[0m [1;30mLevel 1[0m _identify(src/Rosmaster_V3.5.1/FreeRTOS/inc) by extension 'python_setup_py'
[1.279s] [34mcolcon.colcon_core.package_identification[0m [1;30mLevel 1[0m _identify(src/Rosmaster_V3.5.1/FreeRTOS/src) by extensions ['ignore', 'ignore_ament_install']
[1.279s] [34mcolcon.colcon_core.package_identification[0m [1;30mLevel 1[0m _identify(src/Rosmaster_V3.5.1/FreeRTOS/src) by extension 'ignore'
[1.280s] [34mcolcon.colcon_core.package_identification[0m [1;30mLevel 1[0m _identify(src/Rosmaster_V3.5.1/FreeRTOS/src) by extension 'ignore_ament_install'
[1.280s] [34mcolcon.colcon_core.package_identification[0m [1;30mLevel 1[0m _identify(src/Rosmaster_V3.5.1/FreeRTOS/src) by extensions ['colcon_pkg']
[1.280s] [34mcolcon.colcon_core.package_identification[0m [1;30mLevel 1[0m _identify(src/Rosmaster_V3.5.1/FreeRTOS/src) by extension 'colcon_pkg'
[1.281s] [34mcolcon.colcon_core.package_identification[0m [1;30mLevel 1[0m _identify(src/Rosmaster_V3.5.1/FreeRTOS/src) by extensions ['colcon_meta']
[1.281s] [34mcolcon.colcon_core.package_identification[0m [1;30mLevel 1[0m _identify(src/Rosmaster_V3.5.1/FreeRTOS/src) by extension 'colcon_meta'
[1.281s] [34mcolcon.colcon_core.package_identification[0m [1;30mLevel 1[0m _identify(src/Rosmaster_V3.5.1/FreeRTOS/src) by extensions ['ros']
[1.281s] [34mcolcon.colcon_core.package_identification[0m [1;30mLevel 1[0m _identify(src/Rosmaster_V3.5.1/FreeRTOS/src) by extension 'ros'
[1.282s] [34mcolcon.colcon_core.package_identification[0m [1;30mLevel 1[0m _identify(src/Rosmaster_V3.5.1/FreeRTOS/src) by extensions ['cmake', 'python']
[1.282s] [34mcolcon.colcon_core.package_identification[0m [1;30mLevel 1[0m _identify(src/Rosmaster_V3.5.1/FreeRTOS/src) by extension 'cmake'
[1.282s] [34mcolcon.colcon_core.package_identification[0m [1;30mLevel 1[0m _identify(src/Rosmaster_V3.5.1/FreeRTOS/src) by extension 'python'
[1.283s] [34mcolcon.colcon_core.package_identification[0m [1;30mLevel 1[0m _identify(src/Rosmaster_V3.5.1/FreeRTOS/src) by extensions ['python_setup_py']
[1.283s] [34mcolcon.colcon_core.package_identification[0m [1;30mLevel 1[0m _identify(src/Rosmaster_V3.5.1/FreeRTOS/src) by extension 'python_setup_py'
[1.283s] [34mcolcon.colcon_core.package_identification[0m [1;30mLevel 1[0m _identify(src/Rosmaster_V3.5.1/Listings) by extensions ['ignore', 'ignore_ament_install']
[1.284s] [34mcolcon.colcon_core.package_identification[0m [1;30mLevel 1[0m _identify(src/Rosmaster_V3.5.1/Listings) by extension 'ignore'
[1.284s] [34mcolcon.colcon_core.package_identification[0m [1;30mLevel 1[0m _identify(src/Rosmaster_V3.5.1/Listings) by extension 'ignore_ament_install'
[1.285s] [34mcolcon.colcon_core.package_identification[0m [1;30mLevel 1[0m _identify(src/Rosmaster_V3.5.1/Listings) by extensions ['colcon_pkg']
[1.285s] [34mcolcon.colcon_core.package_identification[0m [1;30mLevel 1[0m _identify(src/Rosmaster_V3.5.1/Listings) by extension 'colcon_pkg'
[1.285s] [34mcolcon.colcon_core.package_identification[0m [1;30mLevel 1[0m _identify(src/Rosmaster_V3.5.1/Listings) by extensions ['colcon_meta']
[1.285s] [34mcolcon.colcon_core.package_identification[0m [1;30mLevel 1[0m _identify(src/Rosmaster_V3.5.1/Listings) by extension 'colcon_meta'
[1.286s] [34mcolcon.colcon_core.package_identification[0m [1;30mLevel 1[0m _identify(src/Rosmaster_V3.5.1/Listings) by extensions ['ros']
[1.286s] [34mcolcon.colcon_core.package_identification[0m [1;30mLevel 1[0m _identify(src/Rosmaster_V3.5.1/Listings) by extension 'ros'
[1.286s] [34mcolcon.colcon_core.package_identification[0m [1;30mLevel 1[0m _identify(src/Rosmaster_V3.5.1/Listings) by extensions ['cmake', 'python']
[1.287s] [34mcolcon.colcon_core.package_identification[0m [1;30mLevel 1[0m _identify(src/Rosmaster_V3.5.1/Listings) by extension 'cmake'
[1.287s] [34mcolcon.colcon_core.package_identification[0m [1;30mLevel 1[0m _identify(src/Rosmaster_V3.5.1/Listings) by extension 'python'
[1.287s] [34mcolcon.colcon_core.package_identification[0m [1;30mLevel 1[0m _identify(src/Rosmaster_V3.5.1/Listings) by extensions ['python_setup_py']
[1.287s] [34mcolcon.colcon_core.package_identification[0m [1;30mLevel 1[0m _identify(src/Rosmaster_V3.5.1/Listings) by extension 'python_setup_py'
[1.288s] [34mcolcon.colcon_core.package_identification[0m [1;30mLevel 1[0m _identify(src/Rosmaster_V3.5.1/RTE) by extensions ['ignore', 'ignore_ament_install']
[1.288s] [34mcolcon.colcon_core.package_identification[0m [1;30mLevel 1[0m _identify(src/Rosmaster_V3.5.1/RTE) by extension 'ignore'
[1.289s] [34mcolcon.colcon_core.package_identification[0m [1;30mLevel 1[0m _identify(src/Rosmaster_V3.5.1/RTE) by extension 'ignore_ament_install'
[1.289s] [34mcolcon.colcon_core.package_identification[0m [1;30mLevel 1[0m _identify(src/Rosmaster_V3.5.1/RTE) by extensions ['colcon_pkg']
[1.289s] [34mcolcon.colcon_core.package_identification[0m [1;30mLevel 1[0m _identify(src/Rosmaster_V3.5.1/RTE) by extension 'colcon_pkg'
[1.289s] [34mcolcon.colcon_core.package_identification[0m [1;30mLevel 1[0m _identify(src/Rosmaster_V3.5.1/RTE) by extensions ['colcon_meta']
[1.290s] [34mcolcon.colcon_core.package_identification[0m [1;30mLevel 1[0m _identify(src/Rosmaster_V3.5.1/RTE) by extension 'colcon_meta'
[1.290s] [34mcolcon.colcon_core.package_identification[0m [1;30mLevel 1[0m _identify(src/Rosmaster_V3.5.1/RTE) by extensions ['ros']
[1.290s] [34mcolcon.colcon_core.package_identification[0m [1;30mLevel 1[0m _identify(src/Rosmaster_V3.5.1/RTE) by extension 'ros'
[1.291s] [34mcolcon.colcon_core.package_identification[0m [1;30mLevel 1[0m _identify(src/Rosmaster_V3.5.1/RTE) by extensions ['cmake', 'python']
[1.291s] [34mcolcon.colcon_core.package_identification[0m [1;30mLevel 1[0m _identify(src/Rosmaster_V3.5.1/RTE) by extension 'cmake'
[1.291s] [34mcolcon.colcon_core.package_identification[0m [1;30mLevel 1[0m _identify(src/Rosmaster_V3.5.1/RTE) by extension 'python'
[1.291s] [34mcolcon.colcon_core.package_identification[0m [1;30mLevel 1[0m _identify(src/Rosmaster_V3.5.1/RTE) by extensions ['python_setup_py']
[1.292s] [34mcolcon.colcon_core.package_identification[0m [1;30mLevel 1[0m _identify(src/Rosmaster_V3.5.1/RTE) by extension 'python_setup_py'
[1.292s] [34mcolcon.colcon_core.package_identification[0m [1;30mLevel 1[0m _identify(src/Rosmaster_V3.5.1/RTE/Device) by extensions ['ignore', 'ignore_ament_install']
[1.293s] [34mcolcon.colcon_core.package_identification[0m [1;30mLevel 1[0m _identify(src/Rosmaster_V3.5.1/RTE/Device) by extension 'ignore'
[1.293s] [34mcolcon.colcon_core.package_identification[0m [1;30mLevel 1[0m _identify(src/Rosmaster_V3.5.1/RTE/Device) by extension 'ignore_ament_install'
[1.293s] [34mcolcon.colcon_core.package_identification[0m [1;30mLevel 1[0m _identify(src/Rosmaster_V3.5.1/RTE/Device) by extensions ['colcon_pkg']
[1.294s] [34mcolcon.colcon_core.package_identification[0m [1;30mLevel 1[0m _identify(src/Rosmaster_V3.5.1/RTE/Device) by extension 'colcon_pkg'
[1.294s] [34mcolcon.colcon_core.package_identification[0m [1;30mLevel 1[0m _identify(src/Rosmaster_V3.5.1/RTE/Device) by extensions ['colcon_meta']
[1.294s] [34mcolcon.colcon_core.package_identification[0m [1;30mLevel 1[0m _identify(src/Rosmaster_V3.5.1/RTE/Device) by extension 'colcon_meta'
[1.294s] [34mcolcon.colcon_core.package_identification[0m [1;30mLevel 1[0m _identify(src/Rosmaster_V3.5.1/RTE/Device) by extensions ['ros']
[1.295s] [34mcolcon.colcon_core.package_identification[0m [1;30mLevel 1[0m _identify(src/Rosmaster_V3.5.1/RTE/Device) by extension 'ros'
[1.295s] [34mcolcon.colcon_core.package_identification[0m [1;30mLevel 1[0m _identify(src/Rosmaster_V3.5.1/RTE/Device) by extensions ['cmake', 'python']
[1.296s] [34mcolcon.colcon_core.package_identification[0m [1;30mLevel 1[0m _identify(src/Rosmaster_V3.5.1/RTE/Device) by extension 'cmake'
[1.296s] [34mcolcon.colcon_core.package_identification[0m [1;30mLevel 1[0m _identify(src/Rosmaster_V3.5.1/RTE/Device) by extension 'python'
[1.296s] [34mcolcon.colcon_core.package_identification[0m [1;30mLevel 1[0m _identify(src/Rosmaster_V3.5.1/RTE/Device) by extensions ['python_setup_py']
[1.296s] [34mcolcon.colcon_core.package_identification[0m [1;30mLevel 1[0m _identify(src/Rosmaster_V3.5.1/RTE/Device) by extension 'python_setup_py'
[1.297s] [34mcolcon.colcon_core.package_identification[0m [1;30mLevel 1[0m _identify(src/Rosmaster_V3.5.1/RTE/Device/STM32F103RC) by extensions ['ignore', 'ignore_ament_install']
[1.298s] [34mcolcon.colcon_core.package_identification[0m [1;30mLevel 1[0m _identify(src/Rosmaster_V3.5.1/RTE/Device/STM32F103RC) by extension 'ignore'
[1.298s] [34mcolcon.colcon_core.package_identification[0m [1;30mLevel 1[0m _identify(src/Rosmaster_V3.5.1/RTE/Device/STM32F103RC) by extension 'ignore_ament_install'
[1.299s] [34mcolcon.colcon_core.package_identification[0m [1;30mLevel 1[0m _identify(src/Rosmaster_V3.5.1/RTE/Device/STM32F103RC) by extensions ['colcon_pkg']
[1.299s] [34mcolcon.colcon_core.package_identification[0m [1;30mLevel 1[0m _identify(src/Rosmaster_V3.5.1/RTE/Device/STM32F103RC) by extension 'colcon_pkg'
[1.299s] [34mcolcon.colcon_core.package_identification[0m [1;30mLevel 1[0m _identify(src/Rosmaster_V3.5.1/RTE/Device/STM32F103RC) by extensions ['colcon_meta']
[1.299s] [34mcolcon.colcon_core.package_identification[0m [1;30mLevel 1[0m _identify(src/Rosmaster_V3.5.1/RTE/Device/STM32F103RC) by extension 'colcon_meta'
[1.300s] [34mcolcon.colcon_core.package_identification[0m [1;30mLevel 1[0m _identify(src/Rosmaster_V3.5.1/RTE/Device/STM32F103RC) by extensions ['ros']
[1.300s] [34mcolcon.colcon_core.package_identification[0m [1;30mLevel 1[0m _identify(src/Rosmaster_V3.5.1/RTE/Device/STM32F103RC) by extension 'ros'
[1.301s] [34mcolcon.colcon_core.package_identification[0m [1;30mLevel 1[0m _identify(src/Rosmaster_V3.5.1/RTE/Device/STM32F103RC) by extensions ['cmake', 'python']
[1.301s] [34mcolcon.colcon_core.package_identification[0m [1;30mLevel 1[0m _identify(src/Rosmaster_V3.5.1/RTE/Device/STM32F103RC) by extension 'cmake'
[1.301s] [34mcolcon.colcon_core.package_identification[0m [1;30mLevel 1[0m _identify(src/Rosmaster_V3.5.1/RTE/Device/STM32F103RC) by extension 'python'
[1.301s] [34mcolcon.colcon_core.package_identification[0m [1;30mLevel 1[0m _identify(src/Rosmaster_V3.5.1/RTE/Device/STM32F103RC) by extensions ['python_setup_py']
[1.302s] [34mcolcon.colcon_core.package_identification[0m [1;30mLevel 1[0m _identify(src/Rosmaster_V3.5.1/RTE/Device/STM32F103RC) by extension 'python_setup_py'
[1.302s] [34mcolcon.colcon_core.package_identification[0m [1;30mLevel 1[0m _identify(src/Rosmaster_V3.5.1/Source) by extensions ['ignore', 'ignore_ament_install']
[1.303s] [34mcolcon.colcon_core.package_identification[0m [1;30mLevel 1[0m _identify(src/Rosmaster_V3.5.1/Source) by extension 'ignore'
[1.303s] [34mcolcon.colcon_core.package_identification[0m [1;30mLevel 1[0m _identify(src/Rosmaster_V3.5.1/Source) by extension 'ignore_ament_install'
[1.303s] [34mcolcon.colcon_core.package_identification[0m [1;30mLevel 1[0m _identify(src/Rosmaster_V3.5.1/Source) by extensions ['colcon_pkg']
[1.304s] [34mcolcon.colcon_core.package_identification[0m [1;30mLevel 1[0m _identify(src/Rosmaster_V3.5.1/Source) by extension 'colcon_pkg'
[1.304s] [34mcolcon.colcon_core.package_identification[0m [1;30mLevel 1[0m _identify(src/Rosmaster_V3.5.1/Source) by extensions ['colcon_meta']
[1.304s] [34mcolcon.colcon_core.package_identification[0m [1;30mLevel 1[0m _identify(src/Rosmaster_V3.5.1/Source) by extension 'colcon_meta'
[1.304s] [34mcolcon.colcon_core.package_identification[0m [1;30mLevel 1[0m _identify(src/Rosmaster_V3.5.1/Source) by extensions ['ros']
[1.305s] [34mcolcon.colcon_core.package_identification[0m [1;30mLevel 1[0m _identify(src/Rosmaster_V3.5.1/Source) by extension 'ros'
[1.305s] [34mcolcon.colcon_core.package_identification[0m [1;30mLevel 1[0m _identify(src/Rosmaster_V3.5.1/Source) by extensions ['cmake', 'python']
[1.305s] [34mcolcon.colcon_core.package_identification[0m [1;30mLevel 1[0m _identify(src/Rosmaster_V3.5.1/Source) by extension 'cmake'
[1.306s] [34mcolcon.colcon_core.package_identification[0m [1;30mLevel 1[0m _identify(src/Rosmaster_V3.5.1/Source) by extension 'python'
[1.306s] [34mcolcon.colcon_core.package_identification[0m [1;30mLevel 1[0m _identify(src/Rosmaster_V3.5.1/Source) by extensions ['python_setup_py']
[1.306s] [34mcolcon.colcon_core.package_identification[0m [1;30mLevel 1[0m _identify(src/Rosmaster_V3.5.1/Source) by extension 'python_setup_py'
[1.307s] [34mcolcon.colcon_core.package_identification[0m [1;30mLevel 1[0m _identify(src/Rosmaster_V3.5.1/Source/APP) by extensions ['ignore', 'ignore_ament_install']
[1.307s] [34mcolcon.colcon_core.package_identification[0m [1;30mLevel 1[0m _identify(src/Rosmaster_V3.5.1/Source/APP) by extension 'ignore'
[1.308s] [34mcolcon.colcon_core.package_identification[0m [1;30mLevel 1[0m _identify(src/Rosmaster_V3.5.1/Source/APP) by extension 'ignore_ament_install'
[1.308s] [34mcolcon.colcon_core.package_identification[0m [1;30mLevel 1[0m _identify(src/Rosmaster_V3.5.1/Source/APP) by extensions ['colcon_pkg']
[1.308s] [34mcolcon.colcon_core.package_identification[0m [1;30mLevel 1[0m _identify(src/Rosmaster_V3.5.1/Source/APP) by extension 'colcon_pkg'
[1.309s] [34mcolcon.colcon_core.package_identification[0m [1;30mLevel 1[0m _identify(src/Rosmaster_V3.5.1/Source/APP) by extensions ['colcon_meta']
[1.309s] [34mcolcon.colcon_core.package_identification[0m [1;30mLevel 1[0m _identify(src/Rosmaster_V3.5.1/Source/APP) by extension 'colcon_meta'
[1.309s] [34mcolcon.colcon_core.package_identification[0m [1;30mLevel 1[0m _identify(src/Rosmaster_V3.5.1/Source/APP) by extensions ['ros']
[1.309s] [34mcolcon.colcon_core.package_identification[0m [1;30mLevel 1[0m _identify(src/Rosmaster_V3.5.1/Source/APP) by extension 'ros'
[1.310s] [34mcolcon.colcon_core.package_identification[0m [1;30mLevel 1[0m _identify(src/Rosmaster_V3.5.1/Source/APP) by extensions ['cmake', 'python']
[1.310s] [34mcolcon.colcon_core.package_identification[0m [1;30mLevel 1[0m _identify(src/Rosmaster_V3.5.1/Source/APP) by extension 'cmake'
[1.310s] [34mcolcon.colcon_core.package_identification[0m [1;30mLevel 1[0m _identify(src/Rosmaster_V3.5.1/Source/APP) by extension 'python'
[1.311s] [34mcolcon.colcon_core.package_identification[0m [1;30mLevel 1[0m _identify(src/Rosmaster_V3.5.1/Source/APP) by extensions ['python_setup_py']
[1.311s] [34mcolcon.colcon_core.package_identification[0m [1;30mLevel 1[0m _identify(src/Rosmaster_V3.5.1/Source/APP) by extension 'python_setup_py'
[1.312s] [34mcolcon.colcon_core.package_identification[0m [1;30mLevel 1[0m _identify(src/Rosmaster_V3.5.1/Source/BSP) by extensions ['ignore', 'ignore_ament_install']
[1.312s] [34mcolcon.colcon_core.package_identification[0m [1;30mLevel 1[0m _identify(src/Rosmaster_V3.5.1/Source/BSP) by extension 'ignore'
[1.312s] [34mcolcon.colcon_core.package_identification[0m [1;30mLevel 1[0m _identify(src/Rosmaster_V3.5.1/Source/BSP) by extension 'ignore_ament_install'
[1.313s] [34mcolcon.colcon_core.package_identification[0m [1;30mLevel 1[0m _identify(src/Rosmaster_V3.5.1/Source/BSP) by extensions ['colcon_pkg']
[1.313s] [34mcolcon.colcon_core.package_identification[0m [1;30mLevel 1[0m _identify(src/Rosmaster_V3.5.1/Source/BSP) by extension 'colcon_pkg'
[1.313s] [34mcolcon.colcon_core.package_identification[0m [1;30mLevel 1[0m _identify(src/Rosmaster_V3.5.1/Source/BSP) by extensions ['colcon_meta']
[1.314s] [34mcolcon.colcon_core.package_identification[0m [1;30mLevel 1[0m _identify(src/Rosmaster_V3.5.1/Source/BSP) by extension 'colcon_meta'
[1.314s] [34mcolcon.colcon_core.package_identification[0m [1;30mLevel 1[0m _identify(src/Rosmaster_V3.5.1/Source/BSP) by extensions ['ros']
[1.314s] [34mcolcon.colcon_core.package_identification[0m [1;30mLevel 1[0m _identify(src/Rosmaster_V3.5.1/Source/BSP) by extension 'ros'
[1.315s] [34mcolcon.colcon_core.package_identification[0m [1;30mLevel 1[0m _identify(src/Rosmaster_V3.5.1/Source/BSP) by extensions ['cmake', 'python']
[1.315s] [34mcolcon.colcon_core.package_identification[0m [1;30mLevel 1[0m _identify(src/Rosmaster_V3.5.1/Source/BSP) by extension 'cmake'
[1.315s] [34mcolcon.colcon_core.package_identification[0m [1;30mLevel 1[0m _identify(src/Rosmaster_V3.5.1/Source/BSP) by extension 'python'
[1.316s] [34mcolcon.colcon_core.package_identification[0m [1;30mLevel 1[0m _identify(src/Rosmaster_V3.5.1/Source/BSP) by extensions ['python_setup_py']
[1.316s] [34mcolcon.colcon_core.package_identification[0m [1;30mLevel 1[0m _identify(src/Rosmaster_V3.5.1/Source/BSP) by extension 'python_setup_py'
[1.316s] [34mcolcon.colcon_core.package_identification[0m [1;30mLevel 1[0m _identify(src/Rosmaster_V3.5.1/Source/DEBUG) by extensions ['ignore', 'ignore_ament_install']
[1.317s] [34mcolcon.colcon_core.package_identification[0m [1;30mLevel 1[0m _identify(src/Rosmaster_V3.5.1/Source/DEBUG) by extension 'ignore'
[1.317s] [34mcolcon.colcon_core.package_identification[0m [1;30mLevel 1[0m _identify(src/Rosmaster_V3.5.1/Source/DEBUG) by extension 'ignore_ament_install'
[1.318s] [34mcolcon.colcon_core.package_identification[0m [1;30mLevel 1[0m _identify(src/Rosmaster_V3.5.1/Source/DEBUG) by extensions ['colcon_pkg']
[1.318s] [34mcolcon.colcon_core.package_identification[0m [1;30mLevel 1[0m _identify(src/Rosmaster_V3.5.1/Source/DEBUG) by extension 'colcon_pkg'
[1.318s] [34mcolcon.colcon_core.package_identification[0m [1;30mLevel 1[0m _identify(src/Rosmaster_V3.5.1/Source/DEBUG) by extensions ['colcon_meta']
[1.318s] [34mcolcon.colcon_core.package_identification[0m [1;30mLevel 1[0m _identify(src/Rosmaster_V3.5.1/Source/DEBUG) by extension 'colcon_meta'
[1.319s] [34mcolcon.colcon_core.package_identification[0m [1;30mLevel 1[0m _identify(src/Rosmaster_V3.5.1/Source/DEBUG) by extensions ['ros']
[1.319s] [34mcolcon.colcon_core.package_identification[0m [1;30mLevel 1[0m _identify(src/Rosmaster_V3.5.1/Source/DEBUG) by extension 'ros'
[1.319s] [34mcolcon.colcon_core.package_identification[0m [1;30mLevel 1[0m _identify(src/Rosmaster_V3.5.1/Source/DEBUG) by extensions ['cmake', 'python']
[1.320s] [34mcolcon.colcon_core.package_identification[0m [1;30mLevel 1[0m _identify(src/Rosmaster_V3.5.1/Source/DEBUG) by extension 'cmake'
[1.320s] [34mcolcon.colcon_core.package_identification[0m [1;30mLevel 1[0m _identify(src/Rosmaster_V3.5.1/Source/DEBUG) by extension 'python'
[1.320s] [34mcolcon.colcon_core.package_identification[0m [1;30mLevel 1[0m _identify(src/Rosmaster_V3.5.1/Source/DEBUG) by extensions ['python_setup_py']
[1.320s] [34mcolcon.colcon_core.package_identification[0m [1;30mLevel 1[0m _identify(src/Rosmaster_V3.5.1/Source/DEBUG) by extension 'python_setup_py'
[1.321s] [34mcolcon.colcon_core.package_identification[0m [1;30mLevel 1[0m _identify(src/Rosmaster_V3.5.1/Source/MEMS) by extensions ['ignore', 'ignore_ament_install']
[1.322s] [34mcolcon.colcon_core.package_identification[0m [1;30mLevel 1[0m _identify(src/Rosmaster_V3.5.1/Source/MEMS) by extension 'ignore'
[1.322s] [34mcolcon.colcon_core.package_identification[0m [1;30mLevel 1[0m _identify(src/Rosmaster_V3.5.1/Source/MEMS) by extension 'ignore_ament_install'
[1.323s] [34mcolcon.colcon_core.package_identification[0m [1;30mLevel 1[0m _identify(src/Rosmaster_V3.5.1/Source/MEMS) by extensions ['colcon_pkg']
[1.323s] [34mcolcon.colcon_core.package_identification[0m [1;30mLevel 1[0m _identify(src/Rosmaster_V3.5.1/Source/MEMS) by extension 'colcon_pkg'
[1.323s] [34mcolcon.colcon_core.package_identification[0m [1;30mLevel 1[0m _identify(src/Rosmaster_V3.5.1/Source/MEMS) by extensions ['colcon_meta']
[1.323s] [34mcolcon.colcon_core.package_identification[0m [1;30mLevel 1[0m _identify(src/Rosmaster_V3.5.1/Source/MEMS) by extension 'colcon_meta'
[1.324s] [34mcolcon.colcon_core.package_identification[0m [1;30mLevel 1[0m _identify(src/Rosmaster_V3.5.1/Source/MEMS) by extensions ['ros']
[1.324s] [34mcolcon.colcon_core.package_identification[0m [1;30mLevel 1[0m _identify(src/Rosmaster_V3.5.1/Source/MEMS) by extension 'ros'
[1.325s] [34mcolcon.colcon_core.package_identification[0m [1;30mLevel 1[0m _identify(src/Rosmaster_V3.5.1/Source/MEMS) by extensions ['cmake', 'python']
[1.325s] [34mcolcon.colcon_core.package_identification[0m [1;30mLevel 1[0m _identify(src/Rosmaster_V3.5.1/Source/MEMS) by extension 'cmake'
[1.325s] [34mcolcon.colcon_core.package_identification[0m [1;30mLevel 1[0m _identify(src/Rosmaster_V3.5.1/Source/MEMS) by extension 'python'
[1.325s] [34mcolcon.colcon_core.package_identification[0m [1;30mLevel 1[0m _identify(src/Rosmaster_V3.5.1/Source/MEMS) by extensions ['python_setup_py']
[1.326s] [34mcolcon.colcon_core.package_identification[0m [1;30mLevel 1[0m _identify(src/Rosmaster_V3.5.1/Source/MEMS) by extension 'python_setup_py'
[1.326s] [34mcolcon.colcon_core.package_identification[0m [1;30mLevel 1[0m _identify(src/Rosmaster_V3.5.1/Source/TOOL) by extensions ['ignore', 'ignore_ament_install']
[1.327s] [34mcolcon.colcon_core.package_identification[0m [1;30mLevel 1[0m _identify(src/Rosmaster_V3.5.1/Source/TOOL) by extension 'ignore'
[1.327s] [34mcolcon.colcon_core.package_identification[0m [1;30mLevel 1[0m _identify(src/Rosmaster_V3.5.1/Source/TOOL) by extension 'ignore_ament_install'
[1.327s] [34mcolcon.colcon_core.package_identification[0m [1;30mLevel 1[0m _identify(src/Rosmaster_V3.5.1/Source/TOOL) by extensions ['colcon_pkg']
[1.328s] [34mcolcon.colcon_core.package_identification[0m [1;30mLevel 1[0m _identify(src/Rosmaster_V3.5.1/Source/TOOL) by extension 'colcon_pkg'
[1.328s] [34mcolcon.colcon_core.package_identification[0m [1;30mLevel 1[0m _identify(src/Rosmaster_V3.5.1/Source/TOOL) by extensions ['colcon_meta']
[1.328s] [34mcolcon.colcon_core.package_identification[0m [1;30mLevel 1[0m _identify(src/Rosmaster_V3.5.1/Source/TOOL) by extension 'colcon_meta'
[1.328s] [34mcolcon.colcon_core.package_identification[0m [1;30mLevel 1[0m _identify(src/Rosmaster_V3.5.1/Source/TOOL) by extensions ['ros']
[1.329s] [34mcolcon.colcon_core.package_identification[0m [1;30mLevel 1[0m _identify(src/Rosmaster_V3.5.1/Source/TOOL) by extension 'ros'
[1.329s] [34mcolcon.colcon_core.package_identification[0m [1;30mLevel 1[0m _identify(src/Rosmaster_V3.5.1/Source/TOOL) by extensions ['cmake', 'python']
[1.329s] [34mcolcon.colcon_core.package_identification[0m [1;30mLevel 1[0m _identify(src/Rosmaster_V3.5.1/Source/TOOL) by extension 'cmake'
[1.330s] [34mcolcon.colcon_core.package_identification[0m [1;30mLevel 1[0m _identify(src/Rosmaster_V3.5.1/Source/TOOL) by extension 'python'
[1.330s] [34mcolcon.colcon_core.package_identification[0m [1;30mLevel 1[0m _identify(src/Rosmaster_V3.5.1/Source/TOOL) by extensions ['python_setup_py']
[1.330s] [34mcolcon.colcon_core.package_identification[0m [1;30mLevel 1[0m _identify(src/Rosmaster_V3.5.1/Source/TOOL) by extension 'python_setup_py'
[1.331s] [34mcolcon.colcon_core.package_identification[0m [1;30mLevel 1[0m _identify(src/Rosmaster_V3.5.1/output) by extensions ['ignore', 'ignore_ament_install']
[1.331s] [34mcolcon.colcon_core.package_identification[0m [1;30mLevel 1[0m _identify(src/Rosmaster_V3.5.1/output) by extension 'ignore'
[1.332s] [34mcolcon.colcon_core.package_identification[0m [1;30mLevel 1[0m _identify(src/Rosmaster_V3.5.1/output) by extension 'ignore_ament_install'
[1.332s] [34mcolcon.colcon_core.package_identification[0m [1;30mLevel 1[0m _identify(src/Rosmaster_V3.5.1/output) by extensions ['colcon_pkg']
[1.332s] [34mcolcon.colcon_core.package_identification[0m [1;30mLevel 1[0m _identify(src/Rosmaster_V3.5.1/output) by extension 'colcon_pkg'
[1.332s] [34mcolcon.colcon_core.package_identification[0m [1;30mLevel 1[0m _identify(src/Rosmaster_V3.5.1/output) by extensions ['colcon_meta']
[1.333s] [34mcolcon.colcon_core.package_identification[0m [1;30mLevel 1[0m _identify(src/Rosmaster_V3.5.1/output) by extension 'colcon_meta'
[1.333s] [34mcolcon.colcon_core.package_identification[0m [1;30mLevel 1[0m _identify(src/Rosmaster_V3.5.1/output) by extensions ['ros']
[1.333s] [34mcolcon.colcon_core.package_identification[0m [1;30mLevel 1[0m _identify(src/Rosmaster_V3.5.1/output) by extension 'ros'
[1.334s] [34mcolcon.colcon_core.package_identification[0m [1;30mLevel 1[0m _identify(src/Rosmaster_V3.5.1/output) by extensions ['cmake', 'python']
[1.334s] [34mcolcon.colcon_core.package_identification[0m [1;30mLevel 1[0m _identify(src/Rosmaster_V3.5.1/output) by extension 'cmake'
[1.334s] [34mcolcon.colcon_core.package_identification[0m [1;30mLevel 1[0m _identify(src/Rosmaster_V3.5.1/output) by extension 'python'
[1.335s] [34mcolcon.colcon_core.package_identification[0m [1;30mLevel 1[0m _identify(src/Rosmaster_V3.5.1/output) by extensions ['python_setup_py']
[1.335s] [34mcolcon.colcon_core.package_identification[0m [1;30mLevel 1[0m _identify(src/Rosmaster_V3.5.1/output) by extension 'python_setup_py'
[1.335s] [34mcolcon.colcon_core.package_identification[0m [1;30mLevel 1[0m _identify(src/Stm32F103C8T6) by extensions ['ignore', 'ignore_ament_install']
[1.336s] [34mcolcon.colcon_core.package_identification[0m [1;30mLevel 1[0m _identify(src/Stm32F103C8T6) by extension 'ignore'
[1.336s] [34mcolcon.colcon_core.package_identification[0m [1;30mLevel 1[0m _identify(src/Stm32F103C8T6) by extension 'ignore_ament_install'
[1.337s] [34mcolcon.colcon_core.package_identification[0m [1;30mLevel 1[0m _identify(src/Stm32F103C8T6) by extensions ['colcon_pkg']
[1.337s] [34mcolcon.colcon_core.package_identification[0m [1;30mLevel 1[0m _identify(src/Stm32F103C8T6) by extension 'colcon_pkg'
[1.337s] [34mcolcon.colcon_core.package_identification[0m [1;30mLevel 1[0m _identify(src/Stm32F103C8T6) by extensions ['colcon_meta']
[1.337s] [34mcolcon.colcon_core.package_identification[0m [1;30mLevel 1[0m _identify(src/Stm32F103C8T6) by extension 'colcon_meta'
[1.338s] [34mcolcon.colcon_core.package_identification[0m [1;30mLevel 1[0m _identify(src/Stm32F103C8T6) by extensions ['ros']
[1.338s] [34mcolcon.colcon_core.package_identification[0m [1;30mLevel 1[0m _identify(src/Stm32F103C8T6) by extension 'ros'
[1.338s] [34mcolcon.colcon_core.package_identification[0m [1;30mLevel 1[0m _identify(src/Stm32F103C8T6) by extensions ['cmake', 'python']
[1.338s] [34mcolcon.colcon_core.package_identification[0m [1;30mLevel 1[0m _identify(src/Stm32F103C8T6) by extension 'cmake'
[1.339s] [34mcolcon.colcon_core.package_identification[0m [1;30mLevel 1[0m _identify(src/Stm32F103C8T6) by extension 'python'
[1.339s] [34mcolcon.colcon_core.package_identification[0m [1;30mLevel 1[0m _identify(src/Stm32F103C8T6) by extensions ['python_setup_py']
[1.339s] [34mcolcon.colcon_core.package_identification[0m [1;30mLevel 1[0m _identify(src/Stm32F103C8T6) by extension 'python_setup_py'
[1.340s] [34mcolcon.colcon_core.package_identification[0m [1;30mLevel 1[0m _identify(src/Stm32F103C8T6/CMSIS) by extensions ['ignore', 'ignore_ament_install']
[1.340s] [34mcolcon.colcon_core.package_identification[0m [1;30mLevel 1[0m _identify(src/Stm32F103C8T6/CMSIS) by extension 'ignore'
[1.341s] [34mcolcon.colcon_core.package_identification[0m [1;30mLevel 1[0m _identify(src/Stm32F103C8T6/CMSIS) by extension 'ignore_ament_install'
[1.341s] [34mcolcon.colcon_core.package_identification[0m [1;30mLevel 1[0m _identify(src/Stm32F103C8T6/CMSIS) by extensions ['colcon_pkg']
[1.341s] [34mcolcon.colcon_core.package_identification[0m [1;30mLevel 1[0m _identify(src/Stm32F103C8T6/CMSIS) by extension 'colcon_pkg'
[1.341s] [34mcolcon.colcon_core.package_identification[0m [1;30mLevel 1[0m _identify(src/Stm32F103C8T6/CMSIS) by extensions ['colcon_meta']
[1.342s] [34mcolcon.colcon_core.package_identification[0m [1;30mLevel 1[0m _identify(src/Stm32F103C8T6/CMSIS) by extension 'colcon_meta'
[1.342s] [34mcolcon.colcon_core.package_identification[0m [1;30mLevel 1[0m _identify(src/Stm32F103C8T6/CMSIS) by extensions ['ros']
[1.342s] [34mcolcon.colcon_core.package_identification[0m [1;30mLevel 1[0m _identify(src/Stm32F103C8T6/CMSIS) by extension 'ros'
[1.343s] [34mcolcon.colcon_core.package_identification[0m [1;30mLevel 1[0m _identify(src/Stm32F103C8T6/CMSIS) by extensions ['cmake', 'python']
[1.343s] [34mcolcon.colcon_core.package_identification[0m [1;30mLevel 1[0m _identify(src/Stm32F103C8T6/CMSIS) by extension 'cmake'
[1.343s] [34mcolcon.colcon_core.package_identification[0m [1;30mLevel 1[0m _identify(src/Stm32F103C8T6/CMSIS) by extension 'python'
[1.344s] [34mcolcon.colcon_core.package_identification[0m [1;30mLevel 1[0m _identify(src/Stm32F103C8T6/CMSIS) by extensions ['python_setup_py']
[1.344s] [34mcolcon.colcon_core.package_identification[0m [1;30mLevel 1[0m _identify(src/Stm32F103C8T6/CMSIS) by extension 'python_setup_py'
[1.344s] [34mcolcon.colcon_core.package_identification[0m [1;30mLevel 1[0m _identify(src/Stm32F103C8T6/CMSIS/startup) by extensions ['ignore', 'ignore_ament_install']
[1.345s] [34mcolcon.colcon_core.package_identification[0m [1;30mLevel 1[0m _identify(src/Stm32F103C8T6/CMSIS/startup) by extension 'ignore'
[1.346s] [34mcolcon.colcon_core.package_identification[0m [1;30mLevel 1[0m _identify(src/Stm32F103C8T6/CMSIS/startup) by extension 'ignore_ament_install'
[1.346s] [34mcolcon.colcon_core.package_identification[0m [1;30mLevel 1[0m _identify(src/Stm32F103C8T6/CMSIS/startup) by extensions ['colcon_pkg']
[1.347s] [34mcolcon.colcon_core.package_identification[0m [1;30mLevel 1[0m _identify(src/Stm32F103C8T6/CMSIS/startup) by extension 'colcon_pkg'
[1.347s] [34mcolcon.colcon_core.package_identification[0m [1;30mLevel 1[0m _identify(src/Stm32F103C8T6/CMSIS/startup) by extensions ['colcon_meta']
[1.348s] [34mcolcon.colcon_core.package_identification[0m [1;30mLevel 1[0m _identify(src/Stm32F103C8T6/CMSIS/startup) by extension 'colcon_meta'
[1.348s] [34mcolcon.colcon_core.package_identification[0m [1;30mLevel 1[0m _identify(src/Stm32F103C8T6/CMSIS/startup) by extensions ['ros']
[1.348s] [34mcolcon.colcon_core.package_identification[0m [1;30mLevel 1[0m _identify(src/Stm32F103C8T6/CMSIS/startup) by extension 'ros'
[1.349s] [34mcolcon.colcon_core.package_identification[0m [1;30mLevel 1[0m _identify(src/Stm32F103C8T6/CMSIS/startup) by extensions ['cmake', 'python']
[1.349s] [34mcolcon.colcon_core.package_identification[0m [1;30mLevel 1[0m _identify(src/Stm32F103C8T6/CMSIS/startup) by extension 'cmake'
[1.350s] [34mcolcon.colcon_core.package_identification[0m [1;30mLevel 1[0m _identify(src/Stm32F103C8T6/CMSIS/startup) by extension 'python'
[1.350s] [34mcolcon.colcon_core.package_identification[0m [1;30mLevel 1[0m _identify(src/Stm32F103C8T6/CMSIS/startup) by extensions ['python_setup_py']
[1.350s] [34mcolcon.colcon_core.package_identification[0m [1;30mLevel 1[0m _identify(src/Stm32F103C8T6/CMSIS/startup) by extension 'python_setup_py'
[1.351s] [34mcolcon.colcon_core.package_identification[0m [1;30mLevel 1[0m _identify(src/Stm32F103C8T6/DebugConfig) by extensions ['ignore', 'ignore_ament_install']
[1.351s] [34mcolcon.colcon_core.package_identification[0m [1;30mLevel 1[0m _identify(src/Stm32F103C8T6/DebugConfig) by extension 'ignore'
[1.352s] [34mcolcon.colcon_core.package_identification[0m [1;30mLevel 1[0m _identify(src/Stm32F103C8T6/DebugConfig) by extension 'ignore_ament_install'
[1.352s] [34mcolcon.colcon_core.package_identification[0m [1;30mLevel 1[0m _identify(src/Stm32F103C8T6/DebugConfig) by extensions ['colcon_pkg']
[1.352s] [34mcolcon.colcon_core.package_identification[0m [1;30mLevel 1[0m _identify(src/Stm32F103C8T6/DebugConfig) by extension 'colcon_pkg'
[1.353s] [34mcolcon.colcon_core.package_identification[0m [1;30mLevel 1[0m _identify(src/Stm32F103C8T6/DebugConfig) by extensions ['colcon_meta']
[1.353s] [34mcolcon.colcon_core.package_identification[0m [1;30mLevel 1[0m _identify(src/Stm32F103C8T6/DebugConfig) by extension 'colcon_meta'
[1.353s] [34mcolcon.colcon_core.package_identification[0m [1;30mLevel 1[0m _identify(src/Stm32F103C8T6/DebugConfig) by extensions ['ros']
[1.353s] [34mcolcon.colcon_core.package_identification[0m [1;30mLevel 1[0m _identify(src/Stm32F103C8T6/DebugConfig) by extension 'ros'
[1.354s] [34mcolcon.colcon_core.package_identification[0m [1;30mLevel 1[0m _identify(src/Stm32F103C8T6/DebugConfig) by extensions ['cmake', 'python']
[1.354s] [34mcolcon.colcon_core.package_identification[0m [1;30mLevel 1[0m _identify(src/Stm32F103C8T6/DebugConfig) by extension 'cmake'
[1.354s] [34mcolcon.colcon_core.package_identification[0m [1;30mLevel 1[0m _identify(src/Stm32F103C8T6/DebugConfig) by extension 'python'
[1.355s] [34mcolcon.colcon_core.package_identification[0m [1;30mLevel 1[0m _identify(src/Stm32F103C8T6/DebugConfig) by extensions ['python_setup_py']
[1.355s] [34mcolcon.colcon_core.package_identification[0m [1;30mLevel 1[0m _identify(src/Stm32F103C8T6/DebugConfig) by extension 'python_setup_py'
[1.355s] [34mcolcon.colcon_core.package_identification[0m [1;30mLevel 1[0m _identify(src/Stm32F103C8T6/FWlib) by extensions ['ignore', 'ignore_ament_install']
[1.356s] [34mcolcon.colcon_core.package_identification[0m [1;30mLevel 1[0m _identify(src/Stm32F103C8T6/FWlib) by extension 'ignore'
[1.356s] [34mcolcon.colcon_core.package_identification[0m [1;30mLevel 1[0m _identify(src/Stm32F103C8T6/FWlib) by extension 'ignore_ament_install'
[1.357s] [34mcolcon.colcon_core.package_identification[0m [1;30mLevel 1[0m _identify(src/Stm32F103C8T6/FWlib) by extensions ['colcon_pkg']
[1.357s] [34mcolcon.colcon_core.package_identification[0m [1;30mLevel 1[0m _identify(src/Stm32F103C8T6/FWlib) by extension 'colcon_pkg'
[1.357s] [34mcolcon.colcon_core.package_identification[0m [1;30mLevel 1[0m _identify(src/Stm32F103C8T6/FWlib) by extensions ['colcon_meta']
[1.357s] [34mcolcon.colcon_core.package_identification[0m [1;30mLevel 1[0m _identify(src/Stm32F103C8T6/FWlib) by extension 'colcon_meta'
[1.358s] [34mcolcon.colcon_core.package_identification[0m [1;30mLevel 1[0m _identify(src/Stm32F103C8T6/FWlib) by extensions ['ros']
[1.358s] [34mcolcon.colcon_core.package_identification[0m [1;30mLevel 1[0m _identify(src/Stm32F103C8T6/FWlib) by extension 'ros'
[1.358s] [34mcolcon.colcon_core.package_identification[0m [1;30mLevel 1[0m _identify(src/Stm32F103C8T6/FWlib) by extensions ['cmake', 'python']
[1.359s] [34mcolcon.colcon_core.package_identification[0m [1;30mLevel 1[0m _identify(src/Stm32F103C8T6/FWlib) by extension 'cmake'
[1.359s] [34mcolcon.colcon_core.package_identification[0m [1;30mLevel 1[0m _identify(src/Stm32F103C8T6/FWlib) by extension 'python'
[1.359s] [34mcolcon.colcon_core.package_identification[0m [1;30mLevel 1[0m _identify(src/Stm32F103C8T6/FWlib) by extensions ['python_setup_py']
[1.359s] [34mcolcon.colcon_core.package_identification[0m [1;30mLevel 1[0m _identify(src/Stm32F103C8T6/FWlib) by extension 'python_setup_py'
[1.360s] [34mcolcon.colcon_core.package_identification[0m [1;30mLevel 1[0m _identify(src/Stm32F103C8T6/FWlib/inc) by extensions ['ignore', 'ignore_ament_install']
[1.361s] [34mcolcon.colcon_core.package_identification[0m [1;30mLevel 1[0m _identify(src/Stm32F103C8T6/FWlib/inc) by extension 'ignore'
[1.361s] [34mcolcon.colcon_core.package_identification[0m [1;30mLevel 1[0m _identify(src/Stm32F103C8T6/FWlib/inc) by extension 'ignore_ament_install'
[1.361s] [34mcolcon.colcon_core.package_identification[0m [1;30mLevel 1[0m _identify(src/Stm32F103C8T6/FWlib/inc) by extensions ['colcon_pkg']
[1.361s] [34mcolcon.colcon_core.package_identification[0m [1;30mLevel 1[0m _identify(src/Stm32F103C8T6/FWlib/inc) by extension 'colcon_pkg'
[1.362s] [34mcolcon.colcon_core.package_identification[0m [1;30mLevel 1[0m _identify(src/Stm32F103C8T6/FWlib/inc) by extensions ['colcon_meta']
[1.362s] [34mcolcon.colcon_core.package_identification[0m [1;30mLevel 1[0m _identify(src/Stm32F103C8T6/FWlib/inc) by extension 'colcon_meta'
[1.362s] [34mcolcon.colcon_core.package_identification[0m [1;30mLevel 1[0m _identify(src/Stm32F103C8T6/FWlib/inc) by extensions ['ros']
[1.363s] [34mcolcon.colcon_core.package_identification[0m [1;30mLevel 1[0m _identify(src/Stm32F103C8T6/FWlib/inc) by extension 'ros'
[1.363s] [34mcolcon.colcon_core.package_identification[0m [1;30mLevel 1[0m _identify(src/Stm32F103C8T6/FWlib/inc) by extensions ['cmake', 'python']
[1.363s] [34mcolcon.colcon_core.package_identification[0m [1;30mLevel 1[0m _identify(src/Stm32F103C8T6/FWlib/inc) by extension 'cmake'
[1.363s] [34mcolcon.colcon_core.package_identification[0m [1;30mLevel 1[0m _identify(src/Stm32F103C8T6/FWlib/inc) by extension 'python'
[1.364s] [34mcolcon.colcon_core.package_identification[0m [1;30mLevel 1[0m _identify(src/Stm32F103C8T6/FWlib/inc) by extensions ['python_setup_py']
[1.364s] [34mcolcon.colcon_core.package_identification[0m [1;30mLevel 1[0m _identify(src/Stm32F103C8T6/FWlib/inc) by extension 'python_setup_py'
[1.365s] [34mcolcon.colcon_core.package_identification[0m [1;30mLevel 1[0m _identify(src/Stm32F103C8T6/FWlib/src) by extensions ['ignore', 'ignore_ament_install']
[1.365s] [34mcolcon.colcon_core.package_identification[0m [1;30mLevel 1[0m _identify(src/Stm32F103C8T6/FWlib/src) by extension 'ignore'
[1.366s] [34mcolcon.colcon_core.package_identification[0m [1;30mLevel 1[0m _identify(src/Stm32F103C8T6/FWlib/src) by extension 'ignore_ament_install'
[1.366s] [34mcolcon.colcon_core.package_identification[0m [1;30mLevel 1[0m _identify(src/Stm32F103C8T6/FWlib/src) by extensions ['colcon_pkg']
[1.366s] [34mcolcon.colcon_core.package_identification[0m [1;30mLevel 1[0m _identify(src/Stm32F103C8T6/FWlib/src) by extension 'colcon_pkg'
[1.366s] [34mcolcon.colcon_core.package_identification[0m [1;30mLevel 1[0m _identify(src/Stm32F103C8T6/FWlib/src) by extensions ['colcon_meta']
[1.367s] [34mcolcon.colcon_core.package_identification[0m [1;30mLevel 1[0m _identify(src/Stm32F103C8T6/FWlib/src) by extension 'colcon_meta'
[1.367s] [34mcolcon.colcon_core.package_identification[0m [1;30mLevel 1[0m _identify(src/Stm32F103C8T6/FWlib/src) by extensions ['ros']
[1.367s] [34mcolcon.colcon_core.package_identification[0m [1;30mLevel 1[0m _identify(src/Stm32F103C8T6/FWlib/src) by extension 'ros'
[1.368s] [34mcolcon.colcon_core.package_identification[0m [1;30mLevel 1[0m _identify(src/Stm32F103C8T6/FWlib/src) by extensions ['cmake', 'python']
[1.368s] [34mcolcon.colcon_core.package_identification[0m [1;30mLevel 1[0m _identify(src/Stm32F103C8T6/FWlib/src) by extension 'cmake'
[1.368s] [34mcolcon.colcon_core.package_identification[0m [1;30mLevel 1[0m _identify(src/Stm32F103C8T6/FWlib/src) by extension 'python'
[1.369s] [34mcolcon.colcon_core.package_identification[0m [1;30mLevel 1[0m _identify(src/Stm32F103C8T6/FWlib/src) by extensions ['python_setup_py']
[1.369s] [34mcolcon.colcon_core.package_identification[0m [1;30mLevel 1[0m _identify(src/Stm32F103C8T6/FWlib/src) by extension 'python_setup_py'
[1.369s] [34mcolcon.colcon_core.package_identification[0m [1;30mLevel 1[0m _identify(src/Stm32F103C8T6/Listings) by extensions ['ignore', 'ignore_ament_install']
[1.370s] [34mcolcon.colcon_core.package_identification[0m [1;30mLevel 1[0m _identify(src/Stm32F103C8T6/Listings) by extension 'ignore'
[1.370s] [34mcolcon.colcon_core.package_identification[0m [1;30mLevel 1[0m _identify(src/Stm32F103C8T6/Listings) by extension 'ignore_ament_install'
[1.371s] [34mcolcon.colcon_core.package_identification[0m [1;30mLevel 1[0m _identify(src/Stm32F103C8T6/Listings) by extensions ['colcon_pkg']
[1.371s] [34mcolcon.colcon_core.package_identification[0m [1;30mLevel 1[0m _identify(src/Stm32F103C8T6/Listings) by extension 'colcon_pkg'
[1.371s] [34mcolcon.colcon_core.package_identification[0m [1;30mLevel 1[0m _identify(src/Stm32F103C8T6/Listings) by extensions ['colcon_meta']
[1.371s] [34mcolcon.colcon_core.package_identification[0m [1;30mLevel 1[0m _identify(src/Stm32F103C8T6/Listings) by extension 'colcon_meta'
[1.372s] [34mcolcon.colcon_core.package_identification[0m [1;30mLevel 1[0m _identify(src/Stm32F103C8T6/Listings) by extensions ['ros']
[1.372s] [34mcolcon.colcon_core.package_identification[0m [1;30mLevel 1[0m _identify(src/Stm32F103C8T6/Listings) by extension 'ros'
[1.372s] [34mcolcon.colcon_core.package_identification[0m [1;30mLevel 1[0m _identify(src/Stm32F103C8T6/Listings) by extensions ['cmake', 'python']
[1.373s] [34mcolcon.colcon_core.package_identification[0m [1;30mLevel 1[0m _identify(src/Stm32F103C8T6/Listings) by extension 'cmake'
[1.373s] [34mcolcon.colcon_core.package_identification[0m [1;30mLevel 1[0m _identify(src/Stm32F103C8T6/Listings) by extension 'python'
[1.373s] [34mcolcon.colcon_core.package_identification[0m [1;30mLevel 1[0m _identify(src/Stm32F103C8T6/Listings) by extensions ['python_setup_py']
[1.374s] [34mcolcon.colcon_core.package_identification[0m [1;30mLevel 1[0m _identify(src/Stm32F103C8T6/Listings) by extension 'python_setup_py'
[1.375s] [34mcolcon.colcon_core.package_identification[0m [1;30mLevel 1[0m _identify(src/Stm32F103C8T6/Objects) by extensions ['ignore', 'ignore_ament_install']
[1.376s] [34mcolcon.colcon_core.package_identification[0m [1;30mLevel 1[0m _identify(src/Stm32F103C8T6/Objects) by extension 'ignore'
[1.376s] [34mcolcon.colcon_core.package_identification[0m [1;30mLevel 1[0m _identify(src/Stm32F103C8T6/Objects) by extension 'ignore_ament_install'
[1.377s] [34mcolcon.colcon_core.package_identification[0m [1;30mLevel 1[0m _identify(src/Stm32F103C8T6/Objects) by extensions ['colcon_pkg']
[1.377s] [34mcolcon.colcon_core.package_identification[0m [1;30mLevel 1[0m _identify(src/Stm32F103C8T6/Objects) by extension 'colcon_pkg'
[1.377s] [34mcolcon.colcon_core.package_identification[0m [1;30mLevel 1[0m _identify(src/Stm32F103C8T6/Objects) by extensions ['colcon_meta']
[1.377s] [34mcolcon.colcon_core.package_identification[0m [1;30mLevel 1[0m _identify(src/Stm32F103C8T6/Objects) by extension 'colcon_meta'
[1.378s] [34mcolcon.colcon_core.package_identification[0m [1;30mLevel 1[0m _identify(src/Stm32F103C8T6/Objects) by extensions ['ros']
[1.378s] [34mcolcon.colcon_core.package_identification[0m [1;30mLevel 1[0m _identify(src/Stm32F103C8T6/Objects) by extension 'ros'
[1.379s] [34mcolcon.colcon_core.package_identification[0m [1;30mLevel 1[0m _identify(src/Stm32F103C8T6/Objects) by extensions ['cmake', 'python']
[1.379s] [34mcolcon.colcon_core.package_identification[0m [1;30mLevel 1[0m _identify(src/Stm32F103C8T6/Objects) by extension 'cmake'
[1.379s] [34mcolcon.colcon_core.package_identification[0m [1;30mLevel 1[0m _identify(src/Stm32F103C8T6/Objects) by extension 'python'
[1.379s] [34mcolcon.colcon_core.package_identification[0m [1;30mLevel 1[0m _identify(src/Stm32F103C8T6/Objects) by extensions ['python_setup_py']
[1.380s] [34mcolcon.colcon_core.package_identification[0m [1;30mLevel 1[0m _identify(src/Stm32F103C8T6/Objects) by extension 'python_setup_py'
[1.380s] [34mcolcon.colcon_core.package_identification[0m [1;30mLevel 1[0m _identify(src/Stm32F103C8T6/RTE) by extensions ['ignore', 'ignore_ament_install']
[1.381s] [34mcolcon.colcon_core.package_identification[0m [1;30mLevel 1[0m _identify(src/Stm32F103C8T6/RTE) by extension 'ignore'
[1.382s] [34mcolcon.colcon_core.package_identification[0m [1;30mLevel 1[0m _identify(src/Stm32F103C8T6/RTE) by extension 'ignore_ament_install'
[1.382s] [34mcolcon.colcon_core.package_identification[0m [1;30mLevel 1[0m _identify(src/Stm32F103C8T6/RTE) by extensions ['colcon_pkg']
[1.382s] [34mcolcon.colcon_core.package_identification[0m [1;30mLevel 1[0m _identify(src/Stm32F103C8T6/RTE) by extension 'colcon_pkg'
[1.383s] [34mcolcon.colcon_core.package_identification[0m [1;30mLevel 1[0m _identify(src/Stm32F103C8T6/RTE) by extensions ['colcon_meta']
[1.383s] [34mcolcon.colcon_core.package_identification[0m [1;30mLevel 1[0m _identify(src/Stm32F103C8T6/RTE) by extension 'colcon_meta'
[1.383s] [34mcolcon.colcon_core.package_identification[0m [1;30mLevel 1[0m _identify(src/Stm32F103C8T6/RTE) by extensions ['ros']
[1.384s] [34mcolcon.colcon_core.package_identification[0m [1;30mLevel 1[0m _identify(src/Stm32F103C8T6/RTE) by extension 'ros'
[1.384s] [34mcolcon.colcon_core.package_identification[0m [1;30mLevel 1[0m _identify(src/Stm32F103C8T6/RTE) by extensions ['cmake', 'python']
[1.384s] [34mcolcon.colcon_core.package_identification[0m [1;30mLevel 1[0m _identify(src/Stm32F103C8T6/RTE) by extension 'cmake'
[1.385s] [34mcolcon.colcon_core.package_identification[0m [1;30mLevel 1[0m _identify(src/Stm32F103C8T6/RTE) by extension 'python'
[1.385s] [34mcolcon.colcon_core.package_identification[0m [1;30mLevel 1[0m _identify(src/Stm32F103C8T6/RTE) by extensions ['python_setup_py']
[1.385s] [34mcolcon.colcon_core.package_identification[0m [1;30mLevel 1[0m _identify(src/Stm32F103C8T6/RTE) by extension 'python_setup_py'
[1.386s] [34mcolcon.colcon_core.package_identification[0m [1;30mLevel 1[0m _identify(src/Stm32F103C8T6/RTE/Device) by extensions ['ignore', 'ignore_ament_install']
[1.387s] [34mcolcon.colcon_core.package_identification[0m [1;30mLevel 1[0m _identify(src/Stm32F103C8T6/RTE/Device) by extension 'ignore'
[1.387s] [34mcolcon.colcon_core.package_identification[0m [1;30mLevel 1[0m _identify(src/Stm32F103C8T6/RTE/Device) by extension 'ignore_ament_install'
[1.387s] [34mcolcon.colcon_core.package_identification[0m [1;30mLevel 1[0m _identify(src/Stm32F103C8T6/RTE/Device) by extensions ['colcon_pkg']
[1.387s] [34mcolcon.colcon_core.package_identification[0m [1;30mLevel 1[0m _identify(src/Stm32F103C8T6/RTE/Device) by extension 'colcon_pkg'
[1.388s] [34mcolcon.colcon_core.package_identification[0m [1;30mLevel 1[0m _identify(src/Stm32F103C8T6/RTE/Device) by extensions ['colcon_meta']
[1.388s] [34mcolcon.colcon_core.package_identification[0m [1;30mLevel 1[0m _identify(src/Stm32F103C8T6/RTE/Device) by extension 'colcon_meta'
[1.388s] [34mcolcon.colcon_core.package_identification[0m [1;30mLevel 1[0m _identify(src/Stm32F103C8T6/RTE/Device) by extensions ['ros']
[1.389s] [34mcolcon.colcon_core.package_identification[0m [1;30mLevel 1[0m _identify(src/Stm32F103C8T6/RTE/Device) by extension 'ros'
[1.389s] [34mcolcon.colcon_core.package_identification[0m [1;30mLevel 1[0m _identify(src/Stm32F103C8T6/RTE/Device) by extensions ['cmake', 'python']
[1.389s] [34mcolcon.colcon_core.package_identification[0m [1;30mLevel 1[0m _identify(src/Stm32F103C8T6/RTE/Device) by extension 'cmake'
[1.390s] [34mcolcon.colcon_core.package_identification[0m [1;30mLevel 1[0m _identify(src/Stm32F103C8T6/RTE/Device) by extension 'python'
[1.390s] [34mcolcon.colcon_core.package_identification[0m [1;30mLevel 1[0m _identify(src/Stm32F103C8T6/RTE/Device) by extensions ['python_setup_py']
[1.390s] [34mcolcon.colcon_core.package_identification[0m [1;30mLevel 1[0m _identify(src/Stm32F103C8T6/RTE/Device) by extension 'python_setup_py'
[1.391s] [34mcolcon.colcon_core.package_identification[0m [1;30mLevel 1[0m _identify(src/Stm32F103C8T6/RTE/Device/STM32F103C8) by extensions ['ignore', 'ignore_ament_install']
[1.392s] [34mcolcon.colcon_core.package_identification[0m [1;30mLevel 1[0m _identify(src/Stm32F103C8T6/RTE/Device/STM32F103C8) by extension 'ignore'
[1.392s] [34mcolcon.colcon_core.package_identification[0m [1;30mLevel 1[0m _identify(src/Stm32F103C8T6/RTE/Device/STM32F103C8) by extension 'ignore_ament_install'
[1.392s] [34mcolcon.colcon_core.package_identification[0m [1;30mLevel 1[0m _identify(src/Stm32F103C8T6/RTE/Device/STM32F103C8) by extensions ['colcon_pkg']
[1.393s] [34mcolcon.colcon_core.package_identification[0m [1;30mLevel 1[0m _identify(src/Stm32F103C8T6/RTE/Device/STM32F103C8) by extension 'colcon_pkg'
[1.393s] [34mcolcon.colcon_core.package_identification[0m [1;30mLevel 1[0m _identify(src/Stm32F103C8T6/RTE/Device/STM32F103C8) by extensions ['colcon_meta']
[1.393s] [34mcolcon.colcon_core.package_identification[0m [1;30mLevel 1[0m _identify(src/Stm32F103C8T6/RTE/Device/STM32F103C8) by extension 'colcon_meta'
[1.394s] [34mcolcon.colcon_core.package_identification[0m [1;30mLevel 1[0m _identify(src/Stm32F103C8T6/RTE/Device/STM32F103C8) by extensions ['ros']
[1.394s] [34mcolcon.colcon_core.package_identification[0m [1;30mLevel 1[0m _identify(src/Stm32F103C8T6/RTE/Device/STM32F103C8) by extension 'ros'
[1.394s] [34mcolcon.colcon_core.package_identification[0m [1;30mLevel 1[0m _identify(src/Stm32F103C8T6/RTE/Device/STM32F103C8) by extensions ['cmake', 'python']
[1.395s] [34mcolcon.colcon_core.package_identification[0m [1;30mLevel 1[0m _identify(src/Stm32F103C8T6/RTE/Device/STM32F103C8) by extension 'cmake'
[1.395s] [34mcolcon.colcon_core.package_identification[0m [1;30mLevel 1[0m _identify(src/Stm32F103C8T6/RTE/Device/STM32F103C8) by extension 'python'
[1.395s] [34mcolcon.colcon_core.package_identification[0m [1;30mLevel 1[0m _identify(src/Stm32F103C8T6/RTE/Device/STM32F103C8) by extensions ['python_setup_py']
[1.396s] [34mcolcon.colcon_core.package_identification[0m [1;30mLevel 1[0m _identify(src/Stm32F103C8T6/RTE/Device/STM32F103C8) by extension 'python_setup_py'
[1.396s] [34mcolcon.colcon_core.package_identification[0m [1;30mLevel 1[0m _identify(src/Stm32F103C8T6/Src) by extensions ['ignore', 'ignore_ament_install']
[1.397s] [34mcolcon.colcon_core.package_identification[0m [1;30mLevel 1[0m _identify(src/Stm32F103C8T6/Src) by extension 'ignore'
[1.398s] [34mcolcon.colcon_core.package_identification[0m [1;30mLevel 1[0m _identify(src/Stm32F103C8T6/Src) by extension 'ignore_ament_install'
[1.398s] [34mcolcon.colcon_core.package_identification[0m [1;30mLevel 1[0m _identify(src/Stm32F103C8T6/Src) by extensions ['colcon_pkg']
[1.399s] [34mcolcon.colcon_core.package_identification[0m [1;30mLevel 1[0m _identify(src/Stm32F103C8T6/Src) by extension 'colcon_pkg'
[1.399s] [34mcolcon.colcon_core.package_identification[0m [1;30mLevel 1[0m _identify(src/Stm32F103C8T6/Src) by extensions ['colcon_meta']
[1.399s] [34mcolcon.colcon_core.package_identification[0m [1;30mLevel 1[0m _identify(src/Stm32F103C8T6/Src) by extension 'colcon_meta'
[1.400s] [34mcolcon.colcon_core.package_identification[0m [1;30mLevel 1[0m _identify(src/Stm32F103C8T6/Src) by extensions ['ros']
[1.400s] [34mcolcon.colcon_core.package_identification[0m [1;30mLevel 1[0m _identify(src/Stm32F103C8T6/Src) by extension 'ros'
[1.401s] [34mcolcon.colcon_core.package_identification[0m [1;30mLevel 1[0m _identify(src/Stm32F103C8T6/Src) by extensions ['cmake', 'python']
[1.401s] [34mcolcon.colcon_core.package_identification[0m [1;30mLevel 1[0m _identify(src/Stm32F103C8T6/Src) by extension 'cmake'
[1.402s] [34mcolcon.colcon_core.package_identification[0m [1;30mLevel 1[0m _identify(src/Stm32F103C8T6/Src) by extension 'python'
[1.402s] [34mcolcon.colcon_core.package_identification[0m [1;30mLevel 1[0m _identify(src/Stm32F103C8T6/Src) by extensions ['python_setup_py']
[1.402s] [34mcolcon.colcon_core.package_identification[0m [1;30mLevel 1[0m _identify(src/Stm32F103C8T6/Src) by extension 'python_setup_py'
[1.403s] [34mcolcon.colcon_core.package_identification[0m [1;30mLevel 1[0m _identify(src/Stm32F103C8T6/Src/APP) by extensions ['ignore', 'ignore_ament_install']
[1.404s] [34mcolcon.colcon_core.package_identification[0m [1;30mLevel 1[0m _identify(src/Stm32F103C8T6/Src/APP) by extension 'ignore'
[1.404s] [34mcolcon.colcon_core.package_identification[0m [1;30mLevel 1[0m _identify(src/Stm32F103C8T6/Src/APP) by extension 'ignore_ament_install'
[1.405s] [34mcolcon.colcon_core.package_identification[0m [1;30mLevel 1[0m _identify(src/Stm32F103C8T6/Src/APP) by extensions ['colcon_pkg']
[1.405s] [34mcolcon.colcon_core.package_identification[0m [1;30mLevel 1[0m _identify(src/Stm32F103C8T6/Src/APP) by extension 'colcon_pkg'
[1.405s] [34mcolcon.colcon_core.package_identification[0m [1;30mLevel 1[0m _identify(src/Stm32F103C8T6/Src/APP) by extensions ['colcon_meta']
[1.406s] [34mcolcon.colcon_core.package_identification[0m [1;30mLevel 1[0m _identify(src/Stm32F103C8T6/Src/APP) by extension 'colcon_meta'
[1.406s] [34mcolcon.colcon_core.package_identification[0m [1;30mLevel 1[0m _identify(src/Stm32F103C8T6/Src/APP) by extensions ['ros']
[1.406s] [34mcolcon.colcon_core.package_identification[0m [1;30mLevel 1[0m _identify(src/Stm32F103C8T6/Src/APP) by extension 'ros'
[1.407s] [34mcolcon.colcon_core.package_identification[0m [1;30mLevel 1[0m _identify(src/Stm32F103C8T6/Src/APP) by extensions ['cmake', 'python']
[1.407s] [34mcolcon.colcon_core.package_identification[0m [1;30mLevel 1[0m _identify(src/Stm32F103C8T6/Src/APP) by extension 'cmake'
[1.407s] [34mcolcon.colcon_core.package_identification[0m [1;30mLevel 1[0m _identify(src/Stm32F103C8T6/Src/APP) by extension 'python'
[1.408s] [34mcolcon.colcon_core.package_identification[0m [1;30mLevel 1[0m _identify(src/Stm32F103C8T6/Src/APP) by extensions ['python_setup_py']
[1.408s] [34mcolcon.colcon_core.package_identification[0m [1;30mLevel 1[0m _identify(src/Stm32F103C8T6/Src/APP) by extension 'python_setup_py'
[1.409s] [34mcolcon.colcon_core.package_identification[0m [1;30mLevel 1[0m _identify(src/Stm32F103C8T6/Src/BSP) by extensions ['ignore', 'ignore_ament_install']
[1.409s] [34mcolcon.colcon_core.package_identification[0m [1;30mLevel 1[0m _identify(src/Stm32F103C8T6/Src/BSP) by extension 'ignore'
[1.409s] [34mcolcon.colcon_core.package_identification[0m [1;30mLevel 1[0m _identify(src/Stm32F103C8T6/Src/BSP) by extension 'ignore_ament_install'
[1.410s] [34mcolcon.colcon_core.package_identification[0m [1;30mLevel 1[0m _identify(src/Stm32F103C8T6/Src/BSP) by extensions ['colcon_pkg']
[1.410s] [34mcolcon.colcon_core.package_identification[0m [1;30mLevel 1[0m _identify(src/Stm32F103C8T6/Src/BSP) by extension 'colcon_pkg'
[1.410s] [34mcolcon.colcon_core.package_identification[0m [1;30mLevel 1[0m _identify(src/Stm32F103C8T6/Src/BSP) by extensions ['colcon_meta']
[1.410s] [34mcolcon.colcon_core.package_identification[0m [1;30mLevel 1[0m _identify(src/Stm32F103C8T6/Src/BSP) by extension 'colcon_meta'
[1.411s] [34mcolcon.colcon_core.package_identification[0m [1;30mLevel 1[0m _identify(src/Stm32F103C8T6/Src/BSP) by extensions ['ros']
[1.411s] [34mcolcon.colcon_core.package_identification[0m [1;30mLevel 1[0m _identify(src/Stm32F103C8T6/Src/BSP) by extension 'ros'
[1.412s] [34mcolcon.colcon_core.package_identification[0m [1;30mLevel 1[0m _identify(src/Stm32F103C8T6/Src/BSP) by extensions ['cmake', 'python']
[1.412s] [34mcolcon.colcon_core.package_identification[0m [1;30mLevel 1[0m _identify(src/Stm32F103C8T6/Src/BSP) by extension 'cmake'
[1.412s] [34mcolcon.colcon_core.package_identification[0m [1;30mLevel 1[0m _identify(src/Stm32F103C8T6/Src/BSP) by extension 'python'
[1.413s] [34mcolcon.colcon_core.package_identification[0m [1;30mLevel 1[0m _identify(src/Stm32F103C8T6/Src/BSP) by extensions ['python_setup_py']
[1.413s] [34mcolcon.colcon_core.package_identification[0m [1;30mLevel 1[0m _identify(src/Stm32F103C8T6/Src/BSP) by extension 'python_setup_py'
[1.413s] [34mcolcon.colcon_core.package_identification[0m [1;30mLevel 1[0m _identify(src/Stm32F103C8T6/Src/Protocol) by extensions ['ignore', 'ignore_ament_install']
[1.414s] [34mcolcon.colcon_core.package_identification[0m [1;30mLevel 1[0m _identify(src/Stm32F103C8T6/Src/Protocol) by extension 'ignore'
[1.415s] [34mcolcon.colcon_core.package_identification[0m [1;30mLevel 1[0m _identify(src/Stm32F103C8T6/Src/Protocol) by extension 'ignore_ament_install'
[1.415s] [34mcolcon.colcon_core.package_identification[0m [1;30mLevel 1[0m _identify(src/Stm32F103C8T6/Src/Protocol) by extensions ['colcon_pkg']
[1.415s] [34mcolcon.colcon_core.package_identification[0m [1;30mLevel 1[0m _identify(src/Stm32F103C8T6/Src/Protocol) by extension 'colcon_pkg'
[1.416s] [34mcolcon.colcon_core.package_identification[0m [1;30mLevel 1[0m _identify(src/Stm32F103C8T6/Src/Protocol) by extensions ['colcon_meta']
[1.416s] [34mcolcon.colcon_core.package_identification[0m [1;30mLevel 1[0m _identify(src/Stm32F103C8T6/Src/Protocol) by extension 'colcon_meta'
[1.416s] [34mcolcon.colcon_core.package_identification[0m [1;30mLevel 1[0m _identify(src/Stm32F103C8T6/Src/Protocol) by extensions ['ros']
[1.417s] [34mcolcon.colcon_core.package_identification[0m [1;30mLevel 1[0m _identify(src/Stm32F103C8T6/Src/Protocol) by extension 'ros'
[1.417s] [34mcolcon.colcon_core.package_identification[0m [1;30mLevel 1[0m _identify(src/Stm32F103C8T6/Src/Protocol) by extensions ['cmake', 'python']
[1.418s] [34mcolcon.colcon_core.package_identification[0m [1;30mLevel 1[0m _identify(src/Stm32F103C8T6/Src/Protocol) by extension 'cmake'
[1.418s] [34mcolcon.colcon_core.package_identification[0m [1;30mLevel 1[0m _identify(src/Stm32F103C8T6/Src/Protocol) by extension 'python'
[1.418s] [34mcolcon.colcon_core.package_identification[0m [1;30mLevel 1[0m _identify(src/Stm32F103C8T6/Src/Protocol) by extensions ['python_setup_py']
[1.418s] [34mcolcon.colcon_core.package_identification[0m [1;30mLevel 1[0m _identify(src/Stm32F103C8T6/Src/Protocol) by extension 'python_setup_py'
[1.419s] [34mcolcon.colcon_core.package_discovery[0m [1;30mLevel 1[0m discover_packages(recursive) using defaults
[1.419s] [34mcolcon.colcon_core.package_discovery[0m [1;30mLevel 1[0m discover_packages(ignore) discover
[1.419s] [34mcolcon.colcon_core.package_discovery[0m [1;30mLevel 1[0m discover_packages(ignore) using defaults
[1.420s] [34mcolcon.colcon_core.package_discovery[0m [1;30mLevel 1[0m discover_packages(path) discover
[1.420s] [34mcolcon.colcon_core.package_discovery[0m [1;30mLevel 1[0m discover_packages(path) using defaults
[1.538s] [34mcolcon.colcon_core.package_discovery[0m [1;30mLevel 1[0m discover_packages(prefix_path) check parameters
[1.539s] [34mcolcon.colcon_core.package_discovery[0m [1;30mLevel 1[0m discover_packages(prefix_path) discover
[1.553s] [34mcolcon.colcon_installed_package_information.package_discovery[0m [1;30mDEBUG[0m [32mFound 7 installed packages in /home/sunrise/Rosmaster/install[0m
[1.562s] [34mcolcon.colcon_installed_package_information.package_discovery[0m [1;30mDEBUG[0m [32mFound 249 installed packages in /opt/ros/humble[0m
[1.572s] [34mcolcon.colcon_core.package_discovery[0m [1;30mLevel 1[0m discover_packages(prefix_path) using defaults
