[4.587s] Invoking command in '/home/sunrise/Rosmaster/src/ROS2/robot_bringup': AMENT_PREFIX_PATH=/home/sunrise/Rosmaster/install/robot_protocol:/home/sunrise/Rosmaster/install/robot_link:/home/sunrise/Rosmaster/install/robot_control:/home/sunrise/Rosmaster/install/robot_vision:/home/sunrise/Rosmaster/install/robot_bringup:/home/sunrise/Rosmaster/install/robot_fusion:/home/sunrise/Rosmaster/install/robot_brain:/opt/ros/humble PYTHONPATH=/home/sunrise/Rosmaster/build/robot_bringup/prefix_override:/usr/lib/python3/dist-packages/colcon_core/task/python/colcon_distutils_commands:/home/sunrise/Rosmaster/install/robot_bringup/lib/python3.10/site-packages:/home/sunrise/Rosmaster/install/robot_protocol/lib/python3.10/site-packages:/home/sunrise/Rosmaster/install/robot_link/lib/python3.10/site-packages:/home/sunrise/Rosmaster/install/robot_control/lib/python3.10/site-packages:/home/sunrise/Rosmaster/install/robot_vision/lib/python3.10/site-packages:/home/sunrise/Rosmaster/install/robot_bringup/lib/python3.10/site-packages:/home/sunrise/Rosmaster/install/robot_fusion/lib/python3.10/site-packages:/home/sunrise/Rosmaster/install/robot_brain/lib/python3.10/site-packages:/opt/ros/humble/lib/python3.10/site-packages:/opt/ros/humble/local/lib/python3.10/dist-packages /usr/bin/python3 -W ignore:setup.py install is deprecated -W ignore:easy_install command is deprecated setup.py egg_info --egg-base ../../../build/robot_bringup build --build-base /home/sunrise/Rosmaster/build/robot_bringup/build install --record /home/sunrise/Rosmaster/build/robot_bringup/install.log --install-scripts $base/lib/robot_bringup --single-version-externally-managed install_data
[5.617s] /usr/local/lib/python3.10/dist-packages/setuptools/dist.py:599: SetuptoolsDeprecationWarning: Invalid dash-separated key 'script-dir' in 'develop' (setup.cfg), please use the underscore name 'script_dir' instead.
[5.618s] !!
[5.619s] 
[5.619s]         ********************************************************************************
[5.620s]         Usage of dash-separated 'script-dir' will not be supported in future
[5.621s]         versions. Please use the underscore name 'script_dir' instead.
[5.622s] 
[5.623s]         This deprecation is overdue, please update your project and remove deprecated
[5.624s]         calls to avoid build errors in the future.
[5.624s] 
[5.625s]         See https://setuptools.pypa.io/en/latest/userguide/declarative_config.html for details.
[5.626s]         ********************************************************************************
[5.627s] 
[5.628s] !!
[5.628s]   opt = self._enforce_underscore(opt, section)
[5.723s] /usr/local/lib/python3.10/dist-packages/setuptools/_distutils/dist.py:289: UserWarning: Unknown distribution option: 'tests_require'
[5.724s]   warnings.warn(msg)
[5.972s] /usr/local/lib/python3.10/dist-packages/setuptools/dist.py:599: SetuptoolsDeprecationWarning: Invalid dash-separated key 'script-dir' in 'develop' (setup.cfg), please use the underscore name 'script_dir' instead.
[5.973s] !!
[5.973s] 
[5.974s]         ********************************************************************************
[5.975s]         Usage of dash-separated 'script-dir' will not be supported in future
[5.976s]         versions. Please use the underscore name 'script_dir' instead.
[5.976s]         (Affected: robot_bringup).
[5.978s] 
[5.978s]         This deprecation is overdue, please update your project and remove deprecated
[5.979s]         calls to avoid build errors in the future.
[5.980s] 
[5.984s]         See https://setuptools.pypa.io/en/latest/userguide/declarative_config.html for details.
[5.985s]         ********************************************************************************
[5.986s] 
[5.986s] !!
[5.987s]   opt = self._enforce_underscore(opt, section)
[6.413s] running egg_info
[6.506s] writing ../../../build/robot_bringup/robot_bringup.egg-info/PKG-INFO
[6.509s] writing dependency_links to ../../../build/robot_bringup/robot_bringup.egg-info/dependency_links.txt
[6.510s] writing requirements to ../../../build/robot_bringup/robot_bringup.egg-info/requires.txt
[6.511s] writing top-level names to ../../../build/robot_bringup/robot_bringup.egg-info/top_level.txt
[6.712s] reading manifest file '../../../build/robot_bringup/robot_bringup.egg-info/SOURCES.txt'
[6.720s] writing manifest file '../../../build/robot_bringup/robot_bringup.egg-info/SOURCES.txt'
[6.721s] running build
[6.722s] running build_py
[6.723s] copying robot_bringup/__init__.py -> /home/sunrise/Rosmaster/build/robot_bringup/build/lib/robot_bringup
[6.725s] running install
[6.760s] running install_lib
[6.856s] running install_data
[6.858s] copying resource/robot_bringup -> /home/sunrise/Rosmaster/install/robot_bringup/share/ament_index/resource_index/packages
[6.861s] copying package.xml -> /home/sunrise/Rosmaster/install/robot_bringup/share/robot_bringup
[6.863s] copying launch/hardware_launch.py -> /home/sunrise/Rosmaster/install/robot_bringup/share/robot_bringup/launch
[6.864s] running install_egg_info
[6.968s] removing '/home/sunrise/Rosmaster/install/robot_bringup/lib/python3.10/site-packages/robot_bringup-1.0.0-py3.10.egg-info' (and everything under it)
[6.969s] Copying ../../../build/robot_bringup/robot_bringup.egg-info to /home/sunrise/Rosmaster/install/robot_bringup/lib/python3.10/site-packages/robot_bringup-1.0.0-py3.10.egg-info
[6.975s] running install_scripts
[7.180s] writing list of installed files to '/home/sunrise/Rosmaster/build/robot_bringup/install.log'
[7.405s] Invoked command in '/home/sunrise/Rosmaster/src/ROS2/robot_bringup' returned '0': AMENT_PREFIX_PATH=/home/sunrise/Rosmaster/install/robot_protocol:/home/sunrise/Rosmaster/install/robot_link:/home/sunrise/Rosmaster/install/robot_control:/home/sunrise/Rosmaster/install/robot_vision:/home/sunrise/Rosmaster/install/robot_bringup:/home/sunrise/Rosmaster/install/robot_fusion:/home/sunrise/Rosmaster/install/robot_brain:/opt/ros/humble PYTHONPATH=/home/sunrise/Rosmaster/build/robot_bringup/prefix_override:/usr/lib/python3/dist-packages/colcon_core/task/python/colcon_distutils_commands:/home/sunrise/Rosmaster/install/robot_bringup/lib/python3.10/site-packages:/home/sunrise/Rosmaster/install/robot_protocol/lib/python3.10/site-packages:/home/sunrise/Rosmaster/install/robot_link/lib/python3.10/site-packages:/home/sunrise/Rosmaster/install/robot_control/lib/python3.10/site-packages:/home/sunrise/Rosmaster/install/robot_vision/lib/python3.10/site-packages:/home/sunrise/Rosmaster/install/robot_bringup/lib/python3.10/site-packages:/home/sunrise/Rosmaster/install/robot_fusion/lib/python3.10/site-packages:/home/sunrise/Rosmaster/install/robot_brain/lib/python3.10/site-packages:/opt/ros/humble/lib/python3.10/site-packages:/opt/ros/humble/local/lib/python3.10/dist-packages /usr/bin/python3 -W ignore:setup.py install is deprecated -W ignore:easy_install command is deprecated setup.py egg_info --egg-base ../../../build/robot_bringup build --build-base /home/sunrise/Rosmaster/build/robot_bringup/build install --record /home/sunrise/Rosmaster/build/robot_bringup/install.log --install-scripts $base/lib/robot_bringup --single-version-externally-managed install_data
