[14.590s] Invoking command in '/home/sunrise/Rosmaster/src/ROS2/robot_vision': PYTHONPATH=/home/sunrise/Rosmaster/build/robot_vision/prefix_override:/usr/lib/python3/dist-packages/colcon_core/task/python/colcon_distutils_commands:/home/sunrise/Rosmaster/install/robot_vision/lib/python3.10/site-packages:${PYTHONPATH} /usr/bin/python3 -W ignore:setup.py install is deprecated -W ignore:easy_install command is deprecated setup.py egg_info --egg-base ../../../build/robot_vision build --build-base /home/sunrise/Rosmaster/build/robot_vision/build install --record /home/sunrise/Rosmaster/build/robot_vision/install.log --install-scripts $base/lib/robot_vision --single-version-externally-managed install_data
[15.798s] /usr/local/lib/python3.10/dist-packages/setuptools/dist.py:599: SetuptoolsDeprecationWarning: Invalid dash-separated key 'script-dir' in 'develop' (setup.cfg), please use the underscore name 'script_dir' instead.
[15.799s] !!
[15.799s] 
[15.800s]         ********************************************************************************
[15.801s]         Usage of dash-separated 'script-dir' will not be supported in future
[15.802s]         versions. Please use the underscore name 'script_dir' instead.
[15.802s] 
[15.803s]         This deprecation is overdue, please update your project and remove deprecated
[15.804s]         calls to avoid build errors in the future.
[15.804s] 
[15.805s]         See https://setuptools.pypa.io/en/latest/userguide/declarative_config.html for details.
[15.806s]         ********************************************************************************
[15.806s] 
[15.807s] !!
[15.808s]   opt = self._enforce_underscore(opt, section)
[15.953s] /usr/local/lib/python3.10/dist-packages/setuptools/_distutils/dist.py:289: UserWarning: Unknown distribution option: 'tests_require'
[15.968s]   warnings.warn(msg)
[16.271s] /usr/local/lib/python3.10/dist-packages/setuptools/dist.py:599: SetuptoolsDeprecationWarning: Invalid dash-separated key 'script-dir' in 'develop' (setup.cfg), please use the underscore name 'script_dir' instead.
[16.271s] !!
[16.272s] 
[16.273s]         ********************************************************************************
[16.275s]         Usage of dash-separated 'script-dir' will not be supported in future
[16.276s]         versions. Please use the underscore name 'script_dir' instead.
[16.277s]         (Affected: robot_vision).
[16.277s] 
[16.278s]         This deprecation is overdue, please update your project and remove deprecated
[16.279s]         calls to avoid build errors in the future.
[16.279s] 
[16.280s]         See https://setuptools.pypa.io/en/latest/userguide/declarative_config.html for details.
[16.281s]         ********************************************************************************
[16.281s] 
[16.282s] !!
[16.286s]   opt = self._enforce_underscore(opt, section)
[16.846s] running egg_info
[17.002s] writing ../../../build/robot_vision/robot_vision.egg-info/PKG-INFO
[17.006s] writing dependency_links to ../../../build/robot_vision/robot_vision.egg-info/dependency_links.txt
[17.009s] writing entry points to ../../../build/robot_vision/robot_vision.egg-info/entry_points.txt
[17.012s] writing requirements to ../../../build/robot_vision/robot_vision.egg-info/requires.txt
[17.012s] writing top-level names to ../../../build/robot_vision/robot_vision.egg-info/top_level.txt
[17.331s] reading manifest file '../../../build/robot_vision/robot_vision.egg-info/SOURCES.txt'
[17.349s] writing manifest file '../../../build/robot_vision/robot_vision.egg-info/SOURCES.txt'
[17.356s] running build
[17.357s] running build_py
[17.358s] copying robot_vision/vision_node.py -> /home/sunrise/Rosmaster/build/robot_vision/build/lib/robot_vision
[17.359s] copying robot_vision/__init__.py -> /home/sunrise/Rosmaster/build/robot_vision/build/lib/robot_vision
[17.359s] copying robot_vision/finalest-inference.py -> /home/sunrise/Rosmaster/build/robot_vision/build/lib/robot_vision
[17.365s] running install
[17.398s] running install_lib
[17.569s] running install_data
[17.571s] copying resource/robot_vision -> /home/sunrise/Rosmaster/install/robot_vision/share/ament_index/resource_index/packages
[17.576s] copying package.xml -> /home/sunrise/Rosmaster/install/robot_vision/share/robot_vision
[17.585s] copying dataset_left/2-3.png -> /home/sunrise/Rosmaster/install/robot_vision/share/robot_vision/dataset_left
[17.589s] copying dataset_left/3-5.png -> /home/sunrise/Rosmaster/install/robot_vision/share/robot_vision/dataset_left
[17.591s] copying dataset_left/1-5.png -> /home/sunrise/Rosmaster/install/robot_vision/share/robot_vision/dataset_left
[17.595s] copying dataset_left/4-4.png -> /home/sunrise/Rosmaster/install/robot_vision/share/robot_vision/dataset_left
[17.600s] copying dataset_left/3-1.png -> /home/sunrise/Rosmaster/install/robot_vision/share/robot_vision/dataset_left
[17.601s] copying dataset_left/4-2.png -> /home/sunrise/Rosmaster/install/robot_vision/share/robot_vision/dataset_left
[17.606s] copying dataset_left/4-3.png -> /home/sunrise/Rosmaster/install/robot_vision/share/robot_vision/dataset_left
[17.606s] copying dataset_left/1-2.png -> /home/sunrise/Rosmaster/install/robot_vision/share/robot_vision/dataset_left
[17.607s] copying dataset_left/3-2.png -> /home/sunrise/Rosmaster/install/robot_vision/share/robot_vision/dataset_left
[17.609s] copying dataset_left/2-4.png -> /home/sunrise/Rosmaster/install/robot_vision/share/robot_vision/dataset_left
[17.615s] copying dataset_left/5-3.png -> /home/sunrise/Rosmaster/install/robot_vision/share/robot_vision/dataset_left
[17.615s] copying dataset_left/2-1.png -> /home/sunrise/Rosmaster/install/robot_vision/share/robot_vision/dataset_left
[17.620s] copying dataset_left/5-1.png -> /home/sunrise/Rosmaster/install/robot_vision/share/robot_vision/dataset_left
[17.621s] copying dataset_left/4-1.png -> /home/sunrise/Rosmaster/install/robot_vision/share/robot_vision/dataset_left
[17.622s] copying dataset_left/1-4.png -> /home/sunrise/Rosmaster/install/robot_vision/share/robot_vision/dataset_left
[17.623s] copying dataset_left/5-2.png -> /home/sunrise/Rosmaster/install/robot_vision/share/robot_vision/dataset_left
[17.623s] copying dataset_left/4-5.png -> /home/sunrise/Rosmaster/install/robot_vision/share/robot_vision/dataset_left
[17.624s] copying dataset_left/2-5.png -> /home/sunrise/Rosmaster/install/robot_vision/share/robot_vision/dataset_left
[17.625s] copying dataset_left/2-2.png -> /home/sunrise/Rosmaster/install/robot_vision/share/robot_vision/dataset_left
[17.626s] copying dataset_left/3-3.png -> /home/sunrise/Rosmaster/install/robot_vision/share/robot_vision/dataset_left
[17.626s] copying dataset_left/1-3.png -> /home/sunrise/Rosmaster/install/robot_vision/share/robot_vision/dataset_left
[17.629s] copying dataset_left/5-4.png -> /home/sunrise/Rosmaster/install/robot_vision/share/robot_vision/dataset_left
[17.632s] copying dataset_left/1-1.png -> /home/sunrise/Rosmaster/install/robot_vision/share/robot_vision/dataset_left
[17.634s] copying dataset_left/3-4.png -> /home/sunrise/Rosmaster/install/robot_vision/share/robot_vision/dataset_left
[17.636s] copying dataset_right/2-3.png -> /home/sunrise/Rosmaster/install/robot_vision/share/robot_vision/dataset_right
[17.638s] copying dataset_right/3-5.png -> /home/sunrise/Rosmaster/install/robot_vision/share/robot_vision/dataset_right
[17.639s] copying dataset_right/1-5.png -> /home/sunrise/Rosmaster/install/robot_vision/share/robot_vision/dataset_right
[17.640s] copying dataset_right/4-4.png -> /home/sunrise/Rosmaster/install/robot_vision/share/robot_vision/dataset_right
[17.642s] copying dataset_right/5-5.png -> /home/sunrise/Rosmaster/install/robot_vision/share/robot_vision/dataset_right
[17.647s] copying dataset_right/3-1.png -> /home/sunrise/Rosmaster/install/robot_vision/share/robot_vision/dataset_right
[17.648s] copying dataset_right/4-2.png -> /home/sunrise/Rosmaster/install/robot_vision/share/robot_vision/dataset_right
[17.651s] copying dataset_right/4-3.png -> /home/sunrise/Rosmaster/install/robot_vision/share/robot_vision/dataset_right
[17.653s] copying dataset_right/1-2.png -> /home/sunrise/Rosmaster/install/robot_vision/share/robot_vision/dataset_right
[17.654s] copying dataset_right/3-2.png -> /home/sunrise/Rosmaster/install/robot_vision/share/robot_vision/dataset_right
[17.657s] copying dataset_right/2-4.png -> /home/sunrise/Rosmaster/install/robot_vision/share/robot_vision/dataset_right
[17.660s] copying dataset_right/5-3.png -> /home/sunrise/Rosmaster/install/robot_vision/share/robot_vision/dataset_right
[17.662s] copying dataset_right/2-1.png -> /home/sunrise/Rosmaster/install/robot_vision/share/robot_vision/dataset_right
[17.663s] copying dataset_right/5-1.png -> /home/sunrise/Rosmaster/install/robot_vision/share/robot_vision/dataset_right
[17.664s] copying dataset_right/4-1.png -> /home/sunrise/Rosmaster/install/robot_vision/share/robot_vision/dataset_right
[17.665s] copying dataset_right/1-4.png -> /home/sunrise/Rosmaster/install/robot_vision/share/robot_vision/dataset_right
[17.668s] copying dataset_right/5-2.png -> /home/sunrise/Rosmaster/install/robot_vision/share/robot_vision/dataset_right
[17.670s] copying dataset_right/4-5.png -> /home/sunrise/Rosmaster/install/robot_vision/share/robot_vision/dataset_right
[17.671s] copying dataset_right/2-5.png -> /home/sunrise/Rosmaster/install/robot_vision/share/robot_vision/dataset_right
[17.672s] copying dataset_right/2-2.png -> /home/sunrise/Rosmaster/install/robot_vision/share/robot_vision/dataset_right
[17.672s] copying dataset_right/3-3.png -> /home/sunrise/Rosmaster/install/robot_vision/share/robot_vision/dataset_right
[17.673s] copying dataset_right/1-3.png -> /home/sunrise/Rosmaster/install/robot_vision/share/robot_vision/dataset_right
[17.674s] copying dataset_right/5-4.png -> /home/sunrise/Rosmaster/install/robot_vision/share/robot_vision/dataset_right
[17.675s] copying dataset_right/1-1.png -> /home/sunrise/Rosmaster/install/robot_vision/share/robot_vision/dataset_right
[17.675s] copying dataset_right/3-4.png -> /home/sunrise/Rosmaster/install/robot_vision/share/robot_vision/dataset_right
[17.676s] copying config/right_camera_params.json -> /home/sunrise/Rosmaster/install/robot_vision/share/robot_vision/config
[17.677s] copying config/visison_params.yaml -> /home/sunrise/Rosmaster/install/robot_vision/share/robot_vision/config
[17.677s] copying config/left_camera_params.json -> /home/sunrise/Rosmaster/install/robot_vision/share/robot_vision/config
[17.678s] running install_egg_info
[17.841s] removing '/home/sunrise/Rosmaster/install/robot_vision/lib/python3.10/site-packages/robot_vision-1.0.0-py3.10.egg-info' (and everything under it)
[17.845s] Copying ../../../build/robot_vision/robot_vision.egg-info to /home/sunrise/Rosmaster/install/robot_vision/lib/python3.10/site-packages/robot_vision-1.0.0-py3.10.egg-info
[17.853s] running install_scripts
[18.198s] Installing vision_node script to /home/sunrise/Rosmaster/install/robot_vision/lib/robot_vision
[18.202s] writing list of installed files to '/home/sunrise/Rosmaster/build/robot_vision/install.log'
[18.611s] Invoked command in '/home/sunrise/Rosmaster/src/ROS2/robot_vision' returned '0': PYTHONPATH=/home/sunrise/Rosmaster/build/robot_vision/prefix_override:/usr/lib/python3/dist-packages/colcon_core/task/python/colcon_distutils_commands:/home/sunrise/Rosmaster/install/robot_vision/lib/python3.10/site-packages:${PYTHONPATH} /usr/bin/python3 -W ignore:setup.py install is deprecated -W ignore:easy_install command is deprecated setup.py egg_info --egg-base ../../../build/robot_vision build --build-base /home/sunrise/Rosmaster/build/robot_vision/build install --record /home/sunrise/Rosmaster/build/robot_vision/install.log --install-scripts $base/lib/robot_vision --single-version-externally-managed install_data
