[14.446s] Invoking command in '/home/sunrise/Rosmaster/src/ROS2/robot_control': PYTHONPATH=/home/sunrise/Rosmaster/build/robot_control/prefix_override:/usr/lib/python3/dist-packages/colcon_core/task/python/colcon_distutils_commands:/home/sunrise/Rosmaster/install/robot_control/lib/python3.10/site-packages:${PYTHONPATH} /usr/bin/python3 -W ignore:setup.py install is deprecated -W ignore:easy_install command is deprecated setup.py egg_info --egg-base ../../../build/robot_control build --build-base /home/sunrise/Rosmaster/build/robot_control/build install --record /home/sunrise/Rosmaster/build/robot_control/install.log --install-scripts $base/lib/robot_control --single-version-externally-managed install_data
[15.663s] /usr/local/lib/python3.10/dist-packages/setuptools/dist.py:599: SetuptoolsDeprecationWarning: Invalid dash-separated key 'script-dir' in 'develop' (setup.cfg), please use the underscore name 'script_dir' instead.
[15.663s] !!
[15.664s] 
[15.665s]         ********************************************************************************
[15.666s]         Usage of dash-separated 'script-dir' will not be supported in future
[15.666s]         versions. Please use the underscore name 'script_dir' instead.
[15.667s] 
[15.668s]         This deprecation is overdue, please update your project and remove deprecated
[15.670s]         calls to avoid build errors in the future.
[15.671s] 
[15.672s]         See https://setuptools.pypa.io/en/latest/userguide/declarative_config.html for details.
[15.673s]         ********************************************************************************
[15.673s] 
[15.674s] !!
[15.675s]   opt = self._enforce_underscore(opt, section)
[15.857s] /usr/local/lib/python3.10/dist-packages/setuptools/_distutils/dist.py:289: UserWarning: Unknown distribution option: 'tests_require'
[15.857s]   warnings.warn(msg)
[16.190s] /usr/local/lib/python3.10/dist-packages/setuptools/dist.py:599: SetuptoolsDeprecationWarning: Invalid dash-separated key 'script-dir' in 'develop' (setup.cfg), please use the underscore name 'script_dir' instead.
[16.191s] !!
[16.191s] 
[16.192s]         ********************************************************************************
[16.193s]         Usage of dash-separated 'script-dir' will not be supported in future
[16.194s]         versions. Please use the underscore name 'script_dir' instead.
[16.194s]         (Affected: robot_control).
[16.195s] 
[16.196s]         This deprecation is overdue, please update your project and remove deprecated
[16.197s]         calls to avoid build errors in the future.
[16.198s] 
[16.198s]         See https://setuptools.pypa.io/en/latest/userguide/declarative_config.html for details.
[16.200s]         ********************************************************************************
[16.200s] 
[16.201s] !!
[16.202s]   opt = self._enforce_underscore(opt, section)
[16.876s] running egg_info
[17.026s] writing ../../../build/robot_control/robot_control.egg-info/PKG-INFO
[17.029s] writing dependency_links to ../../../build/robot_control/robot_control.egg-info/dependency_links.txt
[17.030s] writing entry points to ../../../build/robot_control/robot_control.egg-info/entry_points.txt
[17.035s] writing requirements to ../../../build/robot_control/robot_control.egg-info/requires.txt
[17.036s] writing top-level names to ../../../build/robot_control/robot_control.egg-info/top_level.txt
[17.442s] reading manifest file '../../../build/robot_control/robot_control.egg-info/SOURCES.txt'
[17.464s] writing manifest file '../../../build/robot_control/robot_control.egg-info/SOURCES.txt'
[17.466s] running build
[17.467s] running build_py
[17.468s] copying robot_control/control_node.py -> /home/sunrise/Rosmaster/build/robot_control/build/lib/robot_control
[17.470s] copying robot_control/twist_to_control_bridge.py -> /home/sunrise/Rosmaster/build/robot_control/build/lib/robot_control
[17.473s] copying robot_control/demo_rosmaster.py -> /home/sunrise/Rosmaster/build/robot_control/build/lib/robot_control
[17.474s] copying robot_control/__init__.py -> /home/sunrise/Rosmaster/build/robot_control/build/lib/robot_control
[17.477s] running install
[17.517s] running install_lib
[17.730s] copying /home/sunrise/Rosmaster/build/robot_control/build/lib/robot_control/control_node.py -> /home/sunrise/Rosmaster/install/robot_control/lib/python3.10/site-packages/robot_control
[17.736s] copying /home/sunrise/Rosmaster/build/robot_control/build/lib/robot_control/twist_to_control_bridge.py -> /home/sunrise/Rosmaster/install/robot_control/lib/python3.10/site-packages/robot_control
[17.752s] byte-compiling /home/sunrise/Rosmaster/install/robot_control/lib/python3.10/site-packages/robot_control/control_node.py to control_node.cpython-310.pyc
[17.771s] byte-compiling /home/sunrise/Rosmaster/install/robot_control/lib/python3.10/site-packages/robot_control/twist_to_control_bridge.py to twist_to_control_bridge.cpython-310.pyc
[17.772s] running install_data
[17.773s] copying resource/robot_control -> /home/sunrise/Rosmaster/install/robot_control/share/ament_index/resource_index/packages
[17.774s] copying package.xml -> /home/sunrise/Rosmaster/install/robot_control/share/robot_control
[17.775s] running install_egg_info
[17.987s] removing '/home/sunrise/Rosmaster/install/robot_control/lib/python3.10/site-packages/robot_control-1.0.0-py3.10.egg-info' (and everything under it)
[17.992s] Copying ../../../build/robot_control/robot_control.egg-info to /home/sunrise/Rosmaster/install/robot_control/lib/python3.10/site-packages/robot_control-1.0.0-py3.10.egg-info
[17.998s] running install_scripts
[18.342s] Installing control_node script to /home/sunrise/Rosmaster/install/robot_control/lib/robot_control
[18.348s] writing list of installed files to '/home/sunrise/Rosmaster/build/robot_control/install.log'
[18.812s] Invoked command in '/home/sunrise/Rosmaster/src/ROS2/robot_control' returned '0': PYTHONPATH=/home/sunrise/Rosmaster/build/robot_control/prefix_override:/usr/lib/python3/dist-packages/colcon_core/task/python/colcon_distutils_commands:/home/sunrise/Rosmaster/install/robot_control/lib/python3.10/site-packages:${PYTHONPATH} /usr/bin/python3 -W ignore:setup.py install is deprecated -W ignore:easy_install command is deprecated setup.py egg_info --egg-base ../../../build/robot_control build --build-base /home/sunrise/Rosmaster/build/robot_control/build install --record /home/sunrise/Rosmaster/build/robot_control/install.log --install-scripts $base/lib/robot_control --single-version-externally-managed install_data
