[14.240s] Invoking command in '/home/sunrise/Rosmaster/src/ROS2/robot_protocol': PYTHONPATH=/home/sunrise/Rosmaster/build/robot_protocol/prefix_override:/usr/lib/python3/dist-packages/colcon_core/task/python/colcon_distutils_commands:/home/sunrise/Rosmaster/install/robot_protocol/lib/python3.10/site-packages:${PYTHONPATH} /usr/bin/python3 -W ignore:setup.py install is deprecated -W ignore:easy_install command is deprecated setup.py egg_info --egg-base ../../../build/robot_protocol build --build-base /home/sunrise/Rosmaster/build/robot_protocol/build install --record /home/sunrise/Rosmaster/build/robot_protocol/install.log --install-scripts $base/lib/robot_protocol --single-version-externally-managed install_data
[15.519s] /usr/local/lib/python3.10/dist-packages/setuptools/dist.py:599: SetuptoolsDeprecationWarning: Invalid dash-separated key 'script-dir' in 'develop' (setup.cfg), please use the underscore name 'script_dir' instead.
[15.521s] !!
[15.522s] 
[15.523s]         ********************************************************************************
[15.524s]         Usage of dash-separated 'script-dir' will not be supported in future
[15.524s]         versions. Please use the underscore name 'script_dir' instead.
[15.525s] 
[15.526s]         This deprecation is overdue, please update your project and remove deprecated
[15.527s]         calls to avoid build errors in the future.
[15.530s] 
[15.531s]         See https://setuptools.pypa.io/en/latest/userguide/declarative_config.html for details.
[15.531s]         ********************************************************************************
[15.532s] 
[15.533s] !!
[15.534s]   opt = self._enforce_underscore(opt, section)
[15.692s] /usr/local/lib/python3.10/dist-packages/setuptools/_distutils/dist.py:289: UserWarning: Unknown distribution option: 'tests_require'
[15.693s]   warnings.warn(msg)
[15.997s] /usr/local/lib/python3.10/dist-packages/setuptools/dist.py:599: SetuptoolsDeprecationWarning: Invalid dash-separated key 'script-dir' in 'develop' (setup.cfg), please use the underscore name 'script_dir' instead.
[15.998s] !!
[16.001s] 
[16.002s]         ********************************************************************************
[16.002s]         Usage of dash-separated 'script-dir' will not be supported in future
[16.005s]         versions. Please use the underscore name 'script_dir' instead.
[16.006s]         (Affected: robot_protocol).
[16.007s] 
[16.008s]         This deprecation is overdue, please update your project and remove deprecated
[16.010s]         calls to avoid build errors in the future.
[16.010s] 
[16.011s]         See https://setuptools.pypa.io/en/latest/userguide/declarative_config.html for details.
[16.012s]         ********************************************************************************
[16.012s] 
[16.013s] !!
[16.014s]   opt = self._enforce_underscore(opt, section)
[16.615s] running egg_info
[16.766s] writing ../../../build/robot_protocol/robot_protocol.egg-info/PKG-INFO
[16.771s] writing dependency_links to ../../../build/robot_protocol/robot_protocol.egg-info/dependency_links.txt
[16.776s] writing entry points to ../../../build/robot_protocol/robot_protocol.egg-info/entry_points.txt
[16.780s] writing requirements to ../../../build/robot_protocol/robot_protocol.egg-info/requires.txt
[16.783s] writing top-level names to ../../../build/robot_protocol/robot_protocol.egg-info/top_level.txt
[17.210s] reading manifest file '../../../build/robot_protocol/robot_protocol.egg-info/SOURCES.txt'
[17.224s] writing manifest file '../../../build/robot_protocol/robot_protocol.egg-info/SOURCES.txt'
[17.225s] running build
[17.226s] running build_py
[17.227s] copying robot_protocol/protocol_pack_node.py -> /home/sunrise/Rosmaster/build/robot_protocol/build/lib/robot_protocol
[17.229s] copying robot_protocol/protocol_node.py -> /home/sunrise/Rosmaster/build/robot_protocol/build/lib/robot_protocol
[17.231s] copying robot_protocol/__init__.py -> /home/sunrise/Rosmaster/build/robot_protocol/build/lib/robot_protocol
[17.234s] running install
[17.275s] running install_lib
[17.456s] copying /home/sunrise/Rosmaster/build/robot_protocol/build/lib/robot_protocol/protocol_node.py -> /home/sunrise/Rosmaster/install/robot_protocol/lib/python3.10/site-packages/robot_protocol
[17.471s] byte-compiling /home/sunrise/Rosmaster/install/robot_protocol/lib/python3.10/site-packages/robot_protocol/protocol_node.py to protocol_node.cpython-310.pyc
[17.486s] running install_data
[17.490s] copying resource/robot_protocol -> /home/sunrise/Rosmaster/install/robot_protocol/share/ament_index/resource_index/packages
[17.494s] copying package.xml -> /home/sunrise/Rosmaster/install/robot_protocol/share/robot_protocol
[17.497s] running install_egg_info
[17.788s] removing '/home/sunrise/Rosmaster/install/robot_protocol/lib/python3.10/site-packages/robot_protocol-1.0.0-py3.10.egg-info' (and everything under it)
[17.789s] Copying ../../../build/robot_protocol/robot_protocol.egg-info to /home/sunrise/Rosmaster/install/robot_protocol/lib/python3.10/site-packages/robot_protocol-1.0.0-py3.10.egg-info
[17.800s] running install_scripts
[18.133s] Installing protocol_node script to /home/sunrise/Rosmaster/install/robot_protocol/lib/robot_protocol
[18.139s] writing list of installed files to '/home/sunrise/Rosmaster/build/robot_protocol/install.log'
[18.583s] Invoked command in '/home/sunrise/Rosmaster/src/ROS2/robot_protocol' returned '0': PYTHONPATH=/home/sunrise/Rosmaster/build/robot_protocol/prefix_override:/usr/lib/python3/dist-packages/colcon_core/task/python/colcon_distutils_commands:/home/sunrise/Rosmaster/install/robot_protocol/lib/python3.10/site-packages:${PYTHONPATH} /usr/bin/python3 -W ignore:setup.py install is deprecated -W ignore:easy_install command is deprecated setup.py egg_info --egg-base ../../../build/robot_protocol build --build-base /home/sunrise/Rosmaster/build/robot_protocol/build install --record /home/sunrise/Rosmaster/build/robot_protocol/install.log --install-scripts $base/lib/robot_protocol --single-version-externally-managed install_data
