[14.500s] Invoking command in '/home/sunrise/Rosmaster/src/ROS2/robot_vision': PYTHONPATH=/home/sunrise/Rosmaster/build/robot_vision/prefix_override:/usr/lib/python3/dist-packages/colcon_core/task/python/colcon_distutils_commands:/home/sunrise/Rosmaster/install/robot_vision/lib/python3.10/site-packages:${PYTHONPATH} /usr/bin/python3 -W ignore:setup.py install is deprecated -W ignore:easy_install command is deprecated setup.py egg_info --egg-base ../../../build/robot_vision build --build-base /home/sunrise/Rosmaster/build/robot_vision/build install --record /home/sunrise/Rosmaster/build/robot_vision/install.log --install-scripts $base/lib/robot_vision --single-version-externally-managed install_data
[15.610s] /usr/local/lib/python3.10/dist-packages/setuptools/dist.py:599: SetuptoolsDeprecationWarning: Invalid dash-separated key 'script-dir' in 'develop' (setup.cfg), please use the underscore name 'script_dir' instead.
[15.612s] !!
[15.613s] 
[15.615s]         ********************************************************************************
[15.616s]         Usage of dash-separated 'script-dir' will not be supported in future
[15.621s]         versions. Please use the underscore name 'script_dir' instead.
[15.621s] 
[15.622s]         This deprecation is overdue, please update your project and remove deprecated
[15.622s]         calls to avoid build errors in the future.
[15.624s] 
[15.624s]         See https://setuptools.pypa.io/en/latest/userguide/declarative_config.html for details.
[15.656s]         ********************************************************************************
[15.656s] 
[15.657s] !!
[15.658s]   opt = self._enforce_underscore(opt, section)
[15.835s] /usr/local/lib/python3.10/dist-packages/setuptools/_distutils/dist.py:289: UserWarning: Unknown distribution option: 'tests_require'
[15.840s]   warnings.warn(msg)
[16.164s] /usr/local/lib/python3.10/dist-packages/setuptools/dist.py:599: SetuptoolsDeprecationWarning: Invalid dash-separated key 'script-dir' in 'develop' (setup.cfg), please use the underscore name 'script_dir' instead.
[16.165s] !!
[16.166s] 
[16.167s]         ********************************************************************************
[16.167s]         Usage of dash-separated 'script-dir' will not be supported in future
[16.168s]         versions. Please use the underscore name 'script_dir' instead.
[16.169s]         (Affected: robot_vision).
[16.179s] 
[16.182s]         This deprecation is overdue, please update your project and remove deprecated
[16.183s]         calls to avoid build errors in the future.
[16.184s] 
[16.184s]         See https://setuptools.pypa.io/en/latest/userguide/declarative_config.html for details.
[16.185s]         ********************************************************************************
[16.185s] 
[16.186s] !!
[16.187s]   opt = self._enforce_underscore(opt, section)
[16.772s] running egg_info
[16.941s] writing ../../../build/robot_vision/robot_vision.egg-info/PKG-INFO
[16.944s] writing dependency_links to ../../../build/robot_vision/robot_vision.egg-info/dependency_links.txt
[16.949s] writing entry points to ../../../build/robot_vision/robot_vision.egg-info/entry_points.txt
[16.952s] writing requirements to ../../../build/robot_vision/robot_vision.egg-info/requires.txt
[16.955s] writing top-level names to ../../../build/robot_vision/robot_vision.egg-info/top_level.txt
[17.298s] reading manifest file '../../../build/robot_vision/robot_vision.egg-info/SOURCES.txt'
[17.326s] writing manifest file '../../../build/robot_vision/robot_vision.egg-info/SOURCES.txt'
[17.330s] running build
[17.331s] running build_py
[17.335s] copying robot_vision/vision_node.py -> /home/sunrise/Rosmaster/build/robot_vision/build/lib/robot_vision
[17.338s] copying robot_vision/__init__.py -> /home/sunrise/Rosmaster/build/robot_vision/build/lib/robot_vision
[17.340s] copying robot_vision/finalest-inference.py -> /home/sunrise/Rosmaster/build/robot_vision/build/lib/robot_vision
[17.343s] running install
[17.387s] running install_lib
[17.535s] running install_data
[17.537s] copying resource/robot_vision -> /home/sunrise/Rosmaster/install/robot_vision/share/ament_index/resource_index/packages
[17.539s] copying package.xml -> /home/sunrise/Rosmaster/install/robot_vision/share/robot_vision
[17.541s] copying dataset_left/2-3.png -> /home/sunrise/Rosmaster/install/robot_vision/share/robot_vision/dataset_left
[17.543s] copying dataset_left/3-5.png -> /home/sunrise/Rosmaster/install/robot_vision/share/robot_vision/dataset_left
[17.544s] copying dataset_left/1-5.png -> /home/sunrise/Rosmaster/install/robot_vision/share/robot_vision/dataset_left
[17.546s] copying dataset_left/4-4.png -> /home/sunrise/Rosmaster/install/robot_vision/share/robot_vision/dataset_left
[17.548s] copying dataset_left/3-1.png -> /home/sunrise/Rosmaster/install/robot_vision/share/robot_vision/dataset_left
[17.549s] copying dataset_left/4-2.png -> /home/sunrise/Rosmaster/install/robot_vision/share/robot_vision/dataset_left
[17.551s] copying dataset_left/4-3.png -> /home/sunrise/Rosmaster/install/robot_vision/share/robot_vision/dataset_left
[17.555s] copying dataset_left/1-2.png -> /home/sunrise/Rosmaster/install/robot_vision/share/robot_vision/dataset_left
[17.565s] copying dataset_left/3-2.png -> /home/sunrise/Rosmaster/install/robot_vision/share/robot_vision/dataset_left
[17.566s] copying dataset_left/2-4.png -> /home/sunrise/Rosmaster/install/robot_vision/share/robot_vision/dataset_left
[17.567s] copying dataset_left/5-3.png -> /home/sunrise/Rosmaster/install/robot_vision/share/robot_vision/dataset_left
[17.570s] copying dataset_left/2-1.png -> /home/sunrise/Rosmaster/install/robot_vision/share/robot_vision/dataset_left
[17.571s] copying dataset_left/5-1.png -> /home/sunrise/Rosmaster/install/robot_vision/share/robot_vision/dataset_left
[17.572s] copying dataset_left/4-1.png -> /home/sunrise/Rosmaster/install/robot_vision/share/robot_vision/dataset_left
[17.575s] copying dataset_left/1-4.png -> /home/sunrise/Rosmaster/install/robot_vision/share/robot_vision/dataset_left
[17.582s] copying dataset_left/5-2.png -> /home/sunrise/Rosmaster/install/robot_vision/share/robot_vision/dataset_left
[17.584s] copying dataset_left/4-5.png -> /home/sunrise/Rosmaster/install/robot_vision/share/robot_vision/dataset_left
[17.587s] copying dataset_left/2-5.png -> /home/sunrise/Rosmaster/install/robot_vision/share/robot_vision/dataset_left
[17.590s] copying dataset_left/2-2.png -> /home/sunrise/Rosmaster/install/robot_vision/share/robot_vision/dataset_left
[17.594s] copying dataset_left/3-3.png -> /home/sunrise/Rosmaster/install/robot_vision/share/robot_vision/dataset_left
[17.598s] copying dataset_left/1-3.png -> /home/sunrise/Rosmaster/install/robot_vision/share/robot_vision/dataset_left
[17.606s] copying dataset_left/5-4.png -> /home/sunrise/Rosmaster/install/robot_vision/share/robot_vision/dataset_left
[17.608s] copying dataset_left/1-1.png -> /home/sunrise/Rosmaster/install/robot_vision/share/robot_vision/dataset_left
[17.611s] copying dataset_left/3-4.png -> /home/sunrise/Rosmaster/install/robot_vision/share/robot_vision/dataset_left
[17.612s] copying dataset_right/2-3.png -> /home/sunrise/Rosmaster/install/robot_vision/share/robot_vision/dataset_right
[17.613s] copying dataset_right/3-5.png -> /home/sunrise/Rosmaster/install/robot_vision/share/robot_vision/dataset_right
[17.614s] copying dataset_right/1-5.png -> /home/sunrise/Rosmaster/install/robot_vision/share/robot_vision/dataset_right
[17.615s] copying dataset_right/4-4.png -> /home/sunrise/Rosmaster/install/robot_vision/share/robot_vision/dataset_right
[17.615s] copying dataset_right/5-5.png -> /home/sunrise/Rosmaster/install/robot_vision/share/robot_vision/dataset_right
[17.617s] copying dataset_right/3-1.png -> /home/sunrise/Rosmaster/install/robot_vision/share/robot_vision/dataset_right
[17.618s] copying dataset_right/4-2.png -> /home/sunrise/Rosmaster/install/robot_vision/share/robot_vision/dataset_right
[17.618s] copying dataset_right/4-3.png -> /home/sunrise/Rosmaster/install/robot_vision/share/robot_vision/dataset_right
[17.619s] copying dataset_right/1-2.png -> /home/sunrise/Rosmaster/install/robot_vision/share/robot_vision/dataset_right
[17.620s] copying dataset_right/3-2.png -> /home/sunrise/Rosmaster/install/robot_vision/share/robot_vision/dataset_right
[17.622s] copying dataset_right/2-4.png -> /home/sunrise/Rosmaster/install/robot_vision/share/robot_vision/dataset_right
[17.622s] copying dataset_right/5-3.png -> /home/sunrise/Rosmaster/install/robot_vision/share/robot_vision/dataset_right
[17.624s] copying dataset_right/2-1.png -> /home/sunrise/Rosmaster/install/robot_vision/share/robot_vision/dataset_right
[17.626s] copying dataset_right/5-1.png -> /home/sunrise/Rosmaster/install/robot_vision/share/robot_vision/dataset_right
[17.629s] copying dataset_right/4-1.png -> /home/sunrise/Rosmaster/install/robot_vision/share/robot_vision/dataset_right
[17.631s] copying dataset_right/1-4.png -> /home/sunrise/Rosmaster/install/robot_vision/share/robot_vision/dataset_right
[17.632s] copying dataset_right/5-2.png -> /home/sunrise/Rosmaster/install/robot_vision/share/robot_vision/dataset_right
[17.633s] copying dataset_right/4-5.png -> /home/sunrise/Rosmaster/install/robot_vision/share/robot_vision/dataset_right
[17.634s] copying dataset_right/2-5.png -> /home/sunrise/Rosmaster/install/robot_vision/share/robot_vision/dataset_right
[17.635s] copying dataset_right/2-2.png -> /home/sunrise/Rosmaster/install/robot_vision/share/robot_vision/dataset_right
[17.636s] copying dataset_right/3-3.png -> /home/sunrise/Rosmaster/install/robot_vision/share/robot_vision/dataset_right
[17.637s] copying dataset_right/1-3.png -> /home/sunrise/Rosmaster/install/robot_vision/share/robot_vision/dataset_right
[17.638s] copying dataset_right/5-4.png -> /home/sunrise/Rosmaster/install/robot_vision/share/robot_vision/dataset_right
[17.638s] copying dataset_right/1-1.png -> /home/sunrise/Rosmaster/install/robot_vision/share/robot_vision/dataset_right
[17.639s] copying dataset_right/3-4.png -> /home/sunrise/Rosmaster/install/robot_vision/share/robot_vision/dataset_right
[17.640s] copying config/right_camera_params.json -> /home/sunrise/Rosmaster/install/robot_vision/share/robot_vision/config
[17.641s] copying config/visison_params.yaml -> /home/sunrise/Rosmaster/install/robot_vision/share/robot_vision/config
[17.641s] copying config/left_camera_params.json -> /home/sunrise/Rosmaster/install/robot_vision/share/robot_vision/config
[17.642s] running install_egg_info
[17.784s] removing '/home/sunrise/Rosmaster/install/robot_vision/lib/python3.10/site-packages/robot_vision-1.0.0-py3.10.egg-info' (and everything under it)
[17.786s] Copying ../../../build/robot_vision/robot_vision.egg-info to /home/sunrise/Rosmaster/install/robot_vision/lib/python3.10/site-packages/robot_vision-1.0.0-py3.10.egg-info
[17.794s] running install_scripts
[18.194s] Installing vision_node script to /home/sunrise/Rosmaster/install/robot_vision/lib/robot_vision
[18.195s] writing list of installed files to '/home/sunrise/Rosmaster/build/robot_vision/install.log'
[18.518s] Invoked command in '/home/sunrise/Rosmaster/src/ROS2/robot_vision' returned '0': PYTHONPATH=/home/sunrise/Rosmaster/build/robot_vision/prefix_override:/usr/lib/python3/dist-packages/colcon_core/task/python/colcon_distutils_commands:/home/sunrise/Rosmaster/install/robot_vision/lib/python3.10/site-packages:${PYTHONPATH} /usr/bin/python3 -W ignore:setup.py install is deprecated -W ignore:easy_install command is deprecated setup.py egg_info --egg-base ../../../build/robot_vision build --build-base /home/sunrise/Rosmaster/build/robot_vision/build install --record /home/sunrise/Rosmaster/build/robot_vision/install.log --install-scripts $base/lib/robot_vision --single-version-externally-managed install_data
