[15.059s] Invoking command in '/home/sunrise/Rosmaster/src/ROS2/robot_control': PYTHONPATH=/home/sunrise/Rosmaster/build/robot_control/prefix_override:/usr/lib/python3/dist-packages/colcon_core/task/python/colcon_distutils_commands:/home/sunrise/Rosmaster/install/robot_control/lib/python3.10/site-packages:${PYTHONPATH} /usr/bin/python3 -W ignore:setup.py install is deprecated -W ignore:easy_install command is deprecated setup.py egg_info --egg-base ../../../build/robot_control build --build-base /home/sunrise/Rosmaster/build/robot_control/build install --record /home/sunrise/Rosmaster/build/robot_control/install.log --install-scripts $base/lib/robot_control --single-version-externally-managed install_data
[16.245s] /usr/local/lib/python3.10/dist-packages/setuptools/dist.py:599: SetuptoolsDeprecationWarning: Invalid dash-separated key 'script-dir' in 'develop' (setup.cfg), please use the underscore name 'script_dir' instead.
[16.246s] !!
[16.246s] 
[16.247s]         ********************************************************************************
[16.248s]         Usage of dash-separated 'script-dir' will not be supported in future
[16.249s]         versions. Please use the underscore name 'script_dir' instead.
[16.249s] 
[16.250s]         This deprecation is overdue, please update your project and remove deprecated
[16.251s]         calls to avoid build errors in the future.
[16.251s] 
[16.252s]         See https://setuptools.pypa.io/en/latest/userguide/declarative_config.html for details.
[16.253s]         ********************************************************************************
[16.254s] 
[16.255s] !!
[16.255s]   opt = self._enforce_underscore(opt, section)
[16.382s] /usr/local/lib/python3.10/dist-packages/setuptools/_distutils/dist.py:289: UserWarning: Unknown distribution option: 'tests_require'
[16.383s]   warnings.warn(msg)
[16.690s] /usr/local/lib/python3.10/dist-packages/setuptools/dist.py:599: SetuptoolsDeprecationWarning: Invalid dash-separated key 'script-dir' in 'develop' (setup.cfg), please use the underscore name 'script_dir' instead.
[16.691s] !!
[16.691s] 
[16.692s]         ********************************************************************************
[16.693s]         Usage of dash-separated 'script-dir' will not be supported in future
[16.696s]         versions. Please use the underscore name 'script_dir' instead.
[16.697s]         (Affected: robot_control).
[16.697s] 
[16.698s]         This deprecation is overdue, please update your project and remove deprecated
[16.699s]         calls to avoid build errors in the future.
[16.699s] 
[16.700s]         See https://setuptools.pypa.io/en/latest/userguide/declarative_config.html for details.
[16.701s]         ********************************************************************************
[16.701s] 
[16.702s] !!
[16.703s]   opt = self._enforce_underscore(opt, section)
[17.301s] running egg_info
[17.448s] writing ../../../build/robot_control/robot_control.egg-info/PKG-INFO
[17.459s] writing dependency_links to ../../../build/robot_control/robot_control.egg-info/dependency_links.txt
[17.461s] writing entry points to ../../../build/robot_control/robot_control.egg-info/entry_points.txt
[17.466s] writing requirements to ../../../build/robot_control/robot_control.egg-info/requires.txt
[17.467s] writing top-level names to ../../../build/robot_control/robot_control.egg-info/top_level.txt
[17.726s] reading manifest file '../../../build/robot_control/robot_control.egg-info/SOURCES.txt'
[17.739s] writing manifest file '../../../build/robot_control/robot_control.egg-info/SOURCES.txt'
[17.740s] running build
[17.741s] running build_py
[17.742s] copying robot_control/control_node.py -> /home/sunrise/Rosmaster/build/robot_control/build/lib/robot_control
[17.743s] copying robot_control/twist_to_control_bridge.py -> /home/sunrise/Rosmaster/build/robot_control/build/lib/robot_control
[17.747s] copying robot_control/demo_rosmaster.py -> /home/sunrise/Rosmaster/build/robot_control/build/lib/robot_control
[17.748s] copying robot_control/__init__.py -> /home/sunrise/Rosmaster/build/robot_control/build/lib/robot_control
[17.749s] running install
[17.804s] running install_lib
[17.925s] running install_data
[17.928s] copying resource/robot_control -> /home/sunrise/Rosmaster/install/robot_control/share/ament_index/resource_index/packages
[17.933s] copying package.xml -> /home/sunrise/Rosmaster/install/robot_control/share/robot_control
[17.935s] running install_egg_info
[18.078s] removing '/home/sunrise/Rosmaster/install/robot_control/lib/python3.10/site-packages/robot_control-1.0.0-py3.10.egg-info' (and everything under it)
[18.080s] Copying ../../../build/robot_control/robot_control.egg-info to /home/sunrise/Rosmaster/install/robot_control/lib/python3.10/site-packages/robot_control-1.0.0-py3.10.egg-info
[18.088s] running install_scripts
[18.370s] Installing control_node script to /home/sunrise/Rosmaster/install/robot_control/lib/robot_control
[18.370s] Installing twist_to_control_bridge script to /home/sunrise/Rosmaster/install/robot_control/lib/robot_control
[18.377s] writing list of installed files to '/home/sunrise/Rosmaster/build/robot_control/install.log'
[18.694s] Invoked command in '/home/sunrise/Rosmaster/src/ROS2/robot_control' returned '0': PYTHONPATH=/home/sunrise/Rosmaster/build/robot_control/prefix_override:/usr/lib/python3/dist-packages/colcon_core/task/python/colcon_distutils_commands:/home/sunrise/Rosmaster/install/robot_control/lib/python3.10/site-packages:${PYTHONPATH} /usr/bin/python3 -W ignore:setup.py install is deprecated -W ignore:easy_install command is deprecated setup.py egg_info --egg-base ../../../build/robot_control build --build-base /home/sunrise/Rosmaster/build/robot_control/build install --record /home/sunrise/Rosmaster/build/robot_control/install.log --install-scripts $base/lib/robot_control --single-version-externally-managed install_data
