running egg_info
writing ../../../build/robot_control/robot_control.egg-info/PKG-INFO
writing dependency_links to ../../../build/robot_control/robot_control.egg-info/dependency_links.txt
writing entry points to ../../../build/robot_control/robot_control.egg-info/entry_points.txt
writing requirements to ../../../build/robot_control/robot_control.egg-info/requires.txt
writing top-level names to ../../../build/robot_control/robot_control.egg-info/top_level.txt
reading manifest file '../../../build/robot_control/robot_control.egg-info/SOURCES.txt'
writing manifest file '../../../build/robot_control/robot_control.egg-info/SOURCES.txt'
running build
running build_py
copying robot_control/control_node.py -> /home/sunrise/Rosmaster/build/robot_control/build/lib/robot_control
copying robot_control/twist_to_control_bridge.py -> /home/sunrise/Rosmaster/build/robot_control/build/lib/robot_control
copying robot_control/demo_rosmaster.py -> /home/sunrise/Rosmaster/build/robot_control/build/lib/robot_control
copying robot_control/__init__.py -> /home/sunrise/Rosmaster/build/robot_control/build/lib/robot_control
running install
running install_lib
running install_data
copying resource/robot_control -> /home/sunrise/Rosmaster/install/robot_control/share/ament_index/resource_index/packages
copying package.xml -> /home/sunrise/Rosmaster/install/robot_control/share/robot_control
running install_egg_info
removing '/home/sunrise/Rosmaster/install/robot_control/lib/python3.10/site-packages/robot_control-1.0.0-py3.10.egg-info' (and everything under it)
Copying ../../../build/robot_control/robot_control.egg-info to /home/sunrise/Rosmaster/install/robot_control/lib/python3.10/site-packages/robot_control-1.0.0-py3.10.egg-info
running install_scripts
Installing control_node script to /home/sunrise/Rosmaster/install/robot_control/lib/robot_control
writing list of installed files to '/home/sunrise/Rosmaster/build/robot_control/install.log'
