[5.626s] Invoking command in '/home/sunrise/Rosmaster/src/ROS2/robot_bringup': AMENT_PREFIX_PATH=/home/sunrise/Rosmaster/install/robot_protocol:/home/sunrise/Rosmaster/install/robot_link:/home/sunrise/Rosmaster/install/robot_control:${AMENT_PREFIX_PATH} PYTHONPATH=/home/sunrise/Rosmaster/build/robot_bringup/prefix_override:/usr/lib/python3/dist-packages/colcon_core/task/python/colcon_distutils_commands:/home/sunrise/Rosmaster/install/robot_bringup/lib/python3.10/site-packages:/home/sunrise/Rosmaster/install/robot_protocol/lib/python3.10/site-packages:/home/sunrise/Rosmaster/install/robot_link/lib/python3.10/site-packages:/home/sunrise/Rosmaster/install/robot_control/lib/python3.10/site-packages:${PYTHONPATH} /usr/bin/python3 -W ignore:setup.py install is deprecated -W ignore:easy_install command is deprecated setup.py egg_info --egg-base ../../../build/robot_bringup build --build-base /home/sunrise/Rosmaster/build/robot_bringup/build install --record /home/sunrise/Rosmaster/build/robot_bringup/install.log --install-scripts $base/lib/robot_bringup --single-version-externally-managed install_data
[6.574s] /usr/local/lib/python3.10/dist-packages/setuptools/dist.py:599: SetuptoolsDeprecationWarning: Invalid dash-separated key 'script-dir' in 'develop' (setup.cfg), please use the underscore name 'script_dir' instead.
[6.574s] !!
[6.575s] 
[6.575s]         ********************************************************************************
[6.576s]         Usage of dash-separated 'script-dir' will not be supported in future
[6.576s]         versions. Please use the underscore name 'script_dir' instead.
[6.577s] 
[6.577s]         This deprecation is overdue, please update your project and remove deprecated
[6.578s]         calls to avoid build errors in the future.
[6.579s] 
[6.579s]         See https://setuptools.pypa.io/en/latest/userguide/declarative_config.html for details.
[6.580s]         ********************************************************************************
[6.580s] 
[6.581s] !!
[6.582s]   opt = self._enforce_underscore(opt, section)
[6.693s] /usr/local/lib/python3.10/dist-packages/setuptools/_distutils/dist.py:289: UserWarning: Unknown distribution option: 'tests_require'
[6.694s]   warnings.warn(msg)
[6.910s] /usr/local/lib/python3.10/dist-packages/setuptools/dist.py:599: SetuptoolsDeprecationWarning: Invalid dash-separated key 'script-dir' in 'develop' (setup.cfg), please use the underscore name 'script_dir' instead.
[6.911s] !!
[6.911s] 
[6.912s]         ********************************************************************************
[6.913s]         Usage of dash-separated 'script-dir' will not be supported in future
[6.913s]         versions. Please use the underscore name 'script_dir' instead.
[6.914s]         (Affected: robot_bringup).
[6.914s] 
[6.915s]         This deprecation is overdue, please update your project and remove deprecated
[6.915s]         calls to avoid build errors in the future.
[6.916s] 
[6.916s]         See https://setuptools.pypa.io/en/latest/userguide/declarative_config.html for details.
[6.916s]         ********************************************************************************
[6.917s] 
[6.917s] !!
[6.918s]   opt = self._enforce_underscore(opt, section)
[7.353s] running egg_info
[7.465s] writing ../../../build/robot_bringup/robot_bringup.egg-info/PKG-INFO
[7.469s] writing dependency_links to ../../../build/robot_bringup/robot_bringup.egg-info/dependency_links.txt
[7.471s] writing requirements to ../../../build/robot_bringup/robot_bringup.egg-info/requires.txt
[7.472s] writing top-level names to ../../../build/robot_bringup/robot_bringup.egg-info/top_level.txt
[7.689s] reading manifest file '../../../build/robot_bringup/robot_bringup.egg-info/SOURCES.txt'
[7.699s] writing manifest file '../../../build/robot_bringup/robot_bringup.egg-info/SOURCES.txt'
[7.700s] running build
[7.701s] running build_py
[7.702s] copying robot_bringup/__init__.py -> /home/sunrise/Rosmaster/build/robot_bringup/build/lib/robot_bringup
[7.705s] running install
[7.738s] running install_lib
[7.848s] running install_data
[7.849s] copying resource/robot_bringup -> /home/sunrise/Rosmaster/install/robot_bringup/share/ament_index/resource_index/packages
[7.851s] copying package.xml -> /home/sunrise/Rosmaster/install/robot_bringup/share/robot_bringup
[7.852s] copying launch/hardware_launch.py -> /home/sunrise/Rosmaster/install/robot_bringup/share/robot_bringup/launch
[7.853s] copying launch/teleop_launch.py -> /home/sunrise/Rosmaster/install/robot_bringup/share/robot_bringup/launch
[7.854s] running install_egg_info
[7.967s] removing '/home/sunrise/Rosmaster/install/robot_bringup/lib/python3.10/site-packages/robot_bringup-1.0.0-py3.10.egg-info' (and everything under it)
[7.969s] Copying ../../../build/robot_bringup/robot_bringup.egg-info to /home/sunrise/Rosmaster/install/robot_bringup/lib/python3.10/site-packages/robot_bringup-1.0.0-py3.10.egg-info
[7.977s] running install_scripts
[8.198s] writing list of installed files to '/home/sunrise/Rosmaster/build/robot_bringup/install.log'
[8.436s] Invoked command in '/home/sunrise/Rosmaster/src/ROS2/robot_bringup' returned '0': AMENT_PREFIX_PATH=/home/sunrise/Rosmaster/install/robot_protocol:/home/sunrise/Rosmaster/install/robot_link:/home/sunrise/Rosmaster/install/robot_control:${AMENT_PREFIX_PATH} PYTHONPATH=/home/sunrise/Rosmaster/build/robot_bringup/prefix_override:/usr/lib/python3/dist-packages/colcon_core/task/python/colcon_distutils_commands:/home/sunrise/Rosmaster/install/robot_bringup/lib/python3.10/site-packages:/home/sunrise/Rosmaster/install/robot_protocol/lib/python3.10/site-packages:/home/sunrise/Rosmaster/install/robot_link/lib/python3.10/site-packages:/home/sunrise/Rosmaster/install/robot_control/lib/python3.10/site-packages:${PYTHONPATH} /usr/bin/python3 -W ignore:setup.py install is deprecated -W ignore:easy_install command is deprecated setup.py egg_info --egg-base ../../../build/robot_bringup build --build-base /home/sunrise/Rosmaster/build/robot_bringup/build install --record /home/sunrise/Rosmaster/build/robot_bringup/install.log --install-scripts $base/lib/robot_bringup --single-version-externally-managed install_data
