[5.765s] Invoking command in '/home/sunrise/Rosmaster/src/ROS2/robot_bringup': AMENT_PREFIX_PATH=/home/sunrise/Rosmaster/install/robot_protocol:/home/sunrise/Rosmaster/install/robot_link:/home/sunrise/Rosmaster/install/robot_control:/home/sunrise/Rosmaster/install/robot_vision:/home/sunrise/Rosmaster/install/robot_bringup:/home/sunrise/Rosmaster/install/robot_fusion:/home/sunrise/Rosmaster/install/robot_brain:/opt/ros/humble PYTHONPATH=/home/sunrise/Rosmaster/build/robot_bringup/prefix_override:/usr/lib/python3/dist-packages/colcon_core/task/python/colcon_distutils_commands:/home/sunrise/Rosmaster/install/robot_bringup/lib/python3.10/site-packages:/home/sunrise/Rosmaster/install/robot_protocol/lib/python3.10/site-packages:/home/sunrise/Rosmaster/install/robot_link/lib/python3.10/site-packages:/home/sunrise/Rosmaster/install/robot_control/lib/python3.10/site-packages:/home/sunrise/Rosmaster/install/robot_vision/lib/python3.10/site-packages:/home/sunrise/Rosmaster/install/robot_bringup/lib/python3.10/site-packages:/home/sunrise/Rosmaster/install/robot_fusion/lib/python3.10/site-packages:/home/sunrise/Rosmaster/install/robot_brain/lib/python3.10/site-packages:/opt/ros/humble/lib/python3.10/site-packages:/opt/ros/humble/local/lib/python3.10/dist-packages /usr/bin/python3 -W ignore:setup.py install is deprecated -W ignore:easy_install command is deprecated setup.py egg_info --egg-base ../../../build/robot_bringup build --build-base /home/sunrise/Rosmaster/build/robot_bringup/build install --record /home/sunrise/Rosmaster/build/robot_bringup/install.log --install-scripts $base/lib/robot_bringup --single-version-externally-managed install_data
[7.013s] /usr/local/lib/python3.10/dist-packages/setuptools/dist.py:599: SetuptoolsDeprecationWarning: Invalid dash-separated key 'script-dir' in 'develop' (setup.cfg), please use the underscore name 'script_dir' instead.
[7.014s] !!
[7.014s] 
[7.015s]         ********************************************************************************
[7.016s]         Usage of dash-separated 'script-dir' will not be supported in future
[7.017s]         versions. Please use the underscore name 'script_dir' instead.
[7.017s] 
[7.019s]         This deprecation is overdue, please update your project and remove deprecated
[7.020s]         calls to avoid build errors in the future.
[7.021s] 
[7.022s]         See https://setuptools.pypa.io/en/latest/userguide/declarative_config.html for details.
[7.023s]         ********************************************************************************
[7.024s] 
[7.025s] !!
[7.026s]   opt = self._enforce_underscore(opt, section)
[7.177s] /usr/local/lib/python3.10/dist-packages/setuptools/_distutils/dist.py:289: UserWarning: Unknown distribution option: 'tests_require'
[7.178s]   warnings.warn(msg)
[7.503s] /usr/local/lib/python3.10/dist-packages/setuptools/dist.py:599: SetuptoolsDeprecationWarning: Invalid dash-separated key 'script-dir' in 'develop' (setup.cfg), please use the underscore name 'script_dir' instead.
[7.504s] !!
[7.504s] 
[7.505s]         ********************************************************************************
[7.506s]         Usage of dash-separated 'script-dir' will not be supported in future
[7.507s]         versions. Please use the underscore name 'script_dir' instead.
[7.507s]         (Affected: robot_bringup).
[7.508s] 
[7.508s]         This deprecation is overdue, please update your project and remove deprecated
[7.509s]         calls to avoid build errors in the future.
[7.509s] 
[7.510s]         See https://setuptools.pypa.io/en/latest/userguide/declarative_config.html for details.
[7.510s]         ********************************************************************************
[7.511s] 
[7.511s] !!
[7.512s]   opt = self._enforce_underscore(opt, section)
[8.158s] running egg_info
[8.332s] writing ../../../build/robot_bringup/robot_bringup.egg-info/PKG-INFO
[8.335s] writing dependency_links to ../../../build/robot_bringup/robot_bringup.egg-info/dependency_links.txt
[8.338s] writing requirements to ../../../build/robot_bringup/robot_bringup.egg-info/requires.txt
[8.340s] writing top-level names to ../../../build/robot_bringup/robot_bringup.egg-info/top_level.txt
[8.676s] reading manifest file '../../../build/robot_bringup/robot_bringup.egg-info/SOURCES.txt'
[8.687s] writing manifest file '../../../build/robot_bringup/robot_bringup.egg-info/SOURCES.txt'
[8.688s] running build
[8.689s] running build_py
[8.690s] copying robot_bringup/__init__.py -> /home/sunrise/Rosmaster/build/robot_bringup/build/lib/robot_bringup
[8.693s] running install
[8.732s] running install_lib
[8.909s] running install_data
[8.911s] copying resource/robot_bringup -> /home/sunrise/Rosmaster/install/robot_bringup/share/ament_index/resource_index/packages
[8.913s] copying package.xml -> /home/sunrise/Rosmaster/install/robot_bringup/share/robot_bringup
[8.916s] copying launch/hardware_launch.py -> /home/sunrise/Rosmaster/install/robot_bringup/share/robot_bringup/launch
[8.918s] copying launch/teleop_launch.py -> /home/sunrise/Rosmaster/install/robot_bringup/share/robot_bringup/launch
[8.919s] running install_egg_info
[9.098s] removing '/home/sunrise/Rosmaster/install/robot_bringup/lib/python3.10/site-packages/robot_bringup-1.0.0-py3.10.egg-info' (and everything under it)
[9.100s] Copying ../../../build/robot_bringup/robot_bringup.egg-info to /home/sunrise/Rosmaster/install/robot_bringup/lib/python3.10/site-packages/robot_bringup-1.0.0-py3.10.egg-info
[9.106s] running install_scripts
[9.457s] writing list of installed files to '/home/sunrise/Rosmaster/build/robot_bringup/install.log'
[9.714s] Invoked command in '/home/sunrise/Rosmaster/src/ROS2/robot_bringup' returned '0': AMENT_PREFIX_PATH=/home/sunrise/Rosmaster/install/robot_protocol:/home/sunrise/Rosmaster/install/robot_link:/home/sunrise/Rosmaster/install/robot_control:/home/sunrise/Rosmaster/install/robot_vision:/home/sunrise/Rosmaster/install/robot_bringup:/home/sunrise/Rosmaster/install/robot_fusion:/home/sunrise/Rosmaster/install/robot_brain:/opt/ros/humble PYTHONPATH=/home/sunrise/Rosmaster/build/robot_bringup/prefix_override:/usr/lib/python3/dist-packages/colcon_core/task/python/colcon_distutils_commands:/home/sunrise/Rosmaster/install/robot_bringup/lib/python3.10/site-packages:/home/sunrise/Rosmaster/install/robot_protocol/lib/python3.10/site-packages:/home/sunrise/Rosmaster/install/robot_link/lib/python3.10/site-packages:/home/sunrise/Rosmaster/install/robot_control/lib/python3.10/site-packages:/home/sunrise/Rosmaster/install/robot_vision/lib/python3.10/site-packages:/home/sunrise/Rosmaster/install/robot_bringup/lib/python3.10/site-packages:/home/sunrise/Rosmaster/install/robot_fusion/lib/python3.10/site-packages:/home/sunrise/Rosmaster/install/robot_brain/lib/python3.10/site-packages:/opt/ros/humble/lib/python3.10/site-packages:/opt/ros/humble/local/lib/python3.10/dist-packages /usr/bin/python3 -W ignore:setup.py install is deprecated -W ignore:easy_install command is deprecated setup.py egg_info --egg-base ../../../build/robot_bringup build --build-base /home/sunrise/Rosmaster/build/robot_bringup/build install --record /home/sunrise/Rosmaster/build/robot_bringup/install.log --install-scripts $base/lib/robot_bringup --single-version-externally-managed install_data
