[13.582s] Invoking command in '/home/sunrise/Rosmaster/src/ROS2/robot_link': PYTHONPATH=/home/sunrise/Rosmaster/build/robot_link/prefix_override:/usr/lib/python3/dist-packages/colcon_core/task/python/colcon_distutils_commands:/home/sunrise/Rosmaster/install/robot_link/lib/python3.10/site-packages:${PYTHONPATH} /usr/bin/python3 -W ignore:setup.py install is deprecated -W ignore:easy_install command is deprecated setup.py egg_info --egg-base ../../../build/robot_link build --build-base /home/sunrise/Rosmaster/build/robot_link/build install --record /home/sunrise/Rosmaster/build/robot_link/install.log --install-scripts $base/lib/robot_link --single-version-externally-managed install_data
[14.878s] /usr/local/lib/python3.10/dist-packages/setuptools/dist.py:599: SetuptoolsDeprecationWarning: Invalid dash-separated key 'script-dir' in 'develop' (setup.cfg), please use the underscore name 'script_dir' instead.
[14.879s] !!
[14.879s] 
[14.880s]         ********************************************************************************
[14.881s]         Usage of dash-separated 'script-dir' will not be supported in future
[14.882s]         versions. Please use the underscore name 'script_dir' instead.
[14.882s] 
[14.885s]         This deprecation is overdue, please update your project and remove deprecated
[14.886s]         calls to avoid build errors in the future.
[14.888s] 
[14.889s]         See https://setuptools.pypa.io/en/latest/userguide/declarative_config.html for details.
[14.890s]         ********************************************************************************
[14.891s] 
[14.891s] !!
[14.892s]   opt = self._enforce_underscore(opt, section)
[15.030s] /usr/local/lib/python3.10/dist-packages/setuptools/_distutils/dist.py:289: UserWarning: Unknown distribution option: 'tests_require'
[15.030s]   warnings.warn(msg)
[15.279s] /usr/local/lib/python3.10/dist-packages/setuptools/dist.py:599: SetuptoolsDeprecationWarning: Invalid dash-separated key 'script-dir' in 'develop' (setup.cfg), please use the underscore name 'script_dir' instead.
[15.280s] !!
[15.280s] 
[15.281s]         ********************************************************************************
[15.282s]         Usage of dash-separated 'script-dir' will not be supported in future
[15.282s]         versions. Please use the underscore name 'script_dir' instead.
[15.284s]         (Affected: robot_link).
[15.285s] 
[15.286s]         This deprecation is overdue, please update your project and remove deprecated
[15.287s]         calls to avoid build errors in the future.
[15.287s] 
[15.288s]         See https://setuptools.pypa.io/en/latest/userguide/declarative_config.html for details.
[15.289s]         ********************************************************************************
[15.289s] 
[15.290s] !!
[15.291s]   opt = self._enforce_underscore(opt, section)
[15.765s] running egg_info
[15.878s] writing ../../../build/robot_link/robot_link.egg-info/PKG-INFO
[15.885s] writing dependency_links to ../../../build/robot_link/robot_link.egg-info/dependency_links.txt
[15.887s] writing entry points to ../../../build/robot_link/robot_link.egg-info/entry_points.txt
[15.889s] writing requirements to ../../../build/robot_link/robot_link.egg-info/requires.txt
[15.891s] writing top-level names to ../../../build/robot_link/robot_link.egg-info/top_level.txt
[16.133s] reading manifest file '../../../build/robot_link/robot_link.egg-info/SOURCES.txt'
[16.143s] writing manifest file '../../../build/robot_link/robot_link.egg-info/SOURCES.txt'
[16.145s] running build
[16.145s] running build_py
[16.148s] copying robot_link/serial_node.py -> /home/sunrise/Rosmaster/build/robot_link/build/lib/robot_link
[16.150s] copying robot_link/tcp_server_node.py -> /home/sunrise/Rosmaster/build/robot_link/build/lib/robot_link
[16.151s] copying robot_link/hotspot_node.py -> /home/sunrise/Rosmaster/build/robot_link/build/lib/robot_link
[16.152s] copying robot_link/__init__.py -> /home/sunrise/Rosmaster/build/robot_link/build/lib/robot_link
[16.154s] running install
[16.191s] running install_lib
[16.308s] copying /home/sunrise/Rosmaster/build/robot_link/build/lib/robot_link/tcp_server_node.py -> /home/sunrise/Rosmaster/install/robot_link/lib/python3.10/site-packages/robot_link
[16.315s] byte-compiling /home/sunrise/Rosmaster/install/robot_link/lib/python3.10/site-packages/robot_link/tcp_server_node.py to tcp_server_node.cpython-310.pyc
[16.318s] running install_data
[16.325s] copying resource/robot_link -> /home/sunrise/Rosmaster/install/robot_link/share/ament_index/resource_index/packages
[16.326s] copying package.xml -> /home/sunrise/Rosmaster/install/robot_link/share/robot_link
[16.326s] running install_egg_info
[16.445s] removing '/home/sunrise/Rosmaster/install/robot_link/lib/python3.10/site-packages/robot_link-1.0.0-py3.10.egg-info' (and everything under it)
[16.447s] Copying ../../../build/robot_link/robot_link.egg-info to /home/sunrise/Rosmaster/install/robot_link/lib/python3.10/site-packages/robot_link-1.0.0-py3.10.egg-info
[16.455s] running install_scripts
[16.800s] Installing hotspot_node script to /home/sunrise/Rosmaster/install/robot_link/lib/robot_link
[16.814s] Installing serial_node script to /home/sunrise/Rosmaster/install/robot_link/lib/robot_link
[16.815s] Installing tcp_server_node script to /home/sunrise/Rosmaster/install/robot_link/lib/robot_link
[16.820s] writing list of installed files to '/home/sunrise/Rosmaster/build/robot_link/install.log'
[17.167s] Invoked command in '/home/sunrise/Rosmaster/src/ROS2/robot_link' returned '0': PYTHONPATH=/home/sunrise/Rosmaster/build/robot_link/prefix_override:/usr/lib/python3/dist-packages/colcon_core/task/python/colcon_distutils_commands:/home/sunrise/Rosmaster/install/robot_link/lib/python3.10/site-packages:${PYTHONPATH} /usr/bin/python3 -W ignore:setup.py install is deprecated -W ignore:easy_install command is deprecated setup.py egg_info --egg-base ../../../build/robot_link build --build-base /home/sunrise/Rosmaster/build/robot_link/build install --record /home/sunrise/Rosmaster/build/robot_link/install.log --install-scripts $base/lib/robot_link --single-version-externally-managed install_data
