[13.699s] Invoking command in '/home/sunrise/Rosmaster/src/ROS2/robot_control': PYTHONPATH=/home/sunrise/Rosmaster/build/robot_control/prefix_override:/usr/lib/python3/dist-packages/colcon_core/task/python/colcon_distutils_commands:/home/sunrise/Rosmaster/install/robot_control/lib/python3.10/site-packages:${PYTHONPATH} /usr/bin/python3 -W ignore:setup.py install is deprecated -W ignore:easy_install command is deprecated setup.py egg_info --egg-base ../../../build/robot_control build --build-base /home/sunrise/Rosmaster/build/robot_control/build install --record /home/sunrise/Rosmaster/build/robot_control/install.log --install-scripts $base/lib/robot_control --single-version-externally-managed install_data
[14.812s] /usr/local/lib/python3.10/dist-packages/setuptools/dist.py:599: SetuptoolsDeprecationWarning: Invalid dash-separated key 'script-dir' in 'develop' (setup.cfg), please use the underscore name 'script_dir' instead.
[14.813s] !!
[14.813s] 
[14.815s]         ********************************************************************************
[14.816s]         Usage of dash-separated 'script-dir' will not be supported in future
[14.817s]         versions. Please use the underscore name 'script_dir' instead.
[14.817s] 
[14.824s]         This deprecation is overdue, please update your project and remove deprecated
[14.825s]         calls to avoid build errors in the future.
[14.825s] 
[14.826s]         See https://setuptools.pypa.io/en/latest/userguide/declarative_config.html for details.
[14.827s]         ********************************************************************************
[14.830s] 
[14.831s] !!
[14.832s]   opt = self._enforce_underscore(opt, section)
[14.945s] /usr/local/lib/python3.10/dist-packages/setuptools/_distutils/dist.py:289: UserWarning: Unknown distribution option: 'tests_require'
[14.947s]   warnings.warn(msg)
[15.192s] /usr/local/lib/python3.10/dist-packages/setuptools/dist.py:599: SetuptoolsDeprecationWarning: Invalid dash-separated key 'script-dir' in 'develop' (setup.cfg), please use the underscore name 'script_dir' instead.
[15.193s] !!
[15.194s] 
[15.194s]         ********************************************************************************
[15.197s]         Usage of dash-separated 'script-dir' will not be supported in future
[15.198s]         versions. Please use the underscore name 'script_dir' instead.
[15.198s]         (Affected: robot_control).
[15.199s] 
[15.200s]         This deprecation is overdue, please update your project and remove deprecated
[15.200s]         calls to avoid build errors in the future.
[15.201s] 
[15.201s]         See https://setuptools.pypa.io/en/latest/userguide/declarative_config.html for details.
[15.202s]         ********************************************************************************
[15.203s] 
[15.203s] !!
[15.204s]   opt = self._enforce_underscore(opt, section)
[15.684s] running egg_info
[15.792s] writing ../../../build/robot_control/robot_control.egg-info/PKG-INFO
[15.796s] writing dependency_links to ../../../build/robot_control/robot_control.egg-info/dependency_links.txt
[15.799s] writing entry points to ../../../build/robot_control/robot_control.egg-info/entry_points.txt
[15.806s] writing requirements to ../../../build/robot_control/robot_control.egg-info/requires.txt
[15.807s] writing top-level names to ../../../build/robot_control/robot_control.egg-info/top_level.txt
[16.090s] reading manifest file '../../../build/robot_control/robot_control.egg-info/SOURCES.txt'
[16.101s] writing manifest file '../../../build/robot_control/robot_control.egg-info/SOURCES.txt'
[16.104s] running build
[16.106s] running build_py
[16.110s] copying robot_control/control_node.py -> /home/sunrise/Rosmaster/build/robot_control/build/lib/robot_control
[16.113s] copying robot_control/demo_rosmaster.py -> /home/sunrise/Rosmaster/build/robot_control/build/lib/robot_control
[16.117s] copying robot_control/__init__.py -> /home/sunrise/Rosmaster/build/robot_control/build/lib/robot_control
[16.122s] running install
[16.168s] running install_lib
[16.310s] running install_data
[16.320s] copying resource/robot_control -> /home/sunrise/Rosmaster/install/robot_control/share/ament_index/resource_index/packages
[16.321s] copying package.xml -> /home/sunrise/Rosmaster/install/robot_control/share/robot_control
[16.322s] running install_egg_info
[16.460s] removing '/home/sunrise/Rosmaster/install/robot_control/lib/python3.10/site-packages/robot_control-1.0.0-py3.10.egg-info' (and everything under it)
[16.470s] Copying ../../../build/robot_control/robot_control.egg-info to /home/sunrise/Rosmaster/install/robot_control/lib/python3.10/site-packages/robot_control-1.0.0-py3.10.egg-info
[16.477s] running install_scripts
[16.793s] Installing control_node script to /home/sunrise/Rosmaster/install/robot_control/lib/robot_control
[16.793s] writing list of installed files to '/home/sunrise/Rosmaster/build/robot_control/install.log'
[17.169s] Invoked command in '/home/sunrise/Rosmaster/src/ROS2/robot_control' returned '0': PYTHONPATH=/home/sunrise/Rosmaster/build/robot_control/prefix_override:/usr/lib/python3/dist-packages/colcon_core/task/python/colcon_distutils_commands:/home/sunrise/Rosmaster/install/robot_control/lib/python3.10/site-packages:${PYTHONPATH} /usr/bin/python3 -W ignore:setup.py install is deprecated -W ignore:easy_install command is deprecated setup.py egg_info --egg-base ../../../build/robot_control build --build-base /home/sunrise/Rosmaster/build/robot_control/build install --record /home/sunrise/Rosmaster/build/robot_control/install.log --install-scripts $base/lib/robot_control --single-version-externally-managed install_data
