running egg_info
writing ../../../build/robot_protocol/robot_protocol.egg-info/PKG-INFO
writing dependency_links to ../../../build/robot_protocol/robot_protocol.egg-info/dependency_links.txt
writing entry points to ../../../build/robot_protocol/robot_protocol.egg-info/entry_points.txt
writing requirements to ../../../build/robot_protocol/robot_protocol.egg-info/requires.txt
writing top-level names to ../../../build/robot_protocol/robot_protocol.egg-info/top_level.txt
reading manifest file '../../../build/robot_protocol/robot_protocol.egg-info/SOURCES.txt'
writing manifest file '../../../build/robot_protocol/robot_protocol.egg-info/SOURCES.txt'
running build
running build_py
copying robot_protocol/protocol_pack_node.py -> /home/sunrise/Rosmaster/build/robot_protocol/build/lib/robot_protocol
copying robot_protocol/protocol_node.py -> /home/sunrise/Rosmaster/build/robot_protocol/build/lib/robot_protocol
copying robot_protocol/__init__.py -> /home/sunrise/Rosmaster/build/robot_protocol/build/lib/robot_protocol
running install
running install_lib
running install_data
copying resource/robot_protocol -> /home/sunrise/Rosmaster/install/robot_protocol/share/ament_index/resource_index/packages
copying package.xml -> /home/sunrise/Rosmaster/install/robot_protocol/share/robot_protocol
running install_egg_info
removing '/home/sunrise/Rosmaster/install/robot_protocol/lib/python3.10/site-packages/robot_protocol-1.0.0-py3.10.egg-info' (and everything under it)
Copying ../../../build/robot_protocol/robot_protocol.egg-info to /home/sunrise/Rosmaster/install/robot_protocol/lib/python3.10/site-packages/robot_protocol-1.0.0-py3.10.egg-info
running install_scripts
Installing protocol_node script to /home/sunrise/Rosmaster/install/robot_protocol/lib/robot_protocol
writing list of installed files to '/home/sunrise/Rosmaster/build/robot_protocol/install.log'
