[13.757s] Invoking command in '/home/sunrise/Rosmaster/src/ROS2/robot_protocol': PYTHONPATH=/home/sunrise/Rosmaster/build/robot_protocol/prefix_override:/usr/lib/python3/dist-packages/colcon_core/task/python/colcon_distutils_commands:/home/sunrise/Rosmaster/install/robot_protocol/lib/python3.10/site-packages:${PYTHONPATH} /usr/bin/python3 -W ignore:setup.py install is deprecated -W ignore:easy_install command is deprecated setup.py egg_info --egg-base ../../../build/robot_protocol build --build-base /home/sunrise/Rosmaster/build/robot_protocol/build install --record /home/sunrise/Rosmaster/build/robot_protocol/install.log --install-scripts $base/lib/robot_protocol --single-version-externally-managed install_data
[15.042s] /usr/local/lib/python3.10/dist-packages/setuptools/dist.py:599: SetuptoolsDeprecationWarning: Invalid dash-separated key 'script-dir' in 'develop' (setup.cfg), please use the underscore name 'script_dir' instead.
[15.045s] !!
[15.046s] 
[15.046s]         ********************************************************************************
[15.047s]         Usage of dash-separated 'script-dir' will not be supported in future
[15.048s]         versions. Please use the underscore name 'script_dir' instead.
[15.049s] 
[15.049s]         This deprecation is overdue, please update your project and remove deprecated
[15.050s]         calls to avoid build errors in the future.
[15.051s] 
[15.051s]         See https://setuptools.pypa.io/en/latest/userguide/declarative_config.html for details.
[15.052s]         ********************************************************************************
[15.053s] 
[15.053s] !!
[15.054s]   opt = self._enforce_underscore(opt, section)
[15.185s] /usr/local/lib/python3.10/dist-packages/setuptools/_distutils/dist.py:289: UserWarning: Unknown distribution option: 'tests_require'
[15.186s]   warnings.warn(msg)
[15.476s] /usr/local/lib/python3.10/dist-packages/setuptools/dist.py:599: SetuptoolsDeprecationWarning: Invalid dash-separated key 'script-dir' in 'develop' (setup.cfg), please use the underscore name 'script_dir' instead.
[15.483s] !!
[15.484s] 
[15.485s]         ********************************************************************************
[15.486s]         Usage of dash-separated 'script-dir' will not be supported in future
[15.486s]         versions. Please use the underscore name 'script_dir' instead.
[15.487s]         (Affected: robot_protocol).
[15.488s] 
[15.490s]         This deprecation is overdue, please update your project and remove deprecated
[15.493s]         calls to avoid build errors in the future.
[15.494s] 
[15.495s]         See https://setuptools.pypa.io/en/latest/userguide/declarative_config.html for details.
[15.495s]         ********************************************************************************
[15.496s] 
[15.497s] !!
[15.499s]   opt = self._enforce_underscore(opt, section)
[16.044s] running egg_info
[16.152s] writing ../../../build/robot_protocol/robot_protocol.egg-info/PKG-INFO
[16.158s] writing dependency_links to ../../../build/robot_protocol/robot_protocol.egg-info/dependency_links.txt
[16.161s] writing entry points to ../../../build/robot_protocol/robot_protocol.egg-info/entry_points.txt
[16.163s] writing requirements to ../../../build/robot_protocol/robot_protocol.egg-info/requires.txt
[16.166s] writing top-level names to ../../../build/robot_protocol/robot_protocol.egg-info/top_level.txt
[16.407s] reading manifest file '../../../build/robot_protocol/robot_protocol.egg-info/SOURCES.txt'
[16.417s] writing manifest file '../../../build/robot_protocol/robot_protocol.egg-info/SOURCES.txt'
[16.418s] running build
[16.420s] running build_py
[16.421s] copying robot_protocol/protocol_pack_node.py -> /home/sunrise/Rosmaster/build/robot_protocol/build/lib/robot_protocol
[16.422s] copying robot_protocol/protocol_node.py -> /home/sunrise/Rosmaster/build/robot_protocol/build/lib/robot_protocol
[16.424s] copying robot_protocol/__init__.py -> /home/sunrise/Rosmaster/build/robot_protocol/build/lib/robot_protocol
[16.427s] running install
[16.471s] running install_lib
[16.604s] running install_data
[16.606s] copying resource/robot_protocol -> /home/sunrise/Rosmaster/install/robot_protocol/share/ament_index/resource_index/packages
[16.617s] copying package.xml -> /home/sunrise/Rosmaster/install/robot_protocol/share/robot_protocol
[16.618s] running install_egg_info
[16.870s] removing '/home/sunrise/Rosmaster/install/robot_protocol/lib/python3.10/site-packages/robot_protocol-1.0.0-py3.10.egg-info' (and everything under it)
[16.871s] Copying ../../../build/robot_protocol/robot_protocol.egg-info to /home/sunrise/Rosmaster/install/robot_protocol/lib/python3.10/site-packages/robot_protocol-1.0.0-py3.10.egg-info
[16.887s] running install_scripts
[17.216s] Installing protocol_node script to /home/sunrise/Rosmaster/install/robot_protocol/lib/robot_protocol
[17.219s] writing list of installed files to '/home/sunrise/Rosmaster/build/robot_protocol/install.log'
[17.486s] Invoked command in '/home/sunrise/Rosmaster/src/ROS2/robot_protocol' returned '0': PYTHONPATH=/home/sunrise/Rosmaster/build/robot_protocol/prefix_override:/usr/lib/python3/dist-packages/colcon_core/task/python/colcon_distutils_commands:/home/sunrise/Rosmaster/install/robot_protocol/lib/python3.10/site-packages:${PYTHONPATH} /usr/bin/python3 -W ignore:setup.py install is deprecated -W ignore:easy_install command is deprecated setup.py egg_info --egg-base ../../../build/robot_protocol build --build-base /home/sunrise/Rosmaster/build/robot_protocol/build install --record /home/sunrise/Rosmaster/build/robot_protocol/install.log --install-scripts $base/lib/robot_protocol --single-version-externally-managed install_data
