[14.601s] Invoking command in '/home/sunrise/Rosmaster/src/ROS2/robot_link': PYTHONPATH=/home/sunrise/Rosmaster/build/robot_link/prefix_override:/usr/lib/python3/dist-packages/colcon_core/task/python/colcon_distutils_commands:/home/sunrise/Rosmaster/install/robot_link/lib/python3.10/site-packages:${PYTHONPATH} /usr/bin/python3 -W ignore:setup.py install is deprecated -W ignore:easy_install command is deprecated setup.py egg_info --egg-base ../../../build/robot_link build --build-base /home/sunrise/Rosmaster/build/robot_link/build install --record /home/sunrise/Rosmaster/build/robot_link/install.log --install-scripts $base/lib/robot_link --single-version-externally-managed install_data
[15.776s] /usr/local/lib/python3.10/dist-packages/setuptools/dist.py:599: SetuptoolsDeprecationWarning: Invalid dash-separated key 'script-dir' in 'develop' (setup.cfg), please use the underscore name 'script_dir' instead.
[15.777s] !!
[15.780s] 
[15.781s]         ********************************************************************************
[15.782s]         Usage of dash-separated 'script-dir' will not be supported in future
[15.783s]         versions. Please use the underscore name 'script_dir' instead.
[15.783s] 
[15.784s]         This deprecation is overdue, please update your project and remove deprecated
[15.784s]         calls to avoid build errors in the future.
[15.785s] 
[15.796s]         See https://setuptools.pypa.io/en/latest/userguide/declarative_config.html for details.
[15.797s]         ********************************************************************************
[15.798s] 
[15.798s] !!
[15.799s]   opt = self._enforce_underscore(opt, section)
[15.959s] /usr/local/lib/python3.10/dist-packages/setuptools/_distutils/dist.py:289: UserWarning: Unknown distribution option: 'tests_require'
[15.963s]   warnings.warn(msg)
[16.274s] /usr/local/lib/python3.10/dist-packages/setuptools/dist.py:599: SetuptoolsDeprecationWarning: Invalid dash-separated key 'script-dir' in 'develop' (setup.cfg), please use the underscore name 'script_dir' instead.
[16.275s] !!
[16.276s] 
[16.277s]         ********************************************************************************
[16.278s]         Usage of dash-separated 'script-dir' will not be supported in future
[16.279s]         versions. Please use the underscore name 'script_dir' instead.
[16.280s]         (Affected: robot_link).
[16.281s] 
[16.282s]         This deprecation is overdue, please update your project and remove deprecated
[16.282s]         calls to avoid build errors in the future.
[16.283s] 
[16.284s]         See https://setuptools.pypa.io/en/latest/userguide/declarative_config.html for details.
[16.285s]         ********************************************************************************
[16.285s] 
[16.286s] !!
[16.287s]   opt = self._enforce_underscore(opt, section)
[16.876s] running egg_info
[17.021s] writing ../../../build/robot_link/robot_link.egg-info/PKG-INFO
[17.027s] writing dependency_links to ../../../build/robot_link/robot_link.egg-info/dependency_links.txt
[17.032s] writing entry points to ../../../build/robot_link/robot_link.egg-info/entry_points.txt
[17.036s] writing requirements to ../../../build/robot_link/robot_link.egg-info/requires.txt
[17.037s] writing top-level names to ../../../build/robot_link/robot_link.egg-info/top_level.txt
[17.296s] reading manifest file '../../../build/robot_link/robot_link.egg-info/SOURCES.txt'
[17.306s] writing manifest file '../../../build/robot_link/robot_link.egg-info/SOURCES.txt'
[17.310s] running build
[17.311s] running build_py
[17.312s] copying robot_link/serial_node.py -> /home/sunrise/Rosmaster/build/robot_link/build/lib/robot_link
[17.312s] copying robot_link/tcp_server_node.py -> /home/sunrise/Rosmaster/build/robot_link/build/lib/robot_link
[17.314s] copying robot_link/hotspot_node.py -> /home/sunrise/Rosmaster/build/robot_link/build/lib/robot_link
[17.314s] copying robot_link/__init__.py -> /home/sunrise/Rosmaster/build/robot_link/build/lib/robot_link
[17.317s] running install
[17.354s] running install_lib
[17.506s] running install_data
[17.508s] copying resource/robot_link -> /home/sunrise/Rosmaster/install/robot_link/share/ament_index/resource_index/packages
[17.517s] copying package.xml -> /home/sunrise/Rosmaster/install/robot_link/share/robot_link
[17.522s] running install_egg_info
[17.664s] removing '/home/sunrise/Rosmaster/install/robot_link/lib/python3.10/site-packages/robot_link-1.0.0-py3.10.egg-info' (and everything under it)
[17.668s] Copying ../../../build/robot_link/robot_link.egg-info to /home/sunrise/Rosmaster/install/robot_link/lib/python3.10/site-packages/robot_link-1.0.0-py3.10.egg-info
[17.677s] running install_scripts
[18.033s] Installing hotspot_node script to /home/sunrise/Rosmaster/install/robot_link/lib/robot_link
[18.036s] Installing serial_node script to /home/sunrise/Rosmaster/install/robot_link/lib/robot_link
[18.040s] Installing tcp_server_node script to /home/sunrise/Rosmaster/install/robot_link/lib/robot_link
[18.045s] writing list of installed files to '/home/sunrise/Rosmaster/build/robot_link/install.log'
[18.422s] Invoked command in '/home/sunrise/Rosmaster/src/ROS2/robot_link' returned '0': PYTHONPATH=/home/sunrise/Rosmaster/build/robot_link/prefix_override:/usr/lib/python3/dist-packages/colcon_core/task/python/colcon_distutils_commands:/home/sunrise/Rosmaster/install/robot_link/lib/python3.10/site-packages:${PYTHONPATH} /usr/bin/python3 -W ignore:setup.py install is deprecated -W ignore:easy_install command is deprecated setup.py egg_info --egg-base ../../../build/robot_link build --build-base /home/sunrise/Rosmaster/build/robot_link/build install --record /home/sunrise/Rosmaster/build/robot_link/install.log --install-scripts $base/lib/robot_link --single-version-externally-managed install_data
