[5.126s] Invoking command in '/home/sunrise/Rosmaster/src/ROS2/robot_bringup': AMENT_PREFIX_PATH=/home/sunrise/Rosmaster/install/robot_protocol:/home/sunrise/Rosmaster/install/robot_link:/home/sunrise/Rosmaster/install/robot_control:/home/sunrise/Rosmaster/install/robot_vision:/home/sunrise/Rosmaster/install/robot_bringup:/home/sunrise/Rosmaster/install/robot_fusion:/home/sunrise/Rosmaster/install/robot_brain:/opt/ros/humble PYTHONPATH=/home/sunrise/Rosmaster/build/robot_bringup/prefix_override:/usr/lib/python3/dist-packages/colcon_core/task/python/colcon_distutils_commands:/home/sunrise/Rosmaster/install/robot_bringup/lib/python3.10/site-packages:/home/sunrise/Rosmaster/install/robot_protocol/lib/python3.10/site-packages:/home/sunrise/Rosmaster/install/robot_link/lib/python3.10/site-packages:/home/sunrise/Rosmaster/install/robot_control/lib/python3.10/site-packages:/home/sunrise/Rosmaster/install/robot_vision/lib/python3.10/site-packages:/home/sunrise/Rosmaster/install/robot_bringup/lib/python3.10/site-packages:/home/sunrise/Rosmaster/install/robot_fusion/lib/python3.10/site-packages:/home/sunrise/Rosmaster/install/robot_brain/lib/python3.10/site-packages:/opt/ros/humble/lib/python3.10/site-packages:/opt/ros/humble/local/lib/python3.10/dist-packages /usr/bin/python3 -W ignore:setup.py install is deprecated -W ignore:easy_install command is deprecated setup.py egg_info --egg-base ../../../build/robot_bringup build --build-base /home/sunrise/Rosmaster/build/robot_bringup/build install --record /home/sunrise/Rosmaster/build/robot_bringup/install.log --install-scripts $base/lib/robot_bringup --single-version-externally-managed install_data
[6.103s] /usr/local/lib/python3.10/dist-packages/setuptools/dist.py:599: SetuptoolsDeprecationWarning: Invalid dash-separated key 'script-dir' in 'develop' (setup.cfg), please use the underscore name 'script_dir' instead.
[6.103s] !!
[6.104s] 
[6.105s]         ********************************************************************************
[6.105s]         Usage of dash-separated 'script-dir' will not be supported in future
[6.106s]         versions. Please use the underscore name 'script_dir' instead.
[6.106s] 
[6.107s]         This deprecation is overdue, please update your project and remove deprecated
[6.107s]         calls to avoid build errors in the future.
[6.108s] 
[6.108s]         See https://setuptools.pypa.io/en/latest/userguide/declarative_config.html for details.
[6.109s]         ********************************************************************************
[6.109s] 
[6.110s] !!
[6.110s]   opt = self._enforce_underscore(opt, section)
[6.226s] /usr/local/lib/python3.10/dist-packages/setuptools/_distutils/dist.py:289: UserWarning: Unknown distribution option: 'tests_require'
[6.227s]   warnings.warn(msg)
[6.452s] /usr/local/lib/python3.10/dist-packages/setuptools/dist.py:599: SetuptoolsDeprecationWarning: Invalid dash-separated key 'script-dir' in 'develop' (setup.cfg), please use the underscore name 'script_dir' instead.
[6.453s] !!
[6.454s] 
[6.455s]         ********************************************************************************
[6.455s]         Usage of dash-separated 'script-dir' will not be supported in future
[6.456s]         versions. Please use the underscore name 'script_dir' instead.
[6.457s]         (Affected: robot_bringup).
[6.457s] 
[6.458s]         This deprecation is overdue, please update your project and remove deprecated
[6.459s]         calls to avoid build errors in the future.
[6.459s] 
[6.460s]         See https://setuptools.pypa.io/en/latest/userguide/declarative_config.html for details.
[6.461s]         ********************************************************************************
[6.461s] 
[6.462s] !!
[6.462s]   opt = self._enforce_underscore(opt, section)
[6.898s] running egg_info
[7.008s] writing ../../../build/robot_bringup/robot_bringup.egg-info/PKG-INFO
[7.011s] writing dependency_links to ../../../build/robot_bringup/robot_bringup.egg-info/dependency_links.txt
[7.013s] writing requirements to ../../../build/robot_bringup/robot_bringup.egg-info/requires.txt
[7.014s] writing top-level names to ../../../build/robot_bringup/robot_bringup.egg-info/top_level.txt
[7.237s] reading manifest file '../../../build/robot_bringup/robot_bringup.egg-info/SOURCES.txt'
[7.246s] writing manifest file '../../../build/robot_bringup/robot_bringup.egg-info/SOURCES.txt'
[7.247s] running build
[7.248s] running build_py
[7.249s] copying robot_bringup/__init__.py -> /home/sunrise/Rosmaster/build/robot_bringup/build/lib/robot_bringup
[7.251s] running install
[7.289s] running install_lib
[7.395s] running install_data
[7.397s] copying resource/robot_bringup -> /home/sunrise/Rosmaster/install/robot_bringup/share/ament_index/resource_index/packages
[7.399s] copying package.xml -> /home/sunrise/Rosmaster/install/robot_bringup/share/robot_bringup
[7.400s] copying launch/hardware_launch.py -> /home/sunrise/Rosmaster/install/robot_bringup/share/robot_bringup/launch
[7.401s] copying launch/teleop_launch.py -> /home/sunrise/Rosmaster/install/robot_bringup/share/robot_bringup/launch
[7.402s] running install_egg_info
[7.519s] removing '/home/sunrise/Rosmaster/install/robot_bringup/lib/python3.10/site-packages/robot_bringup-1.0.0-py3.10.egg-info' (and everything under it)
[7.521s] Copying ../../../build/robot_bringup/robot_bringup.egg-info to /home/sunrise/Rosmaster/install/robot_bringup/lib/python3.10/site-packages/robot_bringup-1.0.0-py3.10.egg-info
[7.526s] running install_scripts
[7.754s] writing list of installed files to '/home/sunrise/Rosmaster/build/robot_bringup/install.log'
[7.977s] Invoked command in '/home/sunrise/Rosmaster/src/ROS2/robot_bringup' returned '0': AMENT_PREFIX_PATH=/home/sunrise/Rosmaster/install/robot_protocol:/home/sunrise/Rosmaster/install/robot_link:/home/sunrise/Rosmaster/install/robot_control:/home/sunrise/Rosmaster/install/robot_vision:/home/sunrise/Rosmaster/install/robot_bringup:/home/sunrise/Rosmaster/install/robot_fusion:/home/sunrise/Rosmaster/install/robot_brain:/opt/ros/humble PYTHONPATH=/home/sunrise/Rosmaster/build/robot_bringup/prefix_override:/usr/lib/python3/dist-packages/colcon_core/task/python/colcon_distutils_commands:/home/sunrise/Rosmaster/install/robot_bringup/lib/python3.10/site-packages:/home/sunrise/Rosmaster/install/robot_protocol/lib/python3.10/site-packages:/home/sunrise/Rosmaster/install/robot_link/lib/python3.10/site-packages:/home/sunrise/Rosmaster/install/robot_control/lib/python3.10/site-packages:/home/sunrise/Rosmaster/install/robot_vision/lib/python3.10/site-packages:/home/sunrise/Rosmaster/install/robot_bringup/lib/python3.10/site-packages:/home/sunrise/Rosmaster/install/robot_fusion/lib/python3.10/site-packages:/home/sunrise/Rosmaster/install/robot_brain/lib/python3.10/site-packages:/opt/ros/humble/lib/python3.10/site-packages:/opt/ros/humble/local/lib/python3.10/dist-packages /usr/bin/python3 -W ignore:setup.py install is deprecated -W ignore:easy_install command is deprecated setup.py egg_info --egg-base ../../../build/robot_bringup build --build-base /home/sunrise/Rosmaster/build/robot_bringup/build install --record /home/sunrise/Rosmaster/build/robot_bringup/install.log --install-scripts $base/lib/robot_bringup --single-version-externally-managed install_data
