/usr/local/lib/python3.10/dist-packages/setuptools/dist.py:599: SetuptoolsDeprecationWarning: Invalid dash-separated key 'script-dir' in 'develop' (setup.cfg), please use the underscore name 'script_dir' instead.
!!

        ********************************************************************************
        Usage of dash-separated 'script-dir' will not be supported in future
        versions. Please use the underscore name 'script_dir' instead.

        This deprecation is overdue, please update your project and remove deprecated
        calls to avoid build errors in the future.

        See https://setuptools.pypa.io/en/latest/userguide/declarative_config.html for details.
        ********************************************************************************

!!
  opt = self._enforce_underscore(opt, section)
/usr/local/lib/python3.10/dist-packages/setuptools/_distutils/dist.py:289: UserWarning: Unknown distribution option: 'tests_require'
  warnings.warn(msg)
/usr/local/lib/python3.10/dist-packages/setuptools/dist.py:599: SetuptoolsDeprecationWarning: Invalid dash-separated key 'script-dir' in 'develop' (setup.cfg), please use the underscore name 'script_dir' instead.
!!

        ********************************************************************************
        Usage of dash-separated 'script-dir' will not be supported in future
        versions. Please use the underscore name 'script_dir' instead.
        (Affected: robot_brain).

        This deprecation is overdue, please update your project and remove deprecated
        calls to avoid build errors in the future.

        See https://setuptools.pypa.io/en/latest/userguide/declarative_config.html for details.
        ********************************************************************************

!!
  opt = self._enforce_underscore(opt, section)
running egg_info
writing ../../../build/robot_brain/robot_brain.egg-info/PKG-INFO
writing dependency_links to ../../../build/robot_brain/robot_brain.egg-info/dependency_links.txt
writing entry points to ../../../build/robot_brain/robot_brain.egg-info/entry_points.txt
writing requirements to ../../../build/robot_brain/robot_brain.egg-info/requires.txt
writing top-level names to ../../../build/robot_brain/robot_brain.egg-info/top_level.txt
reading manifest file '../../../build/robot_brain/robot_brain.egg-info/SOURCES.txt'
writing manifest file '../../../build/robot_brain/robot_brain.egg-info/SOURCES.txt'
running build
running build_py
copying robot_brain/brain_node.py -> /home/sunrise/Rosmaster/build/robot_brain/build/lib/robot_brain
copying robot_brain/__init__.py -> /home/sunrise/Rosmaster/build/robot_brain/build/lib/robot_brain
running install
running install_lib
running install_data
copying resource/robot_brain -> /home/sunrise/Rosmaster/install/robot_brain/share/ament_index/resource_index/packages
copying package.xml -> /home/sunrise/Rosmaster/install/robot_brain/share/robot_brain
copying config/position.yaml -> /home/sunrise/Rosmaster/install/robot_brain/share/robot_brain/config
running install_egg_info
removing '/home/sunrise/Rosmaster/install/robot_brain/lib/python3.10/site-packages/robot_brain-1.0.0-py3.10.egg-info' (and everything under it)
Copying ../../../build/robot_brain/robot_brain.egg-info to /home/sunrise/Rosmaster/install/robot_brain/lib/python3.10/site-packages/robot_brain-1.0.0-py3.10.egg-info
running install_scripts
Installing brain_node script to /home/sunrise/Rosmaster/install/robot_brain/lib/robot_brain
writing list of installed files to '/home/sunrise/Rosmaster/build/robot_brain/install.log'
