[14.549s] Invoking command in '/home/sunrise/Rosmaster/src/ROS2/robot_brain': PYTHONPATH=/home/sunrise/Rosmaster/build/robot_brain/prefix_override:/usr/lib/python3/dist-packages/colcon_core/task/python/colcon_distutils_commands:/home/sunrise/Rosmaster/install/robot_brain/lib/python3.10/site-packages:${PYTHONPATH} /usr/bin/python3 -W ignore:setup.py install is deprecated -W ignore:easy_install command is deprecated setup.py egg_info --egg-base ../../../build/robot_brain build --build-base /home/sunrise/Rosmaster/build/robot_brain/build install --record /home/sunrise/Rosmaster/build/robot_brain/install.log --install-scripts $base/lib/robot_brain --single-version-externally-managed install_data
[15.713s] /usr/local/lib/python3.10/dist-packages/setuptools/dist.py:599: SetuptoolsDeprecationWarning: Invalid dash-separated key 'script-dir' in 'develop' (setup.cfg), please use the underscore name 'script_dir' instead.
[15.714s] !!
[15.715s] 
[15.715s]         ********************************************************************************
[15.716s]         Usage of dash-separated 'script-dir' will not be supported in future
[15.717s]         versions. Please use the underscore name 'script_dir' instead.
[15.717s] 
[15.718s]         This deprecation is overdue, please update your project and remove deprecated
[15.719s]         calls to avoid build errors in the future.
[15.719s] 
[15.720s]         See https://setuptools.pypa.io/en/latest/userguide/declarative_config.html for details.
[15.720s]         ********************************************************************************
[15.721s] 
[15.724s] !!
[15.725s]   opt = self._enforce_underscore(opt, section)
[15.864s] /usr/local/lib/python3.10/dist-packages/setuptools/_distutils/dist.py:289: UserWarning: Unknown distribution option: 'tests_require'
[15.865s]   warnings.warn(msg)
[16.140s] /usr/local/lib/python3.10/dist-packages/setuptools/dist.py:599: SetuptoolsDeprecationWarning: Invalid dash-separated key 'script-dir' in 'develop' (setup.cfg), please use the underscore name 'script_dir' instead.
[16.141s] !!
[16.141s] 
[16.142s]         ********************************************************************************
[16.143s]         Usage of dash-separated 'script-dir' will not be supported in future
[16.143s]         versions. Please use the underscore name 'script_dir' instead.
[16.144s]         (Affected: robot_brain).
[16.145s] 
[16.145s]         This deprecation is overdue, please update your project and remove deprecated
[16.146s]         calls to avoid build errors in the future.
[16.146s] 
[16.147s]         See https://setuptools.pypa.io/en/latest/userguide/declarative_config.html for details.
[16.148s]         ********************************************************************************
[16.149s] 
[16.149s] !!
[16.150s]   opt = self._enforce_underscore(opt, section)
[16.699s] running egg_info
[16.826s] writing ../../../build/robot_brain/robot_brain.egg-info/PKG-INFO
[16.831s] writing dependency_links to ../../../build/robot_brain/robot_brain.egg-info/dependency_links.txt
[16.836s] writing entry points to ../../../build/robot_brain/robot_brain.egg-info/entry_points.txt
[16.837s] writing requirements to ../../../build/robot_brain/robot_brain.egg-info/requires.txt
[16.838s] writing top-level names to ../../../build/robot_brain/robot_brain.egg-info/top_level.txt
[17.116s] reading manifest file '../../../build/robot_brain/robot_brain.egg-info/SOURCES.txt'
[17.125s] writing manifest file '../../../build/robot_brain/robot_brain.egg-info/SOURCES.txt'
[17.126s] running build
[17.127s] running build_py
[17.129s] copying robot_brain/brain_node.py -> /home/sunrise/Rosmaster/build/robot_brain/build/lib/robot_brain
[17.131s] copying robot_brain/__init__.py -> /home/sunrise/Rosmaster/build/robot_brain/build/lib/robot_brain
[17.134s] running install
[17.172s] running install_lib
[17.307s] running install_data
[17.308s] copying resource/robot_brain -> /home/sunrise/Rosmaster/install/robot_brain/share/ament_index/resource_index/packages
[17.320s] copying package.xml -> /home/sunrise/Rosmaster/install/robot_brain/share/robot_brain
[17.321s] copying config/position.yaml -> /home/sunrise/Rosmaster/install/robot_brain/share/robot_brain/config
[17.322s] running install_egg_info
[17.511s] removing '/home/sunrise/Rosmaster/install/robot_brain/lib/python3.10/site-packages/robot_brain-1.0.0-py3.10.egg-info' (and everything under it)
[17.518s] Copying ../../../build/robot_brain/robot_brain.egg-info to /home/sunrise/Rosmaster/install/robot_brain/lib/python3.10/site-packages/robot_brain-1.0.0-py3.10.egg-info
[17.527s] running install_scripts
[17.891s] Installing brain_node script to /home/sunrise/Rosmaster/install/robot_brain/lib/robot_brain
[17.892s] writing list of installed files to '/home/sunrise/Rosmaster/build/robot_brain/install.log'
[18.161s] Invoked command in '/home/sunrise/Rosmaster/src/ROS2/robot_brain' returned '0': PYTHONPATH=/home/sunrise/Rosmaster/build/robot_brain/prefix_override:/usr/lib/python3/dist-packages/colcon_core/task/python/colcon_distutils_commands:/home/sunrise/Rosmaster/install/robot_brain/lib/python3.10/site-packages:${PYTHONPATH} /usr/bin/python3 -W ignore:setup.py install is deprecated -W ignore:easy_install command is deprecated setup.py egg_info --egg-base ../../../build/robot_brain build --build-base /home/sunrise/Rosmaster/build/robot_brain/build install --record /home/sunrise/Rosmaster/build/robot_brain/install.log --install-scripts $base/lib/robot_brain --single-version-externally-managed install_data
